# vmf_atol: 1e-07 | ps2_atol: 1e-07 | ps2_ratio: 2.0 | ode_method: dopri5 | ode_atol: 1e-07 | ode_rtol: 1e-05 | vmf_reg_method: extend | vmf_reg_type: ip | cache_svd_info: True
# frame = {Node('[H]0'): [End('[H]i'), End('[H]j'), Node('[H]3')], Node('[H]3'): [Node('[H]0'), Node('[H]2'), Node('[H]1')], Node('[H]2'): [Node('[H]3'), End('[H]0-2'), End('[H]0-3')], Node('[H]1'): [Node('[H]3'), End('[H]0-0'), End('[H]0-1')]}
# time ode_steps max_rank tr norm
# # ([H]0)-([H]3) ([H]3)-([H]1) ([H]3)-([H]2)
0.0 0 3 1.0 1.0 2439
# 3 3 3
1.0 140 16 1.000000218130776 1.003632369167493 13840
# 4 16 16
2.0 140 18 1.0000002181307672 1.0142676229362964 14768
# 4 18 16
3.0 140 22 1.0000002181306706 1.0312014206941233 18576
# 4 22 20
4.0 140 28 1.0000002181306398 1.0533946793167344 22480
# 4 28 22
5.000000000000001 146 36 1.000000218130643 1.0795886110761777 31824
# 4 36 32
6.0 56 36 1.0000002181303305 1.1084123756749662 31824
# 4 36 32
7.000000000000001 56 36 1.0000002181306074 1.1384504279846048 31824
# 4 36 32
8.0 44 36 1.0000002181301997 1.1682869366269284 31824
# 4 36 32
9.0 50 36 1.0000002181305714 1.196547451868998 31824
# 4 36 32
10.000000000000002 50 36 1.000000218131511 1.2219584127184226 31824
# 4 36 32
11.0 50 36 1.000000218132264 1.2434342789704982 31824
# 4 36 32
12.0 50 36 1.0000002181332925 1.2601843195457112 31824
# 4 36 32
13.000000000000002 50 36 1.0000002181338192 1.2718161415002778 31824
# 4 36 32
14.000000000000002 50 36 1.0000002181349261 1.2784056971091948 31824
# 4 36 32
15.000000000000002 50 36 1.0000002181351269 1.2805060535593409 31824
# 4 36 32
16.0 50 36 1.0000002181355994 1.2790788174056236 31824
# 4 36 32
17.0 50 36 1.0000002181365981 1.275349551420285 31824
# 4 36 32
18.0 50 36 1.0000002181377852 1.2706075013387683 31824
# 4 36 32
19.000000000000004 50 36 1.0000002181379593 1.2659861628026194 31824
# 4 36 32
20.000000000000004 56 36 1.0000002181389427 1.2622706683996794 31824
# 4 36 32
21.000000000000004 56 36 1.000000218139036 1.2597770216140807 31824
# 4 36 32
22.0 50 36 1.0000002181391934 1.2583346559929058 31824
# 4 36 32
23.0 44 36 1.0000002181394732 1.2573792136620754 31824
# 4 36 32
24.0 44 36 1.0000002181405587 1.2561334816542191 31824
# 4 36 32
25.000000000000004 44 36 1.000000218142721 1.2538308252027845 31824
# 4 36 32
26.000000000000004 44 36 1.0000002181432577 1.2499252938649406 31824
# 4 36 32
27.000000000000004 38 36 1.0000002181445782 1.2442384905919501 31824
# 4 36 32
28.000000000000004 38 36 1.0000002181457066 1.2370120970640635 31824
# 4 36 32
29.000000000000004 38 36 1.0000002181456276 1.228859939207423 31824
# 4 36 32
30.000000000000004 38 36 1.0000002181445982 1.2206374014667039 31824
# 4 36 32
31.000000000000004 38 36 1.0000002181423797 1.213263264494398 31824
# 4 36 32
32.0 38 36 1.0000002181379009 1.2075366967081935 31824
# 4 36 32
33.0 38 36 1.000000218132647 1.2039897595123492 31824
# 4 36 32
34.0 38 36 1.0000002181271055 1.2028049668365148 31824
# 4 36 32
35.0 38 36 1.0000002181290844 1.2038113162694315 31824
# 4 36 32
36.0 38 36 1.0000002181415144 1.206554947078841 31824
# 4 36 32
37.0 38 36 1.0000002181574077 1.2104261757635992 31824
# 4 36 32
38.00000000000001 38 36 1.00000021816525 1.2148154810944956 31824
# 4 36 32
39.00000000000001 38 36 1.000000218162505 1.2192672720345847 31824
# 4 36 32
40.00000000000001 38 36 1.0000002181547591 1.223600934858814 31824
# 4 36 32
41.00000000000001 38 36 1.0000002181460677 1.2279728592311672 31824
# 4 36 32
42.00000000000001 38 36 1.0000002181388172 1.2328609431878905 31824
# 4 36 32
43.00000000000001 38 36 1.0000002181380903 1.2389651229244456 31824
# 4 36 32
44.0 38 36 1.0000002181425476 1.2470339455499917 31824
# 4 36 32
44.99999999999999 38 36 1.0000002181474794 1.2576463948432282 31824
# 4 36 32
45.99999999999999 38 36 1.0000002181530476 1.270995340062239 31824
# 4 36 32
46.99999999999999 38 36 1.0000002181584349 1.2867268590964565 31824
# 4 36 32
47.999999999999986 38 36 1.00000021816512 1.3038821007033472 31824
# 4 36 32
48.99999999999998 38 36 1.0000002181716747 1.3209651677722396 31824
# 4 36 32
49.99999999999997 38 36 1.0000002181770955 1.336129385708667 31824
# 4 36 32
50.999999999999964 38 36 1.00000021817775 1.3474464128204147 31824
# 4 36 32
51.999999999999964 38 36 1.000000218178416 1.3532059135401546 31824
# 4 36 32
52.99999999999996 38 36 1.000000218184396 1.3521898125270635 31824
# 4 36 32
53.999999999999964 38 36 1.0000002181942742 1.3438722955344022 31824
# 4 36 32
54.99999999999996 38 36 1.000000218198366 1.328511653940443 31824
# 4 36 32
55.99999999999995 38 36 1.0000002181980234 1.307119965987746 31824
# 4 36 32
56.99999999999994 38 36 1.000000218195104 1.2813183883720767 31824
# 4 36 32
57.999999999999936 38 36 1.0000002181923144 1.2531058726888546 31824
# 4 36 32
58.999999999999936 38 36 1.000000218191886 1.2245839215111152 31824
# 4 36 32
59.99999999999993 38 36 1.0000002181857561 1.1976870694467585 31824
# 4 36 32
60.99999999999992 38 36 1.0000002181784748 1.1739668477546248 31824
# 4 36 32
61.999999999999915 38 36 1.0000002181755625 1.1544657581937006 31824
# 4 36 32
62.99999999999991 38 36 1.0000002181789798 1.1396982540360152 31824
# 4 36 32
63.999999999999915 38 36 1.000000218194152 1.1297314549571855 31824
# 4 36 32
64.99999999999991 38 36 1.0000002182085548 1.1243357023542428 31824
# 4 36 32
65.9999999999999 38 36 1.0000002182157148 1.1231609255120074 31824
# 4 36 32
66.9999999999999 38 36 1.0000002182218826 1.1258926731577135 31824
# 4 36 32
67.9999999999999 38 36 1.0000002182244758 1.1323503509657433 31824
# 4 36 32
68.99999999999989 38 36 1.000000218225763 1.1425057850897247 31824
# 4 36 32
69.99999999999989 32 36 1.0000002182271304 1.156419047638523 31824
# 4 36 32
70.99999999999987 38 36 1.0000002182283783 1.174107947822264 31824
# 4 36 32
71.99999999999987 38 36 1.0000002182307584 1.1953848469289357 31824
# 4 36 32
72.99999999999987 38 36 1.0000002182340988 1.219705222090107 31824
# 4 36 32
73.99999999999987 32 36 1.000000218236778 1.246072264674904 31824
# 4 36 32
74.99999999999987 32 36 1.0000002182374932 1.273029387497541 31824
# 4 36 32
75.99999999999986 38 36 1.0000002182381944 1.2987515265047456 31824
# 4 36 32
76.99999999999986 38 36 1.000000218238456 1.3212235904979353 31824
# 4 36 32
77.99999999999984 38 36 1.000000218238283 1.3384765869371418 31824
# 4 36 32
78.99999999999984 32 36 1.0000002182376533 1.3488416546510336 31824
# 4 36 32
79.99999999999984 32 36 1.0000002182375165 1.3511794741161727 31824
# 4 36 32
80.99999999999983 32 36 1.0000002182376861 1.3450465341716797 31824
# 4 36 32
81.99999999999983 38 36 1.00000021823775 1.330769901450874 31824
# 4 36 32
82.99999999999983 38 36 1.0000002182372631 1.3094174043668616 31824
# 4 36 32
83.99999999999983 38 36 1.0000002182360863 1.2826681439856487 31824
# 4 36 32
84.99999999999982 32 36 1.0000002182342906 1.2526054561318862 31824
# 4 36 32
85.99999999999983 38 36 1.000000218230816 1.2214673671599983 31824
# 4 36 32
86.99999999999983 32 36 1.0000002182270087 1.191395964443072 31824
# 4 36 32
87.99999999999984 32 36 1.0000002182219632 1.1642262524960179 31824
# 4 36 32
88.99999999999984 38 36 1.000000218222023 1.1413471734882956 31824
# 4 36 32
89.99999999999984 38 36 1.00000021822818 1.1236530757229832 31824
# 4 36 32
90.99999999999986 38 36 1.0000002182360355 1.1115846143333243 31824
# 4 36 32
91.99999999999984 38 36 1.0000002182433252 1.1052377865011502 31824
# 4 36 32
92.99999999999986 38 36 1.0000002182461638 1.1045044293015254 31824
# 4 36 32
93.99999999999986 38 36 1.0000002182432637 1.109202140989403 31824
# 4 36 32
94.99999999999986 38 36 1.0000002182376928 1.119157643921337 31824
# 4 36 32
95.99999999999987 38 36 1.0000002182339573 1.1342225412056306 31824
# 4 36 32
96.99999999999987 38 36 1.0000002182357222 1.1542197446181752 31824
# 4 36 32
97.99999999999989 32 36 1.00000021823768 1.1788379930017858 31824
# 4 36 32
98.99999999999989 32 36 1.0000002182387284 1.2075066161440278 31824
# 4 36 32
99.9999999999999 38 36 1.0000002182395287 1.2392893310767914 31824
# 4 36 32
100.9999999999999 38 36 1.000000218239992 1.2728323699191542 31824
# 4 36 32
101.99999999999991 38 36 1.000000218239726 1.3063897455044369 31824
# 4 36 32
102.9999999999999 38 36 1.0000002182391445 1.337931071845444 31824
# 4 36 32
103.9999999999999 38 36 1.000000218238552 1.36532003168167 31824
# 4 36 32
104.99999999999991 32 36 1.000000218238234 1.3865378408983173 31824
# 4 36 32
105.99999999999991 32 36 1.000000218239211 1.3999174304200706 31824
# 4 36 32
106.99999999999993 32 36 1.00000021824107 1.4043510908958714 31824
# 4 36 32
107.99999999999993 32 36 1.00000021824335 1.3994374391945077 31824
# 4 36 32
108.99999999999994 32 36 1.0000002182448293 1.3855428691134666 31824
# 4 36 32
109.99999999999993 38 36 1.0000002182435117 1.3637670287776433 31824
# 4 36 32
110.99999999999994 38 36 1.0000002182400944 1.3358185708212285 31824
# 4 36 32
111.99999999999994 38 36 1.0000002182342542 1.303822695724934 31824
# 4 36 32
112.99999999999996 38 36 1.0000002182325047 1.270092493026076 31824
# 4 36 32
113.99999999999996 38 36 1.000000218228914 1.2369000293427772 31824
# 4 36 32
114.99999999999997 32 36 1.000000218224749 1.2062806347861026 31824
# 4 36 32
115.99999999999997 38 36 1.0000002182197871 1.179896067676443 31824
# 4 36 32
116.99999999999999 38 36 1.0000002182275929 1.1589704790709132 31824
# 4 36 32
117.99999999999997 38 36 1.0000002182316368 1.144298657380513 31824
# 4 36 32
119.0 32 36 1.0000002182342844 1.1363110549807813 31824
# 4 36 32
119.99999999999999 32 36 1.0000002182381809 1.1351680896055285 31824
# 4 36 32
121.0 38 36 1.0000002182397112 1.14085103616299 31824
# 4 36 32
122.0 32 36 1.00000021824145 1.1532206259750082 31824
# 4 36 32
123.00000000000001 32 36 1.0000002182455774 1.1720263316227584 31824
# 4 36 32
124.00000000000001 32 36 1.0000002182488361 1.1968656601631638 31824
# 4 36 32
125.00000000000003 32 36 1.0000002182501193 1.2271088587229257 31824
# 4 36 32
126.00000000000001 32 36 1.0000002182511305 1.2618158354314983 31824
# 4 36 32
127.00000000000004 38 36 1.0000002182527155 1.2996759225037242 31824
# 4 36 32
128.00000000000003 38 36 1.0000002182563739 1.3389968441506634 31824
# 4 36 32
129.00000000000003 38 36 1.0000002182607992 1.377758803893509 31824
# 4 36 32
130.00000000000003 38 36 1.0000002182638799 1.413736200657869 31824
# 4 36 32
131.00000000000003 32 36 1.0000002182638512 1.444676136259448 31824
# 4 36 32
132.00000000000006 32 36 1.0000002182629775 1.468511604323671 31824
# 4 36 32
133.00000000000006 32 36 1.0000002182615688 1.483579374260947 31824
# 4 36 32
134.00000000000006 32 36 1.0000002182616554 1.4888093503651507 31824
# 4 36 32
135.00000000000006 32 36 1.0000002182634549 1.483854765698215 31824
# 4 36 32
136.00000000000009 32 36 1.0000002182657735 1.4691413181372426 31824
# 4 36 32
137.00000000000006 32 36 1.0000002182671217 1.4458270054422389 31824
# 4 36 32
138.00000000000009 32 36 1.0000002182676493 1.4156799921197476 31824
# 4 36 32
139.00000000000009 32 36 1.0000002182670145 1.3808955477152327 31824
# 4 36 32
140.00000000000009 32 36 1.0000002182692773 1.3438817482499654 31824
# 4 36 32
141.00000000000009 32 36 1.0000002182700047 1.3070458045612154 31824
# 4 36 32
142.0000000000001 32 36 1.0000002182664935 1.2726091273210467 31824
# 4 36 32
143.0000000000001 32 36 1.0000002182589296 1.2424713377183347 31824
# 4 36 32
144.0000000000001 32 36 1.000000218247068 1.2181332893717596 31824
# 4 36 32
145.0000000000001 32 36 1.000000218239661 1.2006782139101535 31824
# 4 36 32
146.0000000000001 32 36 1.0000002182396999 1.1907995923894812 31824
# 4 36 32
147.0000000000001 32 36 1.0000002182430412 1.1888560259521535 31824
# 4 36 32
148.00000000000014 32 36 1.0000002182465855 1.1949294857959425 31824
# 4 36 32
149.00000000000014 32 36 1.000000218251595 1.2088656130783708 31824
# 4 36 32
150.00000000000014 32 36 1.000000218255822 1.2302831363755375 31824
# 4 36 32
151.00000000000014 32 36 1.000000218248059 1.2585516287470129 31824
# 4 36 32
152.00000000000017 32 36 1.0000002182426657 1.2927489686041589 31824
# 4 36 32
153.00000000000014 32 36 1.0000002182412984 1.3316183700900768 31824
# 4 36 32
154.00000000000014 32 36 1.000000218243064 1.373547575523175 31824
# 4 36 32
155.00000000000017 32 36 1.0000002182476961 1.416589622234806 31824
# 4 36 32
156.00000000000017 32 36 1.0000002182519192 1.4585369179402736 31824
# 4 36 32
157.00000000000017 32 36 1.0000002182598844 1.497050170811463 31824
# 4 36 32
158.00000000000017 32 36 1.000000218270314 1.5298328524375835 31824
# 4 36 32
159.0000000000002 32 36 1.0000002182813303 1.554831908595908 31824
# 4 36 32
160.00000000000017 32 36 1.000000218289609 1.5704380086310543 31824
# 4 36 32
161.0000000000002 32 36 1.0000002182956047 1.5756555018135245 31824
# 4 36 32
162.0000000000002 32 36 1.0000002182947794 1.5702148242649643 31824
# 4 36 32
163.0000000000002 32 36 1.0000002182842975 1.5546085832465333 31824
# 4 36 32
164.0000000000002 32 36 1.0000002182641148 1.5300454092628462 31824
# 4 36 32
165.00000000000023 32 36 1.0000002182431553 1.4983298593706593 31824
# 4 36 32
166.00000000000023 32 36 1.0000002182205578 1.461688605911647 31824
# 4 36 32
167.00000000000023 32 36 1.0000002182076342 1.4225700780644515 31824
# 4 36 32
168.00000000000023 32 36 1.0000002182032914 1.3834456034729834 31824
# 4 36 32
169.00000000000023 32 36 1.000000218210879 1.3466357363225567 31824
# 4 36 32
170.00000000000023 32 36 1.0000002182305034 1.314177813968507 31824
# 4 36 32
171.00000000000026 32 36 1.0000002182559302 1.2877419362417963 31824
# 4 36 32
172.00000000000026 32 36 1.0000002182733907 1.2685940057741278 31824
# 4 36 32
173.00000000000026 32 36 1.0000002182833083 1.2575971016175584 31824
# 4 36 32
174.00000000000026 32 36 1.0000002182838683 1.2552370700281743 31824
# 4 36 32
175.00000000000028 32 36 1.0000002182711678 1.2616558353985554 31824
# 4 36 32
176.00000000000026 32 36 1.0000002182509586 1.2766775267670356 31824
# 4 36 32
177.00000000000028 32 36 1.0000002182314152 1.2998181684555532 31824
# 4 36 32
178.00000000000028 32 36 1.0000002182210577 1.330278053513479 31824
# 4 36 32
179.00000000000028 32 36 1.0000002182147638 1.366924543689733 31824
# 4 36 32
180.00000000000028 32 36 1.0000002182137375 1.4082793644649503 31824
# 4 36 32
181.00000000000028 32 36 1.0000002182171701 1.4525268466787609 31824
# 4 36 32
182.0000000000003 32 36 1.0000002182230574 1.4975576484421111 31824
# 4 36 32
183.00000000000028 32 36 1.0000002182302679 1.541056903605286 31824
# 4 36 32
184.0000000000003 32 36 1.0000002182414571 1.5806375992807082 31824
# 4 36 32
185.0000000000003 32 36 1.0000002182539172 1.6140106150233762 31824
# 4 36 32
186.0000000000003 32 36 1.0000002182706065 1.6391738498638946 31824
# 4 36 32
187.0000000000003 32 36 1.0000002182852588 1.6545961204912374 31824
# 4 36 32
188.00000000000034 32 36 1.0000002182924532 1.6593689563754965 31824
# 4 36 32
189.00000000000034 32 36 1.0000002182904768 1.653302325725806 31824
# 4 36 32
190.00000000000034 32 36 1.000000218278943 1.636948628896043 31824
# 4 36 32
191.00000000000034 32 36 1.0000002182760923 1.6115512728783905 31824
# 4 36 32
192.00000000000034 32 36 1.0000002182665142 1.5789268365502802 31824
# 4 36 32
193.00000000000034 32 36 1.0000002182515928 1.5413000595348607 31824
# 4 36 32
194.00000000000037 32 36 1.000000218241882 1.5011163396574971 31824
# 4 36 32
195.00000000000037 32 36 1.0000002182391756 1.4608564185141826 31824
# 4 36 32
196.00000000000037 32 36 1.0000002182469143 1.4228734005448715 31824
# 4 36 32
197.00000000000037 32 36 1.0000002182582333 1.3892650997094789 31824
# 4 36 32
198.0000000000004 32 36 1.0000002182670462 1.3617869591649885 31824
# 4 36 32
199.00000000000037 32 36 1.0000002182716115 1.3418039024434798 31824
# 4 36 32
200.00000000000037 32 36 1.0000002182753382 1.3302741907816515 31824
# 4 36 32
201.00000000000043 32 36 1.0000002182791334 1.3277549930926316 31824
# 4 36 32
202.0000000000004 32 36 1.000000218276663 1.3344181937429946 31824
# 4 36 32
203.0000000000004 32 36 1.0000002182713166 1.3500662720459078 31824
# 4 36 32
204.0000000000004 32 36 1.0000002182617007 1.3741418889251824 31824
# 4 36 32
205.0000000000004 32 36 1.0000002182542447 1.4057304153190526 31824
# 4 36 32
206.00000000000043 32 36 1.000000218251236 1.4435606261372742 31824
# 4 36 32
207.00000000000043 32 36 1.0000002182514258 1.4860135015796223 31824
# 4 36 32
208.00000000000043 32 36 1.0000002182559964 1.5311512046901827 31824
# 4 36 32
209.00000000000043 32 36 1.0000002182590921 1.5767772023175095 31824
# 4 36 32
210.00000000000045 26 36 1.0000002182620675 1.6205342195831829 31824
# 4 36 32
211.00000000000045 26 36 1.0000002182632133 1.660039883359186 31824
# 4 36 32
212.00000000000043 26 36 1.0000002182639676 1.6930516595527707 31824
# 4 36 32
213.00000000000043 26 36 1.0000002182654735 1.7176446582825695 31824
# 4 36 32
214.00000000000048 26 36 1.0000002182664576 1.7323800452731555 31824
# 4 36 32
215.00000000000045 32 36 1.000000218268669 1.7364399944518791 31824
# 4 36 32
216.00000000000045 32 36 1.0000002182697194 1.7297083806803089 31824
# 4 36 32
217.00000000000045 26 36 1.0000002182698264 1.7127844186878407 31824
# 4 36 32
218.00000000000048 32 36 1.0000002182687948 1.6869274231586002 31824
# 4 36 32
219.00000000000048 32 36 1.000000218258489 1.6539420608893876 31824
# 4 36 32
220.00000000000048 32 36 1.0000002182531795 1.6160221244231245 31824
# 4 36 32
221.00000000000048 32 36 1.0000002182505288 1.5755751178191926 31824
# 4 36 32
222.0000000000005 32 36 1.000000218250258 1.5350493880861915 31824
# 4 36 32
223.0000000000005 26 36 1.0000002182505088 1.4967811103780289 31824
# 4 36 32
224.0000000000005 26 36 1.0000002182516472 1.4628719141542033 31824
# 4 36 32
225.0000000000005 26 36 1.0000002182541305 1.435101173483245 31824
# 4 36 32
226.00000000000054 26 36 1.0000002182578753 1.4148713276512648 31824
# 4 36 32
227.00000000000054 26 36 1.0000002182622547 1.4031806786518848 31824
# 4 36 32
228.00000000000054 32 36 1.0000002182665302 1.400616003394676 31824
# 4 36 32
229.0000000000005 26 36 1.0000002182700651 1.4073568851693414 31824
# 4 36 32
230.0000000000005 26 36 1.0000002182760688 1.423184813404879 31824
# 4 36 32
231.00000000000054 26 36 1.0000002182764316 1.4474927284970192 31824
# 4 36 32
232.00000000000054 32 36 1.0000002182749876 1.4792944690408334 31824
# 4 36 32
233.00000000000054 32 36 1.0000002182738283 1.517237770409766 31824
# 4 36 32
234.00000000000054 26 36 1.0000002182732275 1.5596279985450858 31824
# 4 36 32
235.00000000000057 26 36 1.0000002182710805 1.6044715920085553 31824
# 4 36 32
236.00000000000057 26 36 1.0000002182692203 1.6495474471547475 31824
# 4 36 32
237.00000000000057 32 36 1.0000002182689398 1.6925109617449368 31824
# 4 36 32
238.00000000000057 32 36 1.0000002182699388 1.7310295342980397 31824
# 4 36 32
239.0000000000006 32 36 1.0000002182724423 1.7629410495292 31824
# 4 36 32
240.0000000000006 26 36 1.000000218272211 1.786419887285561 31824
# 4 36 32
241.0000000000006 26 36 1.0000002182720569 1.8001301632431288 31824
# 4 36 32
242.00000000000057 26 36 1.000000218271441 1.8033448739486155 31824
# 4 36 32
243.00000000000063 26 36 1.0000002182729988 1.7960131400140584 31824
# 4 36 32
244.00000000000063 26 36 1.000000218273141 1.7787653121021343 31824
# 4 36 32
245.0000000000006 26 36 1.0000002182731258 1.7528555849126146 31824
# 4 36 32
246.0000000000006 26 36 1.0000002182716567 1.7200515071834648 31824
# 4 36 32
247.00000000000065 26 36 1.0000002182700831 1.6824870411999069 31824
# 4 36 32
248.00000000000063 32 36 1.0000002182690162 1.642499137934748 31824
# 4 36 32
249.00000000000063 32 36 1.0000002182693633 1.602466924742762 31824
# 4 36 32
250.00000000000063 32 36 1.000000218273886 1.5646684689930912 31824
# 4 36 32
251.00000000000065 32 36 1.0000002182812977 1.531164267114907 31824
# 4 36 32
252.00000000000065 32 36 1.0000002182848713 1.503710750729543 31824
# 4 36 32
253.00000000000065 32 36 1.0000002182915753 1.4837023935553113 31824
# 4 36 32
254.00000000000065 26 36 1.0000002182956478 1.4721379765727554 31824
# 4 36 32
255.00000000000063 26 36 1.000000218299316 1.469605189419708 31824
# 4 36 32
256.0000000000007 32 36 1.0000002182986232 1.4762777076266587 31824
# 4 36 32
257.0000000000007 32 36 1.0000002182916705 1.491919904512871 31824
# 4 36 32
258.0000000000007 32 36 1.0000002182890884 1.5158962798704723 31824
# 4 36 32
259.0000000000007 26 36 1.0000002182880892 1.547185351667073 31824
# 4 36 32
260.0000000000007 26 36 1.000000218287279 1.5844007671830842 31824
# 4 36 32
261.0000000000007 26 36 1.00000021828614 1.6258250279226507 31824
# 4 36 32
262.0000000000007 26 36 1.000000218284801 1.6694625866098 31824
# 4 36 32
263.0000000000007 26 36 1.0000002182832872 1.7131183829525969 31824
# 4 36 32
264.00000000000074 26 36 1.0000002182827372 1.7545047874514998 31824
# 4 36 32
265.00000000000074 26 36 1.000000218281542 1.7913747109483416 31824
# 4 36 32
266.0000000000007 26 36 1.0000002182785142 1.8216722966164733 31824
# 4 36 32
267.0000000000007 26 36 1.0000002182745242 1.8436866710641409 31824
# 4 36 32
268.00000000000074 26 36 1.0000002182727632 1.8561904028672827 31824
# 4 36 32
269.00000000000074 26 36 1.000000218271802 1.858543970044639 31824
# 4 36 32
270.00000000000074 26 36 1.0000002182715069 1.850751186576482 31824
# 4 36 32
271.00000000000074 26 36 1.000000218271176 1.8334575642397017 31824
# 4 36 32
272.00000000000074 26 36 1.0000002182709162 1.8078923587126436 31824
# 4 36 32
273.00000000000074 26 36 1.0000002182705778 1.7757634327628675 31824
# 4 36 32
274.00000000000074 26 36 1.0000002182690442 1.739120120237899 31824
# 4 36 32
275.00000000000074 26 36 1.0000002182680603 1.7002018386083115 31824
# 4 36 32
276.0000000000008 26 36 1.0000002182681473 1.6612891823695455 31824
# 4 36 32
277.0000000000008 26 36 1.0000002182688357 1.6245704833900612 31824
# 4 36 32
278.0000000000008 26 36 1.0000002182704146 1.5920317283235779 31824
# 4 36 32
279.0000000000008 26 36 1.000000218272933 1.5653726850492957 31824
# 4 36 32
280.00000000000074 26 36 1.0000002182760768 1.5459481335308711 31824
# 4 36 32
281.0000000000008 32 36 1.000000218279234 1.5347306687404194 31824
# 4 36 32
282.0000000000008 32 36 1.0000002182817553 1.5322905732727214 31824
# 4 36 32
283.0000000000008 32 36 1.000000218282163 1.5387884001470038 31824
# 4 36 32
284.0000000000008 32 36 1.0000002182824077 1.553976824473302 31824
# 4 36 32
285.0000000000008 32 36 1.0000002182820353 1.5772098300087536 31824
# 4 36 32
286.0000000000008 32 36 1.000000218281614 1.607459283289647 31824
# 4 36 32
287.0000000000008 26 36 1.0000002182813241 1.6433411704781054 31824
# 4 36 32
288.0000000000008 32 36 1.0000002182818553 1.683155707309138 31824
# 4 36 32
289.00000000000085 32 36 1.0000002182815546 1.724946442674815 31824
# 4 36 32
290.00000000000085 32 36 1.0000002182801684 1.766582670371389 31824
# 4 36 32
291.00000000000085 32 36 1.0000002182796885 1.8058666162520238 31824
# 4 36 32
292.00000000000085 32 36 1.0000002182785939 1.8406622531949628 31824
# 4 36 32
293.00000000000085 32 36 1.000000218276606 1.8690371293138062 31824
# 4 36 32
294.00000000000085 26 36 1.0000002182744814 1.8894036642056111 31824
# 4 36 32
295.00000000000085 26 36 1.0000002182726389 1.9006434580153233 31824
# 4 36 32
296.00000000000085 32 36 1.0000002182718424 1.9021983750164477 31824
# 4 36 32
297.0000000000009 32 36 1.0000002182701493 1.8941158142515548 31824
# 4 36 32
298.0000000000009 32 36 1.0000002182677072 1.877041995560906 31824
# 4 36 32
299.00000000000085 26 36 1.000000218265666 1.8521647881466086 31824
# 4 36 32
300.00000000000085 26 36 1.000000218263577 1.821114763116101 31824
# 4 36 32
301.0000000000009 26 36 1.0000002182614711 1.7858381657614077 31824
# 4 36 32
302.0000000000009 26 36 1.0000002182602445 1.7484574856724968 31824
# 4 36 32
303.0000000000009 26 36 1.0000002182598409 1.7111342503727105 31824
# 4 36 32
304.0000000000009 26 36 1.000000218260517 1.6759453438392968 31824
# 4 36 32
305.0000000000009 32 36 1.0000002182618895 1.6447797376370896 31824
# 4 36 32
306.0000000000009 26 36 1.0000002182644634 1.6192582093853793 31824
# 4 36 32
307.0000000000009 26 36 1.0000002182673255 1.6006752743101205 31824
# 4 36 32
308.0000000000009 32 36 1.0000002182697176 1.5899605469397633 31824
# 4 36 32
309.0000000000009 32 36 1.0000002182715737 1.5876560112612461 31824
# 4 36 32
310.00000000000097 32 36 1.0000002182723169 1.593905888674097 31824
# 4 36 32
311.00000000000097 26 36 1.0000002182731036 1.60845662380438 31824
# 4 36 32
312.0000000000009 32 36 1.000000218273227 1.6306657579712043 31824
# 4 36 32
313.0000000000009 26 36 1.0000002182716345 1.659520017779648 31824
# 4 36 32
314.00000000000097 26 36 1.0000002182656298 1.6936646194317042 31824
# 4 36 32
315.00000000000097 26 36 1.0000002182618961 1.7314471668498943 31824
# 4 36 32
316.00000000000097 26 36 1.000000218260034 1.770980008358639 31824
# 4 36 32
317.00000000000097 26 36 1.0000002182597785 1.810223948912406 31824
# 4 36 32
318.00000000000097 26 36 1.0000002182611625 1.8470935482735529 31824
# 4 36 32
319.00000000000097 26 36 1.000000218260245 1.879580152953206 31824
# 4 36 32
320.00000000000097 32 36 1.0000002182579881 1.9058841518166987 31824
# 4 36 32
321.00000000000097 26 36 1.0000002182559413 1.9245439334928884 31824
# 4 36 32
322.000000000001 26 36 1.0000002182523742 1.9345469076915438 31824
# 4 36 32
323.000000000001 26 36 1.0000002182498746 1.9354085963281156 31824
# 4 36 32
324.000000000001 26 36 1.0000002182483185 1.9272093504830161 31824
# 4 36 32
325.00000000000097 26 36 1.0000002182464938 1.9105840301155252 31824
# 4 36 32
326.000000000001 26 36 1.0000002182432624 1.8866666805310373 31824
# 4 36 32
327.000000000001 26 36 1.0000002182378434 1.856998308317543 31824
# 4 36 32
328.000000000001 26 36 1.0000002182331398 1.8234100045657877 31824
# 4 36 32
329.000000000001 26 36 1.0000002182321976 1.7878951986961409 31824
# 4 36 32
330.000000000001 26 36 1.0000002182365744 1.7524838059288022 31824
# 4 36 32
331.000000000001 26 36 1.0000002182456875 1.7191281254357835 31824
# 4 36 32
332.000000000001 26 36 1.0000002182574377 1.6896065554697792 31824
# 4 36 32
333.000000000001 26 36 1.0000002182712633 1.6654475105356132 31824
# 4 36 32
334.000000000001 26 36 1.0000002182825989 1.6478730763082325 31824
# 4 36 32
335.0000000000011 26 36 1.0000002182923153 1.6377602388064871 31824
# 4 36 32
336.0000000000011 26 36 1.000000218297535 1.6356169227862467 31824
# 4 36 32
337.0000000000011 26 36 1.000000218297752 1.6415702968845949 31824
# 4 36 32
338.0000000000011 26 36 1.0000002182934722 1.6553655536513705 31824
# 4 36 32
339.0000000000011 32 36 1.0000002182880527 1.676374444798271 31824
# 4 36 32
340.0000000000011 26 36 1.0000002182842338 1.7036141150892838 31824
# 4 36 32
341.0000000000011 26 36 1.0000002182798262 1.7357780474201505 31824
# 4 36 32
342.0000000000011 26 36 1.0000002182746042 1.7712818682461273 31824
# 4 36 32
343.00000000000114 26 36 1.0000002182695995 1.808326887568371 31824
# 4 36 32
344.0000000000011 26 36 1.0000002182603007 1.844983135798387 31824
# 4 36 32
345.0000000000011 26 36 1.0000002182490408 1.8792911548167628 31824
# 4 36 32
346.0000000000011 26 36 1.0000002182374064 1.9093782051003492 31824
# 4 36 32
347.00000000000114 26 36 1.000000218222631 1.9335806216260734 31824
# 4 36 32
348.00000000000114 26 36 1.0000002182106826 1.9505608439075637 31824
# 4 36 32
349.00000000000114 26 36 1.0000002182043306 1.9594061847793005 31824
# 4 36 32
350.00000000000114 26 36 1.000000218197283 1.9596973453566695 31824
# 4 36 32
351.00000000000114 26 36 1.0000002181901433 1.9515380581667876 31824
# 4 36 32
352.00000000000114 26 36 1.0000002181833751 1.9355423956695268 31824
# 4 36 32
353.00000000000114 26 36 1.0000002181753014 1.9127820692768986 31824
# 4 36 32
354.00000000000114 26 36 1.0000002181705798 1.8847011741024229 31824
# 4 36 32
355.00000000000114 26 36 1.0000002181724619 1.8530092594751197 31824
# 4 36 32
356.0000000000012 26 36 1.0000002181791472 1.8195648015997956 31824
# 4 36 32
357.0000000000012 26 36 1.0000002181872178 1.7862602062805233 31824
# 4 36 32
358.00000000000114 26 36 1.0000002181971375 1.7549169571782073 31824
# 4 36 32
359.00000000000114 26 36 1.000000218209291 1.7271962874469153 31824
# 4 36 32
360.0000000000012 26 36 1.0000002182230974 1.704527615943394 31824
# 4 36 32
361.0000000000012 26 36 1.0000002182346792 1.688054555700837 31824
# 4 36 32
362.0000000000012 26 36 1.000000218243882 1.6785968449153712 31824
# 4 36 32
363.0000000000012 26 36 1.000000218248979 1.676626037236142 31824
# 4 36 32
364.0000000000012 26 36 1.0000002182491516 1.6822529968959836 31824
# 4 36 32
365.0000000000012 26 36 1.0000002182459573 1.695225917616659 31824
# 4 36 32
366.0000000000012 26 36 1.0000002182440946 1.7149385173407703 31824
# 4 36 32
367.0000000000012 26 36 1.000000218250733 1.7404491013985013 31824
# 4 36 32
368.00000000000125 26 36 1.0000002182496197 1.7705121468858112 31824
# 4 36 32
369.00000000000125 26 36 1.0000002182535668 1.8036246488127228 31824
# 4 36 32
370.00000000000125 26 36 1.0000002182498302 1.8380893097869437 31824
# 4 36 32
371.0000000000012 26 36 1.0000002182443848 1.8720954411154043 31824
# 4 36 32
372.00000000000125 26 36 1.0000002182361 1.9038161039330947 31824
# 4 36 32
373.00000000000125 26 36 1.0000002182198424 1.931516867890532 31824
# 4 36 32
374.00000000000125 26 36 1.0000002182071053 1.9536682806849566 31824
# 4 36 32
375.00000000000125 26 36 1.0000002181952692 1.9690516144878971 31824
# 4 36 32
376.0000000000013 26 36 1.0000002181876448 1.9768465159508923 31824
# 4 36 32
377.00000000000125 26 36 1.0000002181815053 1.9766903196258208 31824
# 4 36 32
378.00000000000125 26 36 1.0000002181751504 1.9687019354894182 31824
# 4 36 32
379.00000000000125 26 36 1.0000002181683842 1.953467782432438 31824
# 4 36 32
380.00000000000125 26 36 1.0000002181584353 1.9319922209644975 31824
# 4 36 32
381.0000000000013 26 36 1.0000002181522922 1.905619267783411 31824
# 4 36 32
382.0000000000013 26 36 1.0000002181479255 1.875935210353752 31824
# 4 36 32
383.0000000000013 26 36 1.000000218152853 1.8446626792661365 31824
# 4 36 32
384.0000000000013 26 36 1.000000218162326 1.813555881264773 31824
# 4 36 32
385.0000000000013 26 36 1.0000002181717074 1.78430453947001 31824
# 4 36 32
386.0000000000013 26 36 1.0000002181833219 1.7584513324854902 31824
# 4 36 32
387.0000000000013 26 36 1.0000002181956242 1.7373249535043578 31824
# 4 36 32
388.0000000000013 26 36 1.0000002182065466 1.7219888269404238 31824
# 4 36 32
389.00000000000136 26 36 1.0000002182139964 1.7132042594152628 31824
# 4 36 32
390.0000000000013 26 36 1.0000002182186556 1.7114063512762183 31824
# 4 36 32
391.0000000000013 26 36 1.0000002182183054 1.7166911794938862 31824
# 4 36 32
392.0000000000013 26 36 1.0000002182124705 1.7288133600809887 31824
# 4 36 32
393.00000000000136 26 36 1.0000002182044898 1.7471939104000653 31824
# 4 36 32
394.00000000000136 26 36 1.0000002181967116 1.7709391908125682 31824
# 4 36 32
395.00000000000136 26 36 1.0000002181938483 1.798872420393557 31824
# 4 36 32
396.00000000000136 32 36 1.000000218194445 1.8295795792012406 31824
# 4 36 32
397.00000000000136 26 36 1.0000002181944323 1.8614711408661653 31824
# 4 36 32
398.00000000000136 26 36 1.0000002181961773 1.8928598113034651 31824
# 4 36 32
399.00000000000136 26 36 1.000000218201023 1.9220522858233324 31824
# 4 36 32
400.00000000000136 26 36 1.0000002182055188 1.9474502903490538 31824
# 4 36 32
401.00000000000136 26 36 1.0000002182065904 1.9676534444546983 31824
# 4 36 32
402.00000000000136 32 36 1.0000002182060057 1.981554520019145 31824
# 4 36 32
403.0000000000014 26 36 1.0000002182052168 1.988417131221322 31824
# 4 36 32
404.0000000000014 26 36 1.0000002182039602 1.987927127372496 31824
# 4 36 32
405.0000000000014 26 36 1.0000002182015297 1.9802118618880906 31824
# 4 36 32
406.0000000000014 26 36 1.0000002181993182 1.9658255232265927 31824
# 4 36 32
407.0000000000014 26 36 1.0000002181969558 1.9457029907072079 31824
# 4 36 32
408.0000000000014 26 36 1.0000002181950927 1.9210883331221709 31824
# 4 36 32
409.0000000000014 26 36 1.0000002181930723 1.893446422759092 31824
# 4 36 32
410.0000000000014 26 36 1.0000002181915346 1.8643668863661964 31824
# 4 36 32
411.0000000000014 26 36 1.0000002181914986 1.835468858833799 31824
# 4 36 32
412.0000000000015 26 36 1.00000021819268 1.808313166713626 31824
# 4 36 32
413.0000000000015 26 36 1.000000218194298 1.7843262287959794 31824
# 4 36 32
414.0000000000015 26 36 1.0000002182017422 1.7647376876493854 31824
# 4 36 32
415.0000000000015 26 36 1.00000021821253 1.7505319988212438 31824
# 4 36 32
416.0000000000015 26 36 1.000000218221092 1.7424131090408692 31824
# 4 36 32
417.0000000000014 26 36 1.0000002182261414 1.7407809533964549 31824
# 4 36 32
418.0000000000014 26 36 1.0000002182275114 1.7457186578315336 31824
# 4 36 32
419.0000000000014 26 36 1.0000002182280743 1.7569898558935801 31824
# 4 36 32
420.00000000000153 26 36 1.0000002182285863 1.7740462295832224 31824
# 4 36 32
421.00000000000153 26 36 1.0000002182254155 1.7960460879690885 31824
# 4 36 32
422.00000000000153 26 36 1.0000002182172332 1.8218853155390757 31824
# 4 36 32
423.0000000000015 26 36 1.0000002182111916 1.8502421346246944 31824
# 4 36 32
424.0000000000015 26 36 1.000000218210624 1.8796366117829961 31824
# 4 36 32
425.0000000000015 26 36 1.0000002182156154 1.9085045618312642 31824
# 4 36 32
426.0000000000015 26 36 1.0000002182231258 1.9352835208806205 31824
# 4 36 32
427.0000000000015 26 36 1.000000218230456 1.9585060778345906 31824
# 4 36 32
428.00000000000153 26 36 1.0000002182353038 1.9768935991597956 31824
# 4 36 32
429.00000000000153 26 36 1.0000002182379595 1.9894418747539877 31824
# 4 36 32
430.00000000000153 26 36 1.00000021823814 1.9954899739392977 31824
# 4 36 32
431.00000000000153 26 36 1.000000218236205 1.9947648731319032 31824
# 4 36 32
432.00000000000153 26 36 1.0000002182315137 1.9873970606065043 31824
# 4 36 32
433.00000000000153 26 36 1.0000002182231986 1.9739058401030438 31824
# 4 36 32
434.00000000000153 26 36 1.0000002182143997 1.9551567243605315 31824
# 4 36 32
435.00000000000153 26 36 1.0000002182052363 1.9322964001209346 31824
# 4 36 32
436.00000000000153 26 36 1.000000218198071 1.9066727117404243 31824
# 4 36 32
437.0000000000016 26 36 1.0000002181979666 1.8797477163524383 31824
# 4 36 32
438.0000000000016 26 36 1.000000218202698 1.853011207694458 31824
# 4 36 32
439.0000000000016 26 36 1.0000002182107601 1.827900543435665 31824
# 4 36 32
440.0000000000016 26 36 1.0000002182211467 1.8057306266987698 31824
# 4 36 32
441.0000000000016 26 36 1.0000002182331265 1.7876359562746484 31824
# 4 36 32
442.0000000000016 26 36 1.0000002182452967 1.7745251251651541 31824
# 4 36 32
443.0000000000016 26 36 1.000000218254716 1.767047192950451 31824
# 4 36 32
444.00000000000153 26 36 1.0000002182592374 1.765568997166314 31824
# 4 36 32
445.00000000000165 26 36 1.0000002182572019 1.770162596038304 31824
# 4 36 32
446.00000000000165 26 36 1.0000002182501233 1.7806024848772353 31824
# 4 36 32
447.00000000000165 26 36 1.0000002182418912 1.796372825012155 31824
# 4 36 32
448.00000000000165 26 36 1.0000002182320724 1.8166854924238638 31824
# 4 36 32
449.0000000000016 26 36 1.0000002182249506 1.8405101123026135 31824
# 4 36 32
450.0000000000016 26 36 1.000000218219764 1.8666172050269612 31824
# 4 36 32
451.0000000000016 26 36 1.0000002182196077 1.8936349625978768 31824
# 4 36 32
452.0000000000016 26 36 1.000000218222833 1.9201189254529825 31824
# 4 36 32
453.0000000000017 26 36 1.0000002182292977 1.944632030402515 31824
# 4 36 32
454.0000000000017 26 36 1.000000218239027 1.9658304427883115 31824
# 4 36 32
455.00000000000165 26 36 1.0000002182454375 1.9825487300118858 31824
# 4 36 32
456.00000000000165 26 36 1.000000218249762 1.9938767906025707 31824
# 4 36 32
457.00000000000165 26 36 1.0000002182520398 1.99922093115351 31824
# 4 36 32
458.00000000000165 26 36 1.0000002182515764 1.9983427450277635 31824
# 4 36 32
459.00000000000165 26 36 1.0000002182469925 1.9913718360660386 31824
# 4 36 32
460.00000000000165 26 36 1.00000021823819 1.9787915045028308 31824
# 4 36 32
461.00000000000165 26 36 1.0000002182285925 1.9613996615526417 31824
# 4 36 32
462.0000000000017 26 36 1.0000002182296361 1.940249859561686 31824
# 4 36 32
463.0000000000017 26 36 1.0000002182373038 1.9165789750617626 31824
# 4 36 32
464.0000000000017 26 36 1.0000002182433436 1.8917285813505835 31824
# 4 36 32
465.0000000000017 26 36 1.0000002182497338 1.867066485921993 31824
# 4 36 32
466.0000000000017 26 36 1.0000002182592134 1.8439135854126865 31824
# 4 36 32
467.0000000000017 32 36 1.000000218267882 1.8234795083585613 31824
# 4 36 32
468.0000000000017 26 36 1.000000218272853 1.806808866643491 31824
# 4 36 32
469.0000000000017 26 36 1.0000002182782315 1.7947386171978723 31824
# 4 36 32
470.00000000000176 26 36 1.000000218274249 1.7878662020934681 31824
# 4 36 32
471.00000000000176 26 36 1.0000002182744123 1.786527811277808 31824
# 4 36 32
472.00000000000176 26 36 1.000000218271704 1.7907862097587006 31824
# 4 36 32
473.00000000000176 26 36 1.0000002182658454 1.8004279522023843 31824
# 4 36 32
474.00000000000176 26 36 1.0000002182575842 1.8149703066771987 31824
# 4 36 32
475.00000000000176 26 36 1.0000002182483487 1.8336786591146221 31824
# 4 36 32
476.0000000000017 26 36 1.0000002182398084 1.8555954005055348 31824
# 4 36 32
477.0000000000017 26 36 1.0000002182350773 1.8795811471772295 31824
# 4 36 32
478.0000000000018 26 36 1.0000002182344898 1.904368487616353 31824
# 4 36 32
479.0000000000018 26 36 1.0000002182366599 1.9286272537706801 31824
# 4 36 32
480.0000000000018 26 36 1.0000002182414585 1.9510386941237692 31824
# 4 36 32
481.0000000000018 26 36 1.000000218246807 1.9703741548280898 31824
# 4 36 32
482.00000000000176 26 36 1.000000218253119 1.985572351018652 31824
# 4 36 32
483.00000000000176 26 36 1.0000002182577103 1.9958084545765464 31824
# 4 36 32
484.00000000000176 26 36 1.0000002182587304 2.0005483542445477 31824
# 4 36 32
485.00000000000176 26 36 1.0000002182591965 1.9995826621149226 31824
# 4 36 32
486.00000000000176 26 36 1.000000218256399 1.9930371868419388 31824
# 4 36 32
487.0000000000018 26 36 1.000000218252123 1.9813592778229054 31824
# 4 36 32
488.0000000000018 26 36 1.0000002182488015 1.96528215116655 31824
# 4 36 32
489.0000000000018 26 36 1.0000002182473307 1.9457715379838896 31824
# 4 36 32
490.0000000000018 32 36 1.0000002182471261 1.9239603908980063 31824
# 4 36 32
491.0000000000018 26 36 1.0000002182467527 1.9010778044475671 31824
# 4 36 32
492.0000000000018 26 36 1.0000002182467809 1.8783778306175833 31824
# 4 36 32
493.0000000000018 26 36 1.0000002182476475 1.8570727533770053 31824
# 4 36 32
494.0000000000018 26 36 1.0000002182520802 1.8382739604315448 31824
# 4 36 32
495.0000000000019 26 36 1.0000002182588157 1.8229421441856033 31824
# 4 36 32
496.0000000000019 26 36 1.0000002182667063 1.8118474280110826 31824
# 4 36 32
497.0000000000019 26 36 1.0000002182709966 1.8055392866832807 31824
# 4 36 32
498.0000000000019 26 36 1.0000002182700558 1.804325835070662 31824
# 4 36 32
499.0000000000019 26 36 1.0000002182665777 1.808262130830033 31824
# 4 36 32
500.0000000000019 26 36 1.0000002182598247 1.8171474519334416 31824
# 4 36 32
501.0000000000019 26 36 1.0000002182522802 1.830531919482373 31824
# 4 36 32
502.0000000000019 26 36 1.0000002182436856 1.84773318244067 31824
# 4 36 32
503.00000000000193 26 36 1.0000002182351508 1.8678640084681115 31824
# 4 36 32
504.00000000000193 26 36 1.0000002182306853 1.8898713958282156 31824
# 4 36 32
505.00000000000193 26 36 1.0000002182309533 1.912587145054896 31824
# 4 36 32
506.00000000000193 26 36 1.0000002182356653 1.9347887040592902 31824
# 4 36 32
507.00000000000193 26 36 1.0000002182438736 1.9552676507940674 31824
# 4 36 32
508.00000000000193 32 36 1.0000002182461123 1.9729016565969653 31824
# 4 36 32
509.0000000000019 32 36 1.0000002182458196 1.9867245241083673 31824
# 4 36 32
510.0000000000019 38 36 1.0000002182448693 1.995988261536116 31824
# 4 36 32
511.0000000000019 38 36 1.0000002182449246 2.000211386219364 31824
# 4 36 32
512.0000000000019 32 36 1.000000218245403 1.999208804472906 31824
# 4 36 32
513.0000000000019 32 36 1.0000002182459673 1.9931005340514507 31824
# 4 36 32
514.0000000000019 32 36 1.0000002182439276 1.9822988783115767 31824
# 4 36 32
515.0000000000019 32 36 1.0000002182439658 1.967475992000557 31824
# 4 36 32
516.0000000000019 32 36 1.0000002182437775 1.9495156837487888 31824
# 4 36 32
517.0000000000019 32 36 1.0000002182428485 1.9294544886231189 31824
# 4 36 32
518.0000000000019 38 36 1.0000002182426277 1.9084174040914847 31824
# 4 36 32
519.0000000000019 32 36 1.0000002182424867 1.8875532864446753 31824
# 4 36 32
520.000000000002 38 36 1.0000002182423742 1.8679739628504377 31824
# 4 36 32
521.000000000002 38 36 1.0000002182411234 1.8506999060287863 31824
# 4 36 32
522.000000000002 26 36 1.0000002182443122 1.8366141186415337 31824
# 4 36 32
523.000000000002 26 36 1.0000002182484249 1.8264248958225902 31824
# 4 36 32
524.000000000002 26 36 1.0000002182495125 1.8206374980382822 31824
# 4 36 32
525.0000000000019 32 36 1.0000002182478545 1.819534498095128 31824
# 4 36 32
526.0000000000019 26 36 1.0000002182448133 1.8231646126000314 31824
# 4 36 32
527.0000000000019 26 36 1.0000002182556438 1.8313400831122448 31824
# 4 36 32
528.000000000002 26 36 1.0000002182662882 1.843643000507027 31824
# 4 36 32
529.000000000002 32 36 1.0000002182574157 1.8594412234423159 31824
# 4 36 32
530.000000000002 32 36 1.000000218251472 1.8779145876478096 31824
# 4 36 32
531.000000000002 32 36 1.0000002182484566 1.8980918211293805 31824
# 4 36 32
532.000000000002 32 36 1.0000002182486531 1.9188979080591932 31824
# 4 36 32
533.000000000002 32 36 1.0000002182512384 1.9392105989343063 31824
# 4 36 32
534.000000000002 26 36 1.0000002182583692 1.9579234749368146 31824
# 4 36 32
535.000000000002 26 36 1.0000002182629453 1.974011671077134 31824
# 4 36 32
536.000000000002 26 36 1.0000002182711054 1.9865953392130562 31824
# 4 36 32
537.000000000002 26 36 1.0000002182814798 1.9949954735381659 31824
# 4 36 32
538.000000000002 26 36 1.0000002182896437 1.9987770156801121 31824
# 4 36 32
539.000000000002 32 36 1.0000002182912389 1.9977752352028308 31824
# 4 36 32
540.000000000002 26 36 1.0000002182908208 1.9921030922273324 31824
# 4 36 32
541.000000000002 26 36 1.000000218284923 1.9821393346474057 31824
# 4 36 32
542.000000000002 26 36 1.0000002182780106 1.9684990948242802 31824
# 4 36 32
543.000000000002 26 36 1.0000002182739807 1.951990385938253 31824
# 4 36 32
544.000000000002 26 36 1.000000218269602 1.9335609174483819 31824
# 4 36 32
545.0000000000022 26 36 1.0000002182690764 1.9142399637949998 31824
# 4 36 32
546.0000000000022 26 36 1.0000002182721863 1.895079693549259 31824
# 4 36 32
547.0000000000022 26 36 1.0000002182763204 1.8770995735536842 31824
# 4 36 32
548.0000000000022 26 36 1.0000002182813401 1.861236438680573 31824
# 4 36 32
549.0000000000022 26 36 1.0000002182838612 1.8483017932069628 31824
# 4 36 32
550.0000000000022 26 36 1.0000002182855443 1.8389470655181999 31824
# 4 36 32
551.0000000000022 26 36 1.000000218285366 1.8336369803701897 31824
# 4 36 32
552.000000000002 26 36 1.0000002182842531 1.8326309673682906 31824
# 4 36 32
553.0000000000022 26 36 1.000000218283425 1.8359725479848414 31824
# 4 36 32
554.0000000000022 26 36 1.0000002182820342 1.8434868436825345 31824
# 4 36 32
555.0000000000022 26 36 1.0000002182811845 1.854786603948234 31824
# 4 36 32
556.0000000000022 26 36 1.0000002182787682 1.8692873341574319 31824
# 4 36 32
557.0000000000022 26 36 1.0000002182756156 1.886232085170279 31824
# 4 36 32
558.0000000000022 26 36 1.0000002182736614 1.9047261528333994 31824
# 4 36 32
559.0000000000022 26 36 1.0000002182739043 1.92378128169986 31824
# 4 36 32
560.0000000000022 26 36 1.0000002182765355 1.9423680065624 31824
# 4 36 32
561.0000000000022 26 36 1.000000218280688 1.9594736230082814 31824
# 4 36 32
562.0000000000023 26 36 1.0000002182857795 1.9741621623139876 31824
# 4 36 32
563.0000000000022 26 36 1.0000002182932068 1.9856319084373135 31824
# 4 36 32
564.0000000000022 26 36 1.0000002183029217 1.993265668907932 31824
# 4 36 32
565.0000000000022 26 36 1.000000218310951 1.996669342745366 31824
# 4 36 32
566.0000000000022 26 36 1.0000002183153915 1.9956953257630703 31824
# 4 36 32
567.0000000000022 26 36 1.0000002183142418 1.9904488157978912 31824
# 4 36 32
568.0000000000022 32 36 1.0000002183124974 1.9812768685975437 31824
# 4 36 32
569.0000000000022 26 36 1.0000002183059333 1.9687417976282646 31824
# 4 36 32
570.0000000000023 26 36 1.0000002182997696 1.9535819213032475 31824
# 4 36 32
571.0000000000023 26 36 1.000000218297095 1.9366635416491567 31824
# 4 36 32
572.0000000000023 32 36 1.0000002182968992 1.9189283188080517 31824
# 4 36 32
573.0000000000023 32 36 1.0000002182992376 1.9013399386558936 31824
# 4 36 32
574.0000000000023 26 36 1.0000002183014476 1.8848333058552376 31824
# 4 36 32
575.0000000000023 26 36 1.0000002183045025 1.8702686263787482 31824
# 4 36 32
576.0000000000023 26 36 1.0000002183059853 1.8583918674666597 31824
# 4 36 32
577.0000000000023 26 36 1.0000002183073762 1.8498023545980227 31824
# 4 36 32
578.0000000000023 26 36 1.000000218306186 1.8449277747464814 31824
# 4 36 32
579.0000000000023 26 36 1.0000002183011252 1.844006629913573 31824
# 4 36 32
580.0000000000023 26 36 1.000000218296586 1.8470781878723606 31824
# 4 36 32
581.0000000000023 26 36 1.0000002182942611 1.853980128739515 31824
# 4 36 32
582.0000000000023 26 36 1.0000002182924927 1.8643542788821421 31824
# 4 36 32
583.0000000000023 26 36 1.0000002182854848 1.8776609406757652 31824
# 4 36 32
584.0000000000023 26 36 1.0000002182803576 1.8932022594876172 31824
# 4 36 32
585.0000000000023 26 36 1.0000002182776653 1.9101547375160033 31824
# 4 36 32
586.0000000000023 26 36 1.0000002182776884 1.9276103796786597 31824
# 4 36 32
587.0000000000024 38 36 1.0000002182777048 1.9446250799759024 31824
# 4 36 32
588.0000000000024 26 36 1.0000002182830396 1.9602718483371968 31824
# 4 36 32
589.0000000000024 26 36 1.0000002182881218 1.9736955231744366 31824
# 4 36 32
590.0000000000023 26 36 1.0000002182949481 1.984164929634596 31824
# 4 36 32
591.0000000000023 26 36 1.0000002183041656 1.9911182186991743 31824
# 4 36 32
592.0000000000023 26 36 1.0000002183077623 1.9941974705250627 31824
# 4 36 32
593.0000000000023 26 36 1.0000002183103625 1.9932695605056272 31824
# 4 36 32
594.0000000000023 26 36 1.0000002183091812 1.9884316390711074 31824
# 4 36 32
595.0000000000024 32 36 1.0000002183071237 1.9800011415223826 31824
# 4 36 32
596.0000000000024 26 36 1.0000002183006713 1.9684917577158128 31824
# 4 36 32
597.0000000000024 32 36 1.0000002183015226 1.9545780130991002 31824
# 4 36 32
598.0000000000024 26 36 1.0000002182985301 1.9390518790027862 31824
# 4 36 32
599.0000000000024 32 36 1.0000002182985108 1.9227750832644082 31824
# 4 36 32
600.0000000000024 32 36 1.0000002182997547 1.9066305775182042 31824
# 4 36 32
601.0000000000024 32 36 1.000000218302455 1.8914760601000231 31824
# 4 36 32
602.0000000000024 26 36 1.000000218302395 1.8781017175294101 31824
# 4 36 32
603.0000000000024 26 36 1.000000218302227 1.8671935984678372 31824
# 4 36 32
604.0000000000024 26 36 1.0000002183037484 1.8593034031036302 31824
# 4 36 32
605.0000000000024 26 36 1.0000002183012124 1.854825040540302 31824
# 4 36 32
606.0000000000024 26 36 1.0000002182964465 1.8539780979525915 31824
# 4 36 32
607.0000000000024 26 36 1.0000002182925674 1.8567983504002896 31824
# 4 36 32
608.0000000000024 26 36 1.0000002182943775 1.8631355492427446 31824
# 4 36 32
609.0000000000024 26 36 1.0000002183001955 1.872658865023862 31824
# 4 36 32
610.0000000000024 26 36 1.0000002183020713 1.8848704245055778 31824
# 4 36 32
611.0000000000024 26 36 1.0000002183035395 1.8991272770130565 31824
# 4 36 32
612.0000000000025 26 36 1.000000218309404 1.9146717868037602 31824
# 4 36 32
613.0000000000025 32 36 1.0000002183099224 1.9306698585368751 31824
# 4 36 32
614.0000000000025 32 36 1.0000002183127545 1.9462556082144713 31824
# 4 36 32
615.0000000000025 32 36 1.0000002183182253 1.960580203031626 31824
# 4 36 32
616.0000000000024 26 36 1.0000002183152048 1.9728617778612936 31824
# 4 36 32
617.0000000000024 26 36 1.0000002183167813 1.9824327745763863 31824
# 4 36 32
618.0000000000024 26 36 1.0000002183182666 1.9887809032336037 31824
# 4 36 32
619.0000000000024 26 36 1.000000218322892 1.9915802744652016 31824
# 4 36 32
620.0000000000025 26 36 1.0000002183291126 1.990710088249693 31824
# 4 36 32
621.0000000000025 26 36 1.0000002183395795 1.986259465012413 31824
# 4 36 32
622.0000000000025 32 36 1.0000002183363161 1.9785183775590003 31824
# 4 36 32
623.0000000000025 32 36 1.000000218333485 1.9679559609679713 31824
# 4 36 32
624.0000000000025 32 36 1.0000002183290086 1.9551885412927523 31824
# 4 36 32
625.0000000000025 32 36 1.0000002183293744 1.9409403948788215 31824
# 4 36 32
626.0000000000025 26 36 1.0000002183332182 1.9260004820135255 31824
# 4 36 32
627.0000000000025 32 36 1.0000002183354473 1.9111782287004973 31824
# 4 36 32
628.0000000000025 26 36 1.0000002183286385 1.8972609638457154 31824
# 4 36 32
629.0000000000025 26 36 1.0000002183189745 1.884974996344893 31824
# 4 36 32
630.0000000000025 26 36 1.0000002183064927 1.8749516736325882 31824
# 4 36 32
631.0000000000025 26 36 1.0000002182964691 1.8676992183825265 31824
# 4 36 32
632.0000000000025 26 36 1.0000002182889474 1.8635807590409854 31824
# 4 36 32
633.0000000000025 26 36 1.000000218282966 1.8627987768677223 31824
# 4 36 32
634.0000000000025 26 36 1.0000002182807797 1.865386161601552 31824
# 4 36 32
635.0000000000025 26 36 1.000000218283697 1.8712041397712054 31824
# 4 36 32
636.0000000000025 32 36 1.0000002182793815 1.879947430865042 31824
# 4 36 32
637.0000000000026 26 36 1.0000002182898875 1.8911570066239312 31824
# 4 36 32
638.0000000000026 26 36 1.0000002183014045 1.9042406963761591 31824
# 4 36 32
639.0000000000026 26 36 1.0000002183090535 1.9185015442981215 31824
# 4 36 32
640.0000000000026 26 36 1.0000002183132366 1.9331732728085185 31824
# 4 36 32
641.0000000000026 26 36 1.0000002183145749 1.9474614883975836 31824
# 4 36 32
642.0000000000026 26 36 1.0000002183122503 1.9605884853141093 31824
# 4 36 32
643.0000000000025 26 36 1.000000218310326 1.9718388040756518 31824
# 4 36 32
644.0000000000025 26 36 1.0000002183133097 1.9806022428803767 31824
# 4 36 32
645.0000000000026 26 36 1.0000002183138204 1.986410929966877 31824
# 4 36 32
646.0000000000026 26 36 1.0000002183180765 1.988967409807064 31824
# 4 36 32
647.0000000000026 26 36 1.0000002183230277 1.9881614551227358 31824
# 4 36 32
648.0000000000026 26 36 1.0000002183276622 1.9840743832255507 31824
# 4 36 32
649.0000000000026 26 36 1.0000002183298593 1.9769708609027712 31824
# 4 36 32
650.0000000000026 26 36 1.0000002183275805 1.9672793349005595 31824
# 4 36 32
651.0000000000026 26 36 1.0000002183250918 1.9555631547205174 31824
# 4 36 32
652.0000000000026 26 36 1.0000002183235668 1.942485046384404 31824
# 4 36 32
653.0000000000027 26 36 1.0000002183234407 1.9287678096137282 31824
# 4 36 32
654.0000000000026 26 36 1.0000002183252146 1.9151539793337828 31824
# 4 36 32
655.0000000000026 26 36 1.000000218328301 1.9023668036680177 31824
# 4 36 32
656.0000000000026 26 36 1.0000002183315553 1.8910743618021373 31824
# 4 36 32
657.0000000000026 26 36 1.0000002183340586 1.8818580954603952 31824
# 4 36 32
658.0000000000026 26 36 1.000000218336056 1.875186553818764 31824
# 4 36 32
659.0000000000026 26 36 1.0000002183364236 1.8713948153776496 31824
# 4 36 32
660.0000000000026 26 36 1.0000002183354284 1.870669870320797 31824
# 4 36 32
661.0000000000026 26 36 1.0000002183327537 1.8730422031549137 31824
# 4 36 32
662.0000000000027 26 36 1.0000002183281647 1.8783838557211592 31824
# 4 36 32
663.0000000000027 26 36 1.0000002183230547 1.886413302287079 31824
# 4 36 32
664.0000000000027 26 36 1.0000002183204189 1.896707452911464 31824
# 4 36 32
665.0000000000027 26 36 1.0000002183216785 1.9087209493918722 31824
# 4 36 32
666.0000000000027 26 36 1.0000002183231178 1.9218125873114893 31824
# 4 36 32
667.0000000000027 26 36 1.0000002183247232 1.9352781855347414 31824
# 4 36 32
668.0000000000027 26 36 1.0000002183265388 1.9483885780908137 31824
# 4 36 32
669.0000000000027 26 36 1.0000002183269787 1.9604307175959743 31824
# 4 36 32
670.0000000000027 26 36 1.000000218325659 1.970749281870568 31824
# 4 36 32
671.0000000000027 26 36 1.0000002183259884 1.9787857997307274 31824
# 4 36 32
672.0000000000027 26 36 1.000000218328909 1.98411226543289 31824
# 4 36 32
673.0000000000027 26 36 1.0000002183317318 1.9864565436196595 31824
# 4 36 32
674.0000000000027 26 36 1.000000218336318 1.9857175544797225 31824
# 4 36 32
675.0000000000027 26 36 1.0000002183425316 1.9819691765351393 31824
# 4 36 32
676.0000000000027 26 36 1.000000218350353 1.9754528655712338 31824
# 4 36 32
677.0000000000027 26 36 1.0000002183596808 1.966559999409646 31824
# 4 36 32
678.0000000000028 26 36 1.000000218370999 1.9558057743927795 31824
# 4 36 32
679.0000000000028 26 36 1.00000021837864 1.943797004230333 31824
# 4 36 32
680.0000000000028 26 36 1.0000002183823467 1.931196370895509 31824
# 4 36 32
681.0000000000027 26 36 1.00000021838128 1.9186855781184533 31824
# 4 36 32
682.0000000000026 32 36 1.000000218379939 1.9069295346668187 31824
# 4 36 32
683.0000000000026 26 36 1.0000002183742882 1.8965432466111487 31824
# 4 36 32
684.0000000000025 26 36 1.0000002183641452 1.8880626265272558 31824
# 4 36 32
685.0000000000024 26 36 1.000000218355607 1.8819200154190727 31824
# 4 36 32
686.0000000000023 32 36 1.0000002183536365 1.8784249151978296 31824
# 4 36 32
687.0000000000023 32 36 1.0000002183512362 1.8777502611561074 31824
# 4 36 32
688.0000000000022 32 36 1.0000002183482313 1.8799245093558377 31824
# 4 36 32
689.0000000000022 32 36 1.0000002183460475 1.884829827200081 31824
# 4 36 32
690.000000000002 32 36 1.0000002183439243 1.8922066943382458 31824
# 4 36 32
691.000000000002 32 36 1.0000002183460237 1.9016651769577586 31824
# 4 36 32
692.0000000000019 32 36 1.0000002183538679 1.912702973254578 31824
# 4 36 32
693.0000000000018 32 36 1.000000218361377 1.9247300073931022 31824
# 4 36 32
694.0000000000017 26 36 1.0000002183664376 1.937098875946546 31824
# 4 36 32
695.0000000000017 32 36 1.0000002183665124 1.9491398701873153 31824
# 4 36 32
696.0000000000016 32 36 1.0000002183649772 1.9601986957543809 31824
# 4 36 32
697.0000000000016 32 36 1.0000002183611354 1.969674499453934 31824
# 4 36 32
698.0000000000015 32 36 1.000000218354319 1.9770555059592103 31824
# 4 36 32
699.0000000000015 26 36 1.0000002183397425 1.9819495526179378 31824
# 4 36 32
700.0000000000014 26 36 1.0000002183323444 1.984107126978785 31824
# 4 36 32
701.0000000000013 26 36 1.0000002183351313 1.9834351336696372 31824
# 4 36 32
702.0000000000013 26 36 1.0000002183468162 1.9800004599305203 31824
# 4 36 32
703.0000000000011 32 36 1.000000218361472 1.9740233451411648 31824
# 4 36 32
704.000000000001 32 36 1.000000218379564 1.9658614491174107 31824
# 4 36 32
705.000000000001 26 36 1.000000218395305 1.9559862335984664 31824
# 4 36 32
706.000000000001 26 36 1.0000002184064691 1.9449537388205629 31824
# 4 36 32
707.0000000000009 32 36 1.0000002184097354 1.9333720236617926 31824
# 4 36 32
708.0000000000008 26 36 1.0000002184070949 1.9218674656682722 31824
# 4 36 32
709.0000000000007 26 36 1.000000218398773 1.9110518495037996 31824
# 4 36 32
710.0000000000007 26 36 1.0000002183860874 1.901491792934652 31824
# 4 36 32
711.0000000000006 26 36 1.0000002183717247 1.8936816547707096 31824
# 4 36 32
712.0000000000005 26 36 1.000000218359856 1.8880207108676303 31824
# 4 36 32
713.0000000000005 26 36 1.0000002183518488 1.884795118784863 31824
# 4 36 32
714.0000000000005 26 36 1.0000002183479626 1.8841650343053633 31824
# 4 36 32
715.0000000000003 26 36 1.000000218347665 1.8861571793630503 31824
# 4 36 32
716.0000000000002 26 36 1.0000002183513104 1.8906631521819601 31824
# 4 36 32
717.0000000000001 32 36 1.0000002183596712 1.897443762034591 31824
# 4 36 32
718.0000000000001 32 36 1.000000218368909 1.9061396045290127 31824
# 4 36 32
719.0 26 36 1.0000002183780996 1.9162879197123674 31824
# 4 36 32
719.9999999999999 26 36 1.0000002183857273 1.927345467660662 31824
# 4 36 32
720.9999999999999 26 36 1.0000002183894943 1.9387167201695628 31824
# 4 36 32
721.9999999999998 26 36 1.00000021838825 1.949786146747566 31824
# 4 36 32
722.9999999999998 32 36 1.000000218384512 1.9599528446327423 31824
# 4 36 32
723.9999999999997 26 36 1.0000002183739987 1.9686653244579853 31824
# 4 36 32
724.9999999999997 26 36 1.0000002183621106 1.9754540116787567 31824
# 4 36 32
725.9999999999995 26 36 1.0000002183556502 1.979959033720037 31824
# 4 36 32
726.9999999999994 26 36 1.0000002183526144 1.9819511602891915 31824
# 4 36 32
727.9999999999993 26 36 1.0000002183549972 1.981344326711317 31824
# 4 36 32
728.9999999999993 26 36 1.000000218364259 1.978198919876735 31824
# 4 36 32
729.9999999999992 26 36 1.0000002183788146 1.9727158339291524 31824
# 4 36 32
730.9999999999992 26 36 1.0000002183960788 1.9652220875705722 31824
# 4 36 32
731.9999999999991 26 36 1.0000002184113084 1.9561494317199115 31824
# 4 36 32
732.9999999999991 26 36 1.000000218421566 1.9460077948583652 31824
# 4 36 32
733.999999999999 26 36 1.0000002184248953 1.935355588674535 31824
# 4 36 32
734.9999999999989 26 36 1.0000002184238848 1.9247688473193314 31824
# 4 36 32
735.9999999999987 26 36 1.000000218419615 1.9148109526720325 31824
# 4 36 32
736.9999999999987 26 36 1.000000218413212 1.906004376772604 31824
# 4 36 32
737.9999999999986 26 36 1.0000002184046095 1.8988055250179816 31824
# 4 36 32
738.9999999999986 26 36 1.0000002183997654 1.893583451392466 31824
# 4 36 32
739.9999999999986 26 36 1.0000002183941137 1.890602980065235 31824
# 4 36 32
740.9999999999985 26 36 1.0000002183901946 1.8900126199904852 31824
# 4 36 32
741.9999999999984 26 36 1.0000002183884407 1.8918375884599947 31824
# 4 36 32
742.9999999999983 26 36 1.000000218387626 1.8959782324698171 31824
# 4 36 32
743.9999999999983 26 36 1.000000218386669 1.9022141062853446 31824
# 4 36 32
744.9999999999982 26 36 1.000000218387483 1.9102138798259012 31824
# 4 36 32
745.9999999999981 26 36 1.0000002183897048 1.9195510743413287 31824
# 4 36 32
746.9999999999981 26 36 1.00000021839176 1.929725328556607 31824
# 4 36 32
747.999999999998 26 36 1.0000002183924768 1.940188498162834 31824
# 4 36 32
748.999999999998 26 36 1.0000002183934307 1.9503744250568533 31824
# 4 36 32
749.9999999999978 26 36 1.000000218394149 1.9597307488272624 31824
# 4 36 32
750.9999999999977 26 36 1.0000002183956125 1.9677507574541082 31824
# 4 36 32
751.9999999999977 26 36 1.0000002183966363 1.974003068855149 31824
# 4 36 32
752.9999999999976 26 36 1.0000002184000816 1.9781569612938101 31824
# 4 36 32
753.9999999999975 26 36 1.0000002184032453 1.9800014498443927 31824
# 4 36 32
754.9999999999974 26 36 1.0000002184055505 1.979456713303325 31824
# 4 36 32
755.9999999999974 26 36 1.0000002184066623 1.9765771442272093 31824
# 4 36 32
756.9999999999974 26 36 1.000000218410175 1.9715460277897232 31824
# 4 36 32
757.9999999999973 26 36 1.0000002184141428 1.9646625497148307 31824
# 4 36 32
758.9999999999973 26 36 1.0000002184222727 1.9563223989526044 31824
# 4 36 32
759.9999999999972 26 36 1.0000002184282712 1.946993607322761 31824
# 4 36 32
760.999999999997 26 36 1.0000002184309094 1.9371894333787283 31824
# 4 36 32
761.9999999999969 26 36 1.0000002184298824 1.9274400675800314 31824
# 4 36 32
762.9999999999969 26 36 1.000000218425737 1.9182647543509233 31824
# 4 36 32
763.9999999999968 26 36 1.0000002184189272 1.9101456550071554 31824
# 4 36 32
764.9999999999968 26 36 1.000000218411327 1.9035044768145915 31824
# 4 36 32
765.9999999999967 26 36 1.0000002184030587 1.898682620643375 31824
# 4 36 32
766.9999999999967 26 36 1.000000218396647 1.8959253877927178 31824
# 4 36 32
767.9999999999966 26 36 1.0000002183923256 1.8953706476703847 31824
# 4 36 32
768.9999999999965 26 36 1.0000002183916419 1.897042291975477 31824
# 4 36 32
769.9999999999964 26 36 1.0000002183939414 1.900848759063354 31824
# 4 36 32
770.9999999999964 26 36 1.0000002183994647 1.9065868640280283 31824
# 4 36 32
771.9999999999962 26 36 1.000000218406942 1.9139510732437204 31824
# 4 36 32
772.9999999999962 26 36 1.0000002184154844 1.9225481825781896 31824
# 4 36 32
773.9999999999961 26 36 1.0000002184217782 1.931917080330152 31824
# 4 36 32
774.9999999999961 26 36 1.0000002184251797 1.941552909069695 31824
# 4 36 32
775.999999999996 26 36 1.0000002184246133 1.9509345226459676 31824
# 4 36 32
776.9999999999959 26 36 1.0000002184197208 1.9595537273903232 31824
# 4 36 32
777.9999999999958 26 36 1.000000218411563 1.966944473993915 31824
# 4 36 32
778.9999999999958 26 36 1.0000002184019747 1.9727099992766453 31824
# 4 36 32
779.9999999999957 26 36 1.0000002183933532 1.9765459555226936 31824
# 4 36 32
780.9999999999957 26 36 1.0000002183882355 1.9782578249736165 31824
# 4 36 32
781.9999999999956 26 36 1.000000218388784 1.9777713749314187 31824
# 4 36 32
782.9999999999956 26 36 1.000000218395031 1.9751355051219754 31824
# 4 36 32
783.9999999999955 26 36 1.000000218405158 1.9705174897881879 31824
# 4 36 32
784.9999999999953 26 36 1.0000002184179224 1.9641912332807347 31824
# 4 36 32
785.9999999999953 26 36 1.0000002184293169 1.9565196618444245 31824
# 4 36 32
786.9999999999952 26 36 1.000000218435509 1.9479327138932847 31824
# 4 36 32
787.9999999999951 26 36 1.0000002184383938 1.9389025472178294 31824
# 4 36 32
788.999999999995 26 36 1.0000002184375825 1.9299175668147865 31824
# 4 36 32
789.999999999995 26 36 1.0000002184330032 1.9214567289675883 31824
# 4 36 32
790.999999999995 26 36 1.0000002184261052 1.913965347856107 31824
# 4 36 32
791.9999999999949 26 36 1.000000218416964 1.9078333739631643 31824
# 4 36 32
792.9999999999949 26 36 1.000000218407821 1.9033768750073587 31824
# 4 36 32
793.9999999999947 26 36 1.000000218400551 1.9008232600331596 31824
# 4 36 32
794.9999999999947 26 36 1.0000002183965313 1.9003006565888316 31824
# 4 36 32
795.9999999999947 26 36 1.0000002183965415 1.9018317709836043 31824
# 4 36 32
796.9999999999944 26 36 1.0000002184000392 1.9053325077508825 31824
# 4 36 32
797.9999999999944 26 36 1.000000218405434 1.9106155624891612 31824
# 4 36 32
798.9999999999944 26 36 1.0000002184120447 1.9173990959033984 31824
# 4 36 32
799.9999999999943 26 36 1.0000002184180277 1.9253204183672485 31824
# 4 36 32
800.9999999999943 26 36 1.0000002184227024 1.9339543516683648 31824
# 4 36 32
801.9999999999941 26 36 1.0000002184253058 1.9428355986774903 31824
# 4 36 32
802.9999999999941 26 36 1.0000002184247216 1.9514840774079947 31824
# 4 36 32
803.9999999999941 26 36 1.0000002184206962 1.9594318180709058 31824
# 4 36 32
804.9999999999939 26 36 1.0000002184143413 1.9662497443994853 31824
# 4 36 32
805.9999999999939 26 36 1.0000002184059478 1.9715725247761193 31824
# 4 36 32
806.9999999999939 26 36 1.0000002183987893 1.975119725042487 31824
# 4 36 32
807.9999999999937 26 36 1.0000002183943624 1.976711736388262 31824
# 4 36 32
808.9999999999937 26 36 1.0000002183946002 1.9762793647798402 31824
# 4 36 32
809.9999999999935 26 36 1.0000002183988903 1.9738665011715988 31824
# 4 36 32
810.9999999999935 26 36 1.0000002184071612 1.969625870747462 31824
# 4 36 32
811.9999999999935 26 36 1.0000002184173087 1.9638084078426545 31824
# 4 36 32
812.9999999999933 26 36 1.0000002184267796 1.9567472535210013 31824
# 4 36 32
813.9999999999933 26 36 1.0000002184337409 1.9488376803718392 31824
# 4 36 32
814.9999999999933 26 36 1.000000218436885 1.9405143967084344 31824
# 4 36 32
815.9999999999932 32 36 1.0000002184362005 1.9322276803376042 31824
# 4 36 32
816.9999999999932 32 36 1.000000218432254 1.9244196723190994 31824
# 4 36 32
817.9999999999932 26 36 1.0000002184266341 1.9175019674829572 31824
# 4 36 32
818.999999999993 26 36 1.0000002184207752 1.9118354174298915 31824
# 4 36 32
819.999999999993 26 36 1.0000002184153862 1.907712852793573 31824
# 4 36 32
820.9999999999927 26 36 1.0000002184121963 1.9053452604387193 31824
# 4 36 32
821.9999999999927 26 36 1.0000002184103602 1.9048518282749176 31824
# 4 36 32
822.9999999999927 26 36 1.0000002184094938 1.906254187758033 31824
# 4 36 32
823.9999999999926 26 36 1.0000002184091743 1.9094751210689174 31824
# 4 36 32
824.9999999999926 32 36 1.0000002184143186 1.914341927259967 31824
# 4 36 32
825.9999999999926 32 36 1.0000002184208467 1.9205945288381356 31824
# 4 36 32
826.9999999999924 32 36 1.000000218427059 1.9278982245388558 31824
# 4 36 32
827.9999999999924 26 36 1.0000002184287182 1.9358607468018145 31824
# 4 36 32
828.9999999999922 26 36 1.000000218429439 1.9440529752899485 31824
# 4 36 32
829.9999999999922 26 36 1.0000002184295997 1.9520323221894949 31824
# 4 36 32
830.9999999999922 26 36 1.000000218428731 1.9593674904870562 31824
# 4 36 32
831.999999999992 26 36 1.000000218427959 1.9656630678340223 31824
# 4 36 32
832.999999999992 26 36 1.0000002184258214 1.9705823083534373 31824
# 4 36 32
833.9999999999919 32 36 1.0000002184196564 1.973866506728807 31824
# 4 36 32
834.9999999999918 32 36 1.000000218415942 1.9753495921863016 31824
# 4 36 32
835.9999999999918 26 36 1.0000002184160945 1.9749669433003771 31824
# 4 36 32
836.9999999999916 32 36 1.0000002184199808 1.972757900815144 31824
# 4 36 32
837.9999999999916 32 36 1.0000002184267396 1.9688619723019067 31824
# 4 36 32
838.9999999999916 32 36 1.0000002184347003 1.9635092114523878 31824
# 4 36 32
839.9999999999915 32 36 1.0000002184422887 1.9570056585242666 31824
# 4 36 32
840.9999999999914 32 36 1.0000002184480596 1.9497150077997476 31824
# 4 36 32
841.9999999999914 32 36 1.0000002184508932 1.9420378075861386 31824
# 4 36 32
842.9999999999912 26 36 1.0000002184506471 1.9343895066980612 31824
# 4 36 32
843.9999999999912 26 36 1.0000002184482035 1.9271785652050109 31824
# 4 36 32
844.9999999999912 26 36 1.0000002184437646 1.9207856843814306 31824
# 4 36 32
845.999999999991 26 36 1.0000002184392904 1.9155450202741848 31824
# 4 36 32
846.999999999991 26 36 1.0000002184353451 1.9117280619315766 31824
# 4 36 32
847.9999999999908 26 36 1.0000002184323558 1.9095307013168072 31824
# 4 36 32
848.9999999999908 26 36 1.000000218430736 1.9090639058005476 31824
# 4 36 32
849.9999999999908 26 36 1.0000002184302115 1.910348320028304 31824
# 4 36 32
850.9999999999907 26 36 1.0000002184313257 1.9133130539391887 31824
# 4 36 32
851.9999999999907 26 36 1.0000002184327588 1.9177988329341815 31824
# 4 36 32
852.9999999999907 26 36 1.0000002184352763 1.923565569372049 31824
# 4 36 32
853.9999999999905 26 36 1.0000002184369954 1.9303042429366153 31824
# 4 36 32
854.9999999999905 26 36 1.000000218439004 1.9376527453764438 31824
# 4 36 32
855.9999999999902 32 36 1.0000002184411412 1.945215064110077 31824
# 4 36 32
856.9999999999902 26 36 1.0000002184411303 1.9525828785281942 31824
# 4 36 32
857.9999999999902 26 36 1.0000002184404662 1.9593583659031286 31824
# 4 36 32
858.9999999999901 26 36 1.0000002184392955 1.965176807849352 31824
# 4 36 32
859.9999999999901 26 36 1.0000002184380028 1.9697274997616379 31824
# 4 36 32
860.9999999999901 26 36 1.0000002184373338 1.9727715206268281 31824
# 4 36 32
861.9999999999899 26 36 1.0000002184372248 1.974155126774487 31824
# 4 36 32
862.9999999999899 26 36 1.0000002184374588 1.973817870375055 31824
# 4 36 32
863.9999999999899 32 36 1.000000218439445 1.9717949704976618 31824
# 4 36 32
864.9999999999897 32 36 1.000000218442888 1.96821392590075 31824
# 4 36 32
865.9999999999897 32 36 1.0000002184469379 1.9632857959909626 31824
# 4 36 32
866.9999999999895 32 36 1.00000021845084 1.9572919393093637 31824
# 4 36 32
867.9999999999895 32 36 1.0000002184556935 1.950567253204023 31824
# 4 36 32
868.9999999999895 32 36 1.0000002184580978 1.9434810906397042 31824
# 4 36 32
869.9999999999893 32 36 1.0000002184577619 1.9364170466622717 31824
# 4 36 32
870.9999999999893 32 36 1.0000002184548247 1.929752731108058 31824
# 4 36 32
871.9999999999893 32 36 1.0000002184500878 1.9238405069623707 31824
# 4 36 32
872.9999999999891 32 36 1.0000002184445078 1.9189900100012156 31824
# 4 36 32
873.9999999999891 32 36 1.0000002184391348 1.9154531039639011 31824
# 4 36 32
874.999999999989 32 36 1.000000218434936 1.9134117863863305 31824
# 4 36 32
875.999999999989 32 36 1.0000002184327332 1.9129694507592472 31824
# 4 36 32
876.999999999989 32 36 1.0000002184327355 1.9141458259637176 31824
# 4 36 32
877.9999999999887 32 36 1.0000002184346028 1.9168758387981772 31824
# 4 36 32
878.9999999999887 32 36 1.000000218437144 1.9210125589383245 31824
# 4 36 32
879.9999999999887 32 36 1.0000002184390495 1.926334266720057 31824
# 4 36 32
880.9999999999885 32 36 1.000000218440791 1.932555517683878 31824
# 4 36 32
881.9999999999885 32 36 1.0000002184412264 1.9393418603712473 31824
# 4 36 32
882.9999999999885 32 36 1.0000002184423515 1.9463276070860431 31824
# 4 36 32
883.9999999999884 32 36 1.0000002184420507 1.9531357874519393 31824
# 4 36 32
884.9999999999884 32 36 1.0000002184400518 1.9593991704087188 31824
# 4 36 32
885.9999999999882 32 36 1.0000002184385093 1.964781063094664 31824
# 4 36 32
886.9999999999882 32 36 1.0000002184355932 1.9689945233306003 31824
# 4 36 32
887.9999999999882 32 36 1.0000002184338443 1.971818679311134 31824
# 4 36 32
888.999999999988 32 36 1.0000002184332917 1.9731110403562715 31824
# 4 36 32
889.999999999988 32 36 1.000000218433421 1.9728149872013776 31824
# 4 36 32
890.999999999988 32 36 1.0000002184339076 1.970962013726242 31824
# 4 36 32
891.9999999999878 26 36 1.000000218434688 1.9676687049455674 31824
# 4 36 32
892.9999999999878 26 36 1.0000002184356163 1.9631288280177812 31824
# 4 36 32
893.9999999999876 32 36 1.0000002184371393 1.9576012399901521 31824
# 4 36 32
894.9999999999876 32 36 1.0000002184392385 1.9513945481586403 31824
# 4 36 32
895.9999999999876 32 36 1.0000002184409618 1.9448495840564188 31824
# 4 36 32
896.9999999999874 32 36 1.000000218440817 1.9383207754360126 31824
# 4 36 32
897.9999999999874 32 36 1.0000002184385501 1.9321574411825826 31824
# 4 36 32
898.9999999999874 32 36 1.0000002184350847 1.9266859192686934 31824
# 4 36 32
899.9999999999873 32 36 1.0000002184317869 1.9221932966834963 31824
# 4 36 32
900.9999999999872 32 36 1.0000002184283305 1.9189133681837267 31824
# 4 36 32
901.9999999999872 32 36 1.0000002184259351 1.9170153247619792 31824
# 4 36 32
902.999999999987 32 36 1.0000002184249612 1.9165955694564814 31824
# 4 36 32
903.999999999987 32 36 1.000000218424571 1.9176729736451894 31824
# 4 36 32
904.9999999999868 26 36 1.0000002184242656 1.9201878083119188 31824
# 4 36 32
905.9999999999868 32 36 1.0000002184241485 1.9240044944703059 31824
# 4 36 32
906.9999999999868 32 36 1.0000002184243957 1.928918197459234 31824
# 4 36 32
907.9999999999866 32 36 1.0000002184249241 1.9346651292604298 31824
# 4 36 32
908.9999999999866 32 36 1.000000218425311 1.9409362196278979 31824
# 4 36 32
909.9999999999866 32 36 1.0000002184256491 1.947393581973864 31824
# 4 36 32
910.9999999999865 32 36 1.0000002184258319 1.9536889577765573 31824
# 4 36 32
911.9999999999865 32 36 1.0000002184257717 1.9594831074587118 31824
# 4 36 32
912.9999999999862 32 36 1.0000002184256127 1.9644649629468247 31824
# 4 36 32
913.9999999999862 26 36 1.0000002184255419 1.9683692995731887 31824
# 4 36 32
914.9999999999862 26 36 1.0000002184258137 1.970991742452796 31824
# 4 36 32
915.999999999986 26 36 1.000000218426009 1.9722000973992506 31824
# 4 36 32
916.999999999986 26 36 1.000000218426201 1.9719412724140999 31824
# 4 36 32
917.999999999986 26 36 1.0000002184265147 1.9702434002226115 31824
# 4 36 32
918.9999999999859 26 36 1.0000002184267989 1.9672131427541641 31824
# 4 36 32
919.9999999999859 26 36 1.0000002184263925 1.9630285104911507 31824
# 4 36 32
920.9999999999859 20 36 1.0000002184230696 1.9579278248904644 31824
# 4 36 32
921.9999999999857 20 36 1.0000002184212107 1.952195664506377 31824
# 4 36 32
922.9999999999857 32 36 1.0000002184218149 1.9461467536878265 31824
# 4 36 32
923.9999999999854 32 36 1.0000002184220802 1.9401087814427573 31824
# 4 36 32
924.9999999999854 32 36 1.0000002184214623 1.9344050925776826 31824
# 4 36 32
925.9999999999854 32 36 1.000000218419926 1.9293380971556195 31824
# 4 36 32
926.9999999999853 32 36 1.0000002184185823 1.925174122793346 31824
# 4 36 32
927.9999999999853 32 36 1.000000218417414 1.9221303089173165 31824
# 4 36 32
928.9999999999853 32 36 1.0000002184166685 1.9203640278586231 31824
# 4 36 32
929.9999999999851 32 36 1.0000002184162105 1.919965220279428 31824
# 4 36 32
930.9999999999851 32 36 1.0000002184158823 1.920951948744243 31824
# 4 36 32
931.9999999999849 26 36 1.0000002184156405 1.9232693924595616 31824
# 4 36 32
932.9999999999849 26 36 1.0000002184153463 1.9267924136437127 31824
# 4 36 32
933.9999999999849 26 36 1.0000002184149686 1.9313317072838685 31824
# 4 36 32
934.9999999999848 20 36 1.0000002184116348 1.9366433918629242 31824
# 4 36 32
935.9999999999848 20 36 1.0000002184100754 1.9424417085434043 31824
# 4 36 32
936.9999999999848 20 36 1.0000002184098435 1.9484142818714425 31824
# 4 36 32
937.9999999999845 32 36 1.0000002184098873 1.9542391769064895 31824
# 4 36 32
938.9999999999845 32 36 1.0000002184094747 1.959602797244509 31824
# 4 36 32
939.9999999999845 32 36 1.0000002184092172 1.9642175362892524 31824
# 4 36 32
940.9999999999843 26 36 1.0000002184091432 1.9678380483316094 31824
# 4 36 32
941.9999999999843 26 36 1.000000218409666 1.9702750629834593 31824
# 4 36 32
942.9999999999842 26 36 1.0000002184107508 1.9714058275363335 31824
# 4 36 32
943.9999999999842 26 36 1.0000002184113437 1.9711805117385535 31824
# 4 36 32
944.9999999999842 26 36 1.0000002184114987 1.969624219556807 31824
# 4 36 32
945.999999999984 26 36 1.000000218411407 1.9668345853487363 31824
# 4 36 32
946.999999999984 26 36 1.0000002184113668 1.9629752487205685 31824
# 4 36 32
947.999999999984 26 36 1.000000218411527 1.9582657696114427 31824
# 4 36 32
948.9999999999837 26 36 1.0000002184121024 1.9529687397672113 31824
# 4 36 32
949.9999999999837 32 36 1.0000002184126084 1.9473749587832514 31824
# 4 36 32
950.9999999999836 32 36 1.000000218412883 1.9417875753449854 31824
# 4 36 32
951.9999999999836 32 36 1.0000002184126675 1.9365060606134636 31824
# 4 36 32
952.9999999999835 32 36 1.0000002184116656 1.9318108007350765 31824
# 4 36 32
953.9999999999834 32 36 1.000000218410881 1.9279489906773377 31824
# 4 36 32
954.9999999999834 32 36 1.0000002184092818 1.9251224007821495 31824
# 4 36 32
955.9999999999834 32 36 1.0000002184085903 1.9234774836424589 31824
# 4 36 32
956.9999999999832 32 36 1.0000002184081038 1.9230981969873462 31824
# 4 36 32
957.9999999999832 32 36 1.0000002184078576 1.9240018360653888 31824
# 4 36 32
958.9999999999832 26 36 1.0000002184076298 1.9261380870692784 31824
# 4 36 32
959.9999999999831 26 36 1.0000002184066854 1.9293914197005584 31824
# 4 36 32
960.999999999983 20 36 1.0000002184031975 1.9335868200123478 31824
# 4 36 32
961.9999999999828 26 36 1.00000021840227 1.9384987170405372 31824
# 4 36 32
962.9999999999828 26 36 1.0000002184024486 1.9438627798669623 31824
# 4 36 32
963.9999999999828 26 36 1.0000002184026608 1.9493900646377755 31824
# 4 36 32
964.9999999999826 26 36 1.0000002184028727 1.9547827957769977 31824
# 4 36 32
965.9999999999826 26 36 1.0000002184030912 1.9597508964127837 31824
# 4 36 32
966.9999999999826 26 36 1.0000002184034384 1.9640282688426423 31824
# 4 36 32
967.9999999999824 26 36 1.0000002184037093 1.9673877898066854 31824
# 4 36 32
968.9999999999824 26 36 1.0000002184044208 1.96965404114699 31824
# 4 36 32
969.9999999999823 20 36 1.0000002184075 1.9707129445171052 31824
# 4 36 32
970.9999999999823 20 36 1.0000002184094774 1.9705176953764763 31824
# 4 36 32
971.9999999999823 20 36 1.000000218410214 1.9690906711467093 31824
# 4 36 32
972.999999999982 26 36 1.0000002184102117 1.9665212878989227 31824
# 4 36 32
973.999999999982 26 36 1.0000002184104964 1.9629600657490567 31824
# 4 36 32
974.999999999982 26 36 1.000000218410933 1.958609405639645 31824
# 4 36 32
975.9999999999818 26 36 1.0000002184113976 1.9537117587086505 31824
# 4 36 32
976.9999999999818 26 36 1.000000218411676 1.948535975447728 31824
# 4 36 32
977.9999999999818 26 36 1.0000002184120214 1.9433626571940021 31824
# 4 36 32
978.9999999999817 26 36 1.0000002184127277 1.9384693085754947 31824
# 4 36 32
979.9999999999817 26 36 1.0000002184134238 1.9341160232178647 31824
# 4 36 32
980.9999999999815 26 36 1.0000002184138517 1.930532344687838 31824
# 4 36 32
981.9999999999815 26 36 1.000000218413696 1.9279058466444858 31824
# 4 36 32
982.9999999999815 26 36 1.000000218413443 1.9263728815464674 31824
# 4 36 32
983.9999999999812 26 36 1.000000218413177 1.9260118607525745 31824
# 4 36 32
984.9999999999812 26 36 1.0000002184128973 1.9268393482893775 31824
# 4 36 32
985.9999999999812 26 36 1.000000218412229 1.9288091686310265 31824
# 4 36 32
986.9999999999811 26 36 1.0000002184114187 1.93181463538933 31824
# 4 36 32
987.9999999999811 26 36 1.0000002184109644 1.9356938934399408 31824
# 4 36 32
988.9999999999809 26 36 1.00000021840972 1.9402382263518978 31824
# 4 36 32
989.9999999999809 26 36 1.0000002184098395 1.945203015658295 31824
# 4 36 32
990.9999999999809 26 36 1.000000218410036 1.9503208588256224 31824
# 4 36 32
991.9999999999807 32 36 1.0000002184101942 1.9553161761002724 31824
# 4 36 32
992.9999999999807 32 36 1.0000002184102121 1.9599204868301863 31824
# 4 36 32
993.9999999999807 32 36 1.000000218409754 1.9638874367176118 31824
# 4 36 32
994.9999999999806 32 36 1.0000002184093733 1.9670066293813457 31824
# 4 36 32
995.9999999999806 32 36 1.000000218409308 1.9691153698085553 31824
# 4 36 32
996.9999999999806 26 36 1.000000218409456 1.9701075633838503 31824
# 4 36 32
997.9999999999803 20 36 1.0000002184111085 1.9699392198661483 31824
# 4 36 32
998.9999999999803 20 36 1.0000002184119812 1.9686302640472606 31824
# 4 36 32
999.9999999999801 20 36 1.0000002184117756 1.966262625087762 31824
# 4 36 32
