

3.6282556486D-01
2.0428281966D-01
1.7126820688D-01
-1.0256795279D-01
-8.3965668466D-02
4.1212240261D-02
-3.3222928568D-01
-2.3119472740D-01
1.1445347679D-01
6.7129954412D-01
-1.7738064766D-01
-1.8123655463D-01
8.7984098484D-02
-3.7260747253D-03
3.6338454201D-01
8.9452182428D-02
8.9121820341D-02
-4.3315444730D-02
-1.1938431041D-02
-1.6914996225D-01
7.9034618766D-02
-3.0642178887D-02
2.6857021739D-02
-1.1891580527D-02
-3.3897843907D-01
1.8106595999D-01
-7.7480042210D-02
3.6961980294D-01
-2.6954591292D-02
9.9298149062D-03
-4.0787131441D-03
2.3487780419D-01
-1.8210514341D-01
8.0090809929D-02
-2.0792264417D-01
1.7217447719D-01
1.3181284122D-02
-5.1721025580D-03
2.1432436584D-03
-1.0255596603D-01
8.1186251285D-02
-3.5735469360D-02
8.9374378134D-02
-7.6014209287D-02
3.3591733495D-02
