# vmf_atol: 1e-07 | ps2_atol: 1e-07 | ps2_ratio: 2.0 | ode_method: dopri5 | ode_atol: 1e-07 | ode_rtol: 1e-05 | vmf_reg_method: extend | vmf_reg_type: ip | cache_svd_info: True
# frame = {Node('[H]0'): [End('[H]i'), End('[H]j'), Node('[H]1')], Node('[H]1'): [Node('[H]0'), End('[H]0-0'), Node('[H]2')], Node('[H]2'): [Node('[H]1'), End('[H]0-1'), Node('[H]3')], Node('[H]3'): [Node('[H]2'), End('[H]0-2'), End('[H]0-3')]}
# time ode_steps max_rank tr norm
# # ([H]0)-([H]1) ([H]1)-([H]2) ([H]2)-([H]3)
0.0 0 3 1.0 1.0 2337
# 3 3 3
1.0 140 16 1.0000002111759516 1.0036325917778333 15966
# 4 16 14
2.0 146 20 1.0000002111789583 1.0142686452847263 22266
# 4 20 18
3.0 140 28 1.0000002111684863 1.0312017744252604 31966
# 4 28 22
4.0 140 34 1.0000002111591377 1.053394036550109 38816
# 4 34 24
5.000000000000001 110 34 1.0000002111591222 1.0795881842565844 38816
# 4 34 24
6.0 104 34 1.0000002111588504 1.1084125678263466 38816
# 4 34 24
7.000000000000001 122 34 1.0000002111589632 1.1384511065909415 38816
# 4 34 24
8.0 128 34 1.0000002111591444 1.168287960781772 38816
# 4 34 24
9.0 110 34 1.0000002111597586 1.1965487187220503 38816
# 4 34 24
10.000000000000002 92 34 1.0000002111587039 1.221959895619125 38816
# 4 34 24
11.0 110 34 1.0000002111526964 1.2434360493255072 38816
# 4 34 24
12.0 122 34 1.0000002111560231 1.2601865380195545 38816
# 4 34 24
13.000000000000002 104 34 1.0000002111570843 1.271819009051449 38816
# 4 34 24
14.000000000000002 80 34 1.0000002111670498 1.2784093733163173 38816
# 4 34 24
15.000000000000002 74 34 1.0000002111679205 1.2805105692295422 38816
# 4 34 24
16.0 80 34 1.0000002111546307 1.2790840170188504 38816
# 4 34 24
17.0 68 34 1.0000002110956259 1.2753550915142684 38816
# 4 34 24
18.0 68 34 1.0000002110918111 1.2706129083528896 38816
# 4 34 24
19.000000000000004 68 34 1.0000002110874167 1.2659909316583127 38816
# 4 34 24
20.000000000000004 68 34 1.0000002110697923 1.262274372574572 38816
# 4 34 24
21.000000000000004 62 34 1.00000021103331 1.2597794083330052 38816
# 4 34 24
22.0 62 34 1.0000002110160566 1.2583357087424814 38816
# 4 34 24
23.0 62 34 1.0000002110013784 1.2573791703051354 38816
# 4 34 24
24.0 56 34 1.0000002109793085 1.2561327991340852 38816
# 4 34 24
25.000000000000004 56 34 1.000000210974407 1.2538300888272795 38816
# 4 34 24
26.000000000000004 56 34 1.0000002109740032 1.2499250870082739 38816
# 4 34 24
27.000000000000004 56 34 1.000000210965218 1.244239262499866 38816
# 4 34 24
28.000000000000004 56 34 1.0000002109500126 1.2370140742843478 38816
# 4 34 24
29.000000000000004 56 34 1.0000002109378903 1.228863109949005 38816
# 4 34 24
30.000000000000004 50 34 1.0000002109288533 1.220641568289571 38816
# 4 34 24
31.000000000000004 50 34 1.0000002109244104 1.213268131280688 38816
# 4 34 24
32.0 50 34 1.0000002109232162 1.20754195092131 38816
# 4 34 24
33.0 50 34 1.0000002109182353 1.2039951270184466 38816
# 4 34 24
34.0 50 34 1.000000210911946 1.2028102383863193 38816
# 4 34 24
35.0 50 34 1.0000002109199806 1.2038163571306228 38816
# 4 34 24
36.0 50 34 1.000000210941545 1.2065597006076272 38816
# 4 34 24
37.0 50 34 1.0000002109534312 1.2104306631939787 38816
# 4 34 24
38.00000000000001 56 34 1.0000002109678738 1.2148197917717578 38816
# 4 34 24
39.00000000000001 50 34 1.000000210973813 1.2192715363915327 38816
# 4 34 24
40.00000000000001 50 34 1.0000002109688217 1.2236052782929125 38816
# 4 34 24
41.00000000000001 50 34 1.000000210953659 1.2279773453422442 38816
# 4 34 24
42.00000000000001 50 34 1.000000210985626 1.232865523817301 38816
# 4 34 24
43.00000000000001 50 34 1.0000002110993325 1.2389696137454307 38816
# 4 34 24
44.0 50 34 1.0000002112187576 1.2470380381307298 38816
# 4 34 24
44.99999999999999 50 34 1.00000021134171 1.2576497039691332 38816
# 4 34 24
45.99999999999999 50 34 1.0000002114528612 1.2709974758736025 38816
# 4 34 24
46.99999999999999 50 34 1.0000002115375133 1.2867275103657667 38816
# 4 34 24
47.999999999999986 50 34 1.0000002115845636 1.3038811163612898 38816
# 4 34 24
48.99999999999998 50 34 1.0000002116150528 1.3209626234098635 38816
# 4 34 24
49.99999999999997 44 34 1.0000002116443856 1.3361256183951273 38816
# 4 34 24
50.999999999999964 44 34 1.0000002116724058 1.3474420056088703 38816
# 4 34 24
51.999999999999964 44 34 1.0000002116909523 1.3532016175543877 38816
# 4 34 24
52.99999999999996 44 34 1.0000002116959412 1.3521864131518186 38816
# 4 34 24
53.999999999999964 44 34 1.0000002116952142 1.3438704533800812 38816
# 4 34 24
54.99999999999996 44 34 1.000000211695792 1.3285117683124297 38816
# 4 34 24
55.99999999999995 44 34 1.0000002116810158 1.3071221058131537 38816
# 4 34 24
56.99999999999994 44 34 1.0000002116450593 1.2813223114665961 38816
# 4 34 24
57.999999999999936 44 34 1.0000002116094664 1.2531111202838987 38816
# 4 34 24
58.999999999999936 44 34 1.000000211590399 1.2245899489117096 38816
# 4 34 24
59.99999999999993 44 34 1.0000002115869697 1.1976933673768475 38816
# 4 34 24
60.99999999999992 44 34 1.0000002115884312 1.1739730225288887 38816
# 4 34 24
61.999999999999915 44 34 1.0000002115953017 1.1544715622108008 38816
# 4 34 24
62.99999999999991 44 34 1.0000002116140623 1.139703577646632 38816
# 4 34 24
63.999999999999915 44 34 1.000000211651374 1.1297362978253582 38816
# 4 34 24
64.99999999999991 44 34 1.0000002117335527 1.1243401374542414 38816
# 4 34 24
65.9999999999999 44 34 1.0000002117819915 1.12316506005817 38816
# 4 34 24
66.9999999999999 44 34 1.000000211783528 1.125896606521126 38816
# 4 34 24
67.9999999999999 44 34 1.0000002117771642 1.1323541321977892 38816
# 4 34 24
68.99999999999989 44 34 1.0000002117743572 1.1425093782019298 38816
# 4 34 24
69.99999999999989 38 34 1.000000211772889 1.1564223154121338 38816
# 4 34 24
70.99999999999987 38 34 1.0000002117755864 1.1741106618902486 38816
# 4 34 24
71.99999999999987 38 34 1.0000002117796494 1.195386724942618 38816
# 4 34 24
72.99999999999987 38 34 1.0000002117837434 1.2197059861033654 38816
# 4 34 24
73.99999999999987 38 34 1.0000002117998716 1.2460717108464143 38816
# 4 34 24
74.99999999999987 38 34 1.000000211827299 1.2730274549597895 38816
# 4 34 24
75.99999999999986 38 34 1.000000211863207 1.2987483510665072 38816
# 4 34 24
76.99999999999986 38 34 1.0000002119070766 1.3212195273906424 38816
# 4 34 24
77.99999999999984 38 34 1.0000002119568914 1.3384721889448419 38816
# 4 34 24
78.99999999999984 38 34 1.0000002120073854 1.3488376001307485 38816
# 4 34 24
79.99999999999984 38 34 1.0000002120407576 1.3511764533196522 38816
# 4 34 24
80.99999999999983 38 34 1.0000002120544462 1.3450451183855372 38816
# 4 34 24
81.99999999999983 38 34 1.0000002120647211 1.3307704307435368 38816
# 4 34 24
82.99999999999983 38 34 1.000000212087888 1.3094199285809625 38816
# 4 34 24
83.99999999999983 38 34 1.0000002121284068 1.282672435341558 38816
# 4 34 24
84.99999999999982 38 34 1.0000002121781624 1.2526110862778148 38816
# 4 34 24
85.99999999999983 38 34 1.0000002122222944 1.2214738192509949 38816
# 4 34 24
86.99999999999983 38 34 1.0000002122511125 1.1914027430829137 38816
# 4 34 24
87.99999999999984 38 34 1.000000212264988 1.1642329633520792 38816
# 4 34 24
88.99999999999984 38 34 1.0000002122784266 1.1413535624331999 38816
# 4 34 24
89.99999999999984 38 34 1.0000002123092688 1.123659033155704 38816
# 4 34 24
90.99999999999986 38 34 1.0000002123556087 1.111590157053069 38816
# 4 34 24
91.99999999999984 38 34 1.0000002123979748 1.105243027312334 38816
# 4 34 24
92.99999999999986 38 34 1.000000212443049 1.104509539268954 38816
# 4 34 24
93.99999999999986 38 34 1.0000002124891518 1.1092073063430516 38816
# 4 34 24
94.99999999999986 38 34 1.000000212521891 1.119163021089823 38816
# 4 34 24
95.99999999999987 38 34 1.0000002125360776 1.1342282170971563 38816
# 4 34 24
96.99999999999987 38 34 1.000000212547101 1.1542257112234555 38816
# 4 34 24
97.99999999999989 38 34 1.0000002125957563 1.178844143718792 38816
# 4 34 24
98.99999999999989 38 34 1.000000212692202 1.2075127670696864 38816
# 4 34 24
99.9999999999999 38 34 1.0000002127772876 1.2392952655310456 38816
# 4 34 24
100.9999999999999 38 34 1.0000002128029202 1.272837899537242 38816
# 4 34 24
101.99999999999991 38 34 1.0000002127996377 1.306394776380395 38816
# 4 34 24
102.9999999999999 32 34 1.0000002128192986 1.337935660085488 38816
# 4 34 24
103.9999999999999 32 34 1.0000002128554404 1.3653244109303084 38816
# 4 34 24
104.99999999999991 32 34 1.000000212883406 1.386542407180687 38816
# 4 34 24
105.99999999999991 32 34 1.0000002128907581 1.3999226791507284 38816
# 4 34 24
106.99999999999993 32 34 1.00000021289343 1.404357516354515 38816
# 4 34 24
107.99999999999993 32 34 1.0000002128991203 1.3994454225545883 38816
# 4 34 24
108.99999999999994 32 34 1.0000002129039651 1.3855525888638902 38816
# 4 34 24
109.99999999999993 32 34 1.0000002129072612 1.3637784217277413 38816
# 4 34 24
110.99999999999994 32 34 1.000000212911185 1.335831354536519 38816
# 4 34 24
111.99999999999994 32 34 1.0000002129181205 1.3038364421815645 38816
# 4 34 24
112.99999999999996 32 34 1.000000212928409 1.2701067276126345 38816
# 4 34 24
113.99999999999996 32 34 1.0000002129396917 1.2369143250245365 38816
# 4 34 24
114.99999999999997 32 34 1.0000002129461243 1.2062946783627184 38816
# 4 34 24
115.99999999999997 32 34 1.000000212942763 1.179909689010656 38816
# 4 34 24
116.99999999999999 32 34 1.000000212949642 1.1589836471833668 38816
# 4 34 24
117.99999999999997 32 34 1.0000002130014365 1.1443114543807567 38816
# 4 34 24
119.0 32 34 1.0000002130764327 1.1363236387965254 38816
# 4 34 24
119.99999999999999 32 34 1.0000002131260217 1.135180652419633 38816
# 4 34 24
121.0 32 34 1.0000002131443808 1.1408637623772324 38816
# 4 34 24
122.0 32 34 1.0000002131435894 1.1532336532950365 38816
# 4 34 24
123.00000000000001 32 34 1.0000002131514272 1.1720397204159367 38816
# 4 34 24
124.00000000000001 32 34 1.0000002131722046 1.1968793773016027 38816
# 4 34 24
125.00000000000003 32 34 1.0000002132048136 1.2271227812659178 38816
# 4 34 24
126.00000000000001 32 34 1.000000213264033 1.2618297764821997 38816
# 4 34 24
127.00000000000004 32 34 1.0000002133356602 1.299689676773067 38816
# 4 34 24
128.00000000000003 32 34 1.0000002133968249 1.3390102454224853 38816
# 4 34 24
129.00000000000003 32 34 1.0000002134411887 1.3777717824737936 38816
# 4 34 24
130.00000000000003 32 34 1.0000002134842112 1.4137488267169644 38816
# 4 34 24
131.00000000000003 32 34 1.0000002135346329 1.4446886350724923 38816
# 4 34 24
132.00000000000006 32 34 1.0000002135821386 1.4685243326024437 38816
# 4 34 24
133.00000000000006 32 34 1.0000002136048516 1.4835927551687313 38816
# 4 34 24
134.00000000000006 32 34 1.0000002136075143 1.4888237783734288 38816
# 4 34 24
135.00000000000006 32 34 1.0000002135984842 1.483870506463139 38816
# 4 34 24
136.00000000000009 32 34 1.0000002135819428 1.4691584344078072 38816
# 4 34 24
137.00000000000006 32 34 1.0000002135625783 1.4458453328202086 38816
# 4 34 24
138.00000000000009 32 34 1.0000002135442407 1.4156991707681703 38816
# 4 34 24
139.00000000000009 32 34 1.0000002135296184 1.38091509754164 38816
# 4 34 24
140.00000000000009 32 34 1.000000213522871 1.3439011636757834 38816
# 4 34 24
141.00000000000009 32 34 1.000000213525709 1.3070646430974027 38816
# 4 34 24
142.0000000000001 32 34 1.0000002135378958 1.2726270719057753 38816
# 4 34 24
143.0000000000001 32 34 1.0000002135571497 1.242488223453501 38816
# 4 34 24
144.0000000000001 32 34 1.0000002135754307 1.2181490971484452 38816
# 4 34 24
145.0000000000001 32 34 1.0000002136021022 1.2006930411597327 38816
# 4 34 24
146.0000000000001 32 34 1.0000002136333122 1.1908136123769162 38816
# 4 34 24
147.0000000000001 32 34 1.0000002136547548 1.188869443768444 38816
# 4 34 24
148.00000000000014 32 34 1.0000002136693569 1.1949424960670594 38816
# 4 34 24
149.00000000000014 32 34 1.0000002136783124 1.2088783636069338 38816
# 4 34 24
150.00000000000014 32 34 1.0000002136816182 1.2302957022905272 38816
# 4 34 24
151.00000000000014 32 34 1.0000002136815442 1.2585640015755233 38816
# 4 34 24
152.00000000000017 32 34 1.0000002136850656 1.292761063456885 38816
# 4 34 24
153.00000000000014 32 34 1.0000002137026147 1.3316300517557353 38816
# 4 34 24
154.00000000000014 32 34 1.0000002137313058 1.3735587010636177 38816
# 4 34 24
155.00000000000017 32 34 1.0000002137616268 1.4166000934800655 38816
# 4 34 24
156.00000000000017 32 34 1.0000002137844906 1.458546733410768 38816
# 4 34 24
157.00000000000017 32 34 1.000000213804516 1.4970594639068324 38816
# 4 34 24
158.00000000000017 32 34 1.0000002138261037 1.5298419026650658 38816
# 4 34 24
159.0000000000002 32 34 1.0000002138428778 1.5548411158504547 38816
# 4 34 24
160.00000000000017 32 34 1.0000002138526463 1.570447829433584 38816
# 4 34 24
161.0000000000002 32 34 1.0000002138544217 1.5756663595626905 38816
# 4 34 24
162.0000000000002 32 34 1.000000213843185 1.5702270179019555 38816
# 4 34 24
163.0000000000002 32 34 1.0000002138180841 1.5546222223752466 38816
# 4 34 24
164.0000000000002 32 34 1.0000002137862054 1.5300603954442766 38816
# 4 34 24
165.00000000000023 32 34 1.0000002137566288 1.498345917103777 38816
# 4 34 24
166.00000000000023 32 34 1.0000002137378214 1.4617053506172923 38816
# 4 34 24
167.00000000000023 32 34 1.0000002137338742 1.4225870986145888 38816
# 4 34 24
168.00000000000023 32 34 1.0000002137410455 1.3834625361644348 38816
# 4 34 24
169.00000000000023 32 34 1.0000002137531703 1.3466523140963111 38816
# 4 34 24
170.00000000000023 32 34 1.0000002137759672 1.3141938852745236 38816
# 4 34 24
171.00000000000026 32 34 1.0000002138080757 1.2877574574385253 38816
# 4 34 24
172.00000000000026 32 34 1.0000002138405777 1.268609016028899 38816
# 4 34 24
173.00000000000026 32 34 1.000000213864014 1.2576116896784046 38816
# 4 34 24
174.00000000000026 32 34 1.0000002138747548 1.2552513397076428 38816
# 4 34 24
175.00000000000028 32 34 1.0000002138803226 1.2616698741849306 38816
# 4 34 24
176.00000000000026 32 34 1.0000002138840696 1.2766913807445557 38816
# 4 34 24
177.00000000000028 32 34 1.0000002138851427 1.2998318266541637 38816
# 4 34 24
178.00000000000028 32 34 1.000000213884571 1.3302914448709642 38816
# 4 34 24
179.00000000000028 32 34 1.000000213887828 1.366937548800713 38816
# 4 34 24
180.00000000000028 32 34 1.0000002138994577 1.4082918420506068 38816
# 4 34 24
181.00000000000028 32 34 1.000000213914279 1.452538671819969 38816
# 4 34 24
182.0000000000003 32 34 1.0000002139276496 1.4975687569978897 38816
# 4 34 24
183.00000000000028 32 34 1.0000002139346549 1.5410673345089307 38816
# 4 34 24
184.0000000000003 32 34 1.0000002139388604 1.5806475234853954 38816
# 4 34 24
185.0000000000003 32 34 1.0000002139464534 1.6140203384368148 38816
# 4 34 24
186.0000000000003 32 34 1.0000002139567488 1.6391837816266788 38816
# 4 34 24
187.0000000000003 32 34 1.000000213966967 1.6546067082595894 38816
# 4 34 24
188.00000000000034 32 34 1.000000213972503 1.6593806028106401 38816
# 4 34 24
189.00000000000034 32 34 1.0000002139678612 1.653315309187888 38816
# 4 34 24
190.00000000000034 32 34 1.0000002139500803 1.6369630513008466 38816
# 4 34 24
191.00000000000034 32 34 1.0000002139217352 1.6115670492101308 38816
# 4 34 24
192.00000000000034 32 34 1.0000002138936401 1.5789437268592537 38816
# 4 34 24
193.00000000000034 32 34 1.0000002138791484 1.5413177309102113 38816
# 4 34 24
194.00000000000037 32 34 1.000000213886349 1.5011344380384464 38816
# 4 34 24
195.00000000000037 32 34 1.0000002139034478 1.4608746307576728 38816
# 4 34 24
196.00000000000037 32 34 1.0000002139099669 1.4228914937086168 38816
# 4 34 24
197.00000000000037 32 34 1.0000002139112727 1.3892829343762578 38816
# 4 34 24
198.0000000000004 32 34 1.00000021391255 1.3618044811373164 38816
# 4 34 24
199.00000000000037 32 34 1.000000213916503 1.3418211208881667 38816
# 4 34 24
200.00000000000037 38 34 1.0000002139212947 1.3302911505235322 38816
# 4 34 24
201.00000000000043 38 34 1.0000002139266186 1.3277717465113243 38816
# 4 34 24
202.0000000000004 32 34 1.000000213935769 1.3344347757908976 38816
# 4 34 24
203.0000000000004 32 34 1.000000213947996 1.350082681088221 38816
# 4 34 24
204.0000000000004 32 34 1.0000002139610842 1.3741580760342318 38816
# 4 34 24
205.0000000000004 32 34 1.0000002139730024 1.4057462846195252 38816
# 4 34 24
206.00000000000043 38 34 1.0000002139806075 1.4435760478869744 38816
# 4 34 24
207.00000000000043 38 34 1.0000002139851711 1.4860283377145278 38816
# 4 34 24
208.00000000000043 38 34 1.0000002139898134 1.5311653440040616 38816
# 4 34 24
209.00000000000043 38 34 1.0000002139923243 1.5767906001700818 38816
# 4 34 24
210.00000000000045 32 34 1.0000002139921182 1.6205469337977472 38816
# 4 34 24
211.00000000000045 32 34 1.000000213990388 1.6600520960837315 38816
# 4 34 24
212.00000000000043 32 34 1.0000002139877235 1.6930636741410432 38816
# 4 34 24
213.00000000000043 32 34 1.0000002139843167 1.7176568650950905 38816
# 4 34 24
214.00000000000048 32 34 1.0000002139821351 1.7323928599380487 38816
# 4 34 24
215.00000000000045 32 34 1.0000002139841409 1.7364537826424533 38816
# 4 34 24
216.00000000000045 38 34 1.0000002139893716 1.7297233897769877 38816
# 4 34 24
217.00000000000045 38 34 1.000000213996552 1.7128007355373132 38816
# 4 34 24
218.00000000000048 38 34 1.0000002139995272 1.6869449692311995 38816
# 4 34 24
219.00000000000048 38 34 1.0000002139974824 1.65396062392931 38816
# 4 34 24
220.00000000000048 38 34 1.0000002139953157 1.6160414142289656 38816
# 4 34 24
221.00000000000048 38 34 1.0000002139938722 1.5755948283295684 38816
# 4 34 24
222.0000000000005 38 34 1.0000002139944129 1.5350692493173062 38816
# 4 34 24
223.0000000000005 38 34 1.0000002139975719 1.4968009204041315 38816
# 4 34 24
224.0000000000005 38 34 1.0000002140036257 1.4628915490305896 38816
# 4 34 24
225.0000000000005 38 34 1.000000214009824 1.4351205791090464 38816
# 4 34 24
226.00000000000054 38 34 1.0000002140178001 1.4148905002553838 38816
# 4 34 24
227.00000000000054 38 34 1.0000002140241424 1.4031996402546822 38816
# 4 34 24
228.00000000000054 38 34 1.0000002140291055 1.4006347770198913 38816
# 4 34 24
229.0000000000005 38 34 1.0000002140336064 1.4073754732578792 38816
# 4 34 24
230.0000000000005 38 34 1.000000214039245 1.4232031822552338 38816
# 4 34 24
231.00000000000054 38 34 1.0000002140482755 1.4475108012969926 38816
# 4 34 24
232.00000000000054 38 34 1.0000002140605089 1.4793121296257652 38816
# 4 34 24
233.00000000000054 38 34 1.0000002140695594 1.5172548786900564 38816
# 4 34 24
234.00000000000054 38 34 1.0000002140719164 1.5596444165951293 38816
# 4 34 24
235.00000000000057 38 34 1.0000002140718252 1.604487217652221 38816
# 4 34 24
236.00000000000057 38 34 1.0000002140712 1.6495622498955478 38816
# 4 34 24
237.00000000000057 38 34 1.000000214070253 1.6925250135745877 38816
# 4 34 24
238.00000000000057 38 34 1.000000214068653 1.7310430258660072 38816
# 4 34 24
239.0000000000006 38 34 1.000000214067399 1.7629542826270284 38816
# 4 34 24
240.0000000000006 38 34 1.0000002140651936 1.7864332394988391 38816
# 4 34 24
241.0000000000006 38 34 1.0000002140637767 1.8001440295162687 38816
# 4 34 24
242.00000000000057 38 34 1.0000002140667268 1.803359598574319 38816
# 4 34 24
243.00000000000063 32 34 1.0000002140738764 1.7960289569638062 38816
# 4 34 24
244.00000000000063 38 34 1.0000002140841395 1.7787823099713103 38816
# 4 34 24
245.0000000000006 38 34 1.0000002140892545 1.7528737051647727 38816
# 4 34 24
246.0000000000006 38 34 1.0000002140912154 1.7200705735941604 38816
# 4 34 24
247.00000000000065 38 34 1.00000021409449 1.6825068090784396 38816
# 4 34 24
248.00000000000063 38 34 1.0000002140944446 1.6425193475256592 38816
# 4 34 24
249.00000000000063 38 34 1.00000021409566 1.6024873450462704 38816
# 4 34 24
250.00000000000063 38 34 1.0000002141004507 1.5646889240684414 38816
# 4 34 24
251.00000000000065 38 34 1.000000214108506 1.531184643631088 38816
# 4 34 24
252.00000000000065 38 34 1.0000002141184725 1.5037309904587444 38816
# 4 34 24
253.00000000000065 38 34 1.000000214125282 1.483722476313889 38816
# 4 34 24
254.00000000000065 38 34 1.000000214125209 1.4721578987196164 38816
# 4 34 24
255.00000000000063 32 34 1.0000002141197304 1.4696249423737657 38816
# 4 34 24
256.0000000000007 38 34 1.0000002141143967 1.4762972598555357 38816
# 4 34 24
257.0000000000007 38 34 1.0000002141139983 1.491939189943347 38816
# 4 34 24
258.0000000000007 32 34 1.0000002141197097 1.5159151949281535 38816
# 4 34 24
259.0000000000007 32 34 1.0000002141227018 1.5472037621972163 38816
# 4 34 24
260.0000000000007 32 34 1.0000002141212363 1.584418525416078 38816
# 4 34 24
261.0000000000007 38 34 1.0000002141263151 1.6258419981449501 38816
# 4 34 24
262.0000000000007 38 34 1.0000002141315345 1.6694786764730651 38816
# 4 34 24
263.0000000000007 38 34 1.0000002141358668 1.713133575577835 38816
# 4 34 24
264.00000000000074 32 34 1.0000002141401563 1.7545191673115226 38816
# 4 34 24
265.00000000000074 32 34 1.0000002141374793 1.7913884749770117 38816
# 4 34 24
266.0000000000007 32 34 1.000000214133022 1.821685743188933 38816
# 4 34 24
267.0000000000007 32 34 1.0000002141269393 1.8437001646299045 38816
# 4 34 24
268.00000000000074 32 34 1.000000214119297 1.856204319652622 38816
# 4 34 24
269.00000000000074 32 34 1.0000002141169693 1.8585586371810652 38816
# 4 34 24
270.00000000000074 32 34 1.0000002141262847 1.850766830281386 38816
# 4 34 24
271.00000000000074 32 34 1.0000002141426807 1.8334742805307918 38816
# 4 34 24
272.00000000000074 32 34 1.0000002141550102 1.8079101131481672 38816
# 4 34 24
273.00000000000074 38 34 1.0000002141570685 1.7757820864945737 38816
# 4 34 24
274.00000000000074 38 34 1.000000214146544 1.739139472259666 38816
# 4 34 24
275.00000000000074 38 34 1.0000002141322692 1.7002216711399285 38816
# 4 34 24
276.0000000000008 38 34 1.000000214124874 1.6613092979473358 38816
# 4 34 24
277.0000000000008 38 34 1.000000214126221 1.6245907270024735 38816
# 4 34 24
278.0000000000008 38 34 1.0000002141318594 1.5920519935654238 38816
# 4 34 24
279.0000000000008 38 34 1.0000002141379634 1.565392907367434 38816
# 4 34 24
280.00000000000074 38 34 1.0000002141425453 1.5459682753436408 38816
# 4 34 24
281.0000000000008 38 34 1.000000214139688 1.53475070112148 38816
# 4 34 24
282.0000000000008 38 34 1.0000002141305377 1.532310458240151 38816
# 4 34 24
283.0000000000008 38 34 1.0000002141206723 1.5388080768952035 38816
# 4 34 24
284.0000000000008 38 34 1.0000002141147792 1.5539962018853477 38816
# 4 34 24
285.0000000000008 38 34 1.0000002141178328 1.577228786752543 38816
# 4 34 24
286.0000000000008 38 34 1.0000002141247168 1.607477676151419 38816
# 4 34 24
287.0000000000008 38 34 1.0000002141251214 1.6433588510508277 38816
# 4 34 24
288.0000000000008 38 34 1.0000002141174757 1.683172546035245 38816
# 4 34 24
289.00000000000085 38 34 1.0000002141041253 1.7249623574507376 38816
# 4 34 24
290.00000000000085 38 34 1.0000002140843365 1.7665976547190985 38816
# 4 34 24
291.00000000000085 38 34 1.0000002140613857 1.8058807605668783 38816
# 4 34 24
292.00000000000085 38 34 1.0000002140407165 1.8406757518827157 38816
# 4 34 24
293.00000000000085 38 34 1.0000002140247162 1.8690502682999588 38816
# 4 34 24
294.00000000000085 38 34 1.000000214012357 1.8894167875416632 38816
# 4 34 24
295.00000000000085 38 34 1.0000002140023811 1.9006569187673519 38816
# 4 34 24
296.00000000000085 38 34 1.0000002139979263 1.9022124814442485 38816
# 4 34 24
297.0000000000009 38 34 1.000000214003923 1.8941307848231321 38816
# 4 34 24
298.0000000000009 38 34 1.0000002140228799 1.8770579339638518 38816
# 4 34 24
299.00000000000085 38 34 1.0000002140474407 1.8521816833064402 38816
# 4 34 24
300.00000000000085 38 34 1.0000002140669433 1.8211325113243488 38816
# 4 34 24
301.0000000000009 38 34 1.0000002140741122 1.785856606098397 38816
# 4 34 24
302.0000000000009 38 34 1.0000002140700486 1.7484764378441564 38816
# 4 34 24
303.0000000000009 38 34 1.0000002140681246 1.7111535457020504 38816
# 4 34 24
304.0000000000009 38 34 1.0000002140709696 1.6759648439924804 38816
# 4 34 24
305.0000000000009 38 34 1.0000002140759023 1.644799340057958 38816
# 4 34 24
306.0000000000009 38 34 1.000000214080484 1.619277841982436 38816
# 4 34 24
307.0000000000009 38 34 1.0000002140819253 1.600694883482823 38816
# 4 34 24
308.0000000000009 38 34 1.0000002140788902 1.5899800828180295 38816
# 4 34 24
309.0000000000009 38 34 1.0000002140718558 1.5876754133772695 38816
# 4 34 24
310.00000000000097 38 34 1.0000002140640143 1.5939250749646783 38816
# 4 34 24
311.00000000000097 38 34 1.0000002140588444 1.6084754853045162 38816
# 4 34 24
312.0000000000009 38 34 1.0000002140527537 1.6306841606930105 38816
# 4 34 24
313.0000000000009 38 34 1.0000002140431425 1.659537812252777 38816
# 4 34 24
314.00000000000097 38 34 1.000000214031959 1.6936816575531342 38816
# 4 34 24
315.00000000000097 38 34 1.0000002140196849 1.731463324847794 38816
# 4 34 24
316.00000000000097 38 34 1.0000002140033275 1.7709952130440187 38816
# 4 34 24
317.00000000000097 38 34 1.00000021397741 1.8102382025748527 38816
# 4 34 24
318.00000000000097 38 34 1.0000002139482547 1.8471069462940717 38816
# 4 34 24
319.00000000000097 38 34 1.0000002139321478 1.8795928879908608 38816
# 4 34 24
320.00000000000097 38 34 1.000000213927369 1.905896500255294 38816
# 4 34 24
321.00000000000097 38 34 1.0000002139256972 1.9245562235467486 38816
# 4 34 24
322.000000000001 38 34 1.000000213921727 1.9345594740946301 38816
# 4 34 24
323.000000000001 44 34 1.0000002139145128 1.935421731875691 38816
# 4 34 24
324.000000000001 44 34 1.0000002139104536 1.9272232666638884 38816
# 4 34 24
325.00000000000097 44 34 1.0000002139142798 1.9105988358780968 38816
# 4 34 24
326.000000000001 38 34 1.000000213917208 1.8866823820989962 38816
# 4 34 24
327.000000000001 38 34 1.0000002139086448 1.8570148275104998 38816
# 4 34 24
328.000000000001 38 34 1.0000002138932476 1.8234272090314565 38816
# 4 34 24
329.000000000001 38 34 1.000000213885306 1.7879129349701657 38816
# 4 34 24
330.000000000001 38 34 1.0000002138842725 1.7525019263874677 38816
# 4 34 24
331.000000000001 38 34 1.0000002138876836 1.719146504019751 38816
# 4 34 24
332.000000000001 38 34 1.0000002138947426 1.6896250920806766 38816
# 4 34 24
333.000000000001 38 34 1.0000002138996222 1.6654661270747342 38816
# 4 34 24
334.000000000001 38 34 1.0000002139007893 1.6478917074804444 38816
# 4 34 24
335.0000000000011 38 34 1.000000213900074 1.6377788203299253 38816
# 4 34 24
336.0000000000011 38 34 1.0000002138979402 1.6356353794078495 38816
# 4 34 24
337.0000000000011 38 34 1.0000002138947552 1.641588533207554 38816
# 4 34 24
338.0000000000011 38 34 1.0000002138925084 1.6553834503884954 38816
# 4 34 24
339.0000000000011 38 34 1.0000002138903288 1.6763918619891447 38816
# 4 34 24
340.0000000000011 38 34 1.0000002138829505 1.7036309023062919 38816
# 4 34 24
341.0000000000011 38 34 1.0000002138683257 1.7357940605473263 38816
# 4 34 24
342.0000000000011 38 34 1.0000002138508948 1.771296990847393 38816
# 4 34 24
343.00000000000114 38 34 1.000000213831908 1.808341054532341 38816
# 4 34 24
344.0000000000011 38 34 1.000000213811478 1.8449963551339585 38816
# 4 34 24
345.0000000000011 38 34 1.0000002137984283 1.8793035225988464 38816
# 4 34 24
346.0000000000011 38 34 1.0000002137949688 1.9093899076122693 38816
# 4 34 24
347.00000000000114 38 34 1.0000002137925872 1.9335919212539618 38816
# 4 34 24
348.00000000000114 38 34 1.000000213787518 1.950572049173253 38816
# 4 34 24
349.00000000000114 38 34 1.0000002137789814 1.959417609755452 38816
# 4 34 24
350.00000000000114 38 34 1.0000002137700412 1.9597092672007939 38816
# 4 34 24
351.00000000000114 38 34 1.0000002137693877 1.9515506822969757 38816
# 4 34 24
352.00000000000114 38 34 1.000000213778379 1.9355558361125869 38816
# 4 34 24
353.00000000000114 38 34 1.0000002137846171 1.9127963477882541 38816
# 4 34 24
354.00000000000114 38 34 1.0000002137818693 1.8847162361753182 38816
# 4 34 24
355.00000000000114 38 34 1.0000002137639064 1.853025000416877 38816
# 4 34 24
356.0000000000012 38 34 1.0000002137457755 1.8195810937949883 38816
# 4 34 24
357.0000000000012 38 34 1.0000002137380384 1.7862769208578033 38816
# 4 34 24
358.00000000000114 38 34 1.000000213739864 1.7549339773398165 38816
# 4 34 24
359.00000000000114 38 34 1.0000002137489565 1.7272135135217364 38816
# 4 34 24
360.0000000000012 38 34 1.0000002137546622 1.7045449634614291 38816
# 4 34 24
361.0000000000012 38 34 1.000000213754466 1.6880719482340893 38816
# 4 34 24
362.0000000000012 38 34 1.000000213752658 1.6786142042895453 38816
# 4 34 24
363.0000000000012 38 34 1.0000002137493722 1.6766432739742951 38816
# 4 34 24
364.0000000000012 38 34 1.0000002137446677 1.6822700037728398 38816
# 4 34 24
365.0000000000012 38 34 1.0000002137393866 1.695242568005232 38816
# 4 34 24
366.0000000000012 38 34 1.0000002137340336 1.714954669140741 38816
# 4 34 24
367.0000000000012 38 34 1.0000002137253563 1.740464606849577 38816
# 4 34 24
368.00000000000125 38 34 1.0000002137108095 1.7705268682797826 38816
# 4 34 24
369.00000000000125 38 34 1.0000002136917585 1.8036384786423778 38816
# 4 34 24
370.00000000000125 38 34 1.0000002136674027 1.8381021927519094 38816
# 4 34 24
371.0000000000012 38 34 1.0000002136419157 1.872107393405014 38816
# 4 34 24
372.00000000000125 38 34 1.0000002136278816 1.9038272250024608 38816
# 4 34 24
373.00000000000125 38 34 1.0000002136211794 1.931527340424146 38816
# 4 34 24
374.00000000000125 38 34 1.000000213612093 1.9536783560367361 38816
# 4 34 24
375.00000000000125 38 34 1.0000002135936157 1.9690615843154327 38816
# 4 34 24
376.0000000000013 38 34 1.0000002135637343 1.9768566750867214 38816
# 4 34 24
377.00000000000125 38 34 1.000000213531748 1.976700928118545 38816
# 4 34 24
378.00000000000125 38 34 1.0000002135148502 1.9687131882697078 38816
# 4 34 24
379.00000000000125 38 34 1.0000002135154844 1.9534797928404413 38816
# 4 34 24
380.00000000000125 38 34 1.0000002135194466 1.9320050203892578 38816
# 4 34 24
381.0000000000013 38 34 1.0000002135171482 1.9056328192795073 38816
# 4 34 24
382.0000000000013 38 34 1.0000002135117434 1.8759494301203368 38816
# 4 34 24
383.0000000000013 38 34 1.0000002135049944 1.84467745930228 38816
# 4 34 24
384.0000000000013 44 34 1.0000002134995964 1.8135711076710872 38816
# 4 34 24
385.0000000000013 44 34 1.0000002134983488 1.7843201040916112 38816
# 4 34 24
386.0000000000013 44 34 1.0000002134983104 1.758467137596406 38816
# 4 34 24
387.0000000000013 38 34 1.0000002134985797 1.73734091049835 38816
# 4 34 24
388.0000000000013 38 34 1.0000002134987325 1.7220048506987538 38816
# 4 34 24
389.00000000000136 38 34 1.0000002134968702 1.7132202607459828 38816
# 4 34 24
390.0000000000013 38 34 1.0000002134935968 1.711422229965463 38816
# 4 34 24
391.0000000000013 38 34 1.0000002134891568 1.716706820128275 38816
# 4 34 24
392.0000000000013 38 34 1.0000002134833712 1.7288286319165371 38816
# 4 34 24
393.00000000000136 38 34 1.000000213476278 1.7472086719621756 38816
# 4 34 24
394.00000000000136 38 34 1.0000002134672947 1.770953299562499 38816
# 4 34 24
395.00000000000136 38 34 1.0000002134583468 1.7988857473185564 38816
# 4 34 24
396.00000000000136 38 34 1.0000002134486141 1.8295920270602717 38816
# 4 34 24
397.00000000000136 38 34 1.0000002134350128 1.8614826635503754 38816
# 4 34 24
398.00000000000136 38 34 1.000000213421394 1.8928704305934259 38816
# 4 34 24
399.00000000000136 38 34 1.0000002134121826 1.92206210113967 38816
# 4 34 24
400.00000000000136 38 34 1.0000002134032562 1.9474594774216496 38816
# 4 34 24
401.00000000000136 38 34 1.0000002133933175 1.9676622408372602 38816
# 4 34 24
402.00000000000136 38 34 1.0000002133820416 1.9815631988926445 38816
# 4 34 24
403.0000000000014 38 34 1.0000002133712198 1.9884259683916816 38816
# 4 34 24
404.0000000000014 38 34 1.0000002133648993 1.9879363681971483 38816
# 4 34 24
405.0000000000014 38 34 1.0000002133650623 1.9802216947814761 38816
# 4 34 24
406.0000000000014 38 34 1.0000002133696329 1.9658360647087736 38816
# 4 34 24
407.0000000000014 44 34 1.0000002133704124 1.9457142839617603 38816
# 4 34 24
408.0000000000014 38 34 1.0000002133643044 1.9211003582913138 38816
# 4 34 24
409.0000000000014 38 34 1.0000002133577217 1.893459114234822 38816
# 4 34 24
410.0000000000014 38 34 1.0000002133516555 1.8643801514837919 38816
# 4 34 24
411.0000000000014 44 34 1.0000002133472037 1.8354825936473305 38816
# 4 34 24
412.0000000000015 44 34 1.000000213347253 1.808327266701033 38816
# 4 34 24
413.0000000000015 44 34 1.0000002133471135 1.7843405940621067 38816
# 4 34 24
414.0000000000015 44 34 1.0000002133456203 1.7647522233037398 38816
# 4 34 24
415.0000000000015 38 34 1.0000002133455541 1.750546611720746 38816
# 4 34 24
416.0000000000015 38 34 1.0000002133451127 1.7424277024284907 38816
# 4 34 24
417.0000000000014 38 34 1.0000002133429695 1.7407954213729768 38816
# 4 34 24
418.0000000000014 38 34 1.0000002133398094 1.745732881719246 38816
# 4 34 24
419.0000000000014 38 34 1.0000002133357353 1.7570037043119724 38816
# 4 34 24
420.00000000000153 38 34 1.000000213329138 1.77405956327374 38816
# 4 34 24
421.00000000000153 38 34 1.000000213321516 1.7960587695729324 38816
# 4 34 24
422.00000000000153 38 34 1.0000002133155594 1.821897223713861 38816
# 4 34 24
423.0000000000015 38 34 1.000000213310544 1.8502531810951195 38816
# 4 34 24
424.0000000000015 38 34 1.000000213303266 1.87964675887582 38816
# 4 34 24
425.0000000000015 38 34 1.0000002132958083 1.9085138370290644 38816
# 4 34 24
426.0000000000015 38 34 1.0000002132889267 1.9352920244352443 38816
# 4 34 24
427.0000000000015 38 34 1.0000002132815526 1.9585139800173328 38816
# 4 34 24
428.00000000000153 38 34 1.00000021327464 1.9769011259524705 38816
# 4 34 24
429.00000000000153 38 34 1.0000002132686567 1.9894492835680284 38816
# 4 34 24
430.00000000000153 38 34 1.0000002132637353 1.995497523758211 38816
# 4 34 24
431.00000000000153 38 34 1.0000002132606387 1.9947727949337037 38816
# 4 34 24
432.00000000000153 38 34 1.000000213259527 1.9874055338646763 38816
# 4 34 24
433.00000000000153 38 34 1.0000002132616959 1.9739149795307207 38816
# 4 34 24
434.00000000000153 38 34 1.0000002132627173 1.95516657837597 38816
# 4 34 24
435.00000000000153 38 34 1.000000213260891 1.932306959390837 38816
# 4 34 24
436.00000000000153 38 34 1.0000002132587429 1.906683923702162 38816
# 4 34 24
437.0000000000016 38 34 1.0000002132564911 1.8797595010424835 38816
# 4 34 24
438.0000000000016 38 34 1.0000002132544177 1.8530234712341696 38816
# 4 34 24
439.0000000000016 44 34 1.0000002132539405 1.8279131874997274 38816
# 4 34 24
440.0000000000016 38 34 1.0000002132507337 1.8057435534545792 38816
# 4 34 24
441.0000000000016 38 34 1.0000002132501349 1.7876490692639877 38816
# 4 34 24
442.0000000000016 38 34 1.0000002132508359 1.7745383270418522 38816
# 4 34 24
443.0000000000016 38 34 1.0000002132500143 1.7670603814431796 38816
# 4 34 24
444.00000000000153 38 34 1.0000002132488737 1.765582061056556 38816
# 4 34 24
445.00000000000165 38 34 1.0000002132475767 1.7701754130158238 38816
# 4 34 24
446.00000000000165 38 34 1.00000021324469 1.780614922779091 38816
# 4 34 24
447.00000000000165 38 34 1.0000002132388952 1.7963847471864458 38816
# 4 34 24
448.00000000000165 38 34 1.0000002132316552 1.8166967673294367 38816
# 4 34 24
449.0000000000016 38 34 1.0000002132272003 1.8405206268006882 38816
# 4 34 24
450.0000000000016 38 34 1.0000002132247365 1.8666268801886976 38816
# 4 34 24
451.0000000000016 38 34 1.000000213221746 1.8936437695322779 38816
# 4 34 24
452.0000000000016 38 34 1.000000213216896 1.9201268978379882 38816
# 4 34 24
453.0000000000017 38 34 1.0000002132102133 1.9446392699647193 38816
# 4 34 24
454.0000000000017 38 34 1.0000002132036603 1.9658371151609417 38816
# 4 34 24
455.00000000000165 38 34 1.0000002131999415 1.9825550504368257 38816
# 4 34 24
456.00000000000165 38 34 1.0000002131975654 1.9938830013588438 38816
# 4 34 24
457.00000000000165 38 34 1.0000002131966916 1.999227274609459 38816
# 4 34 24
458.00000000000165 38 34 1.000000213195897 1.9983494373332185 38816
# 4 34 24
459.00000000000165 38 34 1.0000002131948131 1.991379046472693 38816
# 4 34 24
460.00000000000165 38 34 1.0000002131939112 1.978799343826341 38816
# 4 34 24
461.00000000000165 38 34 1.0000002131914036 1.9614081807993429 38816
# 4 34 24
462.0000000000017 38 34 1.000000213187498 1.9402590570318081 38816
# 4 34 24
463.0000000000017 38 34 1.0000002131843724 1.9165888084237743 38816
# 4 34 24
464.0000000000017 38 34 1.0000002131817345 1.8917389809079797 38816
# 4 34 24
465.0000000000017 44 34 1.0000002131789292 1.8670773662444728 38816
# 4 34 24
466.0000000000017 44 34 1.0000002131750627 1.8439248537527717 38816
# 4 34 24
467.0000000000017 44 34 1.0000002131704167 1.8234910693661068 38816
# 4 34 24
468.0000000000017 44 34 1.0000002131678931 1.8068206236328952 38816
# 4 34 24
469.0000000000017 44 34 1.000000213167289 1.7947504704377526 38816
# 4 34 24
470.00000000000176 38 34 1.0000002131668306 1.7878780457930994 38816
# 4 34 24
471.00000000000176 38 34 1.0000002131665917 1.7865395307872518 38816
# 4 34 24
472.00000000000176 38 34 1.0000002131663175 1.7907976807876747 38816
# 4 34 24
473.00000000000176 38 34 1.0000002131656593 1.800439043066674 38816
# 4 34 24
474.00000000000176 38 34 1.000000213163605 1.8149808841055217 38816
# 4 34 24
475.00000000000176 38 34 1.0000002131577326 1.833688597682234 38816
# 4 34 24
476.0000000000017 38 34 1.0000002131508112 1.85560459524977 38816
# 4 34 24
477.0000000000017 38 34 1.0000002131459487 1.8795895282729504 38816
# 4 34 24
478.0000000000018 38 34 1.0000002131425079 1.9043760346186211 38816
# 4 34 24
479.0000000000018 38 34 1.000000213137545 1.9286340061176825 38816
# 4 34 24
480.0000000000018 38 34 1.000000213131302 1.9510447547383531 38816
# 4 34 24
481.0000000000018 38 34 1.0000002131245758 1.9703796848601587 38816
# 4 34 24
482.00000000000176 38 34 1.0000002131205155 1.9855775557026927 38816
# 4 34 24
483.00000000000176 38 34 1.0000002131194263 1.99581356213708 38816
# 4 34 24
484.00000000000176 38 34 1.0000002131205499 2.000553591381407 38816
# 4 34 24
485.00000000000176 38 34 1.000000213123225 1.9995882305758674 38816
# 4 34 24
486.00000000000176 38 34 1.0000002131274823 1.9930432453720768 38816
# 4 34 24
487.0000000000018 38 34 1.0000002131318113 1.9813659322663708 38816
# 4 34 24
488.0000000000018 38 34 1.000000213132494 1.9652894532527379 38816
# 4 34 24
489.0000000000018 38 34 1.0000002131313295 1.9457794912428898 38816
# 4 34 24
490.0000000000018 38 34 1.0000002131303605 1.9239689608585158 38816
# 4 34 24
491.0000000000018 38 34 1.0000002131295145 1.901086929987654 38816
# 4 34 24
492.0000000000018 38 34 1.0000002131282133 1.8783874339855995 38816
# 4 34 24
493.0000000000018 38 34 1.0000002131267456 1.8570827474827172 38816
# 4 34 24
494.0000000000018 44 34 1.0000002131223382 1.838284252998752 38816
# 4 34 24
495.0000000000019 44 34 1.000000213119499 1.8229526390126873 38816
# 4 34 24
496.0000000000019 44 34 1.0000002131182004 1.8118580240144813 38816
# 4 34 24
497.0000000000019 44 34 1.0000002131177779 1.8055498758523931 38816
# 4 34 24
498.0000000000019 38 34 1.000000213117588 1.8043363008569642 38816
# 4 34 24
499.0000000000019 38 34 1.0000002131167616 1.8082723483823817 38816
# 4 34 24
500.0000000000019 38 34 1.0000002131164794 1.8171572911273648 38816
# 4 34 24
501.0000000000019 38 34 1.0000002131151449 1.8305412510702 38816
# 4 34 24
502.0000000000019 38 34 1.0000002131112364 1.847741887319895 38816
# 4 34 24
503.00000000000193 38 34 1.0000002131071115 1.8678719896559839 38816
# 4 34 24
504.00000000000193 38 34 1.000000213104822 1.8898785919386443 38816
# 4 34 24
505.00000000000193 38 34 1.0000002131030126 1.9125935429428278 38816
# 4 34 24
506.00000000000193 38 34 1.0000002130989964 1.9347943476299656 38816
# 4 34 24
507.00000000000193 38 34 1.000000213094383 1.9552726431157317 38816
# 4 34 24
508.00000000000193 38 34 1.0000002130916155 1.972906153830107 38816
# 4 34 24
509.0000000000019 32 34 1.0000002130902723 1.98672872155458 38816
# 4 34 24
510.0000000000019 38 34 1.0000002130895869 1.9959923739679557 38816
# 4 34 24
511.0000000000019 38 34 1.0000002130905947 2.0002156257716246 38816
# 4 34 24
512.0000000000019 32 34 1.0000002130931436 1.9992133598853652 38816
# 4 34 24
513.0000000000019 38 34 1.0000002130978856 1.9931055547466323 38816
# 4 34 24
514.0000000000019 38 34 1.000000213102809 1.9823044656172055 38816
# 4 34 24
515.0000000000019 32 34 1.0000002131045829 1.9674821979545514 38816
# 4 34 24
516.0000000000019 38 34 1.0000002131044203 1.949522516084682 38816
# 4 34 24
517.0000000000019 38 34 1.0000002131027057 1.9294619193974443 38816
# 4 34 24
518.0000000000019 38 34 1.0000002131012184 1.9084253793109163 38816
# 4 34 24
519.0000000000019 38 34 1.00000021310123 1.8875617346778606 38816
# 4 34 24
520.000000000002 38 34 1.0000002131032282 1.867982801635271 38816
# 4 34 24
521.000000000002 38 34 1.0000002131049022 1.8507090456427697 38816
# 4 34 24
522.000000000002 38 34 1.0000002131041619 1.8366234634080196 38816
# 4 34 24
523.000000000002 38 34 1.0000002131024806 1.826434343692754 38816
# 4 34 24
524.000000000002 38 34 1.0000002131005568 1.8206469395340092 38816
# 4 34 24
525.0000000000019 38 34 1.000000213098672 1.8195438158663777 38816
# 4 34 24
526.0000000000019 38 34 1.0000002130978316 1.823173682636766 38816
# 4 34 24
527.0000000000019 38 34 1.000000213097899 1.831348778256723 38816
# 4 34 24
528.000000000002 38 34 1.0000002130989318 1.843651196710776 38816
# 4 34 24
529.000000000002 38 34 1.0000002131013128 1.859448808753652 38816
# 4 34 24
530.000000000002 38 34 1.0000002131047876 1.8779214733612652 38816
# 4 34 24
531.000000000002 38 34 1.000000213107212 1.8980979540195224 38816
# 4 34 24
532.000000000002 38 34 1.0000002131066892 1.9189032814066906 38816
# 4 34 24
533.000000000002 38 34 1.0000002131031112 1.9392152596298935 38816
# 4 34 24
534.000000000002 38 34 1.000000213097209 1.9579275243874987 38816
# 4 34 24
535.000000000002 38 34 1.000000213090634 1.9740152587930526 38816
# 4 34 24
536.000000000002 38 34 1.000000213085426 1.9865986497330854 38816
# 4 34 24
537.000000000002 38 34 1.0000002130827503 1.9949987084875704 38816
# 4 34 24
538.000000000002 38 34 1.0000002130833903 1.9987803738357222 38816
# 4 34 24
539.000000000002 38 34 1.0000002130871333 1.9977788938314427 38816
# 4 34 24
540.000000000002 38 34 1.000000213092984 1.992107192779809 38816
# 4 34 24
541.000000000002 38 34 1.000000213099185 1.9821439747792915 38816
# 4 34 24
542.000000000002 38 34 1.0000002130992711 1.9685043270462872 38816
# 4 34 24
543.000000000002 44 34 1.0000002130973933 1.9519962215836943 38816
# 4 34 24
544.000000000002 44 34 1.000000213094831 1.9335673338633743 38816
# 4 34 24
545.0000000000022 44 34 1.00000021309222 1.9142469126505663 38816
# 4 34 24
546.0000000000022 50 34 1.0000002130897994 1.8950871084408962 38816
# 4 34 24
547.0000000000022 50 34 1.0000002130890617 1.8771073757382934 38816
# 4 34 24
548.0000000000022 50 34 1.0000002130900998 1.8612445405385636 38816
# 4 34 24
549.0000000000022 44 34 1.000000213091196 1.8483100996174187 38816
# 4 34 24
550.0000000000022 44 34 1.0000002130901375 1.8389554739789102 38816
# 4 34 24
551.0000000000022 38 34 1.0000002130897565 1.833645380860282 38816
# 4 34 24
552.000000000002 38 34 1.0000002130886616 1.8326392428919427 38816
# 4 34 24
553.0000000000022 38 34 1.0000002130884225 1.8359805764818171 38816
# 4 34 24
554.0000000000022 38 34 1.0000002130881263 1.843494501863745 38816
# 4 34 24
555.0000000000022 38 34 1.0000002130890626 1.8547937735485482 38816
# 4 34 24
556.0000000000022 38 34 1.0000002130925896 1.8692939107165838 38816
# 4 34 24
557.0000000000022 38 34 1.000000213094115 1.8862379887037857 38816
# 4 34 24
558.0000000000022 38 34 1.0000002130940533 1.9047313388493 38816
# 4 34 24
559.0000000000022 38 34 1.0000002130929921 1.9237857503704259 38816
# 4 34 24
560.0000000000022 38 34 1.0000002130904249 1.942371807885092 38816
# 4 34 24
561.0000000000022 38 34 1.000000213085898 1.9594768564029998 38816
# 4 34 24
562.0000000000023 38 34 1.0000002130819823 1.9741649700322061 38816
# 4 34 24
563.0000000000022 38 34 1.000000213079445 1.9856344633430458 38816
# 4 34 24
564.0000000000022 38 34 1.0000002130779189 1.9932681582837173 38816
# 4 34 24
565.0000000000022 38 34 1.000000213079211 1.9966719506455377 38816
# 4 34 24
566.0000000000022 38 34 1.0000002130835504 1.9956982167689397 38816
# 4 34 24
567.0000000000022 38 34 1.00000021309191 1.9904521226431209 38816
# 4 34 24
568.0000000000022 44 34 1.000000213099928 1.9812806851032743 38816
# 4 34 24
569.0000000000022 50 34 1.0000002131031345 1.9687461770991501 38816
# 4 34 24
570.0000000000023 44 34 1.0000002131010453 1.9535868793169748 38816
# 4 34 24
571.0000000000023 38 34 1.0000002130977625 1.9366690616954343 38816
# 4 34 24
572.0000000000023 38 34 1.00000021309649 1.918934358980325 38816
# 4 34 24
573.0000000000023 38 34 1.0000002130962076 1.901346438026155 38816
# 4 34 24
574.0000000000023 38 34 1.0000002130976093 1.8848401893846696 38816
# 4 34 24
575.0000000000023 44 34 1.0000002130987025 1.8702758079857635 38816
# 4 34 24
576.0000000000023 44 34 1.0000002130984234 1.858399251802549 38816
# 4 34 24
577.0000000000023 44 34 1.0000002130975676 1.8498098380464356 38816
# 4 34 24
578.0000000000023 44 34 1.0000002130964762 1.844935246420771 38816
# 4 34 24
579.0000000000023 38 34 1.0000002130954049 1.8440139731814174 38816
# 4 34 24
580.0000000000023 38 34 1.0000002130938799 1.8470852829343218 38816
# 4 34 24
581.0000000000023 38 34 1.000000213092293 1.853986856844915 38816
# 4 34 24
582.0000000000023 38 34 1.000000213091301 1.8643605286168112 38816
# 4 34 24
583.0000000000023 38 34 1.0000002130922883 1.8776666163054823 38816
# 4 34 24
584.0000000000023 38 34 1.0000002130938488 1.893207290506104 38816
# 4 34 24
585.0000000000023 38 34 1.000000213094026 1.9101590880376107 38816
# 4 34 24
586.0000000000023 38 34 1.0000002130937167 1.9276140558526802 38816
# 4 34 24
587.0000000000024 38 34 1.000000213092534 1.9446281337462945 38816
# 4 34 24
588.0000000000024 38 34 1.0000002130909733 1.9602743762781811 38816
# 4 34 24
589.0000000000024 38 34 1.0000002130899064 1.9736976599874547 38816
# 4 34 24
590.0000000000023 38 34 1.0000002130896872 1.9841668368264629 38816
# 4 34 24
591.0000000000023 44 34 1.0000002130899026 1.9911200700607028 38816
# 4 34 24
592.0000000000023 44 34 1.0000002130900703 1.9941994366079936 38816
# 4 34 24
593.0000000000023 44 34 1.0000002130911958 1.9932717944334712 38816
# 4 34 24
594.0000000000023 38 34 1.0000002130923997 1.9884342656526974 38816
# 4 34 24
595.0000000000024 38 34 1.0000002130949088 1.9800042507778153 38816
# 4 34 24
596.0000000000024 38 34 1.000000213093601 1.9684954029707031 38816
# 4 34 24
597.0000000000024 38 34 1.0000002130886312 1.9545822128749861 38816
# 4 34 24
598.0000000000024 38 34 1.0000002130823749 1.9390566214633214 38816
# 4 34 24
599.0000000000024 44 34 1.000000213077416 1.9227803316611527 38816
# 4 34 24
600.0000000000024 44 34 1.0000002130733028 1.9066362754223782 38816
# 4 34 24
601.0000000000024 50 34 1.0000002130695824 1.8914821355954177 38816
# 4 34 24
602.0000000000024 50 34 1.0000002130670653 1.8781080862680837 38816
# 4 34 24
603.0000000000024 50 34 1.0000002130653871 1.867200165725482 38816
# 4 34 24
604.0000000000024 44 34 1.000000213064907 1.859310065455864 38816
# 4 34 24
605.0000000000024 44 34 1.0000002130641095 1.8548316875254542 38816
# 4 34 24
606.0000000000024 38 34 1.0000002130637935 1.853984614244701 38816
# 4 34 24
607.0000000000024 38 34 1.0000002130629753 1.856804619049485 38816
# 4 34 24
608.0000000000024 38 34 1.0000002130616001 1.863141456346204 38816
# 4 34 24
609.0000000000024 38 34 1.0000002130598609 1.8726643059862285 38816
# 4 34 24
610.0000000000024 44 34 1.000000213059222 1.8848753117224486 38816
# 4 34 24
611.0000000000024 44 34 1.0000002130580024 1.8991315483106206 38816
# 4 34 24
612.0000000000025 38 34 1.000000213055904 1.914675413466424 38816
# 4 34 24
613.0000000000025 38 34 1.0000002130537629 1.9306728514571634 38816
# 4 34 24
614.0000000000025 38 34 1.0000002130522492 1.9462580204311406 38816
# 4 34 24
615.0000000000025 38 34 1.00000021305129 1.960582127910883 38816
# 4 34 24
616.0000000000024 38 34 1.0000002130511567 1.9728633426312139 38816
# 4 34 24
617.0000000000024 38 34 1.0000002130512868 1.9824341300617412 38816
# 4 34 24
618.0000000000024 38 34 1.0000002130518006 1.9887822109215247 38816
# 4 34 24
619.0000000000024 38 34 1.0000002130523609 1.9915816928943897 38816
# 4 34 24
620.0000000000025 38 34 1.0000002130532517 1.9907117605260516 38816
# 4 34 24
621.0000000000025 38 34 1.0000002130550378 1.9862615090623372 38816
# 4 34 24
622.0000000000025 38 34 1.0000002130565617 1.978520880027663 38816
# 4 34 24
623.0000000000025 38 34 1.000000213054188 1.967958975045994 38816
# 4 34 24
624.0000000000025 38 34 1.000000213049101 1.955192087773478 38816
# 4 34 24
625.0000000000025 44 34 1.0000002130440395 1.9409444655165262 38816
# 4 34 24
626.0000000000025 44 34 1.0000002130397456 1.9260050439113352 38816
# 4 34 24
627.0000000000025 44 34 1.000000213036256 1.9111832286434252 38816
# 4 34 24
628.0000000000025 38 34 1.0000002130334467 1.8972663322224912 38816
# 4 34 24
629.0000000000025 38 34 1.000000213031317 1.8849806501258635 38816
# 4 34 24
630.0000000000025 38 34 1.0000002130289933 1.8749575188960612 38816
# 4 34 24
631.0000000000025 38 34 1.0000002130268262 1.8677051525345978 38816
# 4 34 24
632.0000000000025 38 34 1.0000002130243943 1.8635866731354642 38816
# 4 34 24
633.0000000000025 38 34 1.0000002130223988 1.8628045583892556 38816
# 4 34 24
634.0000000000025 38 34 1.0000002130212216 1.8653916980475105 38816
# 4 34 24
635.0000000000025 38 34 1.0000002130208663 1.8712093233045268 38816
# 4 34 24
636.0000000000025 38 34 1.0000002130215149 1.8799521641638486 38816
# 4 34 24
637.0000000000026 38 34 1.000000213022881 1.8911612097285961 38816
# 4 34 24
638.0000000000026 38 34 1.0000002130239283 1.90424431412134 38816
# 4 34 24
639.0000000000026 38 34 1.000000213024255 1.9185045532505542 38816
# 4 34 24
640.0000000000026 38 34 1.000000213024188 1.9331756863851968 38816
# 4 34 24
641.0000000000026 38 34 1.000000213023737 1.9474633588531483 38816
# 4 34 24
642.0000000000026 38 34 1.0000002130226542 1.9605899017493316 38816
# 4 34 24
643.0000000000025 38 34 1.0000002130224337 1.9718398864120774 38816
# 4 34 24
644.0000000000025 38 34 1.000000213022559 1.9806031324363722 38816
# 4 34 24
645.0000000000026 38 34 1.0000002130221894 1.9864117778569894 38816
# 4 34 24
646.0000000000026 38 34 1.0000002130225845 1.9889683647166745 38816
# 4 34 24
647.0000000000026 38 34 1.000000213024073 1.9881626519807178 38816
# 4 34 24
648.0000000000026 38 34 1.0000002130270829 1.9840759341864185 38816
# 4 34 24
649.0000000000026 38 34 1.0000002130289134 1.9769728494966667 38816
# 4 34 24
650.0000000000026 38 34 1.0000002130258305 1.9672818135717378 38816
# 4 34 24
651.0000000000026 44 34 1.000000213019302 1.9555661453306918 38816
# 4 34 24
652.0000000000026 44 34 1.0000002130102918 1.9424885428011764 38816
# 4 34 24
653.0000000000027 44 34 1.000000213000748 1.9287717813763505 38816
# 4 34 24
654.0000000000026 44 34 1.0000002129935455 1.915158375542125 38816
# 4 34 24
655.0000000000026 44 34 1.0000002129890766 1.9023715565523036 38816
# 4 34 24
656.0000000000026 38 34 1.0000002129861791 1.8910793898422322 38816
# 4 34 24
657.0000000000026 38 34 1.0000002129838195 1.8818633061187529 38816
# 4 34 24
658.0000000000026 38 34 1.0000002129820922 1.8751918461676085 38816
# 4 34 24
659.0000000000026 38 34 1.0000002129809722 1.871400082896409 38816
# 4 34 24
660.0000000000026 38 34 1.0000002129797088 1.870675004080995 38816
# 4 34 24
661.0000000000026 38 34 1.0000002129786083 1.8730470955854472 38816
# 4 34 24
662.0000000000027 38 34 1.0000002129779475 1.8783884051039552 38816
# 4 34 24
663.0000000000027 38 34 1.0000002129777685 1.8864174181432307 38816
# 4 34 24
664.0000000000027 38 34 1.0000002129776122 1.8967110622065548 38816
# 4 34 24
665.0000000000027 38 34 1.0000002129774839 1.9087240031330626 38816
# 4 34 24
666.0000000000027 38 34 1.0000002129768517 1.9218150666141713 38816
# 4 34 24
667.0000000000027 38 34 1.0000002129764 1.935280105939912 38816
# 4 34 24
668.0000000000027 38 34 1.0000002129759584 1.9483899909988227 38816
# 4 34 24
669.0000000000027 38 34 1.0000002129751768 1.9604317081621447 38816
# 4 34 24
670.0000000000027 38 34 1.0000002129742198 1.970749963310875 38816
# 4 34 24
671.0000000000027 38 34 1.000000212972722 1.978786304702119 38816
# 4 34 24
672.0000000000027 38 34 1.0000002129714314 1.9841127355345833 38816
# 4 34 24
673.0000000000027 38 34 1.0000002129714756 1.986457118312579 38816
# 4 34 24
674.0000000000027 38 34 1.0000002129723364 1.9857183607697015 38816
# 4 34 24
675.0000000000027 38 34 1.0000002129735008 1.9819703205905899 38816
# 4 34 24
676.0000000000027 38 34 1.0000002129735333 1.975454427133159 38816
# 4 34 24
677.0000000000027 38 34 1.0000002129702505 1.9665620292322237 38816
# 4 34 24
678.0000000000028 44 34 1.00000021296529 1.9558082943877921 38816
# 4 34 24
679.0000000000028 44 34 1.0000002129585666 1.9438000095626484 38816
# 4 34 24
680.0000000000028 50 34 1.0000002129510577 1.9311998331563822 38816
# 4 34 24
681.0000000000027 50 34 1.0000002129452488 1.918689448780129 38816
# 4 34 24
682.0000000000026 44 34 1.0000002129426417 1.9069337483686595 38816
# 4 34 24
683.0000000000026 44 34 1.0000002129411587 1.896547724213169 38816
# 4 34 24
684.0000000000025 44 34 1.0000002129402163 1.8880672778894485 38816
# 4 34 24
685.0000000000024 38 34 1.0000002129392762 1.8819247422631138 38816
# 4 34 24
686.0000000000023 38 34 1.000000212938114 1.8784296141708836 38816
# 4 34 24
687.0000000000023 38 34 1.0000002129369827 1.8777548272360272 38816
# 4 34 24
688.0000000000022 38 34 1.0000002129363477 1.8799288396791787 38816
# 4 34 24
689.0000000000022 38 34 1.0000002129357126 1.8848338254956392 38816
# 4 34 24
690.000000000002 38 34 1.000000212935028 1.8922102760621071 38816
# 4 34 24
691.000000000002 38 34 1.0000002129341772 1.901668275047493 38816
# 4 34 24
692.0000000000019 38 34 1.0000002129333367 1.9127055440925125 38816
# 4 34 24
693.0000000000018 44 34 1.0000002129322079 1.9247320361352303 38816
# 4 34 24
694.0000000000017 44 34 1.0000002129314733 1.9371003801108142 38816
# 4 34 24
695.0000000000017 44 34 1.0000002129308567 1.9491409005236409 38816
# 4 34 24
696.0000000000016 38 34 1.0000002129308414 1.9601993338552146 38816
# 4 34 24
697.0000000000016 38 34 1.0000002129306766 1.9696748522867322 38816
# 4 34 24
698.0000000000015 38 34 1.0000002129308863 1.9770556979359095 38816
# 4 34 24
699.0000000000015 38 34 1.0000002129312213 1.9819497161349147 38816
# 4 34 24
700.0000000000014 38 34 1.0000002129319057 1.9841073924464663 38816
# 4 34 24
701.0000000000013 38 34 1.0000002129327894 1.983435620173827 38816
# 4 34 24
702.0000000000013 38 34 1.0000002129337464 1.980001267552681 38816
# 4 34 24
703.0000000000011 38 34 1.000000212933285 1.9740245496945075 38816
# 4 34 24
704.000000000001 38 34 1.0000002129307033 1.9658630995713589 38816
# 4 34 24
705.000000000001 50 34 1.0000002129273273 1.9559883519034402 38816
# 4 34 24
706.000000000001 50 34 1.000000212923162 1.9449563215444328 38816
# 4 34 24
707.0000000000009 50 34 1.0000002129185221 1.9333750446177698 38816
# 4 34 24
708.0000000000008 50 34 1.0000002129143004 1.9218708789019612 38816
# 4 34 24
709.0000000000007 44 34 1.0000002129119159 1.911055592272615 38816
# 4 34 24
710.0000000000007 44 34 1.000000212910768 1.9014957886162613 38816
# 4 34 24
711.0000000000006 38 34 1.000000212910248 1.8936858157769076 38816
# 4 34 24
712.0000000000005 38 34 1.000000212909703 1.8880249417245067 38816
# 4 34 24
713.0000000000005 38 34 1.0000002129090648 1.8847993194325035 38816
# 4 34 24
714.0000000000005 38 34 1.0000002129083596 1.8841691036333883 38816
# 4 34 24
715.0000000000003 38 34 1.0000002129077221 1.886161019076249 38816
# 4 34 24
716.0000000000002 38 34 1.0000002129072119 1.8906666711464404 38816
# 4 34 24
717.0000000000001 38 34 1.0000002129066465 1.897446881192329 38816
# 4 34 24
718.0000000000001 38 34 1.0000002129058654 1.9061422622908966 38816
# 4 34 24
719.0 38 34 1.0000002129048622 1.9162900773893918 38816
# 4 34 24
719.9999999999999 38 34 1.0000002129037586 1.9273471140571585 38816
# 4 34 24
720.9999999999999 38 34 1.0000002129029508 1.9387178744416025 38816
# 4 34 24
721.9999999999998 38 34 1.0000002129025938 1.9497868587183047 38816
# 4 34 24
722.9999999999998 38 34 1.0000002129026322 1.9599531922868991 38816
# 4 34 24
723.9999999999997 38 34 1.000000212902903 1.9686654087157984 38816
# 4 34 24
724.9999999999997 38 34 1.0000002129028973 1.9754539492124499 38816
# 4 34 24
725.9999999999995 38 34 1.0000002129024985 1.9799589483708555 38816
# 4 34 24
726.9999999999994 38 34 1.0000002129030618 1.9819511740709714 38816
# 4 34 24
727.9999999999993 38 34 1.000000212904065 1.981344551333625 38816
# 4 34 24
728.9999999999993 38 34 1.0000002129054406 1.978199449693785 38816
# 4 34 24
729.9999999999992 38 34 1.0000002129069836 1.9727167409849602 38816
# 4 34 24
730.9999999999992 38 34 1.0000002129060488 1.9652234190124507 38816
# 4 34 24
731.9999999999991 38 34 1.0000002129017571 1.9561512093703504 38816
# 4 34 24
732.9999999999991 50 34 1.0000002128972985 1.9460100164103074 38816
# 4 34 24
733.999999999999 44 34 1.0000002128927132 1.9353582298613585 38816
# 4 34 24
734.9999999999989 44 34 1.0000002128882397 1.9247718645250729 38816
# 4 34 24
735.9999999999987 44 34 1.0000002128849035 1.914814285667287 38816
# 4 34 24
736.9999999999987 44 34 1.0000002128831826 1.9060079515430424 38816
# 4 34 24
737.9999999999986 44 34 1.0000002128820966 1.8988092567534247 38816
# 4 34 24
738.9999999999986 44 34 1.0000002128812477 1.893587247695837 38816
# 4 34 24
739.9999999999986 44 34 1.000000212880545 1.890606744374646 38816
# 4 34 24
740.9999999999985 38 34 1.0000002128798717 1.89001625517737 38816
# 4 34 24
741.9999999999984 38 34 1.0000002128791003 1.891841000677217 38816
# 4 34 24
742.9999999999983 38 34 1.0000002128781726 1.895981335419035 38816
# 4 34 24
743.9999999999983 38 34 1.0000002128771541 1.9022168259926195 38816
# 4 34 24
744.9999999999982 38 34 1.0000002128760805 1.910216159730007 38816
# 4 34 24
745.9999999999981 38 34 1.0000002128753327 1.9195528801755375 38816
# 4 34 24
746.9999999999981 38 34 1.0000002128748382 1.929726652265101 38816
# 4 34 24
747.999999999998 38 34 1.0000002128744248 1.9401893601028581 38816
# 4 34 24
748.999999999998 38 34 1.0000002128739902 1.9503748738941802 38816
# 4 34 24
749.9999999999978 38 34 1.00000021287351 1.9597308589984914 38816
# 4 34 24
750.9999999999977 38 34 1.0000002128727992 1.9677506242858795 38816
# 4 34 24
751.9999999999977 38 34 1.0000002128721082 1.9740028018784923 38816
# 4 34 24
752.9999999999976 38 34 1.0000002128716676 1.978156676464451 38816
# 4 34 24
753.9999999999975 38 34 1.0000002128717396 1.9800012613911102 38816
# 4 34 24
754.9999999999974 38 34 1.0000002128726735 1.979456726042758 38816
# 4 34 24
755.9999999999974 38 34 1.0000002128745282 1.976577447083338 38816
# 4 34 24
756.9999999999974 44 34 1.0000002128766 1.9715466891444478 38816
# 4 34 24
757.9999999999973 50 34 1.0000002128779932 1.9646636148209677 38816
# 4 34 24
758.9999999999973 50 34 1.0000002128778112 1.9563238893070594 38816
# 4 34 24
759.9999999999972 44 34 1.0000002128727217 1.9469955214947634 38816
# 4 34 24
760.999999999997 44 34 1.0000002128660048 1.9371917487872399 38816
# 4 34 24
761.9999999999969 44 34 1.000000212861628 1.927442742755005 38816
# 4 34 24
762.9999999999969 44 34 1.000000212859066 1.9182677314707526 38816
# 4 34 24
763.9999999999968 38 34 1.000000212858088 1.9101488626889183 38816
# 4 34 24
764.9999999999968 38 34 1.000000212857563 1.903507833155377 38816
# 4 34 24
765.9999999999967 38 34 1.0000002128563956 1.8986860364819673 38816
# 4 34 24
766.9999999999967 38 34 1.000000212855171 1.8959287701531957 38816
# 4 34 24
767.9999999999966 38 34 1.0000002128542418 1.8953739033815211 38816
# 4 34 24
768.9999999999965 38 34 1.0000002128532142 1.8970453315369575 38816
# 4 34 24
769.9999999999964 38 34 1.0000002128520258 1.9008515008590736 38816
# 4 34 24
770.9999999999964 38 34 1.0000002128505212 1.906589238904485 38816
# 4 34 24
771.9999999999962 38 34 1.0000002128496361 1.9139530292556277 38816
# 4 34 24
772.9999999999962 38 34 1.0000002128487209 1.922549689382652 38816
# 4 34 24
773.9999999999961 38 34 1.000000212847597 1.931918132542967 38816
# 4 34 24
774.9999999999961 38 34 1.0000002128466996 1.941553527917814 38816
# 4 34 24
775.999999999996 38 34 1.0000002128462027 1.9509347555335832 38816
# 4 34 24
776.9999999999959 38 34 1.0000002128457346 1.9595536453051214 38816
# 4 34 24
777.9999999999958 38 34 1.000000212845221 1.9669441669418457 38816
# 4 34 24
778.9999999999958 38 34 1.0000002128446492 1.9727095701810342 38816
# 4 34 24
779.9999999999957 38 34 1.0000002128443193 1.9765455131210665 38816
# 4 34 24
780.9999999999957 38 34 1.00000021284451 1.9782574763724203 38816
# 4 34 24
781.9999999999956 38 34 1.0000002128453516 1.977771218579202 38816
# 4 34 24
782.9999999999956 38 34 1.0000002128466738 1.9751356248510188 38816
# 4 34 24
783.9999999999955 38 34 1.00000021284836 1.9705179504410646 38816
# 4 34 24
784.9999999999953 38 34 1.0000002128499716 1.9641920781547928 38816
# 4 34 24
785.9999999999953 38 34 1.0000002128511725 1.9565209118436568 38816
# 4 34 24
786.9999999999952 38 34 1.000000212851657 1.947934368062962 38816
# 4 34 24
787.9999999999951 38 34 1.00000021285117 1.938904584231105 38816
# 4 34 24
788.999999999995 32 34 1.0000002128506238 1.9299199470187667 38816
# 4 34 24
789.999999999995 32 34 1.000000212850251 1.9214593968120244 38816
# 4 34 24
790.999999999995 32 34 1.0000002128499816 1.9139682346201832 38816
# 4 34 24
791.9999999999949 32 34 1.0000002128493635 1.9078364007858921 38816
# 4 34 24
792.9999999999949 32 34 1.0000002128486092 1.9033799561598812 38816
# 4 34 24
793.9999999999947 32 34 1.000000212847812 1.900826306357776 38816
# 4 34 24
794.9999999999947 38 34 1.0000002128469405 1.900303579080931 38816
# 4 34 24
795.9999999999947 32 34 1.0000002128458854 1.9018344845763118 38816
# 4 34 24
796.9999999999944 32 34 1.0000002128445777 1.9053349354266518 38816
# 4 34 24
797.9999999999944 32 34 1.0000002128433216 1.9106176396630454 38816
# 4 34 24
798.9999999999944 38 34 1.000000212842629 1.917400774838838 38816
# 4 34 24
799.9999999999943 38 34 1.0000002128426055 1.9253216721238078 38816
# 4 34 24
800.9999999999943 38 34 1.0000002128425711 1.9339551769599364 38816
# 4 34 24
801.9999999999941 38 34 1.0000002128426162 1.9428360171263606 38816
# 4 34 24
802.9999999999941 38 34 1.0000002128426795 1.951484134914853 38816
# 4 34 24
803.9999999999941 38 34 1.0000002128428753 1.959431582234374 38816
# 4 34 24
804.9999999999939 32 34 1.0000002128431436 1.9662493002566863 38816
# 4 34 24
805.9999999999939 38 34 1.0000002128433145 1.971571969140513 38816
# 4 34 24
806.9999999999939 32 34 1.0000002128437329 1.9751191600074607 38816
# 4 34 24
807.9999999999937 38 34 1.0000002128443428 1.97671126251493 38816
# 4 34 24
808.9999999999937 32 34 1.0000002128454706 1.9762790746512613 38816
# 4 34 24
809.9999999999935 32 34 1.000000212846899 1.9738664738701521 38816
# 4 34 24
810.9999999999935 32 34 1.000000212847946 1.9696261677227258 38816
# 4 34 24
811.9999999999935 32 34 1.0000002128483236 1.963809070369017 38816
# 4 34 24
812.9999999999933 32 34 1.0000002128480243 1.9567483017188207 38816
# 4 34 24
813.9999999999933 32 34 1.0000002128474843 1.9488391135345942 38816
# 4 34 24
814.9999999999933 32 34 1.000000212847036 1.9405161945589318 38816
# 4 34 24
815.9999999999932 32 34 1.0000002128469412 1.9322298049178237 38816
# 4 34 24
816.9999999999932 32 34 1.0000002128470158 1.9244220703005994 38816
# 4 34 24
817.9999999999932 32 34 1.0000002128469114 1.917504572837826 38816
# 4 34 24
818.999999999993 32 34 1.000000212846277 1.9118381544480954 38816
# 4 34 24
819.999999999993 38 34 1.0000002128450893 1.9077156392941406 38816
# 4 34 24
820.9999999999927 38 34 1.0000002128438552 1.9053480111468124 38816
# 4 34 24
821.9999999999927 38 34 1.000000212842766 1.9048544583494846 38816
# 4 34 24
822.9999999999927 38 34 1.0000002128418257 1.9062566165117991 38816
# 4 34 24
823.9999999999926 38 34 1.0000002128412542 1.9094772759461713 38816
# 4 34 24
824.9999999999926 38 34 1.0000002128410175 1.9143437479816519 38816
# 4 34 24
825.9999999999926 32 34 1.000000212840869 1.9205959714709036 38816
# 4 34 24
826.9999999999924 32 34 1.0000002128406928 1.9278992650298314 38816
# 4 34 24
827.9999999999924 32 34 1.0000002128404497 1.9358613834709077 38816
# 4 34 24
828.9999999999922 32 34 1.0000002128403682 1.944053229771543 38816
# 4 34 24
829.9999999999922 32 34 1.0000002128405192 1.9520322386958244 38816
# 4 34 24
830.9999999999922 32 34 1.0000002128409295 1.9593671333310847 38816
# 4 34 24
831.999999999992 32 34 1.0000002128415129 1.9656625174108564 38816
# 4 34 24
832.999999999992 32 34 1.0000002128421992 1.9705816558689986 38816
# 4 34 24
833.9999999999919 32 34 1.000000212843138 1.9738658481727138 38816
# 4 34 24
834.9999999999918 32 34 1.0000002128441368 1.9753490220912933 38816
# 4 34 24
835.9999999999918 32 34 1.0000002128451138 1.9749665487654164 38816
# 4 34 24
836.9999999999916 32 34 1.0000002128458845 1.972757756381023 38816
# 4 34 24
837.9999999999916 32 34 1.000000212846426 1.9688621360601797 38816
# 4 34 24
838.9999999999916 32 34 1.0000002128465737 1.9635097225914575 38816
# 4 34 24
839.9999999999915 32 34 1.0000002128463552 1.9570065362939835 38816
# 4 34 24
840.9999999999914 32 34 1.0000002128459065 1.9497162516612647 38816
# 4 34 24
841.9999999999914 32 34 1.000000212845797 1.9420393982687802 38816
# 4 34 24
842.9999999999912 32 34 1.0000002128458845 1.9343914079172853 38816
# 4 34 24
843.9999999999912 32 34 1.0000002128461056 1.9271807259119038 38816
# 4 34 24
844.9999999999912 32 34 1.00000021284607 1.92078804137637 38816
# 4 34 24
845.999999999991 32 34 1.0000002128456265 1.9155475011153642 38816
# 4 34 24
846.999999999991 32 34 1.000000212844979 1.9117305880630926 38816
# 4 34 24
847.9999999999908 32 34 1.0000002128442842 1.9095331913519875 38816
# 4 34 24
848.9999999999908 32 34 1.0000002128434962 1.90906627896935 38816
# 4 34 24
849.9999999999908 32 34 1.0000002128427161 1.9103504998210898 38816
# 4 34 24
850.9999999999907 32 34 1.0000002128422312 1.9133149719429388 38816
# 4 34 24
851.9999999999907 32 34 1.0000002128418624 1.91780043276363 38816
# 4 34 24
852.9999999999907 32 34 1.000000212841492 1.923566810430531 38816
# 4 34 24
853.9999999999905 32 34 1.0000002128411405 1.930305103608313 38816
# 4 34 24
854.9999999999905 32 34 1.0000002128409244 1.9376532251833316 38816
# 4 34 24
855.9999999999902 32 34 1.000000212840888 1.9452151844714591 38816
# 4 34 24
856.9999999999902 32 34 1.0000002128410512 1.9525826820044827 38816
# 4 34 24
857.9999999999902 32 34 1.0000002128413694 1.9593579137166737 38816
# 4 34 24
858.9999999999901 32 34 1.000000212841797 1.96517617609416 38816
# 4 34 24
859.9999999999901 32 34 1.0000002128423158 1.9697267745070317 38816
# 4 34 24
860.9999999999901 32 34 1.000000212842827 1.9727707923185074 38816
# 4 34 24
861.9999999999899 32 34 1.0000002128435057 1.9741544843957 38816
# 4 34 24
862.9999999999899 32 34 1.0000002128442849 1.9738173958943537 38816
# 4 34 24
863.9999999999899 32 34 1.0000002128450265 1.9717947341091395 38816
# 4 34 24
864.9999999999897 32 34 1.000000212845569 1.9682139824018796 38816
# 4 34 24
865.9999999999897 32 34 1.0000002128458412 1.963286182461832 38816
# 4 34 24
866.9999999999895 32 34 1.000000212845811 1.9572926740423993 38816
# 4 34 24
867.9999999999895 32 34 1.0000002128454657 1.9505683357301593 38816
# 4 34 24
868.9999999999895 32 34 1.0000002128449579 1.943482502607141 38816
# 4 34 24
869.9999999999893 32 34 1.000000212844507 1.9364187534423267 38816
# 4 34 24
870.9999999999893 32 34 1.0000002128442091 1.9297546839201223 38816
# 4 34 24
871.9999999999893 32 34 1.0000002128437464 1.9238426453958817 38816
# 4 34 24
872.9999999999891 38 34 1.00000021284293 1.91899226482527 38816
# 4 34 24
873.9999999999891 38 34 1.0000002128420025 1.915455400155188 38816
# 4 34 24
874.999999999989 32 34 1.0000002128410965 1.9134140463281548 38816
# 4 34 24
875.999999999989 32 34 1.000000212840229 1.9129715976089954 38816
# 4 34 24
876.999999999989 32 34 1.0000002128393704 1.9141477871905446 38816
# 4 34 24
877.9999999999887 38 34 1.0000002128387495 1.9168775498725275 38816
# 4 34 24
878.9999999999887 38 34 1.0000002128385246 1.921013967055579 38816
# 4 34 24
879.9999999999887 32 34 1.000000212838417 1.9263353342975262 38816
# 4 34 24
880.9999999999885 32 34 1.0000002128382948 1.9325562252532282 38816
# 4 34 24
881.9999999999885 32 34 1.0000002128382104 1.9393422084915637 38816
# 4 34 24
882.9999999999885 32 34 1.0000002128381882 1.9463276169185615 38816
# 4 34 24
883.9999999999884 32 34 1.0000002128383285 1.9531354999153894 38816
# 4 34 24
884.9999999999884 32 34 1.00000021283859 1.9593986438539346 38816
# 4 34 24
885.9999999999882 32 34 1.0000002128389345 1.9647803696895494 38816
# 4 34 24
886.9999999999882 32 34 1.0000002128393557 1.9689937444082126 38816
# 4 34 24
887.9999999999882 32 34 1.0000002128398797 1.971817900141734 38816
# 4 34 24
888.999999999988 32 34 1.0000002128405263 1.9731103446991094 38816
# 4 34 24
889.999999999988 32 34 1.0000002128412604 1.972814452173346 38816
# 4 34 24
890.999999999988 32 34 1.0000002128419776 1.97096170540788 38816
# 4 34 24
891.9999999999878 32 34 1.0000002128425989 1.967668675012848 38816
# 4 34 24
892.9999999999878 32 34 1.0000002128429977 1.9631291115188139 38816
# 4 34 24
893.9999999999876 32 34 1.0000002128432002 1.9576018542473659 38816
# 4 34 24
894.9999999999876 38 34 1.000000212843254 1.9513954926849544 38816
# 4 34 24
895.9999999999876 38 34 1.0000002128430574 1.9448508413378134 38816
# 4 34 24
896.9999999999874 38 34 1.00000021284253 1.9383223124098146 38816
# 4 34 24
897.9999999999874 32 34 1.0000002128418901 1.9321592112573598 38816
# 4 34 24
898.9999999999874 38 34 1.00000021284129 1.9266878647330592 38816
# 4 34 24
899.9999999999873 38 34 1.0000002128405294 1.9221953514091312 38816
# 4 34 24
900.9999999999872 32 34 1.0000002128395888 1.9189154605611973 38816
# 4 34 24
901.9999999999872 32 34 1.000000212838639 1.9170173808140496 38816
# 4 34 24
902.999999999987 32 34 1.000000212837785 1.9165975161250948 38816
# 4 34 24
903.999999999987 32 34 1.0000002128370253 1.917674742224986 38816
# 4 34 24
904.9999999999868 32 34 1.0000002128363863 1.920189337983781 38816
# 4 34 24
905.9999999999868 32 34 1.0000002128358996 1.9240057358050917 38816
# 4 34 24
906.9999999999868 32 34 1.0000002128355625 1.9289191156477148 38816
# 4 34 24
907.9999999999866 32 34 1.0000002128353336 1.9346657067412174 38816
# 4 34 24
908.9999999999866 32 34 1.0000002128351977 1.940936457773694 38816
# 4 34 24
909.9999999999866 32 34 1.0000002128351801 1.9473935015570865 38816
# 4 34 24
910.9999999999865 32 34 1.0000002128353198 1.9536885980762322 38816
# 4 34 24
911.9999999999865 32 34 1.0000002128355943 1.9594825240196951 38816
# 4 34 24
912.9999999999862 32 34 1.000000212835984 1.964464224149947 38816
# 4 34 24
913.9999999999862 32 34 1.0000002128364696 1.968368482283973 38816
# 4 34 24
914.9999999999862 32 34 1.0000002128369996 1.9709909271060135 38816
# 4 34 24
915.999999999986 32 34 1.0000002128375827 1.9721993629428498 38816
# 4 34 24
916.999999999986 32 34 1.0000002128382455 1.9719406915469642 38816
# 4 34 24
917.999999999986 32 34 1.0000002128388898 1.9702430352978157 38816
# 4 34 24
918.9999999999859 32 34 1.0000002128393903 1.9672130425996261 38816
# 4 34 24
919.9999999999859 32 34 1.0000002128396286 1.9630287082659073 38816
# 4 34 24
920.9999999999859 32 34 1.0000002128396492 1.957928336993818 38816
# 4 34 24
921.9999999999857 32 34 1.0000002128394654 1.9521964904154308 38816
# 4 34 24
922.9999999999857 32 34 1.000000212839099 1.9461478766578761 38816
# 4 34 24
923.9999999999854 32 34 1.0000002128385368 1.9401101698912975 38816
# 4 34 24
924.9999999999854 32 34 1.000000212837897 1.93440670197639 38816
# 4 34 24
925.9999999999854 32 34 1.0000002128372518 1.9293398723303086 38816
# 4 34 24
926.9999999999853 32 34 1.0000002128363459 1.9251760005340548 38816
# 4 34 24
927.9999999999853 32 34 1.000000212835187 1.9221322208369265 38816
# 4 34 24
928.9999999999853 32 34 1.0000002128340955 1.9203659034367577 38816
# 4 34 24
929.9999999999851 32 34 1.0000002128331376 1.9199669900657403 38816
# 4 34 24
930.9999999999851 32 34 1.0000002128323249 1.9209535476805952 38816
# 4 34 24
931.9999999999849 32 34 1.000000212831692 1.9232707632511097 38816
# 4 34 24
932.9999999999849 32 34 1.000000212831413 1.9267935100455094 38816
# 4 34 24
933.9999999999849 32 34 1.000000212831491 1.9313324970761712 38816
# 4 34 24
934.9999999999848 32 34 1.0000002128318084 1.9366438592053004 38816
# 4 34 24
935.9999999999848 32 34 1.0000002128322476 1.9424418555020748 38816
# 4 34 24
936.9999999999848 32 34 1.0000002128325578 1.9484141287354562 38816
# 4 34 24
937.9999999999845 32 34 1.0000002128326047 1.954238761280265 38816
# 4 34 24
938.9999999999845 32 34 1.0000002128324288 1.95960217191643 38816
# 4 34 24
939.9999999999845 32 34 1.0000002128321637 1.9642167659979752 38816
# 4 34 24
940.9999999999843 32 34 1.000000212832203 1.967837205683848 38816
# 4 34 24
941.9999999999843 32 34 1.0000002128324725 1.9702742238763893 38816
# 4 34 24
942.9999999999842 32 34 1.0000002128328707 1.9714050664569729 38816
# 4 34 24
943.9999999999842 32 34 1.0000002128334868 1.9711798973274273 38816
# 4 34 24
944.9999999999842 32 34 1.000000212834339 1.9696238107627198 38816
# 4 34 24
945.999999999984 32 34 1.0000002128353036 1.9668344284046002 38816
# 4 34 24
946.999999999984 32 34 1.0000002128362453 1.962975375064597 38816
# 4 34 24
947.999999999984 32 34 1.0000002128368721 1.9582661947824733 38816
# 4 34 24
948.9999999999837 32 34 1.0000002128371428 1.9529694632182797 38816
# 4 34 24
949.9999999999837 32 34 1.000000212837099 1.9473759645014646 38816
# 4 34 24
950.9999999999836 32 34 1.000000212836533 1.941788833130908 38816
# 4 34 24
951.9999999999836 32 34 1.0000002128355965 1.9365075278779136 38816
# 4 34 24
952.9999999999835 32 34 1.0000002128346004 1.9318124247053483 38816
# 4 34 24
953.9999999999834 32 34 1.000000212833561 1.9279507109222072 38816
# 4 34 24
954.9999999999834 32 34 1.0000002128325125 1.9251241520055582 38816
# 4 34 24
955.9999999999834 32 34 1.0000002128314525 1.9234791986476034 38816
# 4 34 24
956.9999999999832 32 34 1.0000002128305099 1.9230998097979002 38816
# 4 34 24
957.9999999999832 32 34 1.0000002128297916 1.924003285115706 38816
# 4 34 24
958.9999999999832 32 34 1.0000002128293501 1.9261393184064086 38816
# 4 34 24
959.9999999999831 32 34 1.0000002128290757 1.9293923900565884 38816
# 4 34 24
960.999999999983 32 34 1.0000002128289964 1.9335874995247269 38816
# 4 34 24
961.9999999999828 32 34 1.0000002128291778 1.9384990914570004 38816
# 4 34 24
962.9999999999828 32 34 1.000000212829495 1.9438628517915413 38816
# 4 34 24
963.9999999999828 32 34 1.000000212829759 1.9493898537836054 38816
# 4 34 24
964.9999999999826 32 34 1.0000002128298235 1.9547823380692295 38816
# 4 34 24
965.9999999999826 32 34 1.0000002128296759 1.959750241956784 38816
# 4 34 24
966.9999999999826 32 34 1.0000002128294085 1.9640274788891205 38816
# 4 34 24
967.9999999999824 32 34 1.000000212829178 1.9673869329417422 38816
# 4 34 24
968.9999999999824 32 34 1.0000002128291925 1.969653189017303 38816
# 4 34 24
969.9999999999823 32 34 1.0000002128295122 1.9707121674412411 38816
# 4 34 24
970.9999999999823 32 34 1.0000002128301104 1.970517058217934 38816
# 4 34 24
971.9999999999823 32 34 1.0000002128308696 1.9690902296855128 38816
# 4 34 24
972.999999999982 32 34 1.000000212831591 1.9665210859350624 38816
# 4 34 24
973.999999999982 32 34 1.0000002128321204 1.962960133103764 38816
# 4 34 24
974.999999999982 32 34 1.0000002128324073 1.9586097570523058 38816
# 4 34 24
975.9999999999818 32 34 1.0000002128324978 1.953712393612479 38816
# 4 34 24
976.9999999999818 32 34 1.0000002128324 1.9485368785226962 38816
# 4 34 24
977.9999999999818 32 34 1.000000212831966 1.9433637995630955 38816
# 4 34 24
978.9999999999817 32 34 1.0000002128312704 1.9384706495160091 38816
# 4 34 24
979.9999999999817 32 34 1.0000002128305154 1.9341175122772962 38816
# 4 34 24
980.9999999999815 32 34 1.0000002128296201 1.9305339241370045 38816
# 4 34 24
981.9999999999815 32 34 1.000000212828593 1.9279074541823689 38816
# 4 34 24
982.9999999999815 32 34 1.0000002128276049 1.926374453190357 38816
# 4 34 24
983.9999999999812 32 34 1.0000002128267733 1.9260133338456105 38816
# 4 34 24
984.9999999999812 32 34 1.0000002128261993 1.926840664567773 38816
# 4 34 24
985.9999999999812 32 34 1.0000002128259353 1.928810277264211 38816
# 4 34 24
986.9999999999811 32 34 1.0000002128257668 1.9318154958610487 38816
# 4 34 24
987.9999999999811 32 34 1.0000002128257561 1.9356944780747027 38816
# 4 34 24
988.9999999999809 32 34 1.0000002128258458 1.9402385222477265 38816
# 4 34 24
989.9999999999809 32 34 1.0000002128259466 1.9452030258448676 38816
# 4 34 24
990.9999999999809 32 34 1.0000002128260634 1.9503206024101718 38816
# 4 34 24
991.9999999999807 32 34 1.0000002128261962 1.9553156873814912 38816
# 4 34 24
992.9999999999807 32 34 1.0000002128263317 1.9599198133657973 38816
# 4 34 24
993.9999999999807 32 34 1.0000002128264682 1.9638866364707395 38816
# 4 34 24
994.9999999999806 32 34 1.0000002128266416 1.967005767164735 38816
# 4 34 24
995.9999999999806 32 34 1.0000002128269274 1.9691145132909533 38816
# 4 34 24
996.9999999999806 32 34 1.0000002128273764 1.9701067789940248 38816
# 4 34 24
997.9999999999803 32 34 1.0000002128279748 1.9699385689115623 38816
# 4 34 24
998.9999999999803 32 34 1.00000021282867 1.9686297993139676 38816
# 4 34 24
999.9999999999801 32 34 1.0000002128294676 1.9662623880802959 38816
# 4 34 24
