# vmf_atol: 1e-07 | ps2_atol: 1e-07 | ps2_ratio: 2.0 | ode_method: dopri5 | ode_atol: 1e-07 | ode_rtol: 1e-05 | vmf_reg_method: extend | vmf_reg_type: ip | cache_svd_info: True
# frame = {Node('[H]0'): [End('[H]i'), End('[H]j'), Node('[H]3')], Node('[H]3'): [Node('[H]0'), Node('[H]2'), Node('[H]1')], Node('[H]2'): [Node('[H]3'), End('[H]0-2'), End('[H]0-3')], Node('[H]1'): [Node('[H]3'), End('[H]0-0'), End('[H]0-1')]}
# time ode_steps max_rank tr norm
# # ([H]0)-([H]3) ([H]3)-([H]1) ([H]3)-([H]2)
0.0 0 3 1.0 1.0 3789
# 3 3 3
1.0 140 16 1.0000002528715202 1.0036324581682488 21040
# 4 16 16
2.0 140 18 1.0000002528715144 1.0142679107523804 22418
# 4 18 16
3.0 140 24 1.00000025287136 1.0312019103225232 29436
# 4 24 20
4.0 140 28 1.000000252871387 1.053395281771552 33730
# 4 28 22
5.000000000000001 140 34 1.000000252871369 1.079588887429756 45618
# 4 34 32
6.0 86 34 1.0000002528713483 1.1084126658678142 45618
# 4 34 32
7.000000000000001 74 34 1.0000002528713896 1.1384507269447526 45618
# 4 34 32
8.0 68 34 1.0000002528715015 1.1682872427070725 45618
# 4 34 32
9.0 68 34 1.0000002528716494 1.1965477657121626 45618
# 4 34 32
10.000000000000002 68 34 1.0000002528720386 1.2219587344618794 45618
# 4 34 32
11.0 56 34 1.0000002528725431 1.2434346049191611 45618
# 4 34 32
12.0 56 34 1.00000025287268 1.260184639947345 45618
# 4 34 32
13.000000000000002 50 34 1.0000002528732241 1.2718164409536774 45618
# 4 34 32
14.000000000000002 50 34 1.0000002528746388 1.2784059581630207 45618
# 4 34 32
15.000000000000002 50 34 1.000000252876258 1.2805062625140222 45618
# 4 34 32
16.0 50 34 1.0000002528778393 1.279078969939235 45618
# 4 34 32
17.0 50 34 1.0000002528794274 1.2753496554629926 45618
# 4 34 32
18.0 50 34 1.0000002528807839 1.2706075758322544 45618
# 4 34 32
19.000000000000004 50 34 1.0000002528824474 1.265986232951541 45618
# 4 34 32
20.000000000000004 56 34 1.0000002528831486 1.2622707593539395 45618
# 4 34 32
21.000000000000004 56 34 1.000000252884495 1.2597771525361618 45618
# 4 34 32
22.0 50 34 1.000000252887786 1.2583348357411197 45618
# 4 34 32
23.0 44 34 1.0000002528883822 1.25737943865219 45618
# 4 34 32
24.0 44 34 1.0000002528902519 1.2561337362240652 45618
# 4 34 32
25.000000000000004 44 34 1.000000252892274 1.2538310847468808 45618
# 4 34 32
26.000000000000004 44 34 1.0000002528934726 1.2499255306945491 45618
# 4 34 32
27.000000000000004 44 34 1.0000002528940328 1.2442386813819017 45618
# 4 34 32
28.000000000000004 44 34 1.0000002528938206 1.2370122293564594 45618
# 4 34 32
29.000000000000004 44 34 1.0000002528932002 1.228860014205085 45618
# 4 34 32
30.000000000000004 44 34 1.0000002528921548 1.220637432041169 45618
# 4 34 32
31.000000000000004 44 34 1.000000252890651 1.2132632698391579 45618
# 4 34 32
32.0 44 34 1.0000002528883134 1.2075366964668162 45618
# 4 34 32
33.0 44 34 1.0000002528842282 1.2039897696825148 45618
# 4 34 32
34.0 44 34 1.000000252879171 1.2028049980521756 45618
# 4 34 32
35.0 44 34 1.000000252879258 1.2038113737205254 45618
# 4 34 32
36.0 44 34 1.0000002528830434 1.2065550309873894 45618
# 4 34 32
37.0 44 34 1.0000002528883671 1.2104262817668714 45618
# 4 34 32
38.00000000000001 44 34 1.0000002528911376 1.2148156006331898 45618
# 4 34 32
39.00000000000001 44 34 1.0000002528898837 1.2192673933150435 45618
# 4 34 32
40.00000000000001 44 34 1.0000002528863023 1.2236010449087984 45618
# 4 34 32
41.00000000000001 44 34 1.0000002528825789 1.2279729470328624 45618
# 4 34 32
42.00000000000001 44 34 1.000000252883026 1.2328610030930627 45618
# 4 34 32
43.00000000000001 44 34 1.0000002528859948 1.2389651571091018 45618
# 4 34 32
44.0 44 34 1.0000002528911323 1.2470339644722082 45618
# 4 34 32
44.99999999999999 44 34 1.0000002528961565 1.2576464154443023 45618
# 4 34 32
45.99999999999999 44 34 1.0000002529022243 1.2709953823125215 45618
# 4 34 32
46.99999999999999 44 34 1.0000002529105947 1.286726941871405 45618
# 4 34 32
47.999999999999986 44 34 1.0000002529181131 1.3038822377469446 45618
# 4 34 32
48.99999999999998 44 34 1.0000002529249858 1.3209653640895371 45618
# 4 34 32
49.99999999999997 44 34 1.0000002529321368 1.336129634650636 45618
# 4 34 32
50.999999999999964 44 34 1.0000002529393106 1.34744669465339 45618
# 4 34 32
51.999999999999964 38 34 1.0000002529433332 1.3532061967543425 45618
# 4 34 32
52.99999999999996 38 34 1.0000002529455054 1.352190059002999 45618
# 4 34 32
53.999999999999964 38 34 1.0000002529487042 1.3438724689624986 45618
# 4 34 32
54.99999999999996 44 34 1.0000002529526133 1.3285117291358435 45618
# 4 34 32
55.99999999999995 44 34 1.000000252954947 1.3071199356864693 45618
# 4 34 32
56.99999999999994 44 34 1.000000252954777 1.2813182648476036 45618
# 4 34 32
57.999999999999936 44 34 1.0000002529523864 1.2531056835529724 45618
# 4 34 32
58.999999999999936 44 34 1.0000002529501315 1.2245837015245462 45618
# 4 34 32
59.99999999999993 44 34 1.0000002529453775 1.1976868516248707 45618
# 4 34 32
60.99999999999992 44 34 1.0000002529370904 1.1739666568439546 45618
# 4 34 32
61.999999999999915 44 34 1.000000252929809 1.1544656080306053 45618
# 4 34 32
62.99999999999991 44 34 1.0000002529220124 1.139698148368741 45618
# 4 34 32
63.999999999999915 44 34 1.0000002529176077 1.129731390219705 45618
# 4 34 32
64.99999999999991 38 34 1.0000002529219092 1.1243356709070744 45618
# 4 34 32
65.9999999999999 38 34 1.000000252924067 1.1231609186107425 45618
# 4 34 32
66.9999999999999 38 34 1.0000002529261247 1.1258926836106278 45618
# 4 34 32
67.9999999999999 38 34 1.0000002529273315 1.1323503755643682 45618
# 4 34 32
68.99999999999989 38 34 1.0000002529294085 1.1425058265644277 45618
# 4 34 32
69.99999999999989 38 34 1.0000002529312324 1.1564191155065888 45618
# 4 34 32
70.99999999999987 38 34 1.0000002529323255 1.174108057535669 45618
# 4 34 32
71.99999999999987 38 34 1.0000002529344452 1.1953850172053404 45618
# 4 34 32
72.99999999999987 38 34 1.0000002529377163 1.219705470963951 45618
# 4 34 32
73.99999999999987 38 34 1.0000002529412901 1.2460726052123647 45618
# 4 34 32
74.99999999999987 38 34 1.0000002529443988 1.2730298240752562 45618
# 4 34 32
75.99999999999986 44 34 1.0000002529465744 1.2987520522276939 45618
# 4 34 32
76.99999999999986 44 34 1.0000002529476162 1.3212241861472431 45618
# 4 34 32
77.99999999999984 38 34 1.0000002529470529 1.3384772219304268 45618
# 4 34 32
78.99999999999984 38 34 1.0000002529462042 1.348842290564323 45618
# 4 34 32
79.99999999999984 38 34 1.000000252944825 1.3511800707760722 45618
# 4 34 32
80.99999999999983 38 34 1.0000002529438161 1.3450470572606492 45618
# 4 34 32
81.99999999999983 38 34 1.0000002529431449 1.330770329539396 45618
# 4 34 32
82.99999999999983 38 34 1.000000252942967 1.3094177328588665 45618
# 4 34 32
83.99999999999983 38 34 1.0000002529423755 1.2826683842568536 45618
# 4 34 32
84.99999999999982 44 34 1.0000002529397656 1.2526056300473651 45618
# 4 34 32
85.99999999999983 38 34 1.0000002529375398 1.221467499366894 45618
# 4 34 32
86.99999999999983 38 34 1.0000002529349086 1.1913960761185538 45618
# 4 34 32
87.99999999999984 38 34 1.0000002529324001 1.1642263598009293 45618
# 4 34 32
88.99999999999984 38 34 1.0000002529295198 1.1413472919670498 45618
# 4 34 32
89.99999999999984 38 34 1.0000002529268108 1.1236532292874826 45618
# 4 34 32
90.99999999999986 38 34 1.0000002529257432 1.1115848457170923 45618
# 4 34 32
91.99999999999984 38 34 1.0000002529237488 1.1052381656357295 45618
# 4 34 32
92.99999999999986 38 34 1.0000002529222918 1.1045050569721806 45618
# 4 34 32
93.99999999999986 38 34 1.0000002529230718 1.1092031465581615 45618
# 4 34 32
94.99999999999986 38 34 1.0000002529265664 1.1191591772174831 45618
# 4 34 32
95.99999999999987 38 34 1.0000002529311378 1.1342247596131574 45618
# 4 34 32
96.99999999999987 38 34 1.0000002529368164 1.1542227970589254 45618
# 4 34 32
97.99999999999989 38 34 1.0000002529429106 1.1788420030028268 45618
# 4 34 32
98.99999999999989 38 34 1.0000002529461776 1.2075116665088828 45618
# 4 34 32
99.9999999999999 38 34 1.000000252946951 1.2392954524716722 45618
# 4 34 32
100.9999999999999 38 34 1.0000002529465892 1.272839534946511 45618
# 4 34 32
101.99999999999991 38 34 1.00000025294586 1.3063978686086186 45618
# 4 34 32
102.9999999999999 38 34 1.0000002529450358 1.3379400145262672 45618
# 4 34 32
103.9999999999999 38 34 1.0000002529437122 1.3653296122445848 45618
# 4 34 32
104.99999999999991 38 34 1.0000002529426186 1.3865478481997147 45618
# 4 34 32
105.99999999999991 38 34 1.000000252942071 1.399927640959621 45618
# 4 34 32
106.99999999999993 38 34 1.0000002529426255 1.4043612880336942 45618
# 4 34 32
107.99999999999993 38 34 1.0000002529442735 1.3994474323552004 45618
# 4 34 32
108.99999999999994 38 34 1.000000252946477 1.3855525101125183 45618
# 4 34 32
109.99999999999993 38 34 1.0000002529472662 1.3637762222661696 45618
# 4 34 32
110.99999999999994 38 34 1.000000252946395 1.3358272768088448 45618
# 4 34 32
111.99999999999994 44 34 1.0000002529453806 1.3038309242652326 45618
# 4 34 32
112.99999999999996 44 34 1.0000002529443843 1.2701002935729953 45618
# 4 34 32
113.99999999999996 38 34 1.0000002529433032 1.2369074788686774 45618
# 4 34 32
114.99999999999997 38 34 1.0000002529409686 1.2062878284985792 45618
# 4 34 32
115.99999999999997 38 34 1.0000002529368217 1.1799031145830539 45618
# 4 34 32
116.99999999999999 38 34 1.0000002529326868 1.1589775020642723 45618
# 4 34 32
117.99999999999997 38 34 1.0000002529253877 1.1443057955278428 45618
# 4 34 32
119.0 38 34 1.000000252919767 1.136318464915649 45618
# 4 34 32
119.99999999999999 38 34 1.0000002529154104 1.135175943377616 45618
# 4 34 32
121.0 38 34 1.0000002529133147 1.1408595143722562 45618
# 4 34 32
122.0 38 34 1.0000002529141732 1.1532299065866716 45618
# 4 34 32
123.00000000000001 38 34 1.0000002529181509 1.1720365760623117 45618
# 4 34 32
124.00000000000001 38 34 1.0000002529212364 1.1968769989710208 45618
# 4 34 32
125.00000000000003 38 34 1.0000002529226184 1.2271213790805435 45618
# 4 34 32
126.00000000000001 38 34 1.0000002529231382 1.2618295722225528 45618
# 4 34 32
127.00000000000004 38 34 1.0000002529237997 1.2996908535178726 45618
# 4 34 32
128.00000000000003 38 34 1.0000002529249352 1.3390128891163393 45618
# 4 34 32
129.00000000000003 38 34 1.0000002529265966 1.3777758266426878 45618
# 4 34 32
130.00000000000003 38 34 1.000000252928344 1.4137540138393165 45618
# 4 34 32
131.00000000000003 38 34 1.0000002529316625 1.4446945087665883 45618
# 4 34 32
132.00000000000006 38 34 1.0000002529357837 1.4685302721931612 45618
# 4 34 32
133.00000000000006 38 34 1.000000252938475 1.4835980557757726 45618
# 4 34 32
134.00000000000006 38 34 1.0000002529385865 1.4888277648901904 45618
# 4 34 32
135.00000000000006 38 34 1.000000252938141 1.4838726541360778 45618
# 4 34 32
136.00000000000009 38 34 1.0000002529350693 1.469158461623726 45618
# 4 34 32
137.00000000000006 38 34 1.0000002529308512 1.4458432388481641 45618
# 4 34 32
138.00000000000009 38 34 1.000000252925288 1.415695210182645 45618
# 4 34 32
139.00000000000009 38 34 1.0000002529177086 1.3809097038037164 45618
# 4 34 32
140.00000000000009 38 34 1.0000002529114007 1.343894847878959 45618
# 4 34 32
141.00000000000009 38 34 1.0000002529094323 1.3070578970257833 45618
# 4 34 32
142.0000000000001 38 34 1.000000252910993 1.272620298510044 45618
# 4 34 32
143.0000000000001 38 34 1.0000002529150753 1.2424817056133068 45618
# 4 34 32
144.0000000000001 38 34 1.0000002529167027 1.21814300185071 45618
# 4 34 32
145.0000000000001 38 34 1.0000002529124838 1.2006874467822561 45618
# 4 34 32
146.0000000000001 38 34 1.0000002529074674 1.1908085453030597 45618
# 4 34 32
147.0000000000001 38 34 1.0000002529028285 1.188864914657327 45618
# 4 34 32
148.00000000000014 38 34 1.0000002528959882 1.1949385305690106 45618
# 4 34 32
149.00000000000014 38 34 1.000000252885312 1.2088750244658526 45618
# 4 34 32
150.00000000000014 38 34 1.0000002528765142 1.2302931002867858 45618
# 4 34 32
151.00000000000014 38 34 1.000000252872172 1.2585622931690703 45618
# 4 34 32
152.00000000000017 38 34 1.000000252871259 1.2927604338202858 45618
# 4 34 32
153.00000000000014 38 34 1.000000252872569 1.3316306832418372 45618
# 4 34 32
154.00000000000014 38 34 1.0000002528759886 1.3735607293447254 45618
# 4 34 32
155.00000000000017 38 34 1.000000252880949 1.416603556977684 45618
# 4 34 32
156.00000000000017 38 34 1.0000002528861711 1.4585515255458772 45618
# 4 34 32
157.00000000000017 38 34 1.0000002528909855 1.4970653008541892 45618
# 4 34 32
158.00000000000017 38 34 1.0000002528963519 1.5298483202650275 45618
# 4 34 32
159.0000000000002 38 34 1.000000252899473 1.5548475063484 45618
# 4 34 32
160.00000000000017 38 34 1.0000002529028928 1.5704535195811204 45618
# 4 34 32
161.0000000000002 38 34 1.0000002529048475 1.5756707173630482 45618
# 4 34 32
162.0000000000002 38 34 1.0000002529038845 1.570229561575009 45618
# 4 34 32
163.0000000000002 38 34 1.0000002529007448 1.5546227005497202 45618
# 4 34 32
164.0000000000002 38 34 1.0000002528951866 1.5300588159970305 45618
# 4 34 32
165.00000000000023 38 34 1.0000002528883727 1.4983425194475524 45618
# 4 34 32
166.00000000000023 38 34 1.000000252884979 1.4617005342143043 45618
# 4 34 32
167.00000000000023 38 34 1.0000002528833307 1.4225813319502907 45618
# 4 34 32
168.00000000000023 38 34 1.0000002528831198 1.3834562722619836 45618
# 4 34 32
169.00000000000023 38 34 1.0000002528821723 1.3466459316096164 45618
# 4 34 32
170.00000000000023 38 34 1.0000002528801089 1.3141876625196345 45618
# 4 34 32
171.00000000000026 38 34 1.0000002528760947 1.287751575635582 45618
# 4 34 32
172.00000000000026 38 34 1.000000252866908 1.2686035816469485 45618
# 4 34 32
173.00000000000026 38 34 1.0000002528609504 1.2576067649746663 45618
# 4 34 32
174.00000000000026 38 34 1.0000002528576255 1.2552469732361196 45618
# 4 34 32
175.00000000000028 38 34 1.0000002528542427 1.2616661261979607 45618
# 4 34 32
176.00000000000026 38 34 1.0000002528498495 1.2766883405435718 45618
# 4 34 32
177.00000000000028 38 34 1.000000252849793 1.2998296197627863 45618
# 4 34 32
178.00000000000028 38 34 1.0000002528519083 1.3302902282039484 45618
# 4 34 32
179.00000000000028 38 34 1.0000002528544893 1.3669374927401488 45618
# 4 34 32
180.00000000000028 38 34 1.000000252857837 1.4082931000511913 45618
# 4 34 32
181.00000000000028 38 34 1.0000002528623515 1.4525413403853324 45618
# 4 34 32
182.0000000000003 38 34 1.000000252868713 1.4975728312519818 45618
# 4 34 32
183.00000000000028 38 34 1.000000252875195 1.5410726675441488 45618
# 4 34 32
184.0000000000003 38 34 1.000000252881197 1.5806538012019462 45618
# 4 34 32
185.0000000000003 38 34 1.0000002528857719 1.6140270832139465 45618
# 4 34 32
186.0000000000003 38 34 1.0000002528913314 1.6391903941611845 45618
# 4 34 32
187.0000000000003 38 34 1.0000002528959362 1.6546125459951495 45618
# 4 34 32
188.00000000000034 38 34 1.0000002528976497 1.6593850796886624 45618
# 4 34 32
189.00000000000034 38 34 1.0000002528961687 1.653317991625102 45618
# 4 34 32
190.00000000000034 38 34 1.000000252893327 1.6369637245292048 45618
# 4 34 32
191.00000000000034 38 34 1.0000002528882797 1.6115657367240122 45618
# 4 34 32
192.00000000000034 38 34 1.0000002528824339 1.5789406604998493 45618
# 4 34 32
193.00000000000034 38 34 1.0000002528769518 1.5413132842440433 45618
# 4 34 32
194.00000000000037 38 34 1.000000252873572 1.5011290450267873 45618
# 4 34 32
195.00000000000037 38 34 1.0000002528715946 1.460868712154689 45618
# 4 34 32
196.00000000000037 38 34 1.0000002528725551 1.4228854068146986 45618
# 4 34 32
197.00000000000037 38 34 1.0000002528754248 1.3892769511022909 45618
# 4 34 32
198.0000000000004 38 34 1.0000002528774712 1.361798790551844 45618
# 4 34 32
199.00000000000037 38 34 1.0000002528753815 1.3418158475533846 45618
# 4 34 32
200.00000000000037 38 34 1.0000002528691345 1.330286379743589 45618
# 4 34 32
201.00000000000043 38 34 1.0000002528615197 1.3277675498357822 45618
# 4 34 32
202.0000000000004 38 34 1.0000002528536822 1.3344312324715404 45618
# 4 34 32
203.0000000000004 38 34 1.0000002528463146 1.3500798926507263 45618
# 4 34 32
204.0000000000004 38 34 1.0000002528423046 1.374156171709516 45618
# 4 34 32
205.0000000000004 38 34 1.0000002528401741 1.4057454157412477 45618
# 4 34 32
206.00000000000043 38 34 1.0000002528410543 1.443576370184001 45618
# 4 34 32
207.00000000000043 38 34 1.0000002528444276 1.4860299821766008 45618
# 4 34 32
208.00000000000043 38 34 1.0000002528493233 1.531168379288398 45618
# 4 34 32
209.00000000000043 38 34 1.000000252854489 1.576794992057934 45618
# 4 34 32
210.00000000000045 38 34 1.000000252858609 1.620552510105171 45618
# 4 34 32
211.00000000000045 38 34 1.000000252863702 1.6600585281840858 45618
# 4 34 32
212.00000000000043 38 34 1.0000002528705032 1.6930704866028001 45618
# 4 34 32
213.00000000000043 38 34 1.0000002528773848 1.7176634800688917 45618
# 4 34 32
214.00000000000048 38 34 1.0000002528817789 1.7323986726476581 45618
# 4 34 32
215.00000000000045 38 34 1.0000002528835152 1.7364582527117771 45618
# 4 34 32
216.00000000000045 38 34 1.000000252882652 1.7297261257661642 45618
# 4 34 32
217.00000000000045 38 34 1.0000002528791436 1.7128015505697713 45618
# 4 34 32
218.00000000000048 38 34 1.0000002528745244 1.686943893896607 45618
# 4 34 32
219.00000000000048 38 34 1.0000002528697784 1.6539578760056288 45618
# 4 34 32
220.00000000000048 38 34 1.0000002528656327 1.6160373377552897 45618
# 4 34 32
221.00000000000048 38 34 1.0000002528619527 1.5755898217443176 45618
# 4 34 32
222.0000000000005 38 34 1.000000252856847 1.5350637015909627 45618
# 4 34 32
223.0000000000005 38 34 1.000000252853329 1.496795167480821 45618
# 4 34 32
224.0000000000005 38 34 1.000000252852666 1.4628858543024301 45618
# 4 34 32
225.0000000000005 38 34 1.0000002528546035 1.4351151344895754 45618
# 4 34 32
226.00000000000054 38 34 1.000000252856458 1.4148854408693685 45618
# 4 34 32
227.00000000000054 38 34 1.000000252856048 1.4031950655911591 45618
# 4 34 32
228.00000000000054 38 34 1.0000002528524523 1.4006307729429714 45618
# 4 34 32
229.0000000000005 38 34 1.0000002528492626 1.4073721308417906 45618
# 4 34 32
230.0000000000005 38 34 1.0000002528458782 1.423200610413768 45618
# 4 34 32
231.00000000000054 38 34 1.0000002528466028 1.4475091306931607 45618
# 4 34 32
232.00000000000054 38 34 1.0000002528493688 1.4793115059824133 45618
# 4 34 32
233.00000000000054 38 34 1.000000252853681 1.517255444822217 45618
# 4 34 32
234.00000000000054 38 34 1.0000002528573868 1.559646284399058 45618
# 4 34 32
235.00000000000057 38 34 1.0000002528593064 1.604490433338233 45618
# 4 34 32
236.00000000000057 38 34 1.0000002528594791 1.6495667578612603 45618
# 4 34 32
237.00000000000057 38 34 1.0000002528595215 1.6925306268214722 45618
# 4 34 32
238.00000000000057 38 34 1.0000002528616503 1.7310494131128775 45618
# 4 34 32
239.0000000000006 38 34 1.0000002528669893 1.7629609820172611 45618
# 4 34 32
240.0000000000006 38 34 1.000000252874388 1.7864397034240689 45618
# 4 34 32
241.0000000000006 38 34 1.0000002528806489 1.8001496956427994 45618
# 4 34 32
242.00000000000057 38 34 1.0000002528838858 1.80336397245249 45618
# 4 34 32
243.00000000000063 38 34 1.000000252883177 1.7960316860290015 45618
# 4 34 32
244.00000000000063 38 34 1.0000002528797798 1.7787832301008888 45618
# 4 34 32
245.0000000000006 38 34 1.000000252876037 1.7528728489240684 45618
# 4 34 32
246.0000000000006 38 34 1.0000002528724394 1.7200681410935499 45618
# 4 34 32
247.00000000000065 38 34 1.000000252868539 1.6825031131729824 45618
# 4 34 32
248.00000000000063 38 34 1.000000252865231 1.6425147505507467 45618
# 4 34 32
249.00000000000063 38 34 1.0000002528619096 1.6024822031228767 45618
# 4 34 32
250.00000000000063 38 34 1.0000002528583547 1.5646835491895774 45618
# 4 34 32
251.00000000000065 38 34 1.0000002528548264 1.531179286210773 45618
# 4 34 32
252.00000000000065 38 34 1.000000252853025 1.5037258393843833 45618
# 4 34 32
253.00000000000065 38 34 1.0000002528514795 1.4837176708852382 45618
# 4 34 32
254.00000000000065 32 34 1.0000002528493397 1.472153546753069 45618
# 4 34 32
255.00000000000063 38 34 1.000000252845966 1.469621139532619 45618
# 4 34 32
256.0000000000007 38 34 1.0000002528414358 1.4762941061389048 45618
# 4 34 32
257.0000000000007 38 34 1.000000252837984 1.4919368000826798 45618
# 4 34 32
258.0000000000007 38 34 1.000000252837333 1.5159137003413352 45618
# 4 34 32
259.0000000000007 38 34 1.000000252839243 1.5472033031309995 45618
# 4 34 32
260.0000000000007 38 34 1.0000002528434258 1.5844192331178704 45618
# 4 34 32
261.0000000000007 38 34 1.0000002528477967 1.6258439684425843 45618
# 4 34 32
262.0000000000007 38 34 1.0000002528506273 1.6694819379899968 45618
# 4 34 32
263.0000000000007 38 34 1.000000252851291 1.7131380577600759 45618
# 4 34 32
264.00000000000074 38 34 1.000000252850842 1.7545246758865636 45618
# 4 34 32
265.00000000000074 38 34 1.0000002528511467 1.7913946840386588 45618
# 4 34 32
266.0000000000007 38 34 1.0000002528533474 1.8216922119783148 45618
# 4 34 32
267.0000000000007 38 34 1.0000002528572431 1.8437063814741712 45618
# 4 34 32
268.00000000000074 38 34 1.0000002528604959 1.8562097674098268 45618
# 4 34 32
269.00000000000074 38 34 1.0000002528614094 1.8585628666501688 45618
# 4 34 32
270.00000000000074 38 34 1.0000002528601475 1.8507695241543036 45618
# 4 34 32
271.00000000000074 38 34 1.000000252857465 1.8334752921837785 45618
# 4 34 32
272.00000000000074 38 34 1.0000002528540886 1.8079094718648903 45618
# 4 34 32
273.00000000000074 38 34 1.0000002528506713 1.7757799708058175 45618
# 4 34 32
274.00000000000074 38 34 1.0000002528479324 1.7391361617837566 45618
# 4 34 32
275.00000000000074 38 34 1.0000002528457088 1.700217491427618 45618
# 4 34 32
276.0000000000008 38 34 1.0000002528433318 1.661304571849335 45618
# 4 34 32
277.0000000000008 38 34 1.0000002528408423 1.624585741281016 45618
# 4 34 32
278.0000000000008 38 34 1.0000002528390053 1.5920469832381543 45618
# 4 34 32
279.0000000000008 38 34 1.0000002528382994 1.5653880553465263 45618
# 4 34 32
280.00000000000074 38 34 1.0000002528375072 1.5459637225532663 45618
# 4 34 32
281.0000000000008 38 34 1.0000002528343583 1.5347465619734253 45618
# 4 34 32
282.0000000000008 38 34 1.0000002528286391 1.5323068369069648 45618
# 4 34 32
283.0000000000008 38 34 1.0000002528224394 1.5388050805982796 45618
# 4 34 32
284.0000000000008 38 34 1.0000002528179517 1.5539939484559668 45618
# 4 34 32
285.0000000000008 38 34 1.00000025281703 1.577227404849648 45618
# 4 34 32
286.0000000000008 38 34 1.0000002528194654 1.607477297258194 45618
# 4 34 32
287.0000000000008 38 34 1.000000252825099 1.6433595929787455 45618
# 4 34 32
288.0000000000008 38 34 1.0000002528304706 1.6831744889445193 45618
# 4 34 32
289.00000000000085 38 34 1.000000252832971 1.7249655153798056 45618
# 4 34 32
290.00000000000085 38 34 1.0000002528322636 1.7666019479486743 45618
# 4 34 32
291.00000000000085 38 34 1.0000002528305296 1.8058859959478086 45618
# 4 34 32
292.00000000000085 32 34 1.0000002528290377 1.8406816188514108 45618
# 4 34 32
293.00000000000085 32 34 1.0000002528285314 1.869056356649177 45618
# 4 34 32
294.00000000000085 32 34 1.0000002528291518 1.8894226283896032 45618
# 4 34 32
295.00000000000085 32 34 1.000000252830242 1.9006620432152561 45618
# 4 34 32
296.00000000000085 32 34 1.0000002528305183 1.902216484941753 45618
# 4 34 32
297.0000000000009 32 34 1.0000002528292022 1.8941333822016768 45618
# 4 34 32
298.0000000000009 32 34 1.0000002528267509 1.8770589920280734 45618
# 4 34 32
299.00000000000085 38 34 1.000000252823372 1.8521812243843139 45618
# 4 34 32
300.00000000000085 38 34 1.0000002528196865 1.8211306897349748 45618
# 4 34 32
301.0000000000009 38 34 1.000000252816635 1.7858536666385458 45618
# 4 34 32
302.0000000000009 38 34 1.0000002528145813 1.7484726684932186 45618
# 4 34 32
303.0000000000009 38 34 1.0000002528125398 1.7111492357551115 45618
# 4 34 32
304.0000000000009 32 34 1.0000002528103997 1.6759602548725678 45618
# 4 34 32
305.0000000000009 32 34 1.000000252809028 1.644794691174934 45618
# 4 34 32
306.0000000000009 32 34 1.0000002528085488 1.6192733096189422 45618
# 4 34 32
307.0000000000009 32 34 1.0000002528080059 1.6006906085636787 45618
# 4 34 32
308.0000000000009 32 34 1.0000002528051506 1.589976183339655 45618
# 4 34 32
309.0000000000009 32 34 1.0000002527995486 1.5876719978555915 45618
# 4 34 32
310.00000000000097 38 34 1.0000002527933805 1.5939222536421864 45618
# 4 34 32
311.00000000000097 32 34 1.000000252789003 1.6084733763368007 45618
# 4 34 32
312.0000000000009 32 34 1.0000002527865302 1.6306828894568939 45618
# 4 34 32
313.0000000000009 38 34 1.000000252784924 1.6595375029999686 45618
# 4 34 32
314.00000000000097 32 34 1.0000002527836602 1.6936824175720033 45618
# 4 34 32
315.00000000000097 32 34 1.0000002527840461 1.7314652223467222 45618
# 4 34 32
316.00000000000097 32 34 1.0000002527868108 1.7709982516765512 45618
# 4 34 32
317.00000000000097 32 34 1.0000002527900067 1.8102422975527799 45618
# 4 34 32
318.00000000000097 32 34 1.000000252791136 1.8471119085061547 45618
# 4 34 32
319.00000000000097 38 34 1.0000002527896634 1.8795984227341425 45618
# 4 34 32
320.00000000000097 32 34 1.0000002527879726 1.9059022253929176 45618
# 4 34 32
321.00000000000097 32 34 1.0000002527861485 1.9245617078790322 45618
# 4 34 32
322.000000000001 38 34 1.0000002527846361 1.9345642906808407 45618
# 4 34 32
323.000000000001 32 34 1.0000002527822545 1.9354255151942374 45618
# 4 34 32
324.000000000001 32 34 1.0000002527796745 1.9272257600564573 45618
# 4 34 32
325.00000000000097 32 34 1.0000002527769658 1.9105999186929083 45618
# 4 34 32
326.000000000001 32 34 1.000000252774272 1.8866820721626032 45618
# 4 34 32
327.000000000001 32 34 1.0000002527720615 1.8570132607719902 45618
# 4 34 32
328.000000000001 32 34 1.000000252770577 1.8234246032433619 45618
# 4 34 32
329.000000000001 32 34 1.0000002527696201 1.7879095478031044 45618
# 4 34 32
330.000000000001 32 34 1.0000002527687095 1.7524980185476113 45618
# 4 34 32
331.000000000001 32 34 1.0000002527689211 1.7191423140811788 45618
# 4 34 32
332.000000000001 32 34 1.0000002527698435 1.6896208241621282 45618
# 4 34 32
333.000000000001 32 34 1.0000002527722491 1.6654619489128686 45618
# 4 34 32
334.000000000001 32 34 1.0000002527753258 1.6478877558173888 45618
# 4 34 32
335.0000000000011 32 34 1.0000002527775684 1.6377752109085448 45618
# 4 34 32
336.0000000000011 32 34 1.0000002527778404 1.6356322187066152 45618
# 4 34 32
337.0000000000011 32 34 1.000000252777395 1.641585928579567 45618
# 4 34 32
338.0000000000011 32 34 1.0000002527771616 1.6553815154464337 45618
# 4 34 32
339.0000000000011 32 34 1.000000252777768 1.676390715270896 45618
# 4 34 32
340.0000000000011 32 34 1.0000002527785277 1.703630658752351 45618
# 4 34 32
341.0000000000011 32 34 1.000000252779758 1.7357948164554668 45618
# 4 34 32
342.0000000000011 32 34 1.0000002527815386 1.7712988038127397 45618
# 4 34 32
343.00000000000114 32 34 1.0000002527823422 1.8083439210465933 45618
# 4 34 32
344.0000000000011 38 34 1.0000002527814087 1.8450001900766542 45618
# 4 34 32
345.0000000000011 38 34 1.0000002527791247 1.8793081462748802 45618
# 4 34 32
346.0000000000011 38 34 1.0000002527765117 1.9093950462780855 45618
# 4 34 32
347.00000000000114 38 34 1.0000002527747964 1.933597225159674 45618
# 4 34 32
348.00000000000114 38 34 1.0000002527727023 1.9505771279164565 45618
# 4 34 32
349.00000000000114 38 34 1.0000002527693839 1.9594220794410813 45618
# 4 34 32
350.00000000000114 38 34 1.0000002527646985 1.9597127999057953 45618
# 4 34 32
351.00000000000114 38 34 1.0000002527583474 1.9515530471299918 45618
# 4 34 32
352.00000000000114 38 34 1.0000002527507361 1.935556923005453 45618
# 4 34 32
353.00000000000114 38 34 1.0000002527429028 1.9127961694133615 45618
# 4 34 32
354.00000000000114 38 34 1.000000252735478 1.884714909358938 45618
# 4 34 32
355.00000000000114 38 34 1.000000252728545 1.8530227142264801 45618
# 4 34 32
356.0000000000012 32 34 1.0000002527236602 1.8195780741990975 45618
# 4 34 32
357.0000000000012 32 34 1.000000252721065 1.7862734001638731 45618
# 4 34 32
358.00000000000114 32 34 1.0000002527203447 1.7549301724944701 45618
# 4 34 32
359.00000000000114 32 34 1.0000002527215788 1.727209614066133 45618
# 4 34 32
360.0000000000012 32 34 1.0000002527244334 1.704541128318824 45618
# 4 34 32
361.0000000000012 32 34 1.000000252728868 1.688068309695688 45618
# 4 34 32
362.0000000000012 32 34 1.0000002527340486 1.6786108765709358 45618
# 4 34 32
363.0000000000012 32 34 1.0000002527389045 1.6766403629921909 45618
# 4 34 32
364.0000000000012 32 34 1.0000002527422005 1.6822676149669464 45618
# 4 34 32
365.0000000000012 32 34 1.0000002527428618 1.695240810055171 45618
# 4 34 32
366.0000000000012 32 34 1.0000002527420377 1.7149536524311595 45618
# 4 34 32
367.0000000000012 32 34 1.0000002527405154 1.7404644360440737 45618
# 4 34 32
368.00000000000125 32 34 1.0000002527399192 1.7705276288434633 45618
# 4 34 32
369.00000000000125 32 34 1.0000002527407754 1.8036402184422868 45618
# 4 34 32
370.00000000000125 32 34 1.0000002527424414 1.8381049016991375 45618
# 4 34 32
371.0000000000012 32 34 1.0000002527437644 1.8721109855933626 45618
# 4 34 32
372.00000000000125 32 34 1.0000002527442873 1.9038315285166756 45618
# 4 34 32
373.00000000000125 32 34 1.0000002527438223 1.9315320996859096 45618
# 4 34 32
374.00000000000125 32 34 1.0000002527419511 1.9536832496874825 45618
# 4 34 32
375.00000000000125 32 34 1.0000002527397591 1.9690662580144156 45618
# 4 34 32
376.0000000000013 32 34 1.0000002527384029 1.976860783984605 45618
# 4 34 32
377.00000000000125 32 34 1.0000002527380232 1.9767041802974412 45618
# 4 34 32
378.00000000000125 32 34 1.0000002527381728 1.9687153797309036 45618
# 4 34 32
379.00000000000125 32 34 1.0000002527378724 1.9534808267649753 45618
# 4 34 32
380.00000000000125 32 34 1.0000002527346035 1.9320049075556862 45618
# 4 34 32
381.0000000000013 32 34 1.0000002527295935 1.9056316615850528 45618
# 4 34 32
382.0000000000013 32 34 1.0000002527246672 1.8759473934037265 45618
# 4 34 32
383.0000000000013 32 34 1.0000002527206238 1.8446747433101398 45618
# 4 34 32
384.0000000000013 32 34 1.0000002527172356 1.813567919635238 45618
# 4 34 32
385.0000000000013 32 34 1.000000252715606 1.7843166395900545 45618
# 4 34 32
386.0000000000013 32 34 1.0000002527152263 1.7584635698494142 45618
# 4 34 32
387.0000000000013 32 34 1.000000252716471 1.7373373875414817 45618
# 4 34 32
388.0000000000013 32 34 1.000000252719679 1.722001498724791 45618
# 4 34 32
389.00000000000136 32 34 1.0000002527242662 1.7132171910229446 45618
# 4 34 32
390.0000000000013 32 34 1.0000002527286607 1.7114195464487545 45618
# 4 34 32
391.0000000000013 32 34 1.0000002527321352 1.7167046252988303 45618
# 4 34 32
392.0000000000013 32 34 1.000000252734458 1.7288270292164039 45618
# 4 34 32
393.00000000000136 32 34 1.0000002527356895 1.7472077638434333 45618
# 4 34 32
394.00000000000136 32 34 1.000000252735632 1.7709531805165046 45618
# 4 34 32
395.00000000000136 32 34 1.0000002527345941 1.7988864918261678 45618
# 4 34 32
396.00000000000136 32 34 1.0000002527335439 1.8295936735561569 45618
# 4 34 32
397.00000000000136 32 34 1.0000002527326592 1.861485196878218 45618
# 4 34 32
398.00000000000136 32 34 1.0000002527322456 1.8928737667991267 45618
# 4 34 32
399.00000000000136 32 34 1.0000002527329943 1.922066079202507 45618
# 4 34 32
400.00000000000136 32 34 1.000000252733436 1.947463862465213 45618
# 4 34 32
401.00000000000136 32 34 1.0000002527324896 1.967666741226596 45618
# 4 34 32
402.00000000000136 32 34 1.000000252729034 1.981567495894374 45618
# 4 34 32
403.0000000000014 32 34 1.0000002527263392 1.9884297533451123 45618
# 4 34 32
404.0000000000014 32 34 1.000000252723443 1.9879393798378533 45618
# 4 34 32
405.0000000000014 32 34 1.0000002527199414 1.9802237491365815 45618
# 4 34 32
406.0000000000014 32 34 1.0000002527152119 1.9658370717192741 45618
# 4 34 32
407.0000000000014 32 34 1.0000002527099894 1.9457142482060112 45618
# 4 34 32
408.0000000000014 32 34 1.0000002527053231 1.9210993653898807 45618
# 4 34 32
409.0000000000014 32 34 1.000000252701115 1.8934573081149202 45618
# 4 34 32
410.0000000000014 32 34 1.0000002526975607 1.8643777089084317 45618
# 4 34 32
411.0000000000014 32 34 1.0000002526953564 1.8354797013524962 45618
# 4 34 32
412.0000000000015 32 34 1.0000002526940153 1.80832410424553 45618
# 4 34 32
413.0000000000015 32 34 1.0000002526936094 1.7843373234744107 45618
# 4 34 32
414.0000000000015 32 34 1.0000002526956016 1.7647489852629423 45618
# 4 34 32
415.0000000000015 32 34 1.0000002526990137 1.7505435271302254 45618
# 4 34 32
416.0000000000015 32 34 1.0000002527023537 1.7424248776819815 45618
# 4 34 32
417.0000000000014 32 34 1.0000002527043532 1.7407929550278485 45618
# 4 34 32
418.0000000000014 32 34 1.0000002527053096 1.7457308701283962 45618
# 4 34 32
419.0000000000014 32 34 1.0000002527061111 1.7570022441080315 45618
# 4 34 32
420.00000000000153 32 34 1.000000252707013 1.7740587494086764 45618
# 4 34 32
421.00000000000153 32 34 1.0000002527108312 1.7960586884620824 45618
# 4 34 32
422.00000000000153 32 34 1.000000252712422 1.8218979418166215 45618
# 4 34 32
423.0000000000015 32 34 1.0000002527128835 1.850254730205755 45618
# 4 34 32
424.0000000000015 32 34 1.000000252711026 1.8796491204669485 45618
# 4 34 32
425.0000000000015 32 34 1.0000002527072347 1.9085169292187325 45618
# 4 34 32
426.0000000000015 32 34 1.0000002527025535 1.9352956957789569 45618
# 4 34 32
427.0000000000015 32 34 1.0000002526965028 1.9585180137860962 45618
# 4 34 32
428.00000000000153 32 34 1.0000002526904543 1.976905256478569 45618
# 4 34 32
429.00000000000153 32 34 1.0000002526862486 1.98945322314406 45618
# 4 34 32
430.00000000000153 32 34 1.0000002526837029 1.9955009955651861 45618
# 4 34 32
431.00000000000153 32 34 1.0000002526817193 1.9947755656376622 45618
# 4 34 32
432.00000000000153 38 34 1.0000002526790763 1.9874074393864398 45618
# 4 34 32
433.00000000000153 32 34 1.000000252674365 1.973915939066987 45618
# 4 34 32
434.00000000000153 38 34 1.000000252670069 1.9551665946665 45618
# 4 34 32
435.00000000000153 38 34 1.0000002526659229 1.932306106784299 45618
# 4 34 32
436.00000000000153 32 34 1.0000002526625316 1.9066823284938677 45618
# 4 34 32
437.0000000000016 32 34 1.000000252660964 1.8797573195052981 45618
# 4 34 32
438.0000000000016 32 34 1.000000252660687 1.8530208698244335 45618
# 4 34 32
439.0000000000016 32 34 1.0000002526622098 1.8279103278534867 45618
# 4 34 32
440.0000000000016 32 34 1.000000252662084 1.805740583191206 45618
# 4 34 32
441.0000000000016 32 34 1.0000002526640075 1.7876461184113779 45618
# 4 34 32
442.0000000000016 32 34 1.0000002526676084 1.774535509167896 45618
# 4 34 32
443.0000000000016 32 34 1.0000002526702025 1.767057797970577 45618
# 4 34 32
444.00000000000153 32 34 1.0000002526700895 1.7655798066934862 45618
# 4 34 32
445.00000000000165 32 34 1.0000002526679623 1.7701735801192264 45618
# 4 34 32
446.00000000000165 32 34 1.000000252664768 1.7806136029104132 45618
# 4 34 32
447.00000000000165 32 34 1.000000252661605 1.7963840288523398 45618
# 4 34 32
448.00000000000165 32 34 1.0000002526582026 1.8166967295352974 45618
# 4 34 32
449.0000000000016 32 34 1.0000002526553928 1.8405213286261253 45618
# 4 34 32
450.0000000000016 32 34 1.0000002526531055 1.8666283474191496 45618
# 4 34 32
451.0000000000016 32 34 1.0000002526513208 1.8936459806241328 45618
# 4 34 32
452.0000000000016 32 34 1.0000002526512461 1.9201297727622848 45618
# 4 34 32
453.0000000000017 32 34 1.0000002526535452 1.9446426658221523 45618
# 4 34 32
454.0000000000017 32 34 1.0000002526553469 1.9658408314701405 45618
# 4 34 32
455.00000000000165 32 34 1.0000002526548022 1.9825588449107787 45618
# 4 34 32
456.00000000000165 32 34 1.0000002526534564 1.9938866144045047 45618
# 4 34 32
457.00000000000165 32 34 1.000000252652341 1.9992304585017766 45618
# 4 34 32
458.00000000000165 32 34 1.0000002526505942 1.9983519845658786 45618
# 4 34 32
459.00000000000165 32 34 1.0000002526474163 1.9913808117210128 45618
# 4 34 32
460.00000000000165 32 34 1.000000252642279 1.9788002554527948 45618
# 4 34 32
461.00000000000165 32 34 1.0000002526356044 1.961408240542095 45618
# 4 34 32
462.0000000000017 32 34 1.0000002526289327 1.9402583295002196 45618
# 4 34 32
463.0000000000017 32 34 1.0000002526238059 1.916587404241743 45618
# 4 34 32
464.0000000000017 32 34 1.000000252621592 1.89173703797619 45618
# 4 34 32
465.0000000000017 32 34 1.0000002526208396 1.8670750327432712 45618
# 4 34 32
466.0000000000017 32 34 1.0000002526213143 1.8439222750226156 45618
# 4 34 32
467.0000000000017 32 34 1.000000252620308 1.823488379647028 45618
# 4 34 32
468.0000000000017 32 34 1.0000002526181304 1.8068179427214563 45618
# 4 34 32
469.0000000000017 32 34 1.0000002526115421 1.7947479045514982 45618
# 4 34 32
470.00000000000176 32 34 1.000000252605049 1.7878756911870897 45618
# 4 34 32
471.00000000000176 32 34 1.0000002526003917 1.7865374781171164 45618
# 4 34 32
472.00000000000176 32 34 1.0000002525959095 1.7907960183444114 45618
# 4 34 32
473.00000000000176 38 34 1.0000002525904577 1.80043785755365 45618
# 4 34 32
474.00000000000176 32 34 1.0000002525867258 1.814980258195747 45618
# 4 34 32
475.00000000000176 32 34 1.0000002525852691 1.833688603918851 45618
# 4 34 32
476.0000000000017 32 34 1.0000002525843983 1.8556052863406478 45618
# 4 34 32
477.0000000000017 32 34 1.000000252586234 1.8795909248077496 45618
# 4 34 32
478.0000000000018 32 34 1.0000002525857332 1.9043781125029007 45618
# 4 34 32
479.0000000000018 32 34 1.000000252582984 1.9286366871907163 45618
# 4 34 32
480.0000000000018 32 34 1.0000002525789897 1.9510479039836708 45618
# 4 34 32
481.0000000000018 32 34 1.0000002525735932 1.9703831164503334 45618
# 4 34 32
482.00000000000176 32 34 1.0000002525670324 1.985581048156586 45618
# 4 34 32
483.00000000000176 32 34 1.0000002525611287 1.9958168807471268 45618
# 4 34 32
484.00000000000176 32 34 1.0000002525592169 2.0005565142194173 45618
# 4 34 32
485.00000000000176 32 34 1.0000002525599334 1.999590573196265 45618
# 4 34 32
486.00000000000176 32 34 1.0000002525627107 1.9930448794222837 45618
# 4 34 32
487.0000000000018 32 34 1.0000002525642424 1.9813667947696292 45618
# 4 34 32
488.0000000000018 32 34 1.0000002525638 1.9652895457733288 45618
# 4 34 32
489.0000000000018 32 34 1.0000002525615765 1.9457788705541177 45618
# 4 34 32
490.0000000000018 32 34 1.0000002525615526 1.9239677243289144 45618
# 4 34 32
491.0000000000018 32 34 1.0000002525618645 1.9010851994100084 45618
# 4 34 32
492.0000000000018 32 34 1.0000002525607483 1.8783853409151863 45618
# 4 34 32
493.0000000000018 32 34 1.0000002525586775 1.8570804219967723 45618
# 4 34 32
494.0000000000018 32 34 1.0000002525556453 1.838281816662004 45618
# 4 34 32
495.0000000000019 32 34 1.0000002525522285 1.8229502019802566 45618
# 4 34 32
496.0000000000019 32 34 1.0000002525483382 1.8118556856071717 45618
# 4 34 32
497.0000000000019 32 34 1.0000002525444667 1.8055477273615388 45618
# 4 34 32
498.0000000000019 32 34 1.000000252539466 1.804334428942513 45618
# 4 34 32
499.0000000000019 32 34 1.000000252533011 1.808270837454406 45618
# 4 34 32
500.0000000000019 32 34 1.0000002525258833 1.8171562235279468 45618
# 4 34 32
501.0000000000019 32 34 1.0000002525190914 1.8305407043724473 45618
# 4 34 32
502.0000000000019 32 34 1.0000002525132377 1.8477419284005254 45618
# 4 34 32
503.00000000000193 32 34 1.0000002525090128 1.8678726656223485 45618
# 4 34 32
504.00000000000193 32 34 1.0000002525068643 1.8898799189337223 45618
# 4 34 32
505.00000000000193 32 34 1.0000002525070335 1.9125954950597432 45618
# 4 34 32
506.00000000000193 32 34 1.0000002525088558 1.9347968490754743 45618
# 4 34 32
507.00000000000193 32 34 1.00000025251117 1.9552755666771562 45618
# 4 34 32
508.00000000000193 32 34 1.0000002525121563 1.9729093274440617 45618
# 4 34 32
509.0000000000019 32 34 1.0000002525122287 1.9867319428631574 45618
# 4 34 32
510.0000000000019 32 34 1.000000252512421 1.995995430814384 45618
# 4 34 32
511.0000000000019 32 34 1.0000002525127878 2.0002183191800307 45618
# 4 34 32
512.0000000000019 32 34 1.0000002525129008 1.9992155254100552 45618
# 4 34 32
513.0000000000019 32 34 1.0000002525114513 1.9931070783080065 45618
# 4 34 32
514.0000000000019 32 34 1.0000002525083156 1.9823052911645427 45618
# 4 34 32
515.0000000000019 32 34 1.0000002525041136 1.9674823263685621 45618
# 4 34 32
516.0000000000019 32 34 1.000000252499824 1.9495219968681823 45618
# 4 34 32
517.0000000000019 32 34 1.000000252496927 1.9294608380218605 45618
# 4 34 32
518.0000000000019 32 34 1.000000252495557 1.9084238433237963 45618
# 4 34 32
519.0000000000019 32 34 1.0000002524958715 1.8875598610945645 45618
# 4 34 32
520.000000000002 32 34 1.0000002524971048 1.8679807072376857 45618
# 4 34 32
521.000000000002 32 34 1.0000002524981493 1.8507068409037384 45618
# 4 34 32
522.000000000002 32 34 1.000000252497296 1.8366212499867367 45618
# 4 34 32
523.000000000002 32 34 1.0000002524955276 1.8264322147824728 45618
# 4 34 32
524.000000000002 32 34 1.0000002524923417 1.8206449819060657 45618
# 4 34 32
525.0000000000019 32 34 1.0000002524875908 1.8195421122777122 45618
# 4 34 32
526.0000000000019 32 34 1.0000002524816674 1.823172313390793 45618
# 4 34 32
527.0000000000019 32 34 1.000000252476476 1.831347820967208 45618
# 4 34 32
528.000000000002 32 34 1.0000002524722917 1.843650723568968 45618
# 4 34 32
529.000000000002 32 34 1.0000002524694498 1.8594488809042915 45618
# 4 34 32
530.000000000002 32 34 1.0000002524678437 1.8779221325177569 45618
# 4 34 32
531.000000000002 32 34 1.000000252467506 1.8980992123654892 45618
# 4 34 32
532.000000000002 32 34 1.0000002524682925 1.9189051119535112 45618
# 4 34 32
533.000000000002 32 34 1.0000002524685534 1.9392175898734498 45618
# 4 34 32
534.000000000002 32 34 1.0000002524670586 1.95793023581124 45618
# 4 34 32
535.000000000002 32 34 1.0000002524654925 1.9740181935173924 45618
# 4 34 32
536.000000000002 32 34 1.0000002524652882 1.9866016239246758 45618
# 4 34 32
537.000000000002 32 34 1.0000002524679885 1.9950015306715327 45618
# 4 34 32
538.000000000002 32 34 1.0000002524699085 1.9987828651718327 45618
# 4 34 32
539.000000000002 32 34 1.0000002524719507 1.997780906780162 45618
# 4 34 32
540.000000000002 32 34 1.0000002524733231 1.992108624772774 45618
# 4 34 32
541.000000000002 32 34 1.0000002524761598 1.9821447746880265 45618
# 4 34 32
542.000000000002 32 34 1.0000002524795177 1.9685044941306062 45618
# 4 34 32
543.000000000002 32 34 1.0000002524846625 1.951995798348048 45618
# 4 34 32
544.000000000002 32 34 1.0000002524872769 1.9335663951871396 45618
# 4 34 32
545.0000000000022 32 34 1.0000002524885883 1.914245553751388 45618
# 4 34 32
546.0000000000022 32 34 1.0000002524876814 1.8950854338708647 45618
# 4 34 32
547.0000000000022 32 34 1.0000002524852338 1.8771054909116585 45618
# 4 34 32
548.0000000000022 32 34 1.0000002524820597 1.861242546456669 45618
# 4 34 32
549.0000000000022 32 34 1.000000252478663 1.8483080906411433 45618
# 4 34 32
550.0000000000022 32 34 1.000000252476835 1.8389535378898587 45618
# 4 34 32
551.0000000000022 32 34 1.000000252474555 1.8336436001744967 45618
# 4 34 32
552.000000000002 32 34 1.000000252471146 1.8326376964453106 45618
# 4 34 32
553.0000000000022 32 34 1.0000002524670653 1.8359793404068 45618
# 4 34 32
554.0000000000022 32 34 1.0000002524622515 1.843493649122744 45618
# 4 34 32
555.0000000000022 32 34 1.00000025245742 1.8547933711816493 45618
# 4 34 32
556.0000000000022 32 34 1.0000002524528389 1.869294014306062 45618
# 4 34 32
557.0000000000022 32 34 1.0000002524494007 1.8862386343829332 45618
# 4 34 32
558.0000000000022 32 34 1.0000002524476639 1.9047325342217376 45618
# 4 34 32
559.0000000000022 32 34 1.000000252447554 1.9237874665345522 45618
# 4 34 32
560.0000000000022 32 34 1.0000002524486686 1.9423739748750009 45618
# 4 34 32
561.0000000000022 32 34 1.0000002524504383 1.95947936382662 45618
# 4 34 32
562.0000000000023 32 34 1.0000002524534373 1.9741676737273957 45618
# 4 34 32
563.0000000000022 32 34 1.0000002524573073 1.985637197634337 45618
# 4 34 32
564.0000000000022 32 34 1.0000002524603477 1.9932707521955007 45618
# 4 34 32
565.0000000000022 32 34 1.0000002524624836 1.9966742454174542 45618
# 4 34 32
566.0000000000022 32 34 1.0000002524633613 1.9957000816036945 45618
# 4 34 32
567.0000000000022 32 34 1.000000252463202 1.9904534660111244 45618
# 4 34 32
568.0000000000022 32 34 1.000000252462 1.9812814600363422 45618
# 4 34 32
569.0000000000022 32 34 1.0000002524594178 1.968746380362116 45618
# 4 34 32
570.0000000000023 32 34 1.000000252457085 1.9535865455866521 45618
# 4 34 32
571.0000000000023 32 34 1.0000002524558722 1.9366682546168756 45618
# 4 34 32
572.0000000000023 32 34 1.0000002524558784 1.918933161175734 45618
# 4 34 32
573.0000000000023 32 34 1.0000002524569254 1.9013449418873676 45618
# 4 34 32
574.0000000000023 32 34 1.0000002524585765 1.8848384899469848 45618
# 4 34 32
575.0000000000023 32 34 1.0000002524604417 1.8702739983574976 45618
# 4 34 32
576.0000000000023 32 34 1.000000252461679 1.8583974208922576 45618
# 4 34 32
577.0000000000023 32 34 1.0000002524621894 1.8498080699548878 45618
# 4 34 32
578.0000000000023 32 34 1.0000002524614362 1.8449336208049443 45618
# 4 34 32
579.0000000000023 32 34 1.0000002524598381 1.8440125659775413 45618
# 4 34 32
580.0000000000023 32 34 1.0000002524571496 1.8470841667342959 45618
# 4 34 32
581.0000000000023 32 34 1.0000002524535108 1.8539861000730569 45618
# 4 34 32
582.0000000000023 32 34 1.00000025244954 1.8643601926850397 45618
# 4 34 32
583.0000000000023 32 34 1.0000002524458642 1.8776667504064182 45618
# 4 34 32
584.0000000000023 32 34 1.0000002524426823 1.8932079245368876 45618
# 4 34 32
585.0000000000023 32 34 1.0000002524409728 1.9101602249752674 45618
# 4 34 32
586.0000000000023 32 34 1.000000252440921 1.9276156653802132 45618
# 4 34 32
587.0000000000024 32 34 1.0000002524423248 1.9446301489787712 45618
# 4 34 32
588.0000000000024 32 34 1.0000002524453302 1.9602766950133292 45618
# 4 34 32
589.0000000000024 32 34 1.0000002524489573 1.9737001511141534 45618
# 4 34 32
590.0000000000023 32 34 1.0000002524522456 1.9841693514211396 45618
# 4 34 32
591.0000000000023 32 34 1.0000002524551759 1.9911224555885028 45618
# 4 34 32
592.0000000000023 32 34 1.0000002524562928 1.9942015519195775 45618
# 4 34 32
593.0000000000023 32 34 1.000000252457312 1.993273523069491 45618
# 4 34 32
594.0000000000023 32 34 1.000000252457429 1.9884355253615205 45618
# 4 34 32
595.0000000000024 32 34 1.000000252456136 1.9800049980551706 45618
# 4 34 32
596.0000000000024 32 34 1.000000252454183 1.968495632502306 45618
# 4 34 32
597.0000000000024 32 34 1.000000252452761 1.9545819527893402 45618
# 4 34 32
598.0000000000024 32 34 1.000000252452717 1.9390559259071236 45618
# 4 34 32
599.0000000000024 32 34 1.0000002524532936 1.9227792724997999 45618
# 4 34 32
600.0000000000024 32 34 1.000000252454352 1.9066349345992413 45618
# 4 34 32
601.0000000000024 32 34 1.0000002524560676 1.8914805991216197 45618
# 4 34 32
602.0000000000024 32 34 1.0000002524578646 1.8781064401048382 45618
# 4 34 32
603.0000000000024 32 34 1.0000002524589078 1.8671984933915082 45618
# 4 34 32
604.0000000000024 32 34 1.0000002524582718 1.859308446993511 45618
# 4 34 32
605.0000000000024 32 34 1.0000002524574152 1.8548301993668972 45618
# 4 34 32
606.0000000000024 32 34 1.000000252456025 1.8539833293666037 45618
# 4 34 32
607.0000000000024 32 34 1.0000002524543516 1.8568036067281106 45618
# 4 34 32
608.0000000000024 32 34 1.0000002524523448 1.8631407808223226 45618
# 4 34 32
609.0000000000024 32 34 1.000000252450916 1.8726640235250662 45618
# 4 34 32
610.0000000000024 32 34 1.0000002524479532 1.8848754658861764 45618
# 4 34 32
611.0000000000024 32 34 1.0000002524452236 1.8991321638437764 45618
# 4 34 32
612.0000000000025 32 34 1.00000025244364 1.9146764898577733 45618
# 4 34 32
613.0000000000025 32 34 1.0000002524440688 1.9306743577789705 45618
# 4 34 32
614.0000000000025 32 34 1.00000025244591 1.9462598930987047 45618
# 4 34 32
615.0000000000025 32 34 1.000000252447883 1.9605842725029907 45618
# 4 34 32
616.0000000000024 32 34 1.0000002524498783 1.9728656400590325 45618
# 4 34 32
617.0000000000024 32 34 1.0000002524501495 1.9824364464672426 45618
# 4 34 32
618.0000000000024 32 34 1.0000002524509264 1.9887844099422707 45618
# 4 34 32
619.0000000000024 32 34 1.0000002524522857 1.9915836484520426 45618
# 4 34 32
620.0000000000025 32 34 1.0000002524544378 1.9907133681425155 45618
# 4 34 32
621.0000000000025 32 34 1.000000252455986 1.9862626940223376 45618
# 4 34 32
622.0000000000025 32 34 1.0000002524575424 1.9785216013953628 45618
# 4 34 32
623.0000000000025 32 34 1.0000002524573677 1.967959225434114 45618
# 4 34 32
624.0000000000025 32 34 1.00000025245878 1.9551918895644953 45618
# 4 34 32
625.0000000000025 32 34 1.0000002524593148 1.9409438648322823 45618
# 4 34 32
626.0000000000025 32 34 1.000000252460229 1.9260041037558209 45618
# 4 34 32
627.0000000000025 32 34 1.0000002524616474 1.911182022465515 45618
# 4 34 32
628.0000000000025 32 34 1.0000002524633527 1.897264938653086 45618
# 4 34 32
629.0000000000025 32 34 1.0000002524644425 1.884979149121043 45618
# 4 34 32
630.0000000000025 32 34 1.000000252465207 1.8749559892150491 45618
# 4 34 32
631.0000000000025 32 34 1.0000002524655163 1.8677036703211432 45618
# 4 34 32
632.0000000000025 32 34 1.000000252465483 1.8635853112471776 45618
# 4 34 32
633.0000000000025 32 34 1.000000252465174 1.862803386030065 45618
# 4 34 32
634.0000000000025 32 34 1.000000252464589 1.8653907801651377 45618
# 4 34 32
635.0000000000025 32 34 1.0000002524630394 1.8712087191860813 45618
# 4 34 32
636.0000000000025 32 34 1.0000002524607319 1.879951924766888 45618
# 4 34 32
637.0000000000026 32 34 1.000000252458519 1.8911613735700592 45618
# 4 34 32
638.0000000000026 32 34 1.000000252456197 1.9042449020352061 45618
# 4 34 32
639.0000000000026 32 34 1.0000002524548597 1.9185055629195327 45618
# 4 34 32
640.0000000000026 32 34 1.000000252455147 1.933177088034745 45618
# 4 34 32
641.0000000000026 32 34 1.0000002524566907 1.9474650935426074 45618
# 4 34 32
642.0000000000026 32 34 1.0000002524595182 1.9605918832300886 45618
# 4 34 32
643.0000000000025 32 34 1.000000252461453 1.9718420067378095 45618
# 4 34 32
644.0000000000025 32 34 1.0000002524607852 1.980605270738394 45618
# 4 34 32
645.0000000000026 32 34 1.000000252459845 1.9864138110961884 45618
# 4 34 32
646.0000000000026 32 34 1.0000002524599805 1.988970178859407 45618
# 4 34 32
647.0000000000026 32 34 1.0000002524619913 1.9881641519363917 45618
# 4 34 32
648.0000000000026 32 34 1.0000002524657303 1.984077051073924 45618
# 4 34 32
649.0000000000026 32 34 1.0000002524687783 1.976973544365566 45618
# 4 34 32
650.0000000000026 32 34 1.0000002524727005 1.9672820774449005 45618
# 4 34 32
651.0000000000026 32 34 1.0000002524772977 1.955565996184105 45618
# 4 34 32
652.0000000000026 32 34 1.00000025248041 1.9424880205397326 45618
# 4 34 32
653.0000000000027 32 34 1.000000252482276 1.9287709420149057 45618
# 4 34 32
654.0000000000026 32 34 1.0000002524826352 1.9151572856221595 45618
# 4 34 32
655.0000000000026 32 34 1.0000002524819862 1.9023702884134317 45618
# 4 34 32
656.0000000000026 32 34 1.0000002524811793 1.8910780180055273 45618
# 4 34 32
657.0000000000026 32 34 1.0000002524808667 1.8818619047360798 45618
# 4 34 32
658.0000000000026 32 34 1.0000002524799332 1.8751904873708831 45618
# 4 34 32
659.0000000000026 32 34 1.0000002524775682 1.871398835765021 45618
# 4 34 32
660.0000000000026 32 34 1.000000252475913 1.8706739339009113 45618
# 4 34 32
661.0000000000026 32 34 1.0000002524752054 1.8730462630090086 45618
# 4 34 32
662.0000000000027 32 34 1.0000002524749938 1.8783878647638481 45618
# 4 34 32
663.0000000000027 32 34 1.0000002524743148 1.8864172162603576 45618
# 4 34 32
664.0000000000027 32 34 1.0000002524741698 1.8967112329701554 45618
# 4 34 32
665.0000000000027 32 34 1.0000002524745892 1.908724564116516 45618
# 4 34 32
666.0000000000027 32 34 1.0000002524748999 1.9218160140711016 45618
# 4 34 32
667.0000000000027 32 34 1.000000252475997 1.9352814112139831 45618
# 4 34 32
668.0000000000027 32 34 1.0000002524776281 1.948391599277739 45618
# 4 34 32
669.0000000000027 32 34 1.0000002524791973 1.9604335403764404 45618
# 4 34 32
670.0000000000027 32 34 1.000000252480307 1.970751921279666 45618
# 4 34 32
671.0000000000027 32 34 1.0000002524807117 1.978788278958346 45618
# 4 34 32
672.0000000000027 32 34 1.0000002524811429 1.984114614791314 45618
# 4 34 32
673.0000000000027 32 34 1.0000002524820497 1.986458799278201 45618
# 4 34 32
674.0000000000027 32 34 1.0000002524838207 1.9857197569208809 45618
# 4 34 32
675.0000000000027 32 34 1.0000002524854399 1.9819713686746163 45618
# 4 34 32
676.0000000000027 32 34 1.0000002524862681 1.9754550906047599 45618
# 4 34 32
677.0000000000027 32 34 1.0000002524864926 1.9665622984663145 45618
# 4 34 32
678.0000000000028 32 34 1.000000252486738 1.95580818416818 45618
# 4 34 32
679.0000000000028 32 34 1.0000002524871114 1.9437995547744553 45618
# 4 34 32
680.0000000000028 32 34 1.0000002524878908 1.9311990837428359 45618
# 4 34 32
681.0000000000027 32 34 1.0000002524885807 1.9186884648619793 45618
# 4 34 32
682.0000000000026 32 34 1.0000002524883576 1.9069325960634862 45618
# 4 34 32
683.0000000000026 32 34 1.0000002524864027 1.8965464723690144 45618
# 4 34 32
684.0000000000025 32 34 1.0000002524834242 1.8880659956622876 45618
# 4 34 32
685.0000000000024 32 34 1.0000002524806946 1.8819234973961292 45618
# 4 34 32
686.0000000000023 32 34 1.0000002524780123 1.8784284717640534 45618
# 4 34 32
687.0000000000023 32 34 1.0000002524764262 1.8777538487916836 45618
# 4 34 32
688.0000000000022 32 34 1.0000002524761222 1.8799280820927449 45618
# 4 34 32
689.0000000000022 32 34 1.0000002524766884 1.8848333395905381 45618
# 4 34 32
690.000000000002 32 34 1.0000002524783331 1.8922101042801465 45618
# 4 34 32
691.000000000002 32 34 1.0000002524805462 1.901668448116275 45618
# 4 34 32
692.0000000000019 32 34 1.000000252482354 1.9127060769369204 45618
# 4 34 32
693.0000000000018 32 34 1.0000002524838743 1.9247329238164685 45618
# 4 34 32
694.0000000000017 32 34 1.0000002524852927 1.937101594890699 45618
# 4 34 32
695.0000000000017 32 34 1.0000002524860003 1.9491423911226518 45618
# 4 34 32
696.0000000000016 32 34 1.0000002524855442 1.9602010275150232 45618
# 4 34 32
697.0000000000016 32 34 1.0000002524838498 1.9696766595818183 45618
# 4 34 32
698.0000000000015 32 34 1.0000002524814484 1.9770575197763722 45618
# 4 34 32
699.0000000000015 32 34 1.0000002524806675 1.9819514520620791 45618
# 4 34 32
700.0000000000014 32 34 1.0000002524803833 1.984108949181282 45618
# 4 34 32
701.0000000000013 32 34 1.0000002524816767 1.983436919281193 45618
# 4 34 32
702.0000000000013 32 34 1.0000002524847675 1.980002251178415 45618
# 4 34 32
703.0000000000011 32 34 1.0000002524892309 1.9740251836666616 45618
# 4 34 32
704.000000000001 32 34 1.0000002524939258 1.9658633737145528 45618
# 4 34 32
705.000000000001 32 34 1.0000002524982123 1.9559882779771989 45618
# 4 34 32
706.000000000001 32 34 1.0000002525012908 1.944955929618911 45618
# 4 34 32
707.0000000000009 32 34 1.0000002525024931 1.93337437880697 45618
# 4 34 32
708.0000000000008 32 34 1.00000025250211 1.9218699931940544 45618
# 4 34 32
709.0000000000007 32 34 1.0000002524999168 1.9110545469123092 45618
# 4 34 32
710.0000000000007 32 34 1.0000002524970284 1.9014946471651282 45618
# 4 34 32
711.0000000000006 32 34 1.000000252493756 1.8936846427857947 45618
# 4 34 32
712.0000000000005 32 34 1.0000002524908658 1.888023800903331 45618
# 4 34 32
713.0000000000005 32 34 1.000000252488873 1.884798272239028 45618
# 4 34 32
714.0000000000005 32 34 1.0000002524876985 1.8841682081331588 45618
# 4 34 32
715.0000000000003 32 34 1.0000002524870328 1.8861603287994113 45618
# 4 34 32
716.0000000000002 32 34 1.00000025248639 1.890666233556793 45618
# 4 34 32
717.0000000000001 32 34 1.0000002524857141 1.8974467354198334 45618
# 4 34 32
718.0000000000001 32 34 1.0000002524851748 1.906142436016211 45618
# 4 34 32
719.0 32 34 1.000000252485195 1.916290583187264 45618
# 4 34 32
719.9999999999999 32 34 1.0000002524857983 1.9273479459470353 45618
# 4 34 32
720.9999999999999 32 34 1.0000002524866465 1.9387190056153074 45618
# 4 34 32
721.9999999999998 32 34 1.0000002524875766 1.949788241272836 45618
# 4 34 32
722.9999999999998 32 34 1.0000002524881086 1.9599547593586915 45618
# 4 34 32
723.9999999999997 32 34 1.0000002524878608 1.968667078896458 45618
# 4 34 32
724.9999999999997 32 34 1.0000002524866134 1.9754556327556798 45618
# 4 34 32
725.9999999999995 32 34 1.0000002524855673 1.9799605544661951 45618
# 4 34 32
726.9999999999994 32 34 1.000000252484888 1.9819526183180511 45618
# 4 34 32
727.9999999999993 32 34 1.0000002524858336 1.9813457624667283 45618
# 4 34 32
728.9999999999993 32 34 1.0000002524885168 1.978200374655542 45618
# 4 34 32
729.9999999999992 32 34 1.0000002524921388 1.9727173477313689 45618
# 4 34 32
730.9999999999992 32 34 1.0000002524956164 1.9652236969099508 45618
# 4 34 32
731.9999999999991 32 34 1.000000252499349 1.9561511675365795 45618
# 4 34 32
732.9999999999991 32 34 1.0000002525019327 1.94600968070283 45618
# 4 34 32
733.999999999999 32 34 1.000000252503088 1.935357639270483 45618
# 4 34 32
734.9999999999989 32 34 1.000000252502547 1.9247710676170942 45618
# 4 34 32
735.9999999999987 32 34 1.0000002525007388 1.9148133374196854 45618
# 4 34 32
736.9999999999987 32 34 1.0000002524976297 1.9060069106671047 45618
# 4 34 32
737.9999999999986 32 34 1.0000002524938603 1.898808183455122 45618
# 4 34 32
738.9999999999986 32 34 1.0000002524899572 1.8935862018158274 45618
# 4 34 32
739.9999999999986 32 34 1.0000002524869898 1.8906057838709696 45618
# 4 34 32
740.9999999999985 32 34 1.0000002524853067 1.8900154348647464 45618
# 4 34 32
741.9999999999984 32 34 1.0000002524849136 1.891840370988817 45618
# 4 34 32
742.9999999999983 32 34 1.0000002524854539 1.8959809408025972 45618
# 4 34 32
743.9999999999983 32 34 1.0000002524866292 1.9022167026320334 45618
# 4 34 32
744.9999999999982 32 34 1.000000252487565 1.9102163325913746 45618
# 4 34 32
745.9999999999981 32 34 1.0000002524882443 1.9195533597722303 45618
# 4 34 32
746.9999999999981 32 34 1.0000002524888207 1.9297274318265158 45618
# 4 34 32
747.999999999998 32 34 1.0000002524893739 1.9401904138902542 45618
# 4 34 32
748.999999999998 32 34 1.0000002524898242 1.9503761572687106 45618
# 4 34 32
749.9999999999978 32 34 1.0000002524900575 1.959732310514223 45618
# 4 34 32
750.9999999999977 32 34 1.0000002524892737 1.9677521697300955 45618
# 4 34 32
751.9999999999977 32 34 1.0000002524887284 1.9740043598147459 45618
# 4 34 32
752.9999999999976 32 34 1.000000252488249 1.9781581646478215 45618
# 4 34 32
753.9999999999975 32 34 1.00000025248793 1.9800026033091092 45618
# 4 34 32
754.9999999999974 32 34 1.0000002524886882 1.9794578568007068 45618
# 4 34 32
755.9999999999974 32 34 1.0000002524906921 1.9765783178964345 45618
# 4 34 32
756.9999999999974 32 34 1.0000002524935598 1.9715472698967622 45618
# 4 34 32
757.9999999999973 32 34 1.0000002524966394 1.9646638945448145 45618
# 4 34 32
758.9999999999973 32 34 1.0000002524996174 1.9563238748748129 45618
# 4 34 32
759.9999999999972 32 34 1.000000252502012 1.9469952351145026 45618
# 4 34 32
760.999999999997 32 34 1.0000002525032097 1.9371912249796264 45618
# 4 34 32
761.9999999999969 32 34 1.0000002525030203 1.9274420253195477 45618
# 4 34 32
762.9999999999969 32 34 1.0000002525013791 1.9182668706975687 45618
# 4 34 32
763.9999999999968 32 34 1.0000002524986458 1.9101479128829266 45618
# 4 34 32
764.9999999999968 32 34 1.0000002524953393 1.9035068504692854 45618
# 4 34 32
765.9999999999967 32 34 1.000000252491999 1.8986850770799606 45618
# 4 34 32
766.9999999999967 32 34 1.0000002524893556 1.8959278886756668 45618
# 4 34 32
767.9999999999966 32 34 1.0000002524877283 1.8953731516014094 45618
# 4 34 32
768.9999999999965 32 34 1.0000002524871447 1.8970447569850368 45618
# 4 34 32
769.9999999999964 32 34 1.0000002524874962 1.9008511451274794 45618
# 4 34 32
770.9999999999964 32 34 1.0000002524886549 1.9065891354146574 45618
# 4 34 32
771.9999999999962 32 34 1.000000252490279 1.913953200522192 45618
# 4 34 32
772.9999999999962 32 34 1.0000002524917413 1.9225501441598771 45618
# 4 34 32
773.9999999999961 32 34 1.0000002524930331 1.931918863482801 45618
# 4 34 32
774.9999999999961 32 34 1.0000002524938314 1.9415545103674785 45618
# 4 34 32
775.999999999996 32 34 1.0000002524939775 1.9509359479047454 45618
# 4 34 32
776.9999999999959 32 34 1.0000002524934803 1.9595549911492383 45618
# 4 34 32
777.9999999999958 32 34 1.0000002524921816 1.966945598599276 45618
# 4 34 32
778.9999999999958 32 34 1.0000002524907305 1.972711013675488 45618
# 4 34 32
779.9999999999957 32 34 1.0000002524899585 1.9765468938113033 45618
# 4 34 32
780.9999999999957 32 34 1.0000002524900655 1.97825872472105 45618
# 4 34 32
781.9999999999956 32 34 1.0000002524905849 1.9777722753398106 45618
# 4 34 32
782.9999999999956 32 34 1.0000002524915943 1.9751364450421227 45618
# 4 34 32
783.9999999999955 32 34 1.0000002524937164 1.9705185056822871 45618
# 4 34 32
784.9999999999953 32 34 1.0000002524957883 1.9641923572482374 45618
# 4 34 32
785.9999999999953 32 34 1.000000252498421 1.9565209198076545 45618
# 4 34 32
786.9999999999952 32 34 1.0000002525005711 1.9479341241015584 45618
# 4 34 32
787.9999999999951 32 34 1.000000252501748 1.9389041191604206 45618
# 4 34 32
788.999999999995 32 34 1.0000002525021345 1.9299193005870843 45618
# 4 34 32
789.999999999995 32 34 1.000000252501865 1.9214586151715602 45618
# 4 34 32
790.999999999995 32 34 1.0000002525000626 1.9139673680277367 45618
# 4 34 32
791.9999999999949 32 34 1.000000252497901 1.9078355015562556 45618
# 4 34 32
792.9999999999949 32 34 1.0000002524955272 1.9033790768617018 45618
# 4 34 32
793.9999999999947 32 34 1.0000002524934142 1.9008254982807522 45618
# 4 34 32
794.9999999999947 32 34 1.0000002524920295 1.9003028908743311 45618
# 4 34 32
795.9999999999947 32 34 1.0000002524913008 1.9018339608362675 45618
# 4 34 32
796.9999999999944 32 34 1.000000252491191 1.905334614973898 45618
# 4 34 32
797.9999999999944 32 34 1.0000002524918696 1.9106175533600895 45618
# 4 34 32
798.9999999999944 32 34 1.0000002524927616 1.9174009430549814 45618
# 4 34 32
799.9999999999943 32 34 1.0000002524939582 1.925322102232694 45618
# 4 34 32
800.9999999999943 32 34 1.0000002524940217 1.9339558614024406 45618
# 4 34 32
801.9999999999941 32 34 1.0000002524943885 1.942836932567229 45618
# 4 34 32
802.9999999999941 32 34 1.0000002524944578 1.9514852427687104 45618
# 4 34 32
803.9999999999941 32 34 1.0000002524939784 1.9594328306554214 45618
# 4 34 32
804.9999999999939 32 34 1.0000002524931515 1.966250627465257 45618
# 4 34 32
805.9999999999939 32 34 1.0000002524921343 1.9715733077998132 45618
# 4 34 32
806.9999999999939 32 34 1.0000002524916247 1.975120442219567 45618
# 4 34 32
807.9999999999937 32 34 1.0000002524918012 1.9767124249055328 45618
# 4 34 32
808.9999999999937 32 34 1.0000002524922162 1.9762800629548314 45618
# 4 34 32
809.9999999999935 32 34 1.0000002524931129 1.9738672464860627 45618
# 4 34 32
810.9999999999935 32 34 1.000000252494543 1.9696266978842487 45618
# 4 34 32
811.9999999999935 32 34 1.0000002524970073 1.9638093468050712 45618
# 4 34 32
812.9999999999933 32 34 1.0000002524995515 1.9567483279690312 45618
# 4 34 32
813.9999999999933 32 34 1.0000002525017868 1.9488389062723723 45618
# 4 34 32
814.9999999999933 32 34 1.000000252503312 1.9405157813852931 45618
# 4 34 32
815.9999999999932 32 34 1.0000002525038698 1.9322292219946726 45618
# 4 34 32
816.9999999999932 32 34 1.0000002525034748 1.9244213600475306 45618
# 4 34 32
817.9999999999932 32 34 1.0000002525023564 1.917503781785914 45618
# 4 34 32
818.999999999993 32 34 1.0000002525008052 1.9118373312871875 45618
# 4 34 32
819.999999999993 32 34 1.0000002524990428 1.9077148331528326 45618
# 4 34 32
820.9999999999927 32 34 1.0000002524974907 1.9053472700911145 45618
# 4 34 32
821.9999999999927 32 34 1.0000002524960154 1.9048538280080083 45618
# 4 34 32
822.9999999999927 32 34 1.0000002524951281 1.9062561386284935 45618
# 4 34 32
823.9999999999926 32 34 1.0000002524948488 1.9094769866584027 45618
# 4 34 32
824.9999999999926 32 34 1.0000002524948792 1.914343675743427 45618
# 4 34 32
825.9999999999926 32 34 1.0000002524951408 1.920596134753519 45618
# 4 34 32
826.9999999999924 32 34 1.0000002524957206 1.9278996701435527 45618
# 4 34 32
827.9999999999924 32 34 1.0000002524964158 1.9358620229568422 45618
# 4 34 32
828.9999999999922 32 34 1.0000002524968092 1.9440540817682637 45618
# 4 34 32
829.9999999999922 32 34 1.0000002524968046 1.952033267532283 45618
# 4 34 32
830.9999999999922 32 34 1.000000252496254 1.9593682913913393 45618
# 4 34 32
831.999999999992 32 34 1.0000002524953508 1.9656637481722048 45618
# 4 34 32
832.999999999992 32 34 1.000000252494495 1.9705828978526791 45618
# 4 34 32
833.9999999999919 32 34 1.0000002524941884 1.973867039421779 45618
# 4 34 32
834.9999999999918 32 34 1.000000252494201 1.9753501047025115 45618
# 4 34 32
835.9999999999918 32 34 1.0000002524945422 1.9749674729714335 45618
# 4 34 32
836.9999999999916 32 34 1.0000002524953875 1.9727584837425636 45618
# 4 34 32
837.9999999999916 32 34 1.0000002524966056 1.9688626414581423 45618
# 4 34 32
838.9999999999916 32 34 1.000000252498124 1.9635099948996682 45618
# 4 34 32
839.9999999999915 32 34 1.0000002525000902 1.9570065778700165 45618
# 4 34 32
840.9999999999914 32 34 1.0000002525013796 1.9497160769834283 45618
# 4 34 32
841.9999999999914 32 34 1.000000252502486 1.942039032056836 45618
# 4 34 32
842.9999999999912 32 34 1.0000002525032081 1.9343908830440115 45618
# 4 34 32
843.9999999999912 32 34 1.0000002525033962 1.9271800813057747 45618
# 4 34 32
844.9999999999912 32 34 1.0000002525029006 1.920787320012146 45618
# 4 34 32
845.999999999991 32 34 1.0000002525015268 1.915546748185769 45618
# 4 34 32
846.999999999991 32 34 1.0000002525000773 1.9117298493658519 45618
# 4 34 32
847.9999999999908 32 34 1.0000002524986336 1.9095325118454871 45618
# 4 34 32
848.9999999999908 32 34 1.0000002524975768 1.909065701398847 45618
# 4 34 32
849.9999999999908 32 34 1.0000002524967806 1.9103500632505523 45618
# 4 34 32
850.9999999999907 32 34 1.0000002524963119 1.913314710058209 45618
# 4 34 32
851.9999999999907 32 34 1.0000002524961777 1.9178003719069323 45618
# 4 34 32
852.9999999999907 32 34 1.000000252496435 1.9235669675064075 45618
# 4 34 32
853.9999999999905 32 34 1.0000002524966602 1.930305484158397 45618
# 4 34 32
854.9999999999905 32 34 1.0000002524970124 1.9376538220162296 45618
# 4 34 32
855.9999999999902 32 34 1.0000002524973426 1.945215977185655 45618
# 4 34 32
856.9999999999902 32 34 1.0000002524973044 1.9525836376121541 45618
# 4 34 32
857.9999999999902 32 34 1.0000002524968041 1.95935898841813 45618
# 4 34 32
858.9999999999901 32 34 1.0000002524960645 1.9651773180605419 45618
# 4 34 32
859.9999999999901 32 34 1.000000252495035 1.9697279274534922 45618
# 4 34 32
860.9999999999901 32 34 1.0000002524940832 1.9727718995267045 45618
# 4 34 32
861.9999999999899 32 34 1.0000002524935734 1.9741554928042204 45618
# 4 34 32
862.9999999999899 32 34 1.0000002524937546 1.9738182597962153 45618
# 4 34 32
863.9999999999899 32 34 1.0000002524946483 1.9717954180273662 45618
# 4 34 32
864.9999999999897 32 34 1.0000002524958698 1.9682144628699518 45618
# 4 34 32
865.9999999999897 32 34 1.0000002524975113 1.963286448656259 45618
# 4 34 32
866.9999999999895 32 34 1.000000252499628 1.957292727416632 45618
# 4 34 32
867.9999999999895 32 34 1.0000002525013392 1.950568188904491 45618
# 4 34 32
868.9999999999895 32 34 1.0000002525025644 1.9434821777667706 45618
# 4 34 32
869.9999999999893 32 34 1.0000002525031761 1.9364182804904533 45618
# 4 34 32
870.9999999999893 32 34 1.0000002525031697 1.9297540985613442 45618
# 4 34 32
871.9999999999893 32 34 1.0000002525026277 1.9238419872978854 45618
# 4 34 32
872.9999999999891 32 34 1.0000002525016038 1.9189915759273617 45618
# 4 34 32
873.9999999999891 32 34 1.0000002525003058 1.9154547231438295 45618
# 4 34 32
874.999999999989 32 34 1.0000002524990697 1.9134134232390776 45618
# 4 34 32
875.999999999989 32 34 1.0000002524981266 1.9129710684621362 45618
# 4 34 32
876.999999999989 32 34 1.0000002524975098 1.914147388532388 45618
# 4 34 32
877.9999999999887 32 34 1.000000252497127 1.9168773131217811 45618
# 4 34 32
878.9999999999887 32 34 1.000000252497227 1.9210139166447078 45618
# 4 34 32
879.9999999999887 32 34 1.0000002524974194 1.9263354857490156 45618
# 4 34 32
880.9999999999885 32 34 1.0000002524980198 1.9325565834698302 45618
# 4 34 32
881.9999999999885 32 34 1.0000002524984046 1.9393427665778948 45618
# 4 34 32
882.9999999999885 32 34 1.0000002524987017 1.9463283558321836 45618
# 4 34 32
883.9999999999884 32 34 1.0000002524986398 1.9531363891040678 45618
# 4 34 32
884.9999999999884 32 34 1.0000002524983163 1.959399642916895 45618
# 4 34 32
885.9999999999882 32 34 1.000000252497622 1.9647814309556346 45618
# 4 34 32
886.9999999999882 32 34 1.0000002524970648 1.9689948162038535 45618
# 4 34 32
887.9999999999882 32 34 1.000000252496825 1.971818930467001 45618
# 4 34 32
888.999999999988 32 34 1.0000002524968163 1.9731112849211085 45618
# 4 34 32
889.999999999988 26 34 1.0000002524969622 1.9728152603258402 45618
# 4 34 32
890.999999999988 26 34 1.0000002524971852 1.9709623487442323 45618
# 4 34 32
891.9999999999878 32 34 1.000000252497579 1.967669131608166 45618
# 4 34 32
892.9999999999878 32 34 1.000000252498157 1.9631293708971014 45618
# 4 34 32
893.9999999999876 32 34 1.0000002524992546 1.9576019171455161 45618
# 4 34 32
894.9999999999876 32 34 1.0000002525 1.9513953701469173 45618
# 4 34 32
895.9999999999876 26 34 1.0000002525006244 1.9448505533299514 45618
# 4 34 32
896.9999999999874 32 34 1.0000002525011562 1.9383218861708758 45618
# 4 34 32
897.9999999999874 32 34 1.0000002525012937 1.932158679568787 45618
# 4 34 32
898.9999999999874 32 34 1.0000002525011231 1.9266872642398394 45618
# 4 34 32
899.9999999999873 32 34 1.0000002525004081 1.9221947210565227 45618
# 4 34 32
900.9999999999872 32 34 1.0000002524996883 1.9189148401568603 45618
# 4 34 32
901.9999999999872 38 34 1.00000025249925 1.9170168096653457 45618
# 4 34 32
902.999999999987 32 34 1.0000002524986356 1.9165970316835492 45618
# 4 34 32
903.999999999987 32 34 1.000000252498126 1.917674378650918 45618
# 4 34 32
904.9999999999868 38 34 1.0000002524978637 1.9201891245477407 45618
# 4 34 32
905.9999999999868 32 34 1.000000252497775 1.9240056951464612 45618
# 4 34 32
906.9999999999868 38 34 1.000000252498214 1.9289192620250444 45618
# 4 34 32
907.9999999999866 32 34 1.0000002524984954 1.934666044509068 45618
# 4 34 32
908.9999999999866 32 34 1.00000025249887 1.9409369803738072 45618
# 4 34 32
909.9999999999866 32 34 1.0000002524991123 1.9473941912542483 45618
# 4 34 32
910.9999999999865 32 34 1.0000002524990377 1.9536894265926683 45618
# 4 34 32
911.9999999999865 32 34 1.0000002524986118 1.9594834540924875 45618
# 4 34 32
912.9999999999862 32 34 1.000000252498176 1.96446521190634 45618
# 4 34 32
913.9999999999862 32 34 1.0000002524976086 1.968369480245641 45618
# 4 34 32
914.9999999999862 32 34 1.00000025249704 1.9709918875223764 45618
# 4 34 32
915.999999999986 32 34 1.0000002524969132 1.9722002411187984 45618
# 4 34 32
916.999999999986 38 34 1.0000002524968858 1.9719414488053397 45618
# 4 34 32
917.999999999986 26 34 1.0000002524969627 1.9702436412820288 45618
# 4 34 32
918.9999999999859 26 34 1.0000002524970426 1.9672134767547935 45618
# 4 34 32
919.9999999999859 26 34 1.0000002524972311 1.9630289604707416 45618
# 4 34 32
920.9999999999859 32 34 1.0000002524975773 1.9579284074207999 45618
# 4 34 32
921.9999999999857 32 34 1.00000025249809 1.9521963887646456 45618
# 4 34 32
922.9999999999857 26 34 1.0000002524985057 1.946147620955456 45618
# 4 34 32
923.9999999999854 32 34 1.0000002524988723 1.940109785027828 45618
# 4 34 32
924.9999999999854 32 34 1.00000025249902 1.9344062181513806 45618
# 4 34 32
925.9999999999854 32 34 1.0000002524990508 1.9293393235143992 45618
# 4 34 32
926.9999999999853 32 34 1.000000252498314 1.9251754229994338 45618
# 4 34 32
927.9999999999853 32 34 1.000000252497796 1.922131651782272 45618
# 4 34 32
928.9999999999853 32 34 1.0000002524971288 1.9203653796493458 45618
# 4 34 32
929.9999999999851 32 34 1.0000002524965628 1.919966546587372 45618
# 4 34 32
930.9999999999851 32 34 1.000000252496263 1.9209532163971297 45618
# 4 34 32
931.9999999999849 32 34 1.0000002524963212 1.9232705713677083 45618
# 4 34 32
932.9999999999849 32 34 1.0000002524966778 1.9267934784731606 45618
# 4 34 32
933.9999999999849 32 34 1.000000252497185 1.9313326388545802 45618
# 4 34 32
934.9999999999848 32 34 1.0000002524977716 1.9366441781648653 45618
# 4 34 32
935.9999999999848 32 34 1.0000002524982776 1.9424423454012125 45618
# 4 34 32
936.9999999999848 32 34 1.0000002524984997 1.9484147730757821 45618
# 4 34 32
937.9999999999845 32 34 1.0000002524984377 1.954239533929171 45618
# 4 34 32
938.9999999999845 32 34 1.0000002524980656 1.9596030385551866 45618
# 4 34 32
939.9999999999845 32 34 1.000000252497455 1.9642176862968546 45618
# 4 34 32
940.9999999999843 32 34 1.000000252496908 1.9678381360299577 45618
# 4 34 32
941.9999999999843 32 34 1.0000002524964742 1.9702751203887157 45618
# 4 34 32
942.9999999999842 32 34 1.0000002524962435 1.9714058879812328 45618
# 4 34 32
943.9999999999842 32 34 1.000000252496163 1.9711806081073449 45618
# 4 34 32
944.9999999999842 32 34 1.0000002524961622 1.9696243825441617 45618
# 4 34 32
945.999999999984 32 34 1.000000252496346 1.9668348418297108 45618
# 4 34 32
946.999999999984 32 34 1.0000002524964897 1.9629756203206434 45618
# 4 34 32
947.999999999984 32 34 1.0000002524967446 1.9582662715483328 45618
# 4 34 32
948.9999999999837 32 34 1.0000002524970972 1.952969380030729 45618
# 4 34 32
949.9999999999837 32 34 1.0000002524974163 1.9473757376996437 45618
# 4 34 32
950.9999999999836 32 34 1.0000002524976548 1.941788485548214 45618
# 4 34 32
951.9999999999836 32 34 1.000000252497781 1.9365070874287011 45618
# 4 34 32
952.9999999999835 26 34 1.0000002524978948 1.931811922964901 45618
# 4 34 32
953.9999999999834 26 34 1.00000025249795 1.927950181739365 45618
# 4 34 32
954.9999999999834 26 34 1.0000002524980034 1.9251236301641328 45618
# 4 34 32
955.9999999999834 26 34 1.000000252497904 1.923478718560732 45618
# 4 34 32
956.9999999999832 26 34 1.000000252497774 1.923099404199154 45618
# 4 34 32
957.9999999999832 26 34 1.0000002524975393 1.9240029837025712 45618
# 4 34 32
958.9999999999832 26 34 1.0000002524972136 1.9261391464056243 45618
# 4 34 32
959.9999999999831 32 34 1.0000002524971263 1.9293923667421617 45618
# 4 34 32
960.999999999983 26 34 1.0000002524970735 1.933587636801543 45618
# 4 34 32
961.9999999999828 32 34 1.0000002524971763 1.9384993926868903 45618
# 4 34 32
962.9999999999828 32 34 1.0000002524972544 1.9438633110620378 45618
# 4 34 32
963.9999999999828 32 34 1.0000002524972684 1.949390455789625 45618
# 4 34 32
964.9999999999826 32 34 1.0000002524972547 1.9547830587124293 45618
# 4 34 32
965.9999999999826 32 34 1.0000002524972331 1.959751049668511 45618
# 4 34 32
966.9999999999826 32 34 1.000000252497174 1.9640283366129425 45618
# 4 34 32
967.9999999999824 32 34 1.000000252496684 1.9673878006056351 45618
# 4 34 32
968.9999999999824 32 34 1.0000002524963345 1.9696540262566384 45618
# 4 34 32
969.9999999999823 32 34 1.0000002524960425 1.9707129363113276 45618
# 4 34 32
970.9999999999823 32 34 1.0000002524959564 1.9705177256154858 45618
# 4 34 32
971.9999999999823 32 34 1.000000252495907 1.9690907692802282 45618
# 4 34 32
972.999999999982 26 34 1.0000002524958427 1.96652147948655 45618
# 4 34 32
973.999999999982 26 34 1.0000002524955702 1.962960371119935 45618
# 4 34 32
974.999999999982 26 34 1.0000002524952598 1.9586098388115871 45618
# 4 34 32
975.9999999999818 26 34 1.0000002524952352 1.9537123266414669 45618
# 4 34 32
976.9999999999818 26 34 1.0000002524952893 1.9485366776665185 45618
# 4 34 32
977.9999999999818 26 34 1.0000002524954548 1.943363485809035 45618
# 4 34 32
978.9999999999817 26 34 1.0000002524956704 1.9384702487002035 45618
# 4 34 32
979.9999999999817 26 34 1.000000252495872 1.934117053761277 45618
# 4 34 32
980.9999999999815 26 34 1.00000025249601 1.9305334394928644 45618
# 4 34 32
981.9999999999815 26 34 1.0000002524961003 1.9279069759051959 45618
# 4 34 32
982.9999999999815 26 34 1.0000002524961165 1.9263740134329177 45618
# 4 34 32
983.9999999999812 26 34 1.0000002524960587 1.926012963152751 45618
# 4 34 32
984.9999999999812 26 34 1.0000002524959812 1.9268403905778222 45618
# 4 34 32
985.9999999999812 26 34 1.0000002524958786 1.9288101233622876 45618
# 4 34 32
986.9999999999811 26 34 1.0000002524957885 1.9318154798192926 45618
# 4 34 32
987.9999999999811 26 34 1.0000002524957128 1.9356946107804003 45618
# 4 34 32
988.9999999999809 26 34 1.000000252495666 1.9402388066732532 45618
# 4 34 32
989.9999999999809 26 34 1.000000252495598 1.9452034564253755 45618
# 4 34 32
990.9999999999809 26 34 1.0000002524955673 1.9503211649709478 45618
# 4 34 32
991.9999999999807 26 34 1.0000002524956224 1.955316359705127 45618
# 4 34 32
992.9999999999807 26 34 1.0000002524958118 1.9599205664114563 45618
# 4 34 32
993.9999999999807 26 34 1.0000002524960037 1.963887436175479 45618
# 4 34 32
994.9999999999806 26 34 1.0000002524961382 1.9670065766826936 45618
# 4 34 32
995.9999999999806 32 34 1.0000002524960134 1.9691152954598854 45618
# 4 34 32
996.9999999999806 32 34 1.0000002524958886 1.9701074987871086 45618
# 4 34 32
997.9999999999803 32 34 1.0000002524957472 1.9699391956468337 45618
# 4 34 32
998.9999999999803 32 34 1.0000002524957672 1.9686303084398593 45618
# 4 34 32
999.9999999999801 32 34 1.0000002524959835 1.9662627624221187 45618
# 4 34 32
