# time rdo00 rdo01 rdo10 rdo11
0.0 1.00000000+0.00000000j 0.00000000+0.00000000j 0.00000000+0.00000000j 0.00000000+0.00000000j 0.00000000+0.00000000j 0.00000000+0.00000000j 0.00000000+0.00000000j 0.00000000+0.00000000j 0.00000000+0.00000000j
1.0 0.99565992-0.00047532j 0.00000000-0.00000000j -0.00346248-0.00054316j -0.00000000+0.00000001j 0.00432742+0.00047384j -0.00000000+0.00000000j -0.00086480+0.00006938j 0.00000000-0.00000000j 0.00001281+0.00000154j
2.0 0.97971187-0.00230721j 0.00000001-0.00000002j -0.01269129-0.00410490j -0.00000001+0.00000003j 0.01995733+0.00226570j -0.00000000+0.00000001j -0.00726589+0.00183926j 0.00000001-0.00000002j 0.00033094+0.00004157j
3.0 0.95610923-0.00487128j 0.00000002-0.00000004j -0.02452229-0.01266922j -0.00000001+0.00000007j 0.04208776+0.00464907j 0.00000000+0.00000002j -0.01756533+0.00802021j 0.00000002-0.00000004j 0.00180315+0.00022227j
4.0 0.93149349-0.00725235j 0.00000003-0.00000006j -0.03506379-0.02666705j 0.00000001+0.00000011j 0.06313144+0.00661359j 0.00000001+0.00000003j -0.02806751+0.02005352j 0.00000003-0.00000006j 0.00537521+0.00063882j
5.000000000000001 0.91183834-0.00868257j 0.00000004-0.00000007j -0.04123900-0.04503369j 0.00000004+0.00000014j 0.07665578+0.00737773j 0.00000003+0.00000002j -0.03541664+0.03765602j 0.00000004-0.00000007j 0.01150602+0.00130490j
6.0 0.90050800-0.00880039j 0.00000005-0.00000007j -0.04182954-0.06573375j 0.00000009+0.00000016j 0.07960969+0.00666426j 0.00000004+0.00000001j -0.03778001+0.05906955j 0.00000005-0.00000007j 0.01988246+0.00213619j
7.000000000000001 0.89746616-0.00772927j 0.00000005-0.00000006j -0.03770852-0.08653057j 0.00000014+0.00000015j 0.07302723+0.00474660j 0.00000006-0.00000002j -0.03531857+0.08178403j 0.00000005-0.00000006j 0.02950675+0.00298273j
8.0 0.89971686-0.00599439j 0.00000004-0.00000004j -0.03133002-0.10574012j 0.00000018+0.00000011j 0.06124969+0.00232071j 0.00000006-0.00000005j -0.02991953+0.10341947j 0.00000004-0.00000004j 0.03903360+0.00367375j
9.0 0.90269522-0.00432444j 0.00000004-0.00000002j -0.02572739-0.12272759j 0.00000021+0.00000006j 0.05009467+0.00026619j 0.00000005-0.00000009j -0.02436714+0.12246147j 0.00000004-0.00000002j 0.04721025+0.00405831j
10.000000000000002 0.90211292-0.00338897j 0.00000004+0.00000000j -0.02334686-0.13798587j 0.00000022+0.00000000j 0.04457845-0.00066114j 0.00000003-0.00000011j -0.02123145+0.13864707j 0.00000004+0.00000000j 0.05330877+0.00405017j
11.0 0.89562643-0.00354509j 0.00000005+0.00000002j -0.02510339-0.15278367j 0.00000020-0.00000006j 0.04695355-0.00012977j -0.00000001-0.00000012j -0.02185002+0.15291350j 0.00000005+0.00000002j 0.05742016+0.00367491j
12.0 0.88369588-0.00469706j 0.00000007+0.00000003j -0.03004184-0.16854711j 0.00000015-0.00000010j 0.05585613+0.00161211j -0.00000005-0.00000010j -0.02581414+0.16693506j 0.00000007+0.00000003j 0.06044814+0.00308501j
13.000000000000002 0.86927737-0.00634838j 0.00000010+0.00000004j -0.03578724-0.18624292j 0.00000008-0.00000012j 0.06699629+0.00384165j -0.00000010-0.00000006j -0.03120891+0.18240132j 0.00000010+0.00000004j 0.06372647+0.00250678j
14.000000000000002 0.85650983-0.00782659j 0.00000012+0.00000004j -0.03959269-0.20599695j 0.00000001-0.00000012j 0.07508954+0.00569231j -0.00000013-0.00000001j -0.03549671+0.20030470j 0.00000012+0.00000004j 0.06840078+0.00213434j
15.000000000000002 0.84902789-0.00856193j 0.00000013+0.00000005j -0.03947892-0.22704573j -0.00000005-0.00000009j 0.07607617+0.00652614j -0.00000014+0.00000006j -0.03659711+0.22051965j 0.00000013+0.00000005j 0.07489607+0.00203585j
16.0 0.84864440-0.00828319j 0.00000013+0.00000005j -0.03494472-0.24797788j -0.00000008-0.00000005j 0.06859749+0.00615196j -0.00000012+0.00000012j -0.03365263+0.24182598j 0.00000013+0.00000005j 0.08275825+0.00213129j
17.0 0.85485020-0.00706264j 0.00000012+0.00000004j -0.02701716-0.26714082j -0.00000009+0.00000001j 0.05422940+0.00481397j -0.00000008+0.00000018j -0.02721210+0.26232692j 0.00000012+0.00000004j 0.09092055+0.00224874j
18.0 0.86513410-0.00523301j 0.00000010+0.00000003j -0.01776554-0.28307603j -0.00000006+0.00000006j 0.03666214+0.00301772j -0.00000002+0.00000022j -0.01889646+0.28005837j 0.00000010+0.00000003j 0.09820390+0.00221535j
19.000000000000004 0.87582958-0.00324882j 0.00000008+0.00000002j -0.00958086-0.29487375j -0.00000002+0.00000012j 0.02037897+0.00132057j 0.00000004+0.00000024j -0.01079797+0.29355324j 0.00000008+0.00000002j 0.10379159+0.00192831j
20.000000000000004 0.88313080-0.00155415j 0.00000006+0.00000002j -0.00449685-0.30237427j 0.00000004+0.00000015j 0.00935873+0.00017370j 0.00000010+0.00000023j -0.00486174+0.30220063j 0.00000006+0.00000002j 0.10751062+0.00138051j
21.000000000000004 0.88398812-0.00048599j 0.00000003+0.00000002j -0.00372103-0.30618581j 0.00000011+0.00000015j 0.00613730-0.00016215j 0.00000015+0.00000020j -0.00241613+0.30634802j 0.00000003+0.00000002j 0.10987473+0.00064820j
22.0 0.87670184-0.00022218j 0.00000001+0.00000002j -0.00744117-0.30753832j 0.00000018+0.00000014j 0.01137382+0.00036449j 0.00000019+0.00000015j -0.00393251+0.30717389j 0.00000001+0.00000002j 0.11192448-0.00014225j
23.0 0.86115812-0.00076994j -0.00000001+0.00000001j -0.01488210-0.30802505j 0.00000025+0.00000010j 0.02389445+0.00162260j 0.00000021+0.00000010j -0.00901220+0.30640251j -0.00000001+0.00000001j 0.11494757-0.00085260j
24.0 0.83876109-0.00197874j -0.00000002+0.00000001j -0.02452215-0.30928689j 0.00000030+0.00000004j 0.04105108+0.00334036j 0.00000021+0.00000003j -0.01652879+0.30594659j -0.00000002+0.00000001j 0.12018797-0.00136155j
25.000000000000004 0.81214555-0.00356060j -0.00000003+0.00000002j -0.03438222-0.31268518j 0.00000033-0.00000003j 0.05922950+0.00513635j 0.00000020-0.00000004j -0.02484714+0.30754888j -0.00000003+0.00000002j 0.12862509-0.00157570j
26.000000000000004 0.78468422-0.00512364j -0.00000003+0.00000002j -0.04238267-0.31901650j 0.00000034-0.00000011j 0.07449710+0.00655557j 0.00000016-0.00000010j -0.03211429+0.31246099j -0.00000003+0.00000002j 0.14081882-0.00143187j
27.000000000000004 0.75974940-0.00624856j -0.00000003+0.00000002j -0.04681727-0.32834526j 0.00000031-0.00000018j 0.08349339+0.00716334j 0.00000010-0.00000016j -0.03667598+0.32118198j -0.00000003+0.00000002j 0.15675736-0.00091472j
28.000000000000004 0.73980176-0.00661894j -0.00000001+0.00000003j -0.04689543-0.34002498j 0.00000026-0.00000025j 0.08448410+0.00671452j 0.00000002-0.00000019j -0.03758853+0.33331052j -0.00000001+0.00000003j 0.17571429-0.00009553j
29.000000000000004 0.72561361-0.00615490j 0.00000001+0.00000003j -0.04311276-0.35291912j 0.00000018-0.00000029j 0.07812631+0.00531118j -0.00000007-0.00000020j -0.03501341+0.34760799j 0.00000001+0.00000003j 0.19626022+0.00084378j
30.000000000000004 0.71603065-0.00506267j 0.00000003+0.00000003j -0.03716355-0.36575257j 0.00000009-0.00000031j 0.06738303+0.00341282j -0.00000016-0.00000017j -0.03021935+0.36233981j 0.00000003+0.00000003j 0.21658646+0.00164991j
31.000000000000004 0.70846123-0.00375733j 0.00000005+0.00000003j -0.03133185-0.37748644j 0.00000001-0.00000030j 0.05643971+0.00165717j -0.00000023-0.00000012j -0.02510771+0.37582933j 0.00000005+0.00000003j 0.23509921+0.00210022j
32.0 0.69990263-0.00270164j 0.00000006+0.00000003j -0.02761908-0.38761633j -0.00000006-0.00000028j 0.04908913+0.00059685j -0.00000027-0.00000005j -0.02146990+0.38701954j 0.00000006+0.00000003j 0.25100838+0.00210485j
33.0 0.68807206-0.00224493j 0.00000005+0.00000002j -0.02700521-0.39631556j -0.00000012-0.00000024j 0.04732943+0.00050235j -0.00000028+0.00000003j -0.02032408+0.39581328j 0.00000005+0.00000002j 0.26459866+0.00174265j
34.0 0.67223747-0.00251781j 0.00000003+0.00000001j -0.02912233-0.40436617j -0.00000014-0.00000020j 0.05070521+0.00130014j -0.00000025+0.00000012j -0.02158274+0.40306610j 0.00000003+0.00000001j 0.27705746+0.00121773j
35.0 0.65351870-0.00339352j 0.00000000+0.00000001j -0.03240415-0.41286576j -0.00000015-0.00000016j 0.05651972+0.00262016j -0.00000020+0.00000019j -0.02411542+0.41024567j 0.00000000+0.00000001j 0.28996172+0.00077342j
36.0 0.63458074-0.00451327j -0.00000003-0.00000000j -0.03463656-0.42277584j -0.00000015-0.00000013j 0.06079047+0.00390854j -0.00000012+0.00000024j -0.02615376+0.41886737j -0.00000003-0.00000000j 0.30462894+0.00060479j
37.0 0.61874517-0.00538366j -0.00000006-0.00000001j -0.03378282-0.43445987j -0.00000014-0.00000011j 0.05973331+0.00459556j -0.00000003+0.00000027j -0.02595034+0.42986437j -0.00000006-0.00000001j 0.32152166+0.00078817j
38.00000000000001 0.60870483-0.00554724j -0.00000009-0.00000002j -0.02888096-0.44739694j -0.00000013-0.00000011j 0.05142214+0.00431354j 0.00000006+0.00000028j -0.02254103+0.44308346j -0.00000009-0.00000002j 0.33987318+0.00123376j
39.00000000000001 0.60527104-0.00478066j -0.00000010-0.00000003j -0.02067604-0.46021072j -0.00000013-0.00000010j 0.03700809+0.00309905j 0.00000013+0.00000025j -0.01633191+0.45711172j -0.00000010-0.00000003j 0.35772102+0.00168166j
40.00000000000001 0.60673957-0.00322333j -0.00000009-0.00000003j -0.01160469-0.47103019j -0.00000015-0.00000010j 0.02077103+0.00145063j 0.00000018+0.00000021j -0.00916620+0.46957961j -0.00000009-0.00000003j 0.37248954+0.00177276j
41.00000000000001 0.60929006-0.00134738j -0.00000007-0.00000004j -0.00497406-0.47806153j -0.00000018-0.00000009j 0.00867480+0.00014948j 0.00000020+0.00000016j -0.00370060+0.47791211j -0.00000007-0.00000004j 0.38203528+0.00119796j
42.00000000000001 0.60833463+0.00023351j -0.00000004-0.00000003j -0.00361992-0.48017040j -0.00000020-0.00000007j 0.00592396-0.00009841j 0.00000019+0.00000010j -0.00230390+0.48026888j -0.00000004-0.00000003j 0.38574155-0.00013504j
43.00000000000001 0.60022238+0.00101871j -0.00000002-0.00000002j -0.00867328-0.47727571j -0.00000021-0.00000004j 0.01467934+0.00099658j 0.00000017+0.00000004j -0.00600592+0.47627919j -0.00000002-0.00000002j 0.38509842-0.00201522j
44.0 0.58354152+0.00081296j -0.00000000-0.00000001j -0.01903273-0.47041927j -0.00000020-0.00000001j 0.03304886+0.00316798j 0.00000013-0.00000000j -0.01401598+0.46725135j -0.00000000-0.00000001j 0.38340976-0.00398088j
44.99999999999999 0.55951268-0.00021833j 0.00000000-0.00000000j -0.03175989-0.46148108j -0.00000016+0.00000002j 0.05577244+0.00570564j 0.00000009-0.00000003j -0.02401240+0.45577550j 0.00000000-0.00000000j 0.38471503-0.00548725j
45.99999999999999 0.53141494-0.00163167j 0.00000000+0.00000001j -0.04316921-0.45263121j -0.00000012+0.00000004j 0.07619121+0.00773898j 0.00000005-0.00000005j -0.03302186+0.44489229j 0.00000000+0.00000001j 0.39239399-0.00610725j
46.99999999999999 0.50334869-0.00287809j -0.00000000+0.00000002j -0.05013748-0.44570440j -0.00000007+0.00000004j 0.08863309+0.00856024j 0.00000000-0.00000006j -0.03849547+0.43714422j -0.00000000+0.00000002j 0.40801837-0.00568208j
47.999999999999986 0.47880587-0.00350345j -0.00000001+0.00000003j -0.05115827-0.44171230j -0.00000003+0.00000002j 0.09034543+0.00787992j -0.00000005-0.00000005j -0.03918702+0.43383243j -0.00000001+0.00000003j 0.43084884-0.00437641j
48.99999999999998 0.45953788-0.00331277j -0.00000000+0.00000004j -0.04679761-0.44065249j -0.00000001-0.00000001j 0.08234200+0.00594144j -0.00000010-0.00000002j -0.03554424+0.43471111j -0.00000000+0.00000004j 0.45812027-0.00262861j
49.99999999999997 0.44511881-0.00243616j 0.00000000+0.00000006j -0.03939072-0.44165462j -0.00000001-0.00000004j 0.06886167+0.00344358j -0.00000014+0.00000002j -0.02947080+0.43821110j 0.00000000+0.00000005j 0.48601967-0.00100736j
50.999999999999964 0.43336526-0.00126132j 0.00000002+0.00000006j -0.03207087-0.44338246j -0.00000004-0.00000007j 0.05559621+0.00127226j -0.00000017+0.00000008j -0.02352519+0.44211026j 0.00000002+0.00000006j 0.51103868-0.00001088j
51.999999999999964 0.42141653-0.00025951j 0.00000004+0.00000006j -0.02750814-0.44453858j -0.00000009-0.00000008j 0.04738023+0.00014114j -0.00000018+0.00000015j -0.01987194+0.44439750j 0.00000004+0.00000006j 0.53120338+0.00011842j
52.99999999999996 0.40697968+0.00020949j 0.00000005+0.00000006j -0.02689899-0.44430608j -0.00000014-0.00000007j 0.04634544+0.00031268j -0.00000016+0.00000024j -0.01944631+0.44399346j 0.00000005+0.00000006j 0.54667503-0.00052211j
53.999999999999964 0.38920439+0.00002254j 0.00000007+0.00000006j -0.02963169-0.44259153j -0.00000020-0.00000004j 0.05132572+0.00153397j -0.00000011+0.00000031j -0.02169389+0.44105762j 0.00000007+0.00000006j 0.55947003-0.00155645j
54.99999999999996 0.36888900-0.00069140j 0.00000007+0.00000005j -0.03370857-0.43999504j -0.00000024+0.00000001j 0.05865465+0.00319308j -0.00000003+0.00000038j -0.02494594+0.43680203j 0.00000007+0.00000005j 0.57245650-0.00250161j
55.99999999999995 0.34804381-0.00162716j 0.00000007+0.00000005j -0.03666483-0.43752440j -0.00000026+0.00000008j 0.06386301+0.00459067j 0.00000008+0.00000041j -0.02719804+0.43293379j 0.00000007+0.00000005j 0.58809332-0.00296344j
56.99999999999994 0.32906627-0.00242562j 0.00000005+0.00000004j -0.03656966-0.43616575j -0.00000025+0.00000015j 0.06350657+0.00520124j 0.00000020+0.00000042j -0.02693676+0.43096457j 0.00000005+0.00000004j 0.60742730-0.00277556j
57.999999999999936 0.31386511-0.00279763j 0.00000004+0.00000003j -0.03273616-0.43647486j -0.00000022+0.00000021j 0.05644041+0.00483883j 0.00000033+0.00000039j -0.02370410+0.43163609j 0.00000003+0.00000003j 0.62969463-0.00204114j
58.999999999999936 0.30324026-0.00261064j 0.00000001+0.00000002j -0.02591798-0.43833169j -0.00000017+0.00000025j 0.04414246+0.00368713j 0.00000045+0.00000032j -0.01822434+0.43464463j 0.00000001+0.00000002j 0.65261743-0.00107642j
59.99999999999993 0.29670662-0.00191107j -0.00000000+0.00000002j -0.01796857-0.44092712j -0.00000010+0.00000028j 0.03005381+0.00219458j 0.00000053+0.00000022j -0.01208510+0.43873260j -0.00000000+0.00000002j 0.67323972-0.00028345j
60.99999999999992 0.29276478-0.00088016j -0.00000001+0.00000002j -0.01113853-0.44296525j -0.00000004+0.00000028j 0.01826948+0.00088170j 0.00000058+0.00000010j -0.00713081+0.44208361j -0.00000001+0.00000002j 0.68896588-0.00000147j
61.999999999999915 0.28943969+0.00024669j -0.00000001+0.00000002j -0.00731933-0.44300317j 0.00000001+0.00000027j 0.01215420+0.00014905j 0.00000058-0.00000002j -0.00483472+0.44285418j -0.00000001+0.00000002j 0.69840626-0.00039568j
62.99999999999991 0.28483404+0.00125205j 0.00000001+0.00000002j -0.00752626-0.43982264j 0.00000005+0.00000024j 0.01342067+0.00017348j 0.00000054-0.00000014j -0.00589426+0.43964922j 0.00000001+0.00000002j 0.70174543-0.00142547j
63.999999999999915 0.27752181+0.00197339j 0.00000003+0.00000003j -0.01174498-0.43273034j 0.00000008+0.00000020j 0.02188836+0.00091680j 0.00000046-0.00000023j -0.01014324+0.43181360j 0.00000003+0.00000003j 0.70058998-0.00289012j
64.99999999999991 0.26675995+0.00231539j 0.00000006+0.00000004j -0.01906486-0.42171008j 0.00000009+0.00000015j 0.03576466+0.00219137j 0.00000036-0.00000030j -0.01669966+0.41951876j 0.00000006+0.00000004j 0.69747554-0.00450670j
65.9999999999999 0.25257689+0.00226189j 0.00000009+0.00000005j -0.02794437-0.40740090j 0.00000008+0.00000010j 0.05215372+0.00371240j 0.00000024-0.00000034j -0.02420921+0.40368856j 0.00000009+0.00000005j 0.69526953-0.00597422j
66.9999999999999 0.23575225+0.00188880j 0.00000011+0.00000006j -0.03652917-0.39093189j 0.00000007+0.00000007j 0.06764925+0.00512896j 0.00000012-0.00000034j -0.03111994+0.38580299j 0.00000011+0.00000006j 0.69659864-0.00701770j
67.9999999999999 0.21763137+0.00135453j 0.00000013+0.00000007j -0.04303990-0.37367437j 0.00000005+0.00000004j 0.07904981+0.00608152j 0.00000001-0.00000031j -0.03600976+0.36759291j 0.00000013+0.00000007j 0.70331896-0.00743600j
68.99999999999989 0.19975029+0.00085142j 0.00000014+0.00000007j -0.04622071-0.35696769j 0.00000003+0.00000004j 0.08417998+0.00631126j -0.00000008-0.00000024j -0.03795913+0.35065649j 0.00000014+0.00000007j 0.71606987-0.00716262j
69.99999999999989 0.18337884+0.00053599j 0.00000013+0.00000007j -0.04571353-0.34185876j 0.00000002+0.00000004j 0.08255855+0.00577388j -0.00000013-0.00000015j -0.03684488+0.33608494j 0.00000013+0.00000007j 0.73406275-0.00630981j
70.99999999999987 0.16917839+0.00047916j 0.00000012+0.00000006j -0.04216330-0.32889426j 0.00000002+0.00000005j 0.07554784+0.00467253j -0.00000014-0.00000006j -0.03338440+0.32422180j 0.00000012+0.00000006j 0.75527391-0.00515163j
71.99999999999987 0.15710764+0.00066182j 0.00000009+0.00000004j -0.03697201-0.31801687j 0.00000003+0.00000007j 0.06584351+0.00337394j -0.00000012+0.00000003j -0.02887135+0.31464300j 0.00000009+0.00000004j 0.77704900-0.00403569j
72.99999999999987 0.14655734+0.00100191j 0.00000007+0.00000003j -0.03181298-0.30861772j 0.00000005+0.00000008j 0.05653617+0.00226456j -0.00000006+0.00000010j -0.02472304+0.30635322j 0.00000007+0.00000003j 0.79690663-0.00326640j
73.99999999999987 0.13660791+0.00138173j 0.00000004+0.00000001j -0.02811089-0.29975660j 0.00000007+0.00000008j 0.05014570+0.00163510j 0.00000002+0.00000014j -0.02203467+0.29812157j 0.00000004+0.00000001j 0.81324653-0.00301677j
74.99999999999987 0.12633488+0.00166782j 0.00000001+0.00000000j -0.02663547-0.29049080j 0.00000008+0.00000007j 0.04790448+0.00162383j 0.00000011+0.00000015j -0.02126886+0.28886704j 0.00000001+0.00000000j 0.82576078-0.00329159j
75.99999999999986 0.11513795+0.00174237j -0.00000002-0.00000000j -0.02726590-0.28020191j 0.00000009+0.00000005j 0.04938201+0.00218618j 0.00000020+0.00000012j -0.02211597+0.27801579j -0.00000002-0.00000000j 0.83548018-0.00392849j
76.99999999999986 0.10303030+0.00155473j -0.00000004-0.00000000j -0.02897849-0.26881253j 0.00000008+0.00000003j 0.05253305+0.00307338j 0.00000028+0.00000005j -0.02355442+0.26573922j -0.00000004-0.00000000j 0.84443679-0.00462804j
77.99999999999984 0.09073774+0.00116404j -0.00000005+0.00000000j -0.03014833-0.25682724j 0.00000006+0.00000000j 0.05432219+0.00386610j 0.00000033-0.00000004j -0.02417372+0.25296120j -0.00000005-0.00000000j 0.85494021-0.00503009j
78.99999999999984 0.07947315+0.00072972j -0.00000005+0.00000001j -0.02918335-0.24517991j 0.00000001-0.00000002j 0.05193904+0.00411746j 0.00000035-0.00000016j -0.02275555+0.24106250j -0.00000005+0.00000001j 0.86858795-0.00484713j
79.99999999999984 0.07042822+0.00044049j -0.00000004+0.00000003j -0.02529634-0.23491086j -0.00000005-0.00000003j 0.04421640+0.00357309j 0.00000032-0.00000027j -0.01891991+0.23133783j -0.00000003+0.00000003j 0.88535553-0.00401352j
80.99999999999983 0.06422799+0.00042248j -0.00000002+0.00000004j -0.01903786-0.22674922j -0.00000011-0.00000001j 0.03253574+0.00234331j 0.00000025-0.00000038j -0.01349774+0.22440597j -0.00000002+0.00000004j 0.90323641-0.00276573j
81.99999999999983 0.06064019+0.00068347j -0.00000001+0.00000005j -0.01226010-0.22073371j -0.00000015+0.00000003j 0.02062484+0.00090314j 0.00000016-0.00000045j -0.00836460+0.21983063j -0.00000001+0.00000005j 0.91873511-0.00158655j
82.99999999999983 0.05867970+0.00112117j -0.00000001+0.00000004j -0.00746440-0.21603118j -0.00000018+0.00000008j 0.01321226-0.00009864j 0.00000005-0.00000049j -0.00574772+0.21612988j -0.00000001+0.00000004j 0.92810818-0.00102246j
83.99999999999983 0.05702935+0.00157990j -0.00000001+0.00000003j -0.00680774-0.21106281j -0.00000017+0.00000015j 0.01411257-0.00012289j -0.00000006-0.00000049j -0.00730468+0.21118576j -0.00000001+0.00000003j 0.92885823-0.00145695j
84.99999999999982 0.05456242+0.00192017j -0.00000001+0.00000001j -0.01120163-0.20392870j -0.00000013+0.00000020j 0.02458473+0.00102287j -0.00000016-0.00000046j -0.01338295+0.20290589j -0.00000001+0.00000001j 0.92085300-0.00294298j
85.99999999999983 0.05074665+0.00207196j -0.00000003-0.00000001j -0.01987395-0.19299239j -0.00000007+0.00000025j 0.04264578+0.00308933j -0.00000024-0.00000040j -0.02277168+0.18990312j -0.00000003-0.00000001j 0.90660772-0.00516123j
86.99999999999983 0.04578656+0.00205708j -0.00000005-0.00000003j -0.03056124-0.17741680j 0.00000001+0.00000027j 0.06360642+0.00545877j -0.00000030-0.00000031j -0.03304504+0.17195808j -0.00000005-0.00000003j 0.89060716-0.00751579j
87.99999999999984 0.04046453+0.00197413j -0.00000007-0.00000006j -0.04026372-0.15746175j 0.00000010+0.00000025j 0.08163986+0.00735922j -0.00000033-0.00000022j -0.04137600+0.15010259j -0.00000007-0.00000005j 0.87789576-0.00933328j
88.99999999999984 0.03574860+0.00194890j -0.00000008-0.00000008j -0.04629476-0.13443816j 0.00000018+0.00000021j 0.09182567+0.00815002j -0.00000034-0.00000012j -0.04553076+0.12628820j -0.00000008-0.00000007j 0.87242587-0.01009886j
89.99999999999984 0.03233747+0.00207014j -0.00000008-0.00000008j -0.04723051-0.11032800j 0.00000023+0.00000013j 0.09189802+0.00757381j -0.00000034-0.00000004j -0.04466737+0.10275425j -0.00000008-0.00000008j 0.87576465-0.00964389j
90.99999999999986 0.03035649+0.00234492j -0.00000006-0.00000007j -0.04337612-0.08718803j 0.00000024+0.00000004j 0.08298400+0.00586097j -0.00000033+0.00000003j -0.03960773+0.08132712j -0.00000006-0.00000007j 0.88665966-0.00820583j
91.99999999999984 0.02934628+0.00269961j -0.00000004-0.00000005j -0.03655596-0.06653566j 0.00000022-0.00000006j 0.06901715+0.00363014j -0.00000030+0.00000007j -0.03246104+0.06290558j -0.00000004-0.00000005j 0.90163672-0.00632969j
92.99999999999986 0.02852477+0.00302100j -0.00000003-0.00000003j -0.02933472-0.04893423j 0.00000018-0.00000014j 0.05510040+0.00163314j -0.00000026+0.00000011j -0.02576554+0.04730116j -0.00000003-0.00000003j 0.91637498-0.00465407j
93.99999999999986 0.02716655+0.00320879j -0.00000004-0.00000002j -0.02401852-0.03392643j 0.00000013-0.00000018j 0.04554177+0.00046788j -0.00000019+0.00000013j -0.02152310+0.03345861j -0.00000004-0.00000002j 0.92729183-0.00367661j
94.99999999999986 0.02491492+0.00321263j -0.00000006-0.00000002j -0.02184221-0.02032702j 0.00000008-0.00000020j 0.04235730+0.00037775j -0.00000011+0.00000014j -0.02051495+0.01994933j -0.00000006-0.00000002j 0.93272792-0.00359032j
95.99999999999987 0.02190787+0.00304372j -0.00000008-0.00000002j -0.02262881-0.00674880j 0.00000003-0.00000020j 0.04476262+0.00119876j -0.00000003+0.00000012j -0.02213367+0.00555010j -0.00000008-0.00000002j 0.93332965-0.00424242j
96.99999999999987 0.01869230+0.00276333j -0.00000011-0.00000005j -0.02500434+0.00784183j -0.00000000-0.00000017j 0.04975651+0.00245471j 0.00000005+0.00000008j -0.02475204-0.01029647j -0.00000011-0.00000004j 0.93155133-0.00521797j
97.99999999999989 0.01597434+0.00245438j -0.00000013-0.00000008j -0.02705427+0.02373825j -0.00000002-0.00000012j 0.05351644+0.00355779j 0.00000011+0.00000003j -0.02646204-0.02729598j -0.00000013-0.00000007j 0.93050936-0.00601211j
98.99999999999989 0.01431168+0.00218482j -0.00000013-0.00000010j -0.02715551+0.04040290j -0.00000003-0.00000008j 0.05304688+0.00404335j 0.00000014-0.00000006j -0.02589122-0.04444619j -0.00000013-0.00000009j 0.93264159-0.00622812j
99.9999999999999 0.01388884+0.00197830j -0.00000011-0.00000010j -0.02464665+0.05669224j -0.00000005-0.00000005j 0.04741599+0.00374747j 0.00000012-0.00000016j -0.02276920-0.06043966j -0.00000010-0.00000010j 0.93869531-0.00572571j
100.9999999999999 0.01449374+0.00181031j -0.00000006-0.00000009j -0.02005993+0.07130642j -0.00000008-0.00000002j 0.03807097+0.00284890j 0.00000006-0.00000024j -0.01801090-0.07415526j -0.00000006-0.00000009j 0.94743543-0.00465914j
101.99999999999991 0.01570791+0.00163497j -0.00000002-0.00000008j -0.01484203+0.08329073j -0.00000010+0.00000001j 0.02814539+0.00175901j -0.00000004-0.00000031j -0.01330321-0.08504968j -0.00000002-0.00000008j 0.95614685-0.00339393j
102.9999999999999 0.01718839+0.00142380j 0.00000002-0.00000005j -0.01074194+0.09240050j -0.00000011+0.00000003j 0.02116339+0.00092811j -0.00000014-0.00000035j -0.01042130-0.09332854j 0.00000002-0.00000004j 0.96164836-0.00235185j
103.9999999999999 0.01886793+0.00118737j 0.00000005-0.00000000j -0.00917661+0.09920543j -0.00000011+0.00000004j 0.01977754+0.00067665j -0.00000026-0.00000036j -0.01060078-0.09988202j 0.00000004-0.00000000j 0.96135468-0.00186396j
104.99999999999991 0.02098235+0.00096802j 0.00000007+0.00000004j -0.01081618+0.10492703j -0.00000012+0.00000005j 0.02500614+0.00111800j -0.00000037-0.00000032j -0.01418981-0.10604497j 0.00000007+0.00000004j 0.95401166-0.00208595j
105.99999999999991 0.02396324+0.00081789j 0.00000008+0.00000005j -0.01545536+0.11110296j -0.00000011+0.00000009j 0.03606997+0.00216249j -0.00000047-0.00000022j -0.02061446-0.11326539j 0.00000007+0.00000005j 0.93996693-0.00298031j
106.99999999999993 0.02828732+0.00078296j 0.00000007+0.00000001j -0.02211790+0.11920355j -0.00000008+0.00000017j 0.05069297+0.00355875j -0.00000052-0.00000006j -0.02857493-0.12276224j 0.00000007+0.00000001j 0.92101985-0.00434165j
107.99999999999993 0.03433500+0.00089483j 0.00000006-0.00000005j -0.02932726+0.13029496j -0.00000000+0.00000025j 0.06571569+0.00495679j -0.00000050+0.00000015j -0.03638829-0.13525169j 0.00000006-0.00000005j 0.89994945-0.00585156j
108.99999999999994 0.04226578+0.00116094j 0.00000004-0.00000010j -0.03549075+0.14480792j 0.00000010+0.00000029j 0.07790548+0.00599886j -0.00000041+0.00000032j -0.04241459-0.15080672j 0.00000004-0.00000009j 0.87982888-0.00715973j
109.99999999999993 0.05191991+0.00155350j 0.00000003-0.00000008j -0.03932340+0.16245490j 0.00000021+0.00000024j 0.08480850+0.00642330j -0.00000030+0.00000040j -0.04548495-0.16887814j 0.00000003-0.00000008j 0.86327174-0.00797674j
110.99999999999994 0.06279424+0.00200444j 0.00000001-0.00000003j -0.04018618+0.18231495j 0.00000028+0.00000013j 0.08539091+0.00614809j -0.00000017+0.00000042j -0.04520459-0.18846298j 0.00000001-0.00000003j 0.85181500-0.00815247j
111.99999999999994 0.07414780+0.00241925j -0.00000001-0.00000001j -0.03820687+0.20307238j 0.00000033+0.00000003j 0.08021510+0.00528839j -0.00000005+0.00000043j -0.04200808-0.20836072j -0.00000001-0.00000001j 0.84563725-0.00770758j
112.99999999999996 0.08521184+0.00271283j -0.00000001-0.00000002j -0.03415712+0.22334938j 0.00000034-0.00000005j 0.07111719+0.00409173j 0.00000006+0.00000044j -0.03695993-0.22744105j -0.00000001-0.00000002j 0.84367111-0.00680451j
113.99999999999996 0.09539956+0.00283948j 0.00000001-0.00000002j -0.02917926+0.24202753j 0.00000030-0.00000012j 0.06059403+0.00284871j 0.00000014+0.00000041j -0.03141463-0.24487617j 0.00000001-0.00000002j 0.84400656-0.00568813j
114.99999999999997 0.10442520+0.00279673j 0.00000005+0.00000001j -0.02448059+0.25847118j 0.00000023-0.00000020j 0.05114725+0.00183174j 0.00000018+0.00000035j -0.02666653-0.26030286j 0.00000005+0.00000001j 0.84442769-0.00462841j
115.99999999999997 0.11232489+0.00261127j 0.00000011+0.00000007j -0.02105037+0.27261844j 0.00000011-0.00000028j 0.04470017+0.00125693j 0.00000018+0.00000025j -0.02364966-0.27387531j 0.00000011+0.00000007j 0.84297509-0.00386814j
116.99999999999999 0.11942725+0.00232852j 0.00000018+0.00000014j -0.01940729+0.28494009j -0.00000005-0.00000031j 0.04210577+0.00123512j 0.00000013+0.00000016j -0.02269834-0.28617515j 0.00000018+0.00000014j 0.83846712-0.00356357j
117.99999999999997 0.12629431+0.00201210j 0.00000024+0.00000018j -0.01941964+0.29627078j -0.00000021-0.00000025j 0.04283486+0.00171153j 0.00000006+0.00000013j -0.02341508-0.29798226j 0.00000024+0.00000018j 0.83087098-0.00372357j
119.0 0.13359422+0.00173999j 0.00000022+0.00000018j -0.02030607+0.30752540j -0.00000028-0.00000011j 0.04505765+0.00244082j 0.00000006+0.00000015j -0.02475144-0.30996617j 0.00000022+0.00000018j 0.82134828-0.00418075j
119.99999999999999 0.14187439+0.00158036j 0.00000011+0.00000014j -0.02090688+0.31935229j -0.00000019+0.00000005j 0.04628091+0.00305209j 0.00000016+0.00000018j -0.02537388-0.32240431j 0.00000010+0.00000014j 0.81184485-0.00463238j
121.0 0.15129484+0.00155357j -0.00000003+0.00000010j -0.02017951+0.33183484j -0.00000005+0.00000015j 0.04441446+0.00319808j 0.00000029+0.00000015j -0.02423481-0.33503285j -0.00000003+0.00000010j 0.80429084-0.00475159j
122.0 0.16147072+0.00160363j -0.00000009+0.00000008j -0.01771290+0.34437174j 0.00000006+0.00000018j 0.03882175+0.00272352j 0.00000034+0.00000005j -0.02110870-0.34709521j -0.00000010+0.00000008j 0.79970767-0.00432710j
123.00000000000001 0.17156024+0.00160466j -0.00000011+0.00000000j -0.01400530+0.35581980j 0.00000013+0.00000023j 0.03082642+0.00176226j 0.00000033+0.00000000j -0.01682098-0.35758200j -0.00000011+0.00000001j 0.79761348-0.00336686j
124.00000000000001 0.18059826+0.00141094j -0.00000006-0.00000013j -0.01036539+0.36488305j 0.00000018+0.00000032j 0.02340613+0.00070224j 0.00000027+0.00000002j -0.01304060-0.36558523j -0.00000006-0.00000013j 0.79599574-0.00211312j
125.00000000000003 0.18795446+0.00092108j 0.00000002-0.00000015j -0.00845451+0.37061181j 0.00000024+0.00000029j 0.02014477+0.00004833j 0.00000021-0.00000003j -0.01169012-0.37066008j 0.00000001-0.00000015j 0.79190091-0.00096935j
126.00000000000001 0.19373990+0.00013471j -0.00000002-0.00000005j -0.00962198+0.37283675j 0.00000038+0.00000013j 0.02379482+0.00022337j 0.00000023-0.00000016j -0.01417270-0.37306006j -0.00000003-0.00000005j 0.78246542-0.00035802j
127.00000000000004 0.19896847-0.00082164j -0.00000014-0.00000002j -0.01429750+0.37237048j 0.00000054-0.00000004j 0.03501945+0.00137936j 0.00000029-0.00000027j -0.02072181-0.37374978j -0.00000015-0.00000002j 0.76601222-0.00055766j
128.00000000000003 0.20536044-0.00171522j -0.00000022-0.00000007j -0.02169812+0.37087892j 0.00000061-0.00000019j 0.05185047+0.00329623j 0.00000030-0.00000032j -0.03015220-0.37417509j -0.00000023-0.00000007j 0.74278923-0.00158096j
129.00000000000003 0.21480589-0.00227862j -0.00000019-0.00000011j -0.03000499+0.37043376j 0.00000054-0.00000037j 0.07016276+0.00542928j 0.00000020-0.00000037j -0.04015763-0.37586299j -0.00000019-0.00000011j 0.71503149-0.00315060j
130.00000000000003 0.22867052-0.00231460j -0.00000003-0.00000006j -0.03696453+0.37287962j 0.00000029-0.00000057j 0.08503451+0.00710831j -0.00000004-0.00000044j -0.04806983-0.37998787j -0.00000003-0.00000006j 0.68629511-0.00479365j
131.00000000000003 0.24721382-0.00178423j 0.00000016+0.00000001j -0.04069066+0.37924468j -0.00000005-0.00000068j 0.09248936+0.00779663j -0.00000032-0.00000042j -0.05179856-0.38704125j 0.00000016+0.00000001j 0.66029696-0.00601234j
132.00000000000006 0.26939108-0.00083838j 0.00000030-0.00000004j -0.04032853+0.38941104j -0.00000035-0.00000056j 0.09089111+0.00730131j -0.00000052-0.00000019j -0.05056244-0.39671229j 0.00000030-0.00000004j 0.63971795-0.00646288j
133.00000000000006 0.29314304+0.00023368j 0.00000040-0.00000011j -0.03631848+0.40217562j -0.00000054-0.00000031j 0.08144367+0.00582942j -0.00000059+0.00000012j -0.04512505-0.40800498j 0.00000040-0.00000011j 0.62541343-0.00606304j
134.00000000000006 0.31605787+0.00110777j 0.00000033+0.00000002j -0.03018655+0.41566574j -0.00000053-0.00000024j 0.06766064+0.00389581j -0.00000044+0.00000022j -0.03747394-0.41956149j 0.00000033+0.00000002j 0.61628164-0.00500352j
135.00000000000006 0.33616101+0.00153648j 0.00000001+0.00000020j -0.02395597+0.42795460j -0.00000032-0.00000029j 0.05403283+0.00213204j -0.00000009+0.00000015j -0.03007672-0.43008658j 0.00000001+0.00000020j 0.60980630-0.00366846j
136.00000000000009 0.35255208+0.00143332j -0.00000027+0.00000011j -0.01939913+0.43766706j -0.00000016-0.00000018j 0.04438715+0.00105809j 0.00000019+0.00000020j -0.02498788-0.43872509j -0.00000027+0.00000010j 0.60306091-0.00249136j
137.00000000000006 0.36564279+0.00090348j -0.00000020-0.00000024j -0.01742255+0.44437255j -0.00000023+0.00000015j 0.04057092+0.00089076j 0.00000021+0.00000043j -0.02314823-0.44526326j -0.00000020-0.00000024j 0.59378643-0.00179418j
138.00000000000009 0.37690615+0.00018591j 0.00000019-0.00000064j -0.01781232+0.44860994j -0.00000043+0.00000063j 0.04194701+0.00150457j 0.00000007+0.00000078j -0.02413454-0.45011445j 0.00000019-0.00000064j 0.58114698-0.00169042j
139.00000000000009 0.38825526-0.00044002j 0.00000071-0.00000081j -0.01940454+0.45157622j -0.00000056+0.00000104j 0.04582675+0.00249589j -0.00000006+0.00000105j -0.02642207-0.45407205j 0.00000071-0.00000082j 0.56591812-0.00205581j
140.00000000000009 0.40122341-0.00074687j 0.00000087-0.00000047j -0.02067111+0.45460552j -0.00000030+0.00000101j 0.04878625+0.00332276j 0.00000017+0.00000089j -0.02811500-0.45792822j 0.00000087-0.00000047j 0.54999048-0.00257584j
141.00000000000009 0.41631239-0.00067379j 0.00000054+0.00000015j -0.02043189+0.45858306j 0.00000028+0.00000057j 0.04823064+0.00358269j 0.00000067+0.00000033j -0.02779861-0.46216569j 0.00000054+0.00000015j 0.53545711-0.00290884j
142.0000000000001 0.43281328-0.00033728j 0.00000018+0.00000076j -0.01835044+0.46359984j 0.00000060-0.00000005j 0.04346671+0.00315202j 0.00000090-0.00000039j -0.02511612-0.46675180j 0.00000018+0.00000076j 0.52372015-0.00281468j
143.0000000000001 0.44913985+0.00002537j -0.00000033+0.00000103j -0.01503775+0.46892702j 0.00000083-0.00000050j 0.03590628+0.00220944j 0.00000101-0.00000090j -0.02086839-0.47113641j -0.00000033+0.00000103j 0.51495401-0.00223475j
144.0000000000001 0.46352433+0.00015149j -0.00000113+0.00000061j -0.01174514+0.47329101j 0.00000132-0.00000049j 0.02837404+0.00114768j 0.00000137-0.00000092j -0.01662876-0.47443863j -0.00000113+0.00000061j 0.50810177-0.00129911j
145.0000000000001 0.47473679-0.00015134j -0.00000166-0.00000023j -0.00985380+0.47532337j 0.00000173-0.00000036j 0.02397189+0.00041983j 0.00000165-0.00000078j -0.01411795-0.47574314j -0.00000166-0.00000023j 0.50129146-0.00026843j
146.0000000000001 0.48258223-0.00092487j -0.00000117-0.00000086j -0.01035558+0.47403594j 0.00000128-0.00000046j 0.02493205+0.00034900j 0.00000110-0.00000084j -0.01457633-0.47438488j -0.00000117-0.00000086j 0.49248586+0.00057592j
147.0000000000001 0.48800548-0.00203299j 0.00000045-0.00000097j -0.01352460+0.46915655j -0.00000024-0.00000059j 0.03188875+0.00099664j -0.00000051-0.00000090j -0.01836401-0.47015313j 0.00000045-0.00000098j 0.48010591+0.00103641j
148.00000000000014 0.49283219-0.00322147j 0.00000232-0.00000064j -0.01883434+0.46120911j -0.00000204-0.00000032j 0.04369235+0.00218371j -0.00000236-0.00000055j -0.02485786-0.46339277j 0.00000232-0.00000064j 0.46347560+0.00103781j
149.00000000000014 0.49925378-0.00421891j 0.00000296-0.00000028j -0.02511736+0.45135637j -0.00000257+0.00000053j 0.05776057+0.00360172j -0.00000292+0.00000041j -0.03264307-0.45495803j 0.00000296-0.00000028j 0.44298579+0.00061726j
150.00000000000014 0.50920642-0.00480818j 0.00000178-0.00000042j -0.03091668+0.44110304j -0.00000107+0.00000171j 0.07085333+0.00489556j -0.00000141+0.00000169j -0.03993651-0.44599854j 0.00000178-0.00000042j 0.41994039-0.00008732j
151.00000000000014 0.52377916-0.00486763j -0.00000053-0.00000064j -0.03496429+0.43193143j 0.00000182+0.00000201j 0.08011958+0.00573283j 0.00000153+0.00000207j -0.04515515-0.43766420j -0.00000053-0.00000064j 0.39610141-0.00086514j
152.00000000000017 0.54294777-0.00443979j -0.00000288-0.00000068j -0.03651201+0.42490794j 0.00000465+0.00000085j 0.08383905+0.00597549j 0.00000442+0.00000100j -0.04732690-0.43088337j -0.00000288-0.00000069j 0.37321332-0.00153564j
153.00000000000014 0.56567010-0.00366062j -0.00000314-0.00000118j -0.03544685+0.42051663j 0.00000513-0.00000063j 0.08170022+0.00560530j 0.00000498-0.00000043j -0.04625323-0.42612187j -0.00000314-0.00000119j 0.35262982-0.00194463j
154.00000000000014 0.59016974-0.00272784j -0.00000031-0.00000107j -0.03229211+0.41859485j 0.00000225-0.00000210j 0.07480855+0.00473610j 0.00000220-0.00000187j -0.04251630-0.42333090j -0.00000031-0.00000107j 0.33502185-0.00200820j
155.00000000000017 0.61446627-0.00186417j 0.00000327+0.00000017j -0.02795525+0.41842089j -0.00000187-0.00000304j 0.06515348+0.00360322j -0.00000182-0.00000281j -0.03719809-0.42202405j 0.00000327+0.00000017j 0.32038039-0.00173899j
156.00000000000017 0.63680526-0.00126263j 0.00000610+0.00000089j -0.02350642+0.41893428j -0.00000547-0.00000176j 0.05511583+0.00249369j -0.00000533-0.00000156j -0.03160927-0.42142791j 0.00000610+0.00000088j 0.30807905-0.00123101j
157.00000000000017 0.65604209-0.00108050j 0.00000712+0.00000084j -0.01989815+0.41897376j -0.00000678+0.00000140j 0.04684884+0.00174761j -0.00000657+0.00000155j -0.02695055-0.42072131j 0.00000712+0.00000084j 0.29710921-0.00066705j
158.00000000000017 0.67184732-0.00132538j 0.00000426+0.00000049j -0.01774604+0.41763740j -0.00000338+0.00000446j 0.04178180+0.00151822j -0.00000312+0.00000453j -0.02403562-0.41915556j 0.00000427+0.00000049j 0.28637102-0.00019278j
159.0000000000002 0.68475073-0.00186561j -0.00000169+0.00000046j -0.01715875+0.41448189j 0.00000363+0.00000484j 0.04023159+0.00175572j 0.00000391+0.00000482j -0.02307270-0.41623755j -0.00000169+0.00000046j 0.27501782+0.00010995j
160.00000000000017 0.69595141-0.00246188j -0.00000703+0.00000062j -0.01771397+0.40961503j 0.00000967+0.00000199j 0.04132759+0.00221193j 0.00000994+0.00000187j -0.02361347-0.41182690j -0.00000703+0.00000062j 0.26272115+0.00025001j
161.0000000000002 0.70687495-0.00290395j -0.00000770-0.00000054j -0.01864838+0.40355907j 0.00001036-0.00000114j 0.04339729+0.00264519j 0.00001058-0.00000135j -0.02474877-0.40620419j -0.00000769-0.00000053j 0.24972790+0.00025882j
162.0000000000002 0.71869732-0.00308315j -0.00000221-0.00000308j -0.01911097+0.39704284j 0.00000491-0.00000172j 0.04451599+0.00290574j 0.00000505-0.00000201j -0.02540488-0.39994852j -0.00000220-0.00000308j 0.23678683+0.00017747j
163.0000000000002 0.73186794-0.00299484j 0.00000611-0.00000364j -0.01851944+0.39075741j -0.00000284-0.00000091j 0.04329174+0.00291110j -0.00000281-0.00000125j -0.02477215-0.39366845j 0.00000611-0.00000364j 0.22484047+0.00008380j
164.0000000000002 0.74584719-0.00270578j 0.00001097-0.00000102j -0.01685452+0.38510847j -0.00000723-0.00000012j 0.03953555+0.00259548j -0.00000732-0.00000048j -0.02268088-0.38770389j 0.00001097-0.00000102j 0.21461740+0.00011036j
165.00000000000023 0.75925347-0.00236496j 0.00000965+0.00000155j -0.01470275+0.37997820j -0.00000583+0.00000149j 0.03441136+0.00199196j -0.00000605+0.00000114j -0.01970847-0.38197010j 0.00000965+0.00000155j 0.20633531+0.00037305j
166.00000000000023 0.77036275-0.00212264j 0.00000228+0.00000269j -0.01305702+0.37471802j 0.00000154+0.00000247j 0.03005909+0.00116190j 0.00000120+0.00000218j -0.01700193-0.37587987j 0.00000228+0.00000269j 0.19957830+0.00096080j
167.00000000000023 0.77754921-0.00219478j -0.00000857+0.00000066j -0.01319250+0.36818441j 0.00001246+0.00000213j 0.02931170+0.00041778j 0.00001203+0.00000193j -0.01611906-0.36860213j -0.00000857+0.00000066j 0.19313923+0.00177705j
168.00000000000023 0.78023411-0.00294356j -0.00001447-0.00000542j -0.01593684+0.35893484j 0.00001933+0.00000149j 0.03414865+0.00054621j 0.00001884+0.00000139j -0.01821167-0.35948100j -0.00001447-0.00000542j 0.18561738+0.00239740j
169.00000000000023 0.77938061-0.00431282j -0.00001199-0.00001058j -0.02120323+0.34616532j 0.00001887-0.00000116j 0.04464954+0.00168044j 0.00001835-0.00000114j -0.02344617-0.34784570j -0.00001199-0.00001058j 0.17596999+0.00263244j
170.00000000000023 0.77724198-0.00599695j -0.00000220-0.00001309j -0.02804691+0.32988342j 0.00001125-0.00000417j 0.05900918+0.00357266j 0.00001075-0.00000404j -0.03096212-0.33345602j -0.00000221-0.00001309j 0.16374899+0.00242435j
171.00000000000026 0.77696675-0.00747389j 0.00001779-0.00001021j -0.03469143+0.31105855j -0.00000706-0.00000609j 0.07354545+0.00554693j -0.00000751-0.00000585j -0.03885387-0.31660542j 0.00001779-0.00001021j 0.14948795+0.00192703j
172.00000000000026 0.78141104-0.00817159j 0.00003786+0.00000180j -0.03929343+0.29140264j -0.00002763-0.00000722j 0.08425621+0.00671043j -0.00002799-0.00000689j -0.04496263-0.29811301j 0.00003786+0.00000180j 0.13433289+0.00146122j
173.00000000000026 0.79222934-0.00785675j 0.00003938+0.00001472j -0.04051858+0.27269758j -0.00003255-0.00000314j 0.08806331+0.00664411j -0.00003280-0.00000276j -0.04754459-0.27934162j 0.00003939+0.00001472j 0.11970749+0.00121271j
174.00000000000026 0.80913707-0.00676101j 0.00001640+0.00001722j -0.03815191+0.25624134j -0.00001321+0.00000709j 0.08415959+0.00563313j -0.00001333+0.00000750j -0.04600754-0.26187441j 0.00001641+0.00001722j 0.10670348+0.00112794j
175.00000000000028 0.83010864-0.00546902j -0.00001802+0.00000627j -0.03302719+0.24252553j 0.00002116+0.00001705j 0.07398661+0.00449514j 0.00002116+0.00001744j -0.04095928-0.24702060j -0.00001801+0.00000627j 0.09590490+0.00097395j
176.00000000000026 0.85208335-0.00434315j -0.00004151-0.00001013j -0.02666736+0.23151282j 0.00004941+0.00001752j 0.06058739+0.00353995j 0.00004951+0.00001787j -0.03391988-0.23505271j -0.00004151-0.00001013j 0.08732940+0.00080326j
177.00000000000028 0.87184650-0.00337149j -0.00003857-0.00001857j -0.02085892+0.22272888j 0.00005284+0.00000354j 0.04775336+0.00239944j 0.00005303+0.00000381j -0.02689430-0.22512826j -0.00003857-0.00001857j 0.08040028+0.00097211j
178.00000000000028 0.88700366-0.00261022j -0.00001101-0.00001158j -0.01709019+0.21502218j 0.00002721-0.00001945j 0.03882320+0.00102319j 0.00002745-0.00001926j -0.02173287-0.21604531j -0.00001101-0.00001158j 0.07417328+0.00158709j
179.00000000000028 0.89689921-0.00238468j 0.00003039+0.00000030j -0.01585965+0.20675923j -0.00001919-0.00003047j 0.03517091+0.00012751j -0.00001894-0.00003036j -0.01931112-0.20688668j 0.00003039+0.00000030j 0.06793002+0.00225723j
180.00000000000028 0.90232844-0.00274065j 0.00007122+0.00001010j -0.01692539+0.19682228j -0.00006722-0.00001769j 0.03657320+0.00006138j -0.00006698-0.00001766j -0.01964767-0.19688360j 0.00007122+0.00001011j 0.06109850+0.00267933j
181.00000000000028 0.90520152-0.00384633j 0.00007432+0.00001998j -0.01935754+0.18454481j -0.00007516+0.00000839j 0.04123018+0.00150489j -0.00007496+0.00000836j -0.02187249-0.18604963j 0.00007432+0.00001998j 0.05356844+0.00234150j
182.0000000000003 0.90841210-0.00512627j 0.00002058+0.00001450j -0.02125502+0.17068449j -0.00002037+0.00003807j 0.04519318+0.00360542j -0.00002023+0.00003799j -0.02393801-0.17428985j 0.00002058+0.00001450j 0.04639487+0.00152091j
183.00000000000028 0.91358752-0.00555586j -0.00005620-0.00000457j -0.02160974+0.15697906j 0.00006602+0.00004782j 0.04616344+0.00446055j 0.00006608+0.00004772j -0.02455356-0.16143955j -0.00005620-0.00000456j 0.04024918+0.00109537j
184.0000000000003 0.92109200-0.00489664j -0.00011537-0.00002001j -0.02008554+0.14457724j 0.00013645+0.00001801j 0.04316401+0.00354542j 0.00013643+0.00001791j -0.02307832-0.14812260j -0.00011537-0.00002001j 0.03574414+0.00135128j
185.0000000000003 0.92956972-0.00336823j -0.00010686-0.00003860j -0.01749010+0.13398316j 0.00013385-0.00002473j 0.03759626+0.00108514j 0.00013376-0.00002480j -0.02010602-0.13506824j -0.00010686-0.00003860j 0.03283417+0.00228315j
186.0000000000003 0.93647630-0.00237987j -0.00000624-0.00004923j -0.01546818+0.12402900j 0.00003460-0.00004996j 0.03270006-0.00039869j 0.00003445-0.00004998j -0.01723173-0.12363025j -0.00000624-0.00004922j 0.03082379+0.00277862j
187.0000000000003 0.93949107-0.00275286j 0.00012463-0.00003851j -0.01543282+0.11353929j -0.00009675-0.00003896j 0.03143013+0.00046277j -0.00009695-0.00003892j -0.01599717-0.11400200j 0.00012462-0.00003851j 0.02907894+0.00229014j
188.00000000000034 0.93742902-0.00416805j 0.00019912-0.00000793j -0.01799434+0.10197970j -0.00016997+0.00000302j 0.03526935+0.00287374j -0.00017019+0.00000313j -0.01727487-0.10485338j 0.00019912-0.00000793j 0.02730177+0.00129437j
189.00000000000034 0.93093090-0.00542990j 0.00016567+0.00003380j -0.02249774+0.08945814j -0.00013372+0.00004386j 0.04321696+0.00445406j -0.00013394+0.00004405j -0.02071907-0.09391214j 0.00016567+0.00003380j 0.02585228+0.00097589j
190.00000000000034 0.92150823-0.00567772j 0.00003328+0.00005609j -0.02802195+0.07585581j 0.00000038+0.00006319j 0.05368834+0.00365802j 0.00000017+0.00006345j -0.02566624-0.07951377j 0.00003328+0.00005609j 0.02480357+0.00201976j
191.00000000000034 0.91115795-0.00542586j -0.00012639+0.00002868j -0.03361806+0.06009424j 0.00016400+0.00005976j 0.06491287+0.00179863j 0.00016384+0.00006008j -0.03129467-0.06189282j -0.00012639+0.00002868j 0.02392932+0.00362729j
192.00000000000034 0.90217605-0.00607470j -0.00021943-0.00002389j -0.03821182+0.04080029j 0.00026669+0.00001770j 0.07470528+0.00198258j 0.00026659+0.00001806j -0.03649331-0.04278282j -0.00021943-0.00002389j 0.02311882+0.00409218j
193.00000000000034 0.89643336-0.00778569j -0.00019400-0.00005455j -0.04100286+0.01842896j 0.00024563-0.00006519j 0.08128247+0.00477309j 0.00024560-0.00006479j -0.04027947-0.02320198j -0.00019400-0.00005455j 0.02228431+0.00301266j
194.00000000000037 0.89484452-0.00977572j -0.00002237-0.00006919j -0.04173033-0.00519681j 0.00006608-0.00011828j 0.08385387+0.00871874j 0.00006614-0.00011789j -0.04212340-0.00352187j -0.00002237-0.00006919j 0.02130176+0.00105705j
195.00000000000037 0.89933766-0.01007837j 0.00024571-0.00003799j -0.03856721-0.02691314j -0.00021538-0.00010661j 0.07848599+0.00985714j -0.00021522-0.00010623j -0.03991864+0.01705605j 0.00024571-0.00003799j 0.02217649+0.00022128j
196.00000000000037 0.90832133-0.00660727j 0.00041750+0.00005495j -0.03266883-0.04356129j -0.00040704-0.00004204j 0.06726889+0.00386250j -0.00040680-0.00004169j -0.03459992+0.03969886j 0.00041750+0.00005495j 0.02440992+0.00274483j
197.00000000000037 0.91821272-0.00300883j 0.00036610+0.00013551j -0.02678885-0.05806589j -0.00037585+0.00006966j 0.05559474-0.00220067j -0.00037553+0.00006995j -0.02880575+0.06026662j 0.00036610+0.00013551j 0.02619268+0.00520956j
198.0000000000004 0.92711176-0.00179830j 0.00007710+0.00016879j -0.02182814-0.07269183j -0.00009638+0.00015267j 0.04527218-0.00354476j -0.00009600+0.00015288j -0.02344389+0.07623665j 0.00007710+0.00016880j 0.02761620+0.00534312j
199.00000000000037 0.93200922-0.00376332j -0.00036518+0.00008313j -0.01986780-0.08844716j 0.00035252+0.00017618j 0.04057956+0.00120596j 0.00035295+0.00017630j -0.02071162+0.08724126j -0.00036518+0.00008313j 0.02741136+0.00255741j
