# time rdo00 rdo01 rdo10 rdo11
0.0 1.00000000+0.00000000j 0.00000000+0.00000000j 0.00000000+0.00000000j 0.00000000+0.00000000j 0.00000000+0.00000000j 0.00000000+0.00000000j 0.00000000+0.00000000j 0.00000000+0.00000000j 0.00000000+0.00000000j
1.0 0.99233148+0.00000238j -0.00000000+0.00000000j -0.00381028-0.00057324j -0.00000000-0.00000000j 0.00762574-0.00000300j 0.00000000-0.00000000j -0.00381531+0.00057630j -0.00000000+0.00000000j 0.00004293+0.00000068j
2.0 0.97169936+0.00002634j -0.00000000+0.00000000j -0.01380726-0.00435641j -0.00000000-0.00000000j 0.02764005-0.00003274j 0.00000000-0.00000000j -0.01383264+0.00438921j -0.00000000+0.00000000j 0.00066075+0.00000646j
3.0 0.94424820+0.00008449j -0.00000000+0.00000000j -0.02635774-0.01351537j -0.00000000-0.00000000j 0.05275829-0.00010130j -0.00000000-0.00000000j -0.02640039+0.01361674j -0.00000000+0.00000000j 0.00299367+0.00001688j
4.0 0.91733705+0.00016431j -0.00000000+0.00000000j -0.03728698-0.02854226j -0.00000000-0.00000000j 0.07460776-0.00018808j -0.00000000-0.00000000j -0.03732062+0.02873040j -0.00000000+0.00000000j 0.00805534+0.00002384j
5.000000000000001 0.89680371+0.00023999j -0.00000000+0.00000000j -0.04356056-0.04824877j -0.00000001-0.00000000j 0.08710566-0.00025990j -0.00000000+0.00000000j -0.04354495+0.04850874j -0.00000000+0.00000000j 0.01609079+0.00001997j
6.0 0.88518572+0.00028905j 0.00000000+0.00000000j -0.04424978-0.07032676j -0.00000001+0.00000000j 0.08839528-0.00029459j 0.00000000+0.00000000j -0.04414534+0.07062141j 0.00000000+0.00000000j 0.02641916+0.00000560j
7.000000000000001 0.88136928+0.00029931j 0.00000000-0.00000000j -0.04056195-0.09222457j -0.00000001+0.00000000j 0.08090481-0.00028571j 0.00000000+0.00000000j -0.04034271+0.09251035j 0.00000000-0.00000000j 0.03772607-0.00001354j
8.0 0.88152379+0.00026680j -0.00000000+0.00000000j -0.03512478-0.11200598j -0.00000001+0.00000001j 0.06991094-0.00023327j 0.00000000+0.00000000j -0.03478601+0.11223931j -0.00000000+0.00000000j 0.04856542-0.00003346j
9.0 0.88085043+0.00019403j -0.00000000+0.00000000j -0.03086579-0.12890554j -0.00000000+0.00000001j 0.06129153-0.00013919j 0.00000001-0.00000000j -0.03042559+0.12904480j -0.00000000+0.00000000j 0.05785820-0.00005477j
10.000000000000002 0.87552739+0.00009300j -0.00000001+0.00000000j -0.02986134-0.14342252j 0.00000000+0.00000001j 0.05921777-0.00001473j 0.00000001-0.00000000j -0.02935628+0.14343731j -0.00000001+0.00000000j 0.06525500-0.00007821j
11.0 0.86417588-0.00001302j -0.00000001-0.00000000j -0.03255208-0.15695854j 0.00000000+0.00000001j 0.06457958+0.00011232j 0.00000001-0.00000001j -0.03202735+0.15684629j -0.00000001-0.00000000j 0.07124469-0.00009923j
12.0 0.84828933-0.00009668j -0.00000000-0.00000001j -0.03764877-0.17115940j 0.00000001+0.00000001j 0.07479426+0.00020618j 0.00000000-0.00000001j -0.03714534+0.17095328j -0.00000000-0.00000001j 0.07691656-0.00010944j
13.000000000000002 0.83147254-0.00014083j -0.00000000-0.00000001j -0.04277804-0.18721871j 0.00000001+0.00000001j 0.08510026+0.00024549j -0.00000000-0.00000001j -0.04232206+0.18697329j -0.00000000-0.00000001j 0.08342736-0.00010459j
14.000000000000002 0.81788706-0.00014726j 0.00000000-0.00000001j -0.04554426-0.20539776j 0.00000001+0.00000001j 0.09068813+0.00023695j -0.00000000-0.00000001j -0.04514371+0.20516087j 0.00000000-0.00000001j 0.09142497-0.00008963j
15.000000000000002 0.81064281-0.00013080j 0.00000001-0.00000000j -0.04448300-0.22491455j 0.00000001+0.00000001j 0.08861589+0.00020480j -0.00000001-0.00000001j -0.04413273+0.22470981j 0.00000001-0.00000000j 0.10074146-0.00007394j
16.0 0.81078661-0.00010600j 0.00000001+0.00000000j -0.03951012-0.24420383j 0.00000001+0.00000001j 0.07871153+0.00016898j -0.00000001-0.00000001j -0.03920125+0.24403492j 0.00000001+0.00000000j 0.11050202-0.00006292j
17.0 0.81713689-0.00007957j 0.00000000+0.00000000j -0.03179758-0.26141535j 0.00000001+0.00000000j 0.06332307+0.00013546j -0.00000001-0.00000001j -0.03152534+0.26127995j 0.00000000+0.00000001j 0.11954019-0.00005583j
18.0 0.82681602-0.00005202j -0.00000000+0.00000001j -0.02327294-0.27495382j 0.00000001-0.00000000j 0.04631211+0.00010252j -0.00000000-0.00000001j -0.02303901+0.27485136j -0.00000000+0.00000001j 0.12687202-0.00005043j
19.000000000000004 0.83614775-0.00002225j -0.00000001+0.00000001j -0.01600700-0.28388943j 0.00000001-0.00000001j 0.03182375+0.00006967j -0.00000000-0.00000001j -0.01581659+0.28381983j -0.00000001+0.00000001j 0.13202866-0.00004735j
20.000000000000004 0.84160375+0.00001008j -0.00000001+0.00000000j -0.01167886-0.28814909j 0.00000001-0.00000001j 0.02321436+0.00004008j -0.00000000-0.00000001j -0.01153535+0.28810907j -0.00000001+0.00000001j 0.13518205-0.00005009j
21.000000000000004 0.84057854+0.00004431j -0.00000001+0.00000000j -0.01121150-0.28848607j 0.00000000-0.00000001j 0.02232365+0.00001775j -0.00000000-0.00000001j -0.01111199+0.28846839j -0.00000001+0.00000000j 0.13709797-0.00006199j
22.0 0.83186794+0.00007928j -0.00000001-0.00000000j -0.01461231-0.28628435j -0.00000000-0.00000001j 0.02915902+0.00000395j -0.00000000-0.00000000j -0.01454656+0.28628046j -0.00000001-0.00000000j 0.13897319-0.00008317j
23.0 0.81581436+0.00011364j -0.00000001-0.00000001j -0.02101656-0.28327402j -0.00000000-0.00000001j 0.04198650-0.00000408j -0.00000000+0.00000001j -0.02096979+0.28327816j -0.00000001-0.00000002j 0.14219929-0.00010950j
24.0 0.79415567+0.00014646j -0.00000000-0.00000003j -0.02890042-0.28122043j 0.00000000+0.00000000j 0.05775930-0.00001206j 0.00000000+0.00000002j -0.02885873+0.28123256j -0.00000001-0.00000003j 0.14808519-0.00013434j
25.000000000000004 0.76963910+0.00017808j 0.00000000-0.00000004j -0.03641803-0.28162011j 0.00000001+0.00000001j 0.07279120-0.00002622j 0.00000001+0.00000004j -0.03637302+0.28164639j 0.00000000-0.00000005j 0.15756986-0.00015180j
26.000000000000004 0.74543672+0.00020989j 0.00000001-0.00000004j -0.04182620-0.28542453j 0.00000002+0.00000002j 0.08360165-0.00004998j 0.00000001+0.00000004j -0.04177529+0.28547457j 0.00000001-0.00000006j 0.17096178-0.00015985j
27.000000000000004 0.72440089+0.00024204j 0.00000003-0.00000004j -0.04394597-0.29283433j 0.00000002+0.00000002j 0.08783393-0.00008053j 0.00000002+0.00000005j -0.04388780+0.29291493j 0.00000002-0.00000006j 0.18776534-0.00016145j
28.000000000000004 0.70829527+0.00027070j 0.00000004-0.00000004j -0.04254218-0.30323999j 0.00000003+0.00000002j 0.08501299-0.00010799j 0.00000003+0.00000005j -0.04247065+0.30334805j 0.00000004-0.00000006j 0.20669190-0.00016264j
29.000000000000004 0.69726844+0.00028808j 0.00000005-0.00000003j -0.03844206-0.31538093j 0.00000003+0.00000001j 0.07678610-0.00011968j 0.00000004+0.00000005j -0.03834388+0.31550067j 0.00000005-0.00000006j 0.22594562-0.00016834j
30.000000000000004 0.68983773+0.00028622j 0.00000006-0.00000001j -0.03327151-0.32772509j 0.00000003+0.00000000j 0.06640134-0.00010758j 0.00000004+0.00000004j -0.03312968+0.32783273j 0.00000007-0.00000004j 0.24376108-0.00017858j
31.000000000000004 0.68344875+0.00026124j 0.00000007+0.00000001j -0.02887527-0.33896591j 0.00000002-0.00000001j 0.05755184-0.00007307j 0.00000004+0.00000002j -0.02867642+0.33903905j 0.00000008-0.00000002j 0.25899956-0.00018810j
32.0 0.67540344+0.00021473j 0.00000007+0.00000003j -0.02666513-0.34846164j 0.00000001-0.00000002j 0.05307155-0.00002499j 0.00000004+0.00000001j -0.02640626+0.34848669j 0.00000009+0.00000001j 0.27152517-0.00018967j
33.0 0.66380874+0.00015172j 0.00000007+0.00000005j -0.02716000-0.35645076j -0.00000001-0.00000002j 0.05401195+0.00002689j 0.00000003-0.00000000j -0.02685180+0.35642393j 0.00000009+0.00000003j 0.28217946-0.00017855j
34.0 0.64824907+0.00007887j 0.00000005+0.00000005j -0.02985034-0.36395573j -0.00000001-0.00000000j 0.05936706+0.00007589j 0.00000004-0.00000000j -0.02951657+0.36387991j 0.00000009+0.00000004j 0.29238403-0.00015470j
35.0 0.63001395+0.00000546j 0.00000004+0.00000004j -0.03337498-0.37239186j -0.00000001+0.00000002j 0.06642367+0.00011594j 0.00000004+0.00000000j -0.03304853+0.37227599j 0.00000007+0.00000004j 0.30356253-0.00012133j
36.0 0.61179782-0.00005535j 0.00000002+0.00000003j -0.03594757-0.38299307j 0.00000001+0.00000004j 0.07161098+0.00013775j 0.00000005+0.00000000j -0.03566325+0.38285539j 0.00000005+0.00000004j 0.31659136-0.00008234j
37.0 0.59685416-0.00009001j 0.00000001+0.00000002j -0.03597405-0.39623599j 0.00000003+0.00000005j 0.07173303+0.00013209j 0.00000006-0.00000000j -0.03575882+0.39610397j 0.00000004+0.00000004j 0.33141297-0.00004201j
38.00000000000001 0.58775139-0.00009280j 0.00000001+0.00000001j -0.03274273-0.41147333j 0.00000004+0.00000006j 0.06534921+0.00009951j 0.00000006-0.00000000j -0.03260633+0.41137388j 0.00000003+0.00000003j 0.34689955-0.00000665j
39.00000000000001 0.58515519-0.00007164j 0.00000001-0.00000001j -0.02692150-0.42695132j 0.00000005+0.00000007j 0.05377428+0.00005603j 0.00000006+0.00000000j -0.02685262+0.42689536j 0.00000002+0.00000001j 0.36107069+0.00001567j
40.00000000000001 0.58723900-0.00004496j 0.00000003-0.00000002j -0.02052585-0.44026513j 0.00000006+0.00000007j 0.04102319+0.00002567j 0.00000006+0.00000001j -0.02049718+0.44023953j 0.00000003+0.00000000j 0.37173797+0.00001936j
41.00000000000001 0.59014162-0.00003006j 0.00000005-0.00000002j -0.01621127-0.44912674j 0.00000005+0.00000006j 0.03240349+0.00002357j 0.00000005+0.00000002j -0.01619206+0.44910323j 0.00000004-0.00000000j 0.37745504+0.00000655j
42.00000000000001 0.58936200-0.00003193j 0.00000007-0.00000001j -0.01614314-0.45216518j 0.00000004+0.00000005j 0.03225600+0.00004385j 0.00000004+0.00000002j -0.01611271+0.45212139j 0.00000007+0.00000000j 0.37838215-0.00001186j
43.00000000000001 0.58146345-0.00004154j 0.00000009-0.00000000j -0.02099790-0.44944081j 0.00000003+0.00000004j 0.04195115+0.00006383j 0.00000003+0.00000003j -0.02095309+0.44937704j 0.00000009+0.00000001j 0.37658556-0.00002222j
44.0 0.56531884-0.00004362j 0.00000009+0.00000000j -0.02959864-0.44246325j 0.00000002+0.00000005j 0.05915097+0.00006061j 0.00000003+0.00000005j -0.02955218+0.44240270j 0.00000010+0.00000001j 0.37553035-0.00001693j
44.99999999999999 0.54240923-0.00002618j 0.00000009+0.00000001j -0.03933877-0.43370510j 0.00000002+0.00000005j 0.07864934+0.00002483j 0.00000005+0.00000006j -0.03931041+0.43368034j 0.00000011+0.00000002j 0.37894160+0.00000142j
45.99999999999999 0.51614222+0.00001420j 0.00000008+0.00000002j -0.04717081-0.42580183j 0.00000003+0.00000006j 0.09434726-0.00003658j 0.00000006+0.00000007j -0.04717630+0.42583848j 0.00000012+0.00000003j 0.38951068+0.00002245j
46.99999999999999 0.49052082+0.00007147j 0.00000006+0.00000003j -0.05074180-0.42073410j 0.00000004+0.00000005j 0.10152603-0.00010451j 0.00000009+0.00000007j -0.05078408+0.42083868j 0.00000012+0.00000005j 0.40795331+0.00003311j
47.999999999999986 0.46867814+0.00013162j 0.00000004+0.00000005j -0.04925344-0.41927432j 0.00000005+0.00000004j 0.09857241-0.00015368j 0.00000010+0.00000004j -0.04931881+0.41942807j 0.00000011+0.00000007j 0.43274961+0.00002212j
48.99999999999998 0.45182060+0.00017739j 0.00000001+0.00000006j -0.04373037-0.42086909j 0.00000007+0.00000002j 0.08752149-0.00016145j 0.00000011+0.00000002j -0.04379097+0.42103061j 0.00000010+0.00000010j 0.46065807-0.00001588j
49.99999999999997 0.43898580+0.00019562j -0.00000001+0.00000005j -0.03656881-0.42397400j 0.00000008+0.00000001j 0.07315972-0.00011908j 0.00000010-0.00000000j -0.03659076+0.42409315j 0.00000009+0.00000011j 0.48785463-0.00007647j
50.999999999999964 0.42769550+0.00018339j -0.00000003+0.00000003j -0.03052166-0.42670191j 0.00000008+0.00000002j 0.06099815-0.00003826j 0.00000008-0.00000000j -0.03047634+0.42674023j 0.00000009+0.00000010j 0.51130651-0.00014507j
51.999999999999964 0.41517122+0.00014850j -0.00000002+0.00000001j -0.02756192-0.42753836j 0.00000008+0.00000004j 0.05499793+0.00005421j 0.00000006+0.00000001j -0.02743585+0.42748421j 0.00000009+0.00000008j 0.52983101-0.00020264j
52.99999999999996 0.39953058+0.00010423j -0.00000001-0.00000001j -0.02814796-0.42586104j 0.00000008+0.00000006j 0.05609533+0.00013051j 0.00000003+0.00000002j -0.02794721+0.42573059j 0.00000010+0.00000006j 0.54437424-0.00023468j
53.999999999999964 0.38046544+0.00006313j 0.00000001-0.00000001j -0.03119113-0.42208760j 0.00000008+0.00000006j 0.06212992+0.00017387j 0.00000002+0.00000002j -0.03093864+0.42191380j 0.00000011+0.00000005j 0.55740479-0.00023693j
54.99999999999996 0.35922311+0.00003362j 0.00000000+0.00000001j -0.03465473-0.41742962j 0.00000010+0.00000005j 0.06903746+0.00018116j 0.00000003+0.00000001j -0.03438258+0.41724853j 0.00000009+0.00000006j 0.57173958-0.00021471j
55.99999999999995 0.33802206+0.00001948j -0.00000001+0.00000003j -0.03645293-0.41337728j 0.00000011+0.00000002j 0.07264607+0.00015884j 0.00000005-0.00000002j -0.03619298+0.41321851j 0.00000006+0.00000007j 0.58933203-0.00017826j
56.99999999999994 0.31919431+0.00001989j -0.00000004+0.00000007j -0.03527143-0.41112078j 0.00000011-0.00000002j 0.07031946+0.00011840j 0.00000007-0.00000005j -0.03504787+0.41100244j 0.00000003+0.00000008j 0.61048638-0.00013823j
57.999999999999936 0.30437980+0.00002984j -0.00000005+0.00000009j -0.03102790-0.41111207j 0.00000009-0.00000006j 0.06188180+0.00007330j 0.00000006-0.00000009j -0.03085374+0.41103883j 0.00000000+0.00000009j 0.63373855-0.00010308j
58.999999999999936 0.29404593+0.00004231j -0.00000006+0.00000010j -0.02484151-0.41290119j 0.00000005-0.00000008j 0.04956157+0.00003497j 0.00000004-0.00000012j -0.02471990+0.41286628j -0.00000002+0.00000009j 0.65639265-0.00007722j
59.99999999999993 0.28746682+0.00005206j -0.00000006+0.00000009j -0.01856242-0.41527614j 0.00000001-0.00000007j 0.03705421+0.00000781j 0.00000001-0.00000013j -0.01849163+0.41526840j -0.00000003+0.00000007j 0.67547912-0.00005980j
60.99999999999992 0.28309724+0.00005853j -0.00000006+0.00000005j -0.01408530-0.41662916j -0.00000003-0.00000004j 0.02815009-0.00001263j -0.00000001-0.00000012j -0.01406463+0.41664185j -0.00000004+0.00000003j 0.68875282-0.00004584j
61.999999999999915 0.27911651+0.00006491j -0.00000006+0.00000001j -0.01274694-0.41540457j -0.00000005+0.00000001j 0.02552702-0.00003443j -0.00000002-0.00000009j -0.01277993+0.41543907j -0.00000005-0.00000001j 0.69535662-0.00003041j
62.99999999999991 0.27390323+0.00007372j -0.00000005-0.00000004j -0.01502017-0.41048057j -0.00000006+0.00000005j 0.03013351-0.00006014j -0.00000003-0.00000006j -0.01511318+0.41054078j -0.00000005-0.00000003j 0.69596341-0.00001351j
63.999999999999915 0.26633102+0.00008335j -0.00000002-0.00000006j -0.02051859-0.40139371j -0.00000006+0.00000006j 0.04119498-0.00008244j -0.00000003-0.00000005j -0.02067623+0.40147622j -0.00000004-0.00000004j 0.69247416-0.00000084j
64.99999999999991 0.25591721+0.00008976j 0.00000001-0.00000008j -0.02817782-0.38839142j -0.00000007+0.00000007j 0.05657690-0.00009106j -0.00000004-0.00000003j -0.02839892+0.38848254j -0.00000002-0.00000003j 0.68750605+0.00000136j
65.9999999999999 0.24288107+0.00009162j 0.00000003-0.00000009j -0.03649252-0.37234775j -0.00000006+0.00000007j 0.07326245-0.00008436j -0.00000005-0.00000001j -0.03676977+0.37243218j -0.00000000-0.00000002j 0.68385663-0.00000719j
66.9999999999999 0.22809011+0.00009210j 0.00000004-0.00000007j -0.04380271-0.35458222j -0.00000005+0.00000006j 0.08792851-0.00007150j -0.00000005+0.00000000j -0.04412565+0.35465379j 0.00000000+0.00000000j 0.68398153-0.00002054j
67.9999999999999 0.21283189+0.00009503j 0.00000004-0.00000005j -0.04866882-0.33660301j -0.00000004+0.00000003j 0.09769628-0.00006176j -0.00000004-0.00000000j -0.04902731+0.33666483j 0.00000000+0.00000004j 0.68947198-0.00003321j
68.99999999999989 0.19842990+0.00010007j 0.00000003-0.00000001j -0.05027983-0.31979697j -0.00000003-0.00000001j 0.10094509-0.00005389j -0.00000004-0.00000003j -0.05066510+0.31985092j -0.00000000+0.00000009j 0.70062517-0.00004612j
69.99999999999989 0.18584975+0.00010321j 0.00000001+0.00000004j -0.04871514-0.30512219j -0.00000003-0.00000004j 0.09783357-0.00003815j -0.00000005-0.00000006j -0.04911827+0.30516040j -0.00000002+0.00000014j 0.71631683-0.00006499j
70.99999999999987 0.17547226+0.00010142j -0.00000002+0.00000006j -0.04489286-0.29289210j -0.00000005-0.00000006j 0.09019568-0.00000783j -0.00000006-0.00000008j -0.04530266+0.29289999j -0.00000004+0.00000016j 0.73433221-0.00009352j
71.99999999999987 0.16709937+0.00009583j -0.00000005+0.00000007j -0.04020588-0.28273204j -0.00000007-0.00000006j 0.08081405+0.00003323j -0.00000008-0.00000008j -0.04060802+0.28269888j -0.00000005+0.00000017j 0.75208674-0.00012899j
72.99999999999987 0.16011739+0.00008968j -0.00000008+0.00000005j -0.03602497-0.27373479j -0.00000008-0.00000003j 0.07242789+0.00007472j -0.00000010-0.00000007j -0.03640276+0.27366014j -0.00000007+0.00000015j 0.76745487-0.00016433j
73.99999999999987 0.15370444+0.00008334j -0.00000011+0.00000003j -0.03328203-0.26477497j -0.00000008+0.00000001j 0.06690042+0.00011014j -0.00000011-0.00000005j -0.03361823+0.26466490j -0.00000009+0.00000012j 0.77939530-0.00019342j
74.99999999999987 0.14704039+0.00007271j -0.00000015-0.00000001j -0.03224101-0.25489410j -0.00000005+0.00000005j 0.06476163+0.00014045j -0.00000010-0.00000003j -0.03252047+0.25475372j -0.00000012+0.00000009j 0.78819813-0.00021310j
75.99999999999986 0.13953711+0.00005354j -0.00000017-0.00000004j -0.03246012-0.24364810j -0.00000001+0.00000006j 0.06513410+0.00016669j -0.00000008-0.00000002j -0.03267382+0.24348148j -0.00000015+0.00000006j 0.79532894-0.00022016j
76.99999999999986 0.13106202+0.00002718j -0.00000019-0.00000008j -0.03294015-0.23130862j 0.00000003+0.00000006j 0.06602992+0.00018158j -0.00000006-0.00000002j -0.03308961+0.23112711j -0.00000018+0.00000002j 0.80290822-0.00020869j
77.99999999999984 0.12204011+0.00000105j -0.00000018-0.00000012j -0.03247747-0.21882932j 0.00000006+0.00000005j 0.06505487+0.00017256j -0.00000005-0.00000001j -0.03257725+0.21865682j -0.00000020-0.00000002j 0.81290517-0.00017355j
78.99999999999984 0.11332166-0.00001676j -0.00000014-0.00000016j -0.03018033-0.20754461j 0.00000007+0.00000003j 0.06043629+0.00013411j -0.00000005+0.00000000j -0.03025580+0.20741056j -0.00000019-0.00000006j 0.82624221-0.00011729j
79.99999999999984 0.10583489-0.00002281j -0.00000008-0.00000018j -0.02596350-0.19866774j 0.00000006+0.00000000j 0.05200726+0.00007559j -0.00000007+0.00000001j -0.02604360+0.19859222j -0.00000016-0.00000009j 0.84215801-0.00005271j
80.99999999999983 0.10019294-0.00001901j -0.00000001-0.00000017j -0.02075430-0.19275918j 0.00000003-0.00000003j 0.04161659+0.00001629j -0.00000009+0.00000001j -0.02086214+0.19274295j -0.00000011-0.00000011j 0.85819062+0.00000278j
81.99999999999983 0.09645369-0.00000959j 0.00000006-0.00000014j -0.01624420-0.18938161j -0.00000002-0.00000006j 0.03263446-0.00002676j -0.00000011+0.00000001j -0.01639011+0.18940843j -0.00000006-0.00000010j 0.87091200+0.00003642j
82.99999999999983 0.09412541+0.00000164j 0.00000011-0.00000009j -0.01425925-0.18710264j -0.00000006-0.00000008j 0.02869865-0.00004736j -0.00000013+0.00000001j -0.01443924+0.18715007j -0.00000002-0.00000007j 0.87717609+0.00004579j
83.99999999999983 0.09237569+0.00001200j 0.00000014-0.00000003j -0.01602567-0.18387157j -0.00000010-0.00000009j 0.03225160-0.00004996j -0.00000015-0.00000001j -0.01622577+0.18392160j 0.00000001-0.00000003j 0.87537287+0.00003803j
84.99999999999982 0.09033625+0.00001964j 0.00000014+0.00000003j -0.02164275-0.17764656j -0.00000013-0.00000009j 0.04348966-0.00004425j -0.00000016-0.00000002j -0.02184675+0.17769087j 0.00000003+0.00000003j 0.86617425+0.00002467j
85.99999999999983 0.08740226+0.00002411j 0.00000010+0.00000008j -0.02995804-0.16704966j -0.00000014-0.00000007j 0.06011369-0.00004047j -0.00000016-0.00000002j -0.03015550+0.16709019j 0.00000002+0.00000007j 0.85248421+0.00001642j
86.99999999999983 0.08343846+0.00002744j 0.00000005+0.00000009j -0.03888035-0.15181518j -0.00000013-0.00000003j 0.07795203-0.00004706j -0.00000015-0.00000001j -0.03907153+0.15186230j -0.00000001+0.00000009j 0.83860967+0.00001968j
87.99999999999984 0.07880716+0.00003355j -0.00000001+0.00000006j -0.04603740-0.13287132j -0.00000009+0.00000003j 0.09227089-0.00006774j -0.00000013+0.00000002j -0.04623333+0.13293912j -0.00000003+0.00000008j 0.82892211+0.00003426j
88.99999999999984 0.07417531+0.00004527j -0.00000006+0.00000001j -0.04958033-0.11202511j -0.00000005+0.00000009j 0.09937830-0.00009742j -0.00000011+0.00000006j -0.04979781+0.11212260j -0.00000006+0.00000005j 0.82644655+0.00005222j
89.99999999999984 0.07017204+0.00006134j -0.00000009-0.00000004j -0.04884885-0.09136322j 0.00000000+0.00000014j 0.09795145-0.00012110j -0.00000008+0.00000009j -0.04910244+0.09148438j -0.00000007+0.00000003j 0.83187667+0.00005982j
90.99999999999986 0.06707842+0.00007686j -0.00000010-0.00000008j -0.04460788-0.07258356j 0.00000006+0.00000015j 0.08951029-0.00012053j -0.00000006+0.00000010j -0.04490225+0.07270416j -0.00000007+0.00000002j 0.84341144+0.00004373j
91.99999999999984 0.06472281+0.00008711j -0.00000010-0.00000011j -0.03872275-0.05649598j 0.00000012+0.00000012j 0.07777175-0.00008594j -0.00000003+0.00000010j -0.03904885+0.05658199j -0.00000008+0.00000002j 0.85750560-0.00000110j
92.99999999999986 0.06262047+0.00009092j -0.00000010-0.00000012j -0.03340382-0.04286063j 0.00000016+0.00000007j 0.06714423-0.00002333j 0.00000001+0.00000008j -0.03374026+0.04288402j -0.00000009+0.00000002j 0.87023545-0.00006753j
93.99999999999986 0.06025067+0.00009046j -0.00000009-0.00000012j -0.03035376-0.03060101j 0.00000018+0.00000000j 0.06102667+0.00004892j 0.00000003+0.00000006j -0.03067276+0.03055216j -0.00000010+0.00000003j 0.87872281-0.00013931j
94.99999999999986 0.05731550+0.00008848j -0.00000007-0.00000009j -0.03016989-0.01829085j 0.00000018-0.00000008j 0.06061533+0.00011011j 0.00000004+0.00000002j -0.03044528+0.01818081j -0.00000010+0.00000003j 0.88206933-0.00019852j
95.99999999999987 0.05386923+0.00008637j -0.00000005-0.00000006j -0.03221343-0.00472515j 0.00000014-0.00000016j 0.06464178+0.00014576j 0.00000003-0.00000002j -0.03242819+0.00457945j -0.00000010+0.00000003j 0.88148914-0.00023207j
96.99999999999987 0.05027955+0.00008409j -0.00000003-0.00000003j -0.03496333+0.01062878j 0.00000009-0.00000021j 0.07007760+0.00015103j 0.00000001-0.00000006j -0.03511412-0.01077975j -0.00000009+0.00000003j 0.87964300-0.00023506j
97.99999999999989 0.04704693+0.00008069j -0.00000002-0.00000001j -0.03669945+0.02745091j 0.00000003-0.00000023j 0.07349623+0.00013090j -0.00000002-0.00000008j -0.03679663-0.02758175j -0.00000009+0.00000001j 0.87945699-0.00021153j
98.99999999999989 0.04456878+0.00007449j -0.00000001-0.00000000j -0.03623903+0.04470848j -0.00000002-0.00000022j 0.07254110+0.00009817j -0.00000005-0.00000008j -0.03630191-0.04480658j -0.00000008-0.00000002j 0.88289028-0.00017260j
99.9999999999999 0.04297691+0.00006396j -0.00000000-0.00000001j -0.03341653+0.06104927j -0.00000006-0.00000018j 0.06688254+0.00006780j -0.00000009-0.00000006j -0.03346585-0.06111700j -0.00000007-0.00000007j 0.89014071-0.00013169j
100.9999999999999 0.04214989+0.00004913j 0.00000001-0.00000004j -0.02910171+0.07528970j -0.00000008-0.00000011j 0.05825462+0.00004911j -0.00000013-0.00000003j -0.02915276-0.07533874j -0.00000004-0.00000012j 0.89959565-0.00009817j
101.99999999999991 0.04189010+0.00003242j 0.00000004-0.00000007j -0.02477962+0.08681414j -0.00000008-0.00000003j 0.04961924+0.00004127j -0.00000016+0.00000002j -0.02483946-0.08685535j -0.00000001-0.00000016j 0.90849082-0.00007362j
102.9999999999999 0.04213455+0.00001731j 0.00000006-0.00000007j -0.02193789+0.09575680j -0.00000006+0.00000003j 0.04394526+0.00003613j -0.00000016+0.00000005j -0.02200721-0.09579287j 0.00000002-0.00000018j 0.91392035-0.00005338j
103.9999999999999 0.04305462+0.00000598j 0.00000007-0.00000005j -0.02155900+0.10293836j -0.00000002+0.00000005j 0.04319564+0.00002616j -0.00000013+0.00000006j -0.02163648-0.10296445j 0.00000003-0.00000017j 0.91374989-0.00003208j
104.99999999999991 0.04500416-0.00000216j 0.00000005-0.00000001j -0.02388004+0.10961881j 0.00000003+0.00000004j 0.04784606+0.00001042j -0.00000008+0.00000004j -0.02396586-0.10962917j 0.00000001-0.00000013j 0.90714993-0.00000819j
105.99999999999991 0.04838733-0.00000940j 0.00000002+0.00000004j -0.02840404+0.11716663j 0.00000007-0.00000001j 0.05690507-0.00000638j -0.00000003-0.00000000j -0.02850087-0.11716019j -0.00000003-0.00000008j 0.89470776+0.00001584j
106.99999999999993 0.05353369-0.00001725j -0.00000001+0.00000009j -0.03407345+0.12673470j 0.00000008-0.00000009j 0.06825901-0.00001958j 0.00000002-0.00000005j -0.03418540-0.12671506j -0.00000007-0.00000003j 0.87820745+0.00003689j
107.99999999999993 0.06060730-0.00002530j -0.00000004+0.00000012j -0.03954520+0.13900692j 0.00000006-0.00000016j 0.07922179-0.00002837j 0.00000004-0.00000010j -0.03967643-0.13897849j -0.00000011+0.00000001j 0.86017107+0.00005373j
108.99999999999994 0.06953527-0.00003227j -0.00000004+0.00000011j -0.04353430+0.15405859j 0.00000000-0.00000020j 0.08722268-0.00003417j 0.00000002-0.00000011j -0.04368822-0.15402436j -0.00000013+0.00000001j 0.84324221+0.00006650j
109.99999999999993 0.07996165-0.00003782j -0.00000002+0.00000007j -0.04516099+0.17135679j -0.00000008-0.00000019j 0.09050093-0.00003695j -0.00000002-0.00000009j -0.04533979-0.17131978j -0.00000012-0.00000001j 0.82953758+0.00007483j
110.99999999999994 0.09127010-0.00004266j -0.00000000+0.00000002j -0.04419042+0.18990127j -0.00000015-0.00000014j 0.08858521-0.00003479j -0.00000005-0.00000004j -0.04439463-0.18986642j -0.00000010-0.00000005j 0.82014485+0.00007751j
111.99999999999994 0.10270677-0.00004708j 0.00000001-0.00000003j -0.04107228+0.20847087j -0.00000018-0.00000009j 0.08237278-0.00002697j -0.00000005+0.00000000j -0.04130035-0.20844384j -0.00000010-0.00000006j 0.81492060+0.00007411j
112.99999999999996 0.11357274-0.00005013j -0.00000000-0.00000006j -0.03677470+0.22591226j -0.00000017-0.00000006j 0.07379780-0.00001563j -0.00000004+0.00000003j -0.03702294-0.22589657j -0.00000010-0.00000006j 0.81262962+0.00006582j
113.99999999999996 0.12340630-0.00005081j -0.00000002-0.00000008j -0.03249055+0.24140108j -0.00000013-0.00000004j 0.06524411-0.00000310j -0.00000002+0.00000003j -0.03275341-0.24139792j -0.00000011-0.00000005j 0.81134974+0.00005397j
114.99999999999997 0.13208892-0.00004962j -0.00000004-0.00000009j -0.02930988+0.25461833j -0.00000008-0.00000005j 0.05888977+0.00001160j -0.00000000+0.00000002j -0.02957974-0.25462987j -0.00000013-0.00000003j 0.80902146+0.00003808j
115.99999999999997 0.13985964-0.00004834j -0.00000005-0.00000010j -0.02792113+0.26580160j -0.00000004-0.00000007j 0.05610872+0.00003162j -0.00000000+0.00000001j -0.02818743-0.26583316j -0.00000014-0.00000001j 0.80403180+0.00001678j
116.99999999999999 0.14724974-0.00004799j -0.00000004-0.00000011j -0.02839378+0.27564796j -0.00000003-0.00000010j 0.05703618+0.00005682j -0.00000002+0.00000001j -0.02864225-0.27570471j -0.00000014-0.00000000j 0.79571423-0.00000877j
117.99999999999997 0.15493689-0.00004767j -0.00000002-0.00000013j -0.03012158+0.28507324j -0.00000002-0.00000011j 0.06045698+0.00008023j -0.00000005+0.00000003j -0.03033525-0.28515341j -0.00000013-0.00000002j 0.78460628-0.00003249j
119.0 0.16351622-0.00004584j 0.00000000-0.00000015j -0.03200583+0.29487902j -0.00000002-0.00000011j 0.06417447+0.00009104j -0.00000006+0.00000006j -0.03216848-0.29497000j -0.00000011-0.00000005j 0.77230947-0.00004513j
119.99999999999999 0.17323565-0.00004262j 0.00000003-0.00000014j -0.03287308+0.30542824j -0.00000003-0.00000012j 0.06584758+0.00008177j -0.00000007+0.00000008j -0.03297434-0.30550994j -0.00000009-0.00000006j 0.76091693-0.00003909j
121.0 0.18381235-0.00004063j 0.00000006-0.00000010j -0.03198514+0.31645175j -0.00000006-0.00000013j 0.06401009+0.00005335j -0.00000008+0.00000008j -0.03202479-0.31650503j -0.00000004-0.00000007j 0.75217772-0.00001265j
122.0 0.19445941-0.00004364j 0.00000010-0.00000004j -0.02941306+0.32707723j -0.00000013-0.00000014j 0.05881547+0.00001476j -0.00000009+0.00000007j -0.02940225-0.32709192j 0.00000002-0.00000005j 0.74672528+0.00002895j
123.00000000000001 0.20416629-0.00005420j 0.00000011+0.00000005j -0.02608740+0.33609545j -0.00000019-0.00000015j 0.05213366-0.00002142j -0.00000010+0.00000004j -0.02604611-0.33607397j 0.00000006-0.00000001j 0.74370020+0.00007568j
124.00000000000001 0.21214132-0.00007233j 0.00000007+0.00000012j -0.02348370+0.34238777j -0.00000022-0.00000013j 0.04691896-0.00004389j -0.00000009+0.00000003j -0.02343511-0.34234381j 0.00000007+0.00000002j 0.74093988+0.00011628j
125.00000000000003 0.21822742-0.00009569j 0.00000002+0.00000015j -0.02306300+0.34536999j -0.00000023-0.00000008j 0.04608995-0.00004616j -0.00000006+0.00000004j -0.02302679-0.34532377j 0.00000005+0.00000002j 0.73568279+0.00014191j
126.00000000000001 0.22310400-0.00012033j -0.00000003+0.00000012j -0.02568285+0.34528952j -0.00000022+0.00000001j 0.05135290-0.00002910j -0.00000003+0.00000010j -0.02566990-0.34526035j 0.00000004-0.00000002j 0.72554325+0.00014950j
127.00000000000004 0.22817318-0.00014158j -0.00000009+0.00000004j -0.03120261+0.34325251j -0.00000015+0.00000012j 0.06241587-0.00000176j 0.00000002+0.00000017j -0.03121310-0.34325069j 0.00000001-0.00000010j 0.70941111+0.00014341j
128.00000000000003 0.23514948-0.00015566j -0.00000014-0.00000005j -0.03844196+0.34094916j -0.00000004+0.00000021j 0.07690988+0.00002214j 0.00000010+0.00000024j -0.03846776-0.34097124j -0.00000002-0.00000017j 0.68794080+0.00013359j
129.00000000000003 0.24548472-0.00016177j -0.00000016-0.00000014j -0.04552976+0.34015806j 0.00000009+0.00000024j 0.09109005+0.00003152j 0.00000020+0.00000026j -0.04556014-0.34018952j -0.00000004-0.00000022j 0.66342538+0.00013031j
130.00000000000003 0.25983426-0.00016285j -0.00000015-0.00000018j -0.05052894+0.34220069j 0.00000021+0.00000020j 0.10108607+0.00002414j 0.00000027+0.00000021j -0.05055697-0.34222477j -0.00000004-0.00000022j 0.63907983+0.00013877j
131.00000000000003 0.27777510-0.00016376j -0.00000012-0.00000017j -0.05210146+0.34754091j 0.00000029+0.00000008j 0.10422986+0.00000687j 0.00000031+0.00000010j -0.05212825-0.34754772j -0.00000003-0.00000018j 0.61799519+0.00015695j
132.00000000000006 0.29790003-0.00016839j -0.00000007-0.00000013j -0.04995497+0.35566958j 0.00000031-0.00000007j 0.09994523-0.00000893j 0.00000030-0.00000002j -0.04999010-0.35566059j -0.00000001-0.00000011j 0.60215490+0.00017739j
133.00000000000006 0.31826145-0.00017768j -0.00000002-0.00000009j -0.04490837+0.36530868j 0.00000028-0.00000020j 0.08987486-0.00001290j 0.00000026-0.00000013j -0.04496633-0.36529571j 0.00000000-0.00000006j 0.59186385+0.00019064j
134.00000000000006 0.33699803-0.00018952j 0.00000003-0.00000007j -0.03857031+0.37485602j 0.00000021-0.00000029j 0.07723526+0.00000085j 0.00000020-0.00000019j -0.03866479-0.37485681j 0.00000001-0.00000003j 0.58576686+0.00018873j
135.00000000000006 0.35291627-0.00019992j 0.00000008-0.00000005j -0.03276292+0.38291330j 0.00000011-0.00000034j 0.06566381+0.00003221j 0.00000014-0.00000023j -0.03290074-0.38294544j 0.00000002-0.00000002j 0.58142008+0.00016777j
136.00000000000009 0.36583135-0.00020417j 0.00000010-0.00000001j -0.02889446+0.38871675j 0.00000002-0.00000037j 0.05796612+0.00007434j 0.00000009-0.00000027j -0.02907150-0.38879102j 0.00000002-0.00000000j 0.57620268+0.00012989j
137.00000000000006 0.37656089-0.00019770j 0.00000011+0.00000001j -0.02749549+0.39232695j -0.00000008-0.00000036j 0.05519174+0.00011384j 0.00000003-0.00000028j -0.02769609-0.39244073j 0.00000001-0.00000001j 0.56824753+0.00008393j
138.00000000000009 0.38656829-0.00017756j 0.00000014-0.00000003j -0.02809117+0.39451815j -0.00000020-0.00000026j 0.05638306+0.00013447j -0.00000005-0.00000022j -0.02829174-0.39465255j 0.00000005-0.00000007j 0.55704880+0.00004316j
139.00000000000009 0.39736208-0.00014475j 0.00000022-0.00000012j -0.02947700+0.39641640j -0.00000030-0.00000006j 0.05912999+0.00012505j -0.00000014-0.00000006j -0.02965283-0.39654138j 0.00000014-0.00000019j 0.54350809+0.00001977j
140.00000000000009 0.40986408-0.00010557j 0.00000029-0.00000020j -0.03029687+0.39902992j -0.00000032+0.00000014j 0.06072655+0.00008697j -0.00000017+0.00000011j -0.03042952-0.39911682j 0.00000023-0.00000027j 0.52940952+0.00001867j
141.00000000000009 0.42401101-0.00006982j 0.00000033-0.00000017j -0.02966446+0.40285266j -0.00000026+0.00000025j 0.05941108+0.00003441j -0.00000012+0.00000020j -0.02974646-0.40288700j 0.00000029-0.00000026j 0.51657807+0.00003547j
142.0000000000001 0.43877906-0.00004591j 0.00000032-0.00000006j -0.02753742+0.40768348j -0.00000017+0.00000025j 0.05511001-0.00001418j -0.00000005+0.00000020j -0.02757244-0.40766923j 0.00000031-0.00000015j 0.50611108+0.00006016j
143.0000000000001 0.45262396-0.00003658j 0.00000026+0.00000004j -0.02469244+0.41270753j -0.00000004+0.00000023j 0.04938416-0.00004681j 0.00000005+0.00000019j -0.02469157-0.41266065j 0.00000027-0.00000005j 0.49799203+0.00008346j
144.0000000000001 0.46412722-0.00003866j 0.00000013+0.00000005j -0.02236297+0.41678369j 0.00000014+0.00000023j 0.04470268-0.00006206j 0.00000020+0.00000021j -0.02233955-0.41672157j 0.00000016-0.00000003j 0.49117025+0.00010078j
145.0000000000001 0.47256757-0.00004665j -0.00000003+0.00000003j -0.02173996+0.41881979j 0.00000035+0.00000019j 0.04344556-0.00006499j 0.00000040+0.00000019j -0.02170545-0.41875473j 0.00000002-0.00000005j 0.48398703+0.00011171j
146.0000000000001 0.47821688-0.00005638j -0.00000014+0.00000006j -0.02353740+0.41810978j 0.00000049+0.00000003j 0.04703709-0.00006114j 0.00000053+0.00000005j -0.02349954-0.41804858j -0.00000008-0.00000002j 0.47474618+0.00011758j
147.0000000000001 0.48230092-0.00006590j -0.00000015+0.00000014j -0.02774710+0.41453964j 0.00000046-0.00000019j 0.05545725-0.00005430j 0.00000052-0.00000016j -0.02770999-0.41448528j -0.00000009+0.00000004j 0.46224199+0.00012027j
148.00000000000014 0.48667080-0.00007454j -0.00000010+0.00000018j -0.03363067+0.40861666j 0.00000031-0.00000037j 0.06722679-0.00004742j 0.00000039-0.00000033j -0.03359597-0.40856917j -0.00000004+0.00000009j 0.44610256+0.00012202j
149.00000000000014 0.49328769-0.00008259j -0.00000004+0.00000014j -0.03994178+0.40132773j 0.00000012-0.00000038j 0.07985227-0.00004205j 0.00000022-0.00000036j -0.03991034-0.40128562j 0.00000002+0.00000004j 0.42686020+0.00012470j
150.00000000000014 0.50366495-0.00009176j 0.00000006-0.00000005j -0.04530923+0.39387712j -0.00000006-0.00000019j 0.09059193-0.00003641j 0.00000006-0.00000020j -0.04528254-0.39384065j 0.00000011-0.00000014j 0.40574328+0.00012823j
151.00000000000014 0.51844118-0.00010439j 0.00000018-0.00000031j -0.04864501+0.38738353j -0.00000014+0.00000013j 0.09727130-0.00002596j -0.00000000+0.00000008j -0.04862613-0.38735750j 0.00000022-0.00000039j 0.38428768+0.00013042j
152.00000000000017 0.53722913-0.00012157j 0.00000021-0.00000046j -0.04942494+0.38261954j -0.00000001+0.00000035j 0.09884336-0.00000697j 0.00000013+0.00000025j -0.04941826-0.38261251j 0.00000025-0.00000052j 0.36392767+0.00012860j
153.00000000000014 0.55877753-0.00014142j 0.00000007-0.00000038j -0.04775816+0.37985509j 0.00000031+0.00000028j 0.09552675+0.00001957j 0.00000044+0.00000013j -0.04776843-0.37987460j 0.00000010-0.00000041j 0.34569587+0.00012191j
154.00000000000014 0.58135258-0.00015950j -0.00000009-0.00000019j -0.04427224+0.37883094j 0.00000057-0.00000004j 0.08857573+0.00004748j 0.00000069-0.00000021j -0.04430334-0.37887836j -0.00000009-0.00000019j 0.33007184+0.00011209j
155.00000000000017 0.60318539-0.00017157j -0.00000016-0.00000005j -0.03990317+0.37885412j 0.00000061-0.00000038j 0.07986081+0.00006992j 0.00000071-0.00000056j -0.03995748-0.37892398j -0.00000018-0.00000002j 0.31695395+0.00010171j
156.00000000000017 0.62286464-0.00017622j -0.00000018-0.00000002j -0.03566282+0.37898635j 0.00000052-0.00000062j 0.07140429+0.00008481j 0.00000060-0.00000078j -0.03574132-0.37907109j -0.00000023+0.00000003j 0.30573122+0.00009148j
157.00000000000017 0.63961835-0.00017476j -0.00000021-0.00000005j -0.03240965+0.37828391j 0.00000039-0.00000078j 0.06492183+0.00009507j 0.00000046-0.00000091j -0.03251202-0.37837892j -0.00000029+0.00000001j 0.29545997+0.00007975j
158.00000000000017 0.65345648-0.00016853j -0.00000021-0.00000010j -0.03063926+0.37603680j 0.00000020-0.00000089j 0.06140281+0.00010390j 0.00000027-0.00000097j -0.03076339-0.37614063j -0.00000032-0.00000004j 0.28514086+0.00006469j
159.0000000000002 0.66513628-0.00015689j -0.00000012-0.00000022j -0.03034266+0.37194747j -0.00000006-0.00000087j 0.06082633+0.00011040j 0.00000002-0.00000089j -0.03048351-0.37205781j -0.00000025-0.00000017j 0.27403754+0.00004655j
160.00000000000017 0.67591643-0.00013773j 0.00000001-0.00000037j -0.03100443+0.36619612j -0.00000033-0.00000073j 0.06215745+0.00010964j -0.00000021-0.00000071j -0.03115286-0.36630569j -0.00000013-0.00000034j 0.26192628+0.00002816j
161.0000000000002 0.68712297-0.00010979j 0.00000016-0.00000049j -0.03178260+0.35936359j -0.00000054-0.00000052j 0.06370785+0.00009616j -0.00000039-0.00000048j -0.03192509-0.35945969j 0.00000003-0.00000048j 0.24916934+0.00001369j
162.0000000000002 0.69964058-0.00007477j 0.00000043-0.00000055j -0.03183486+0.35222270j -0.00000082-0.00000026j 0.06378990+0.00006811j -0.00000064-0.00000021j -0.03195489-0.35229075j 0.00000034-0.00000056j 0.23656967+0.00000673j
163.0000000000002 0.71350887-0.00003826j 0.00000089-0.00000054j -0.03067861+0.34545247j -0.00000119+0.00000010j 0.06143831+0.00002962j -0.00000099+0.00000012j -0.03075955-0.34548202j 0.00000084-0.00000057j 0.22505297+0.00000871j
164.0000000000002 0.72779771-0.00000806j 0.00000125-0.00000033j -0.02844101+0.33936410j -0.00000139+0.00000045j 0.05691125-0.00001046j -0.00000120+0.00000044j -0.02847008-0.33935357j 0.00000125-0.00000037j 0.21529120+0.00001859j
165.00000000000023 0.74085429+0.00000863j 0.00000114+0.00000003j -0.02588246+0.33373477j -0.00000113+0.00000069j 0.05173689-0.00004183j -0.00000095+0.00000064j -0.02585428-0.33369288j 0.00000119-0.00000001j 0.20740898+0.00003327j
166.00000000000023 0.75088384+0.00000819j 0.00000070+0.00000027j -0.02415224+0.32782188j -0.00000056+0.00000087j 0.04822288-0.00005678j -0.00000041+0.00000078j -0.02407049-0.32776503j 0.00000080+0.00000024j 0.20089343+0.00004865j
167.00000000000023 0.75668221-0.00000756j 0.00000032+0.00000025j -0.02434282+0.32057419j -0.00000002+0.00000106j 0.04856193-0.00005344j 0.00000008+0.00000096j -0.02421896-0.32052069j 0.00000046+0.00000025j 0.19475601+0.00006106j
168.00000000000023 0.75824001-0.00003187j 0.00000008+0.00000005j -0.02701058+0.31098396j 0.00000045+0.00000125j 0.05387049-0.00003654j 0.00000050+0.00000114j -0.02685976-0.31094735j 0.00000025+0.00000008j 0.18788966+0.00006848j
169.00000000000023 0.75694513-0.00005571j -0.00000023-0.00000012j -0.03187259+0.29846326j 0.00000106+0.00000124j 0.06358112-0.00001535j 0.00000106+0.00000113j -0.03170837-0.29844785j -0.00000004-0.00000006j 0.17947391+0.00007112j
170.00000000000023 0.75525328-0.00007177j -0.00000069-0.00000023j -0.03782743+0.28310699j 0.00000183+0.00000091j 0.07548523+0.00000115j 0.00000178+0.00000082j -0.03765765-0.28310807j -0.00000051-0.00000015j 0.16926164+0.00007068j
171.00000000000026 0.75591882-0.00007720j -0.00000112-0.00000032j -0.04330613+0.26574021j 0.00000247+0.00000030j 0.08643785+0.00000786j 0.00000240+0.00000023j -0.04313157-0.26574801j -0.00000096-0.00000023j 0.15764349+0.00006941j
172.00000000000026 0.76107089-0.00007361j -0.00000148-0.00000040j -0.04681202+0.24772296j 0.00000289-0.00000055j 0.09344034+0.00000400j 0.00000281-0.00000059j -0.04662816-0.24772689j -0.00000135-0.00000031j 0.14548892+0.00006968j
173.00000000000026 0.77148244-0.00006553j -0.00000189-0.00000063j -0.04743597+0.23057112j 0.00000319-0.00000141j 0.09467290-0.00000789j 0.00000312-0.00000142j -0.04723678-0.23056317j -0.00000180-0.00000055j 0.13384482+0.00007348j
174.00000000000026 0.78629567-0.00005917j -0.00000213-0.00000128j -0.04515971+0.21551708j 0.00000323-0.00000197j 0.09010184-0.00002156j 0.00000319-0.00000197j -0.04494197-0.21549545j -0.00000207-0.00000124j 0.12360265+0.00008080j
175.00000000000028 0.80329403-0.00006075j -0.00000165-0.00000240j -0.04085055+0.20315681j 0.00000269-0.00000198j 0.08146785-0.00002779j 0.00000270-0.00000199j -0.04061714-0.20312896j -0.00000162-0.00000240j 0.11523828+0.00008860j
176.00000000000026 0.81962787-0.00007373j -0.00000044-0.00000350j -0.03595333+0.19330288j 0.00000174-0.00000162j 0.07166773-0.00001805j 0.00000179-0.00000166j -0.03571424-0.19328476j -0.00000043-0.00000354j 0.10870456+0.00009184j
177.00000000000028 0.83275523-0.00009548j 0.00000073-0.00000391j -0.03197898+0.18509411j 0.00000110-0.00000145j 0.06372840+0.00000871j 0.00000117-0.00000152j -0.03174926-0.18510275j 0.00000073-0.00000400j 0.10351653+0.00008684j
178.00000000000028 0.84127394-0.00011755j 0.00000145-0.00000356j -0.02996645+0.17732140j 0.00000090-0.00000174j 0.05972810+0.00004463j 0.00000097-0.00000186j -0.02976150-0.17736596j 0.00000143-0.00000368j 0.09899811+0.00007299j
179.00000000000028 0.84533518-0.00012993j 0.00000211-0.00000303j -0.03012629+0.16885347j 0.00000057-0.00000203j 0.06008251+0.00007786j 0.00000063-0.00000218j -0.02995606-0.16893126j 0.00000208-0.00000316j 0.09458247+0.00005214j
180.00000000000028 0.84646772-0.00012502j 0.00000285-0.00000313j -0.03182102+0.15901135j 0.00000012-0.00000141j 0.06350688+0.00009694j 0.00000015-0.00000159j -0.03168571-0.15910822j 0.00000282-0.00000327j 0.09002555+0.00002815j
181.00000000000028 0.84688348-0.00010078j 0.00000310-0.00000382j -0.03389116+0.14775729j 0.00000052-0.00000007j 0.06767185+0.00009519j 0.00000051-0.00000025j -0.03378053-0.14785242j 0.00000307-0.00000394j 0.08544483+0.00000566j
182.0000000000003 0.84855963-0.00006158j 0.00000234-0.00000438j -0.03517436+0.13563932j 0.00000236+0.00000081j 0.07024550+0.00007351j 0.00000232+0.00000064j -0.03507098-0.13571276j 0.00000231-0.00000448j 0.08119503-0.00001186j
183.00000000000028 0.85247825-0.00001680j 0.00000124-0.00000419j -0.03498270+0.12352745j 0.00000463+0.00000020j 0.06985034+0.00004045j 0.00000457+0.00000005j -0.03486749-0.12356784j 0.00000121-0.00000427j 0.07767156-0.00002359j
184.0000000000003 0.85830683+0.00002365j 0.00000010-0.00000340j -0.03334721+0.11225285j 0.00000649-0.00000176j 0.06655230+0.00000685j 0.00000642-0.00000188j -0.03320493-0.11225964j 0.00000008-0.00000345j 0.07514102-0.00003044j
185.0000000000003 0.86459319+0.00005242j -0.00000125-0.00000328j -0.03096573+0.10228146j 0.00000792-0.00000373j 0.06175421-0.00001802j 0.00000786-0.00000382j -0.03078833-0.10226338j -0.00000126-0.00000330j 0.07365275-0.00003434j
186.0000000000003 0.86935521+0.00006689j -0.00000221-0.00000429j -0.02890735+0.09353214j 0.00000868-0.00000512j 0.05760207-0.00003010j 0.00000864-0.00000518j -0.02869457-0.09350197j -0.00000221-0.00000429j 0.07304288-0.00003673j
187.0000000000003 0.87083339+0.00006942j -0.00000170-0.00000577j -0.02819680+0.08538857j 0.00000800-0.00000612j 0.05615144-0.00003157j 0.00000799-0.00000617j -0.02795449-0.08535694j -0.00000169-0.00000576j 0.07301533-0.00003779j
188.00000000000034 0.86815131+0.00006511j 0.00000027-0.00000668j -0.02942148+0.07688828j 0.00000595-0.00000704j 0.05858015-0.00002801j 0.00000596-0.00000709j -0.02915851-0.07686020j 0.00000030-0.00000665j 0.07326870-0.00003703j
189.00000000000034 0.86166390+0.00005908j 0.00000183-0.00000618j -0.03250015+0.06701934j 0.00000410-0.00000841j 0.06472551-0.00002490j 0.00000413-0.00000847j -0.03222520-0.06699437j 0.00000187-0.00000615j 0.07361075-0.00003412j
190.00000000000034 0.85287736+0.00005516j 0.00000144-0.00000467j -0.03670094+0.05502745j 0.00000354-0.00001036j 0.07312123-0.00002646j 0.00000359-0.00001044j -0.03642013-0.05500092j 0.00000151-0.00000464j 0.07400157-0.00002863j
191.00000000000034 0.84397517+0.00005501j -0.00000018-0.00000415j -0.04090354+0.04063706j 0.00000354-0.00001155j 0.08152341-0.00003507j 0.00000358-0.00001164j -0.04061971-0.04060193j -0.00000011-0.00000412j 0.07450158-0.00001988j
192.00000000000034 0.83714073+0.00005553j -0.00000091-0.00000645j -0.04398838+0.02412303j 0.00000285-0.00001016j 0.08769053-0.00004561j 0.00000288-0.00001028j -0.04370199-0.02407736j -0.00000083-0.00000641j 0.07516889-0.00000985j
193.00000000000034 0.83392887+0.00005062j 0.00000027-0.00000978j -0.04519086+0.00622915j 0.00000154-0.00000745j 0.09009288-0.00004789j 0.00000154-0.00000758j -0.04490187-0.00618120j 0.00000034-0.00000973j 0.07597841-0.00000266j
194.00000000000037 0.83488581+0.00003568j 0.00000232-0.00000983j -0.04429627-0.01203043j 0.00000025-0.00000730j 0.08830227-0.00003418j 0.00000021-0.00000744j -0.04400584+0.01206467j 0.00000237-0.00000978j 0.07681208-0.00000143j
195.00000000000037 0.83949632+0.00001264j 0.00000438-0.00000461j -0.04163721-0.02962248j -0.00000216-0.00001155j 0.08298587-0.00000843j -0.00000224-0.00001168j -0.04134851+0.02963097j 0.00000442-0.00000455j 0.07751796-0.00000415j
196.00000000000037 0.84641263-0.00001198j 0.00000608+0.00000320j -0.03793909-0.04573585j -0.00000706-0.00001710j 0.07559637+0.00001760j -0.00000716-0.00001720j -0.03765712+0.04571832j 0.00000608+0.00000326j 0.07799115-0.00000555j
197.00000000000037 0.85386021-0.00003242j 0.00000690+0.00000822j -0.03408817-0.05995271j -0.00001356-0.00001818j 0.06790727+0.00003445j -0.00001368-0.00001824j -0.03381895+0.05991833j 0.00000687+0.00000827j 0.07823267-0.00000196j
198.0000000000004 0.86009978-0.00004733j 0.00000658+0.00000783j -0.03089333-0.07231205j -0.00001891-0.00001236j 0.06153647+0.00004172j -0.00001901-0.00001239j -0.03064299+0.07227039j 0.00000653+0.00000786j 0.07836391+0.00000567j
199.00000000000037 0.86383668-0.00005935j 0.00000617+0.00000429j -0.02889536-0.08325631j -0.00002170-0.00000255j 0.05756495+0.00004687j -0.00002178-0.00000255j -0.02866943+0.08320951j 0.00000609+0.00000430j 0.07859852+0.00001254j
