# time rdo00 rdo01 rdo10 rdo11
0.0 1.00000000+0.00000000j 0.00000000+0.00000000j 0.00000000+0.00000000j 0.00000000+0.00000000j 0.00000000+0.00000000j 0.00000000+0.00000000j 0.00000000+0.00000000j 0.00000000+0.00000000j 0.00000000+0.00000000j
1.0 0.99086648+0.00000266j 0.00000000+0.00000000j -0.00453322-0.00063026j -0.00000000-0.00000000j 0.00907172-0.00000337j -0.00000000-0.00000000j -0.00453832+0.00063370j 0.00000000+0.00000000j 0.00006198+0.00000078j
2.0 0.96633438+0.00002691j 0.00000000+0.00000000j -0.01635389-0.00477650j -0.00000000-0.00000000j 0.03273176-0.00003317j -0.00000000+0.00000000j -0.01637770+0.00480973j 0.00000000+0.00000000j 0.00093403+0.00000632j
3.0 0.93371401+0.00008247j 0.00000000-0.00000000j -0.03104208-0.01474748j -0.00000001+0.00000001j 0.06212098-0.00009640j -0.00000000+0.00000000j -0.03107873+0.01484394j 0.00000000-0.00000000j 0.00416518+0.00001399j
4.0 0.90151009+0.00015318j 0.00000000-0.00000001j -0.04372398-0.03093672j -0.00000000+0.00000002j 0.08746816-0.00016715j 0.00000000+0.00000001j -0.04374401+0.03110394j 0.00000000-0.00000001j 0.01102193+0.00001404j
5.000000000000001 0.87613854+0.00021284j 0.00000000-0.00000001j -0.05113252-0.05185599j 0.00000001+0.00000002j 0.10222583-0.00021354j 0.00000001+0.00000000j -0.05109314+0.05206959j 0.00000000-0.00000001j 0.02163580+0.00000076j
6.0 0.86005038+0.00024258j -0.00000000-0.00000001j -0.05257292-0.07482599j 0.00000003+0.00000002j 0.10500652-0.00022128j 0.00000001-0.00000000j -0.05243343+0.07504734j -0.00000000-0.00000001j 0.03494327-0.00002124j
7.000000000000001 0.85167424+0.00023490j -0.00000001-0.00000001j -0.04966567-0.09700175j 0.00000004+0.00000002j 0.09906601-0.00019221j 0.00000001-0.00000001j -0.04940018+0.09719402j -0.00000001-0.00000001j 0.04925992-0.00004262j
8.0 0.84677473+0.00018921j -0.00000000-0.00000000j -0.04529685-0.11633129j 0.00000005+0.00000000j 0.09019823-0.00013087j -0.00000000-0.00000002j -0.04490121+0.11646222j -0.00000000-0.00000000j 0.06302721-0.00005828j
9.0 0.84051062+0.00011028j 0.00000000-0.00000000j -0.04231196-0.13212734j 0.00000004-0.00000001j 0.08411701-0.00004097j -0.00000002-0.00000002j -0.04180488+0.13216838j 0.00000000-0.00000000j 0.07537254-0.00006924j
10.000000000000002 0.82944036+0.00001150j 0.00000001-0.00000000j -0.04240913-0.14509765j 0.00000003-0.00000002j 0.08423684+0.00006582j -0.00000003-0.00000002j -0.04182754+0.14503189j 0.00000001-0.00000000j 0.08632297-0.00007725j
11.0 0.81279231-0.00008426j 0.00000001-0.00000000j -0.04559206-0.15687174j 0.00000003-0.00000002j 0.09057344+0.00016416j -0.00000003-0.00000001j -0.04498120+0.15670764j 0.00000001-0.00000000j 0.09663442-0.00007984j
12.0 0.79256888-0.00015257j 0.00000001-0.00000001j -0.05036288-0.16923323j 0.00000002-0.00000002j 0.10012659+0.00022426j -0.00000004+0.00000000j -0.04976354+0.16900903j 0.00000001-0.00000000j 0.10730469-0.00007163j
13.000000000000002 0.77253635-0.00018025j 0.00000002-0.00000001j -0.05451830-0.18336467j 0.00000002-0.00000002j 0.10847513+0.00023079j -0.00000003+0.00000001j -0.05395667+0.18313395j 0.00000001-0.00000000j 0.11898868-0.00005047j
14.000000000000002 0.75664742-0.00017185j 0.00000002-0.00000000j -0.05612431-0.19938712j 0.00000002-0.00000002j 0.11173390+0.00019274j -0.00000003+0.00000002j -0.05560942+0.19919444j 0.00000001+0.00000000j 0.13161885-0.00002082j
15.000000000000002 0.74762197-0.00014364j 0.00000002+0.00000001j -0.05421390-0.21633436j 0.00000001-0.00000003j 0.10795729+0.00013419j -0.00000002+0.00000002j -0.05374322+0.21620023j 0.00000002+0.00000001j 0.14442091+0.00000951j
16.0 0.74618585-0.00011127j 0.00000002+0.00000002j -0.04899099-0.23251438j -0.00000001-0.00000004j 0.09755089+0.00007625j -0.00000002+0.00000001j -0.04855973+0.23243820j 0.00000002+0.00000002j 0.15626344+0.00003509j
17.0 0.75106160-0.00008216j 0.00000001+0.00000003j -0.04161457-0.24607063j -0.00000003-0.00000004j 0.08283744+0.00002778j -0.00000002+0.00000001j -0.04122270+0.24604292j 0.00000001+0.00000004j 0.16610113+0.00005445j
18.0 0.75950750-0.00005624j 0.00000000+0.00000004j -0.03377432-0.25552049j -0.00000004-0.00000004j 0.06720260-0.00001075j -0.00000001+0.00000000j -0.03342810+0.25553131j 0.00000000+0.00000005j 0.17329008+0.00006706j
19.000000000000004 0.76811683-0.00003083j -0.00000001+0.00000005j -0.02723394-0.26010966j -0.00000005-0.00000004j 0.05417646-0.00003914j -0.00000001+0.00000000j -0.02694236+0.26014886j -0.00000001+0.00000005j 0.17770687+0.00007004j
20.000000000000004 0.77364508-0.00000429j -0.00000003+0.00000004j -0.02342167-0.25992583j -0.00000005-0.00000003j 0.04661230-0.00005397j -0.00000000+0.00000000j -0.02319046+0.25997987j -0.00000002+0.00000005j 0.17974279+0.00005833j
21.000000000000004 0.77370933+0.00002342j -0.00000004+0.00000003j -0.02309607-0.25580845j -0.00000005-0.00000001j 0.04601873-0.00005169j -0.00000000+0.00000000j -0.02292249+0.25586021j -0.00000004+0.00000004j 0.18027211+0.00002834j
22.0 0.76724626+0.00005212j -0.00000005+0.00000002j -0.02613504-0.24914177j -0.00000004-0.00000000j 0.05214149-0.00003436j -0.00000001+0.00000000j -0.02600628+0.24917620j -0.00000005+0.00000003j 0.18061242-0.00001769j
23.0 0.75464338+0.00008273j -0.00000005+0.00000001j -0.03153590-0.24161716j -0.00000004+0.00000001j 0.06296839-0.00001239j -0.00000001+0.00000000j -0.03143232+0.24162962j -0.00000005+0.00000002j 0.18238839-0.00007027j
24.0 0.73752172+0.00011712j -0.00000005+0.00000000j -0.03769063-0.23500426j -0.00000004+0.00000001j 0.07528380-0.00000053j -0.00000003+0.00000000j -0.03759300+0.23500486j -0.00000005+0.00000001j 0.18719464-0.00011652j
25.000000000000004 0.71825134+0.00015655j -0.00000004-0.00000001j -0.04288345-0.23091483j -0.00000003+0.00000002j 0.08566333-0.00000882j -0.00000004+0.00000001j -0.04277971+0.23092372j -0.00000004+0.00000001j 0.19608551-0.00014766j
26.000000000000004 0.69936085+0.00019993j -0.00000002-0.00000001j -0.04582025-0.23053057j -0.00000004+0.00000003j 0.09152742-0.00003541j -0.00000006+0.00000001j -0.04570700+0.23056604j -0.00000003+0.00000000j 0.20911189-0.00016445j
27.000000000000004 0.68298721+0.00024316j -0.00000001-0.00000001j -0.04597267-0.23432452j -0.00000004+0.00000004j 0.09182285-0.00006713j -0.00000006+0.00000001j -0.04585001+0.23439172j -0.00000002+0.00000000j 0.22519012-0.00017597j
28.000000000000004 0.67043072+0.00027999j 0.00000000+0.00000000j -0.04363878-0.24189223j -0.00000004+0.00000004j 0.08714161-0.00008756j -0.00000007+0.00000001j -0.04350266+0.24197985j -0.00000002+0.00000001j 0.24242784-0.00019237j
29.000000000000004 0.66184796+0.00030369j 0.00000001+0.00000001j -0.03977165-0.25203196j -0.00000003+0.00000004j 0.07938206-0.00008597j -0.00000006+0.00000001j -0.03961024+0.25211800j -0.00000002+0.00000001j 0.25877015-0.00021765j
30.000000000000004 0.65616921+0.00030912j 0.00000000+0.00000003j -0.03567941-0.26312197j -0.00000002+0.00000004j 0.07115580-0.00006156j -0.00000005+0.00000001j -0.03547622+0.26318360j -0.00000003+0.00000002j 0.27267516-0.00024749j
31.000000000000004 0.65135611+0.00029440j 0.00000000+0.00000004j -0.03267252-0.27368692j -0.00000002+0.00000004j 0.06508649-0.00002183j -0.00000005+0.00000000j -0.03241379+0.27370881j -0.00000004+0.00000002j 0.28355758-0.00027250j
32.0 0.64501118+0.00026104j -0.00000000+0.00000004j -0.03171964-0.28293542j -0.00000001+0.00000004j 0.06312090+0.00002265j -0.00000005+0.00000000j -0.03140109+0.28291283j -0.00000005+0.00000003j 0.29186810-0.00028363j
33.0 0.63518248+0.00021243j -0.00000001+0.00000005j -0.03318456-0.29105338j -0.00000001+0.00000003j 0.06599946+0.00006415j -0.00000005-0.00000000j -0.03281474+0.29098930j -0.00000005+0.00000003j 0.29881823-0.00027651j
34.0 0.62111214+0.00015282j -0.00000001+0.00000005j -0.03670341-0.29913393j -0.00000002+0.00000003j 0.07300738+0.00010009j -0.00000005-0.00000000j -0.03630381+0.29903390j -0.00000006+0.00000004j 0.30588065-0.00025285j
35.0 0.60368671+0.00008903j -0.00000002+0.00000004j -0.04122644-0.30875152j -0.00000002+0.00000002j 0.08205533+0.00012943j -0.00000005-0.00000000j -0.04082872+0.30862216j -0.00000006+0.00000004j 0.31425813-0.00021840j
36.0 0.58538639+0.00003240j -0.00000004+0.00000004j -0.04524524-0.32130382j -0.00000002+0.00000003j 0.09013036+0.00014715j -0.00000003-0.00000000j -0.04488495+0.32115674j -0.00000006+0.00000004j 0.32448342-0.00017949j
37.0 0.56960041-0.00000357j -0.00000006+0.00000003j -0.04723651-0.33733495j -0.00000002+0.00000003j 0.09418008+0.00014496j -0.00000002-0.00000000j -0.04694340+0.33719006j -0.00000007+0.00000004j 0.33621968-0.00014132j
38.00000000000001 0.55938127-0.00001099j -0.00000007+0.00000001j -0.04627707-0.35609722j -0.00000003+0.00000002j 0.09234233+0.00011954j -0.00000002-0.00000000j -0.04606508+0.35597775j -0.00000007+0.00000003j 0.34827657-0.00010848j
39.00000000000001 0.55606012+0.00000576j -0.00000008+0.00000000j -0.04259736-0.37556525j -0.00000003+0.00000001j 0.08505758+0.00007970j -0.00000001-0.00000000j -0.04246005+0.37548562j -0.00000007+0.00000003j 0.35888247-0.00008539j
40.00000000000001 0.55840201+0.00003152j -0.00000008-0.00000002j -0.03771184-0.39296380j -0.00000004+0.00000001j 0.07533930+0.00004282j -0.00000001+0.00000001j -0.03762729+0.39292104j -0.00000006+0.00000002j 0.36625886-0.00007427j
41.00000000000001 0.56284089+0.00005025j -0.00000007-0.00000005j -0.03390477-0.40565143j -0.00000005+0.00000002j 0.06775288+0.00002191j -0.00000001+0.00000003j -0.03384794+0.40562959j -0.00000005-0.00000000j 0.36940640-0.00007210j
42.00000000000001 0.56478900+0.00005523j -0.00000006-0.00000007j -0.03323163-0.41202554j -0.00000005+0.00000004j 0.06641922+0.00001562j -0.00000000+0.00000005j -0.03318742+0.41200999j -0.00000003-0.00000003j 0.36879195-0.00007079j
43.00000000000001 0.56042376+0.00005150j -0.00000005-0.00000009j -0.03653360-0.41208291j -0.00000004+0.00000005j 0.07303704+0.00001056j 0.00000001+0.00000007j -0.03650327+0.41207242j -0.00000001-0.00000005j 0.36653937-0.00006200j
44.0 0.54812054+0.00005056j -0.00000003-0.00000010j -0.04298329-0.40740960j -0.00000001+0.00000005j 0.08596519-0.00000732j 0.00000003+0.00000008j -0.04298173+0.40741698j 0.00000000-0.00000007j 0.36591443-0.00004318j
44.99999999999999 0.52892982+0.00006293j -0.00000002-0.00000009j -0.05038535-0.40061159j 0.00000001+0.00000004j 0.10081716-0.00004328j 0.00000004+0.00000008j -0.05043163+0.40065493j 0.00000002-0.00000007j 0.37025320-0.00001958j
45.99999999999999 0.50597897+0.00009344j 0.00000000-0.00000007j -0.05607223-0.39441772j 0.00000004+0.00000002j 0.11225087-0.00009202j 0.00000003+0.00000007j -0.05617847+0.39450982j 0.00000003-0.00000007j 0.38177032-0.00000135j
46.99999999999999 0.48312292+0.00013929j 0.00000003-0.00000005j -0.05798983-0.39079641j 0.00000005+0.00000001j 0.11614314-0.00014031j 0.00000002+0.00000005j -0.05815314+0.39093679j 0.00000006-0.00000006j 0.40073411+0.00000109j
47.999999999999986 0.46341937+0.00019003j 0.00000006-0.00000003j -0.05552490-0.39039887j 0.00000005+0.00000000j 0.11125018-0.00017042j -0.00000001+0.00000003j -0.05572511+0.39056935j 0.00000008-0.00000005j 0.42533061-0.00001954j
48.99999999999998 0.44804086+0.00023070j 0.00000009-0.00000000j -0.04973610-0.39250295j 0.00000005+0.00000000j 0.09967624-0.00016595j -0.00000003+0.00000002j -0.04993997+0.39266896j 0.00000010-0.00000004j 0.45228306-0.00006469j
49.99999999999997 0.43605174+0.00024865j 0.00000010+0.00000003j -0.04287632-0.39544141j 0.00000006+0.00000000j 0.08592352-0.00012100j -0.00000003+0.00000001j -0.04304703+0.39556248j 0.00000009-0.00000002j 0.47802491-0.00012758j
50.999999999999964 0.42509312+0.00024025j 0.00000008+0.00000006j -0.03740465-0.39732429j 0.00000008+0.00000000j 0.07491769-0.00004662j -0.00000001-0.00000001j -0.03751287+0.39737098j 0.00000006+0.00000001j 0.49998936-0.00019357j
51.999999999999964 0.41259008+0.00021192j 0.00000005+0.00000008j -0.03494941-0.39676896j 0.00000011-0.00000001j 0.06993094+0.00003397j 0.00000002-0.00000004j -0.03498136+0.39673505j 0.00000001+0.00000002j 0.51747915-0.00024583j
52.99999999999996 0.39688464+0.00017477j 0.00000002+0.00000009j -0.03570786-0.39337041j 0.00000012-0.00000003j 0.07137519+0.00009885j 0.00000004-0.00000007j -0.03566717+0.39327162j -0.00000004+0.00000003j 0.53174034-0.00027356j
53.999999999999964 0.37783143+0.00013858j -0.00000000+0.00000009j -0.03851095-0.38776844j 0.00000011-0.00000005j 0.07692569+0.00013753j 0.00000004-0.00000009j -0.03841457+0.38763098j -0.00000007+0.00000004j 0.54524305-0.00027604j
54.99999999999996 0.35672383+0.00010984j -0.00000000+0.00000007j -0.04143623-0.38133482j 0.00000008-0.00000007j 0.08274353+0.00015007j 0.00000002-0.00000010j -0.04130714+0.38118481j -0.00000008+0.00000003j 0.56053280-0.00025985j
55.99999999999995 0.33570360+0.00009233j 0.00000001+0.00000004j -0.04264624-0.37563501j 0.00000003-0.00000006j 0.08515247+0.00014096j -0.00000001-0.00000009j -0.04250606+0.37549411j -0.00000007+0.00000001j 0.57914410-0.00023323j
56.99999999999994 0.31694300+0.00008679j 0.00000004-0.00000001j -0.04111423-0.37187125j -0.00000002-0.00000003j 0.08209232+0.00011624j -0.00000004-0.00000004j -0.04097791+0.37175507j -0.00000005-0.00000003j 0.60096485-0.00020296j
57.999999999999936 0.30191325+0.00008969j 0.00000007-0.00000005j -0.03698780-0.37048966j -0.00000005+0.00000001j 0.07384966+0.00008443j -0.00000005+0.00000002j -0.03686169+0.37040530j -0.00000002-0.00000006j 0.62423725-0.00017405j
58.999999999999936 0.29099555+0.00009433j 0.00000008-0.00000007j -0.03148001-0.37106017j -0.00000006+0.00000004j 0.06284415+0.00005506j -0.00000004+0.00000008j -0.03136397+0.37100517j 0.00000001-0.00000008j 0.64616047-0.00014932j
59.99999999999993 0.28353934+0.00009489j 0.00000009-0.00000008j -0.02635956-0.37243817j -0.00000005+0.00000005j 0.05261207+0.00003354j -0.00000001+0.00000011j -0.02625234+0.37240470j 0.00000004-0.00000007j 0.66384876-0.00012837j
60.99999999999992 0.27826364+0.00009046j 0.00000008-0.00000006j -0.02328530-0.37311937j -0.00000002+0.00000004j 0.04647564+0.00001765j 0.00000002+0.00000011j -0.02319017+0.37310179j 0.00000005-0.00000005j 0.67526090-0.00010804j
61.999999999999915 0.27375049+0.00008497j 0.00000007-0.00000004j -0.02328617-0.37164357j 0.00000001+0.00000002j 0.04649950+0.00000076j 0.00000004+0.00000009j -0.02321316+0.37164288j 0.00000005-0.00000001j 0.67975018-0.00008566j
62.99999999999991 0.26880214+0.00008300j 0.00000006-0.00000002j -0.02656588-0.36691820j 0.00000004+0.00000001j 0.05309478-0.00002027j 0.00000005+0.00000007j -0.02652872+0.36693854j 0.00000006+0.00000002j 0.67810326-0.00006267j
63.999999999999915 0.26259904+0.00008556j 0.00000005-0.00000001j -0.03259458-0.35840312j 0.00000005+0.00000000j 0.06519953-0.00004091j 0.00000005+0.00000005j -0.03260479+0.35844409j 0.00000007+0.00000004j 0.67220159-0.00004459j
64.99999999999991 0.25474953+0.00009023j 0.00000005+0.00000001j -0.04031757-0.34617107j 0.00000006-0.00000000j 0.08069772-0.00005358j 0.00000003+0.00000003j -0.04037998+0.34622472j 0.00000007+0.00000006j 0.66455292-0.00003658j
65.9999999999999 0.24532372+0.00009491j 0.00000004+0.00000003j -0.04836330-0.33088128j 0.00000007-0.00000001j 0.09683951-0.00005638j 0.00000002-0.00000000j -0.04847605+0.33093773j 0.00000007+0.00000008j 0.65783694-0.00003847j
66.9999999999999 0.23485226+0.00010029j 0.00000003+0.00000004j -0.05527306-0.31367746j 0.00000007-0.00000001j 0.11070447-0.00005517j 0.00000001-0.00000003j -0.05543124+0.31373270j 0.00000005+0.00000009j 0.65444344-0.00004505j
67.9999999999999 0.22420664+0.00010792j 0.00000002+0.00000005j -0.05981535-0.29599115j 0.00000007-0.00000000j 0.11983017-0.00005604j 0.00000000-0.00000004j -0.06001465+0.29604726j 0.00000002+0.00000009j 0.65596336-0.00005181j
68.99999999999989 0.21434865+0.00011715j 0.00000001+0.00000005j -0.06133423-0.27924490j 0.00000007+0.00000001j 0.12290624-0.00005722j -0.00000000-0.00000004j -0.06157183+0.27930219j 0.00000000+0.00000007j 0.66274528-0.00005987j
69.99999999999989 0.20605215+0.00012509j 0.00000001+0.00000004j -0.05995933-0.26450835j 0.00000006+0.00000002j 0.12019145-0.00005029j -0.00000001-0.00000004j -0.06023194+0.26455871j -0.00000001+0.00000005j 0.67375657-0.00007473j
70.99999999999987 0.19972340+0.00012989j 0.00000001+0.00000004j -0.05653092-0.25221570j 0.00000005+0.00000001j 0.11336315-0.00002926j -0.00000001-0.00000004j -0.05683206+0.25224502j -0.00000003+0.00000004j 0.68691362-0.00010057j
71.99999999999987 0.19535994+0.00013297j 0.00000000+0.00000006j -0.05225815-0.24205762j 0.00000004-0.00000001j 0.10483485+0.00000301j -0.00000001-0.00000004j -0.05257653+0.24205468j -0.00000004+0.00000003j 0.69980538-0.00013591j
72.99999999999987 0.19259466+0.00013743j -0.00000000+0.00000007j -0.04828101-0.23310565j 0.00000002-0.00000004j 0.09688193+0.00003718j -0.00000001-0.00000004j -0.04860075+0.23306854j -0.00000004+0.00000003j 0.71052358-0.00017454j
73.99999999999987 0.19076426+0.00014417j -0.00000001+0.00000009j -0.04532808-0.22414601j -0.00000002-0.00000007j 0.09095875+0.00006521j -0.00000003-0.00000003j -0.04563050+0.22408087j -0.00000004+0.00000004j 0.71827715-0.00020931j
74.99999999999987 0.18900687+0.00014992j -0.00000000+0.00000009j -0.04356694-0.21412746j -0.00000006-0.00000009j 0.08740133+0.00008484j -0.00000005-0.00000001j -0.04383421+0.21404269j -0.00000003+0.00000003j 0.72359198-0.00023469j
75.99999999999986 0.18643800+0.00014968j -0.00000000+0.00000008j -0.04264033-0.20258295j -0.00000009-0.00000008j 0.08550099+0.00009691j -0.00000008+0.00000003j -0.04286049+0.20248610j -0.00000001+0.00000002j 0.72806118-0.00024653j
76.99999999999986 0.18240990+0.00014116j -0.00000001+0.00000007j -0.04184363-0.18987455j -0.00000010-0.00000005j 0.08385943+0.00010009j -0.00000009+0.00000007j -0.04201564+0.18977453j -0.00000001+0.00000001j 0.73373083-0.00024119j
77.99999999999984 0.17676010+0.00012693j -0.00000003+0.00000005j -0.04040870-0.17714736j -0.00000008-0.00000002j 0.08095337+0.00009025j -0.00000008+0.00000010j -0.04054450+0.17705717j -0.00000002-0.00000000j 0.74228670-0.00021712j
78.99999999999984 0.16990713+0.00011228j -0.00000006+0.00000003j -0.03784280-0.16596797j -0.00000005+0.00000000j 0.07580734+0.00006572j -0.00000005+0.00000012j -0.03796437+0.16590232j -0.00000003-0.00000002j 0.75428570-0.00017793j
79.99999999999984 0.16271675+0.00010139j -0.00000008+0.00000002j -0.03421205-0.15774768j -0.00000002+0.00000002j 0.06855614+0.00003187j -0.00000001+0.00000012j -0.03434391+0.15771588j -0.00000005-0.00000003j 0.76872729-0.00013319j
80.99999999999983 0.15619055+0.00009548j -0.00000009+0.00000000j -0.03022457-0.15315624j 0.00000001+0.00000003j 0.06060980-0.00000084j 0.00000002+0.00000011j -0.03038506+0.15315715j -0.00000006-0.00000004j 0.78319982-0.00009458j
81.99999999999983 0.15111278+0.00009355j -0.00000008-0.00000000j -0.02703358-0.15175995j 0.00000001+0.00000003j 0.05426256-0.00002367j 0.00000004+0.00000007j -0.02722881+0.15178369j -0.00000005-0.00000004j 0.79462483-0.00006981j
82.99999999999983 0.14778308+0.00009355j -0.00000006-0.00000000j -0.02582470-0.15204429j -0.00000000+0.00000002j 0.05187275-0.00003438j 0.00000004+0.00000003j -0.02604788+0.15207874j -0.00000003-0.00000003j 0.80034434-0.00005910j
83.99999999999983 0.14591036+0.00009244j -0.00000003+0.00000001j -0.02736543-0.15183521j -0.00000003+0.00000002j 0.05496715-0.00003592j 0.00000003-0.00000001j -0.02760154+0.15187120j -0.00000001-0.00000002j 0.79912266-0.00005645j
84.99999999999982 0.14470373+0.00008624j -0.00000001+0.00000001j -0.03169469-0.14897673j -0.00000006+0.00000003j 0.06362339-0.00003224j 0.00000002-0.00000002j -0.03192854+0.14900904j 0.00000001-0.00000001j 0.79167304-0.00005394j
85.99999999999983 0.14316121+0.00007198j 0.00000001+0.00000002j -0.03804336-0.14202077j -0.00000009+0.00000004j 0.07631111-0.00002644j 0.00000001-0.00000002j -0.03826758+0.14204727j 0.00000003-0.00000000j 0.78052784-0.00004548j
86.99999999999983 0.14047768+0.00005059j 0.00000002+0.00000003j -0.04499596-0.13067666j -0.00000010+0.00000004j 0.09021163-0.00002223j 0.00000001-0.00000002j -0.04521550+0.13069895j 0.00000004+0.00000001j 0.76931086-0.00002829j
87.99999999999984 0.13639052+0.00002776j 0.00000001+0.00000004j -0.05086852-0.11585733j -0.00000010+0.00000004j 0.10196807-0.00002417j 0.00000001-0.00000002j -0.05109938+0.11588157j 0.00000002+0.00000003j 0.76164157-0.00000352j
88.99999999999984 0.13126195+0.00001064j -0.00000000+0.00000006j -0.05423774-0.09931195j -0.00000008+0.00000002j 0.10873829-0.00003377j 0.00000002-0.00000001j -0.05450038+0.09934579j -0.00000000+0.00000004j 0.75999993+0.00002320j
89.99999999999984 0.12583653+0.00000287j -0.00000002+0.00000006j -0.05446327-0.08299103j -0.00000006+0.00000001j 0.10923705-0.00004519j 0.00000002-0.00000000j -0.05477361+0.08303629j -0.00000003+0.00000004j 0.76492659+0.00004239j
90.99999999999986 0.12082679+0.00000266j -0.00000004+0.00000006j -0.05196577-0.06838546j -0.00000004+0.00000000j 0.10429405-0.00004700j 0.00000002+0.00000002j -0.05232811+0.06843253j -0.00000005+0.00000003j 0.77487933+0.00004441j
91.99999999999984 0.11658382+0.00000539j -0.00000005+0.00000005j -0.04808134-0.05607693j -0.00000001-0.00000001j 0.09656755-0.00003035j 0.00000000+0.00000004j -0.04848604+0.05610734j -0.00000006+0.00000001j 0.78684879+0.00002503j
92.99999999999986 0.11302017+0.00000747j -0.00000004+0.00000004j -0.04452034-0.04564239j 0.00000000-0.00000002j 0.08946722+0.00000392j -0.00000002+0.00000006j -0.04494670+0.04563854j -0.00000006-0.00000002j 0.79751278-0.00001132j
93.99999999999986 0.10976873+0.00000789j -0.00000003+0.00000003j -0.04267298-0.03591522j 0.00000001-0.00000002j 0.08576870+0.00004552j -0.00000005+0.00000008j -0.04309555+0.03586976j -0.00000005-0.00000005j 0.80446275-0.00005334j
94.99999999999986 0.10644043+0.00000707j -0.00000001+0.00000003j -0.04307262-0.02548102j 0.00000002-0.00000001j 0.08654118+0.00008114j -0.00000007+0.00000010j -0.04346839+0.02539995j -0.00000002-0.00000008j 0.80701856-0.00008815j
95.99999999999987 0.10283471+0.00000567j 0.00000002+0.00000003j -0.04523399-0.01321927j 0.00000002+0.00000000j 0.09082242+0.00010067j -0.00000009+0.00000013j -0.04558826+0.01311867j 0.00000001-0.00000010j 0.80634304-0.00010627j
96.99999999999987 0.09901289+0.00000429j 0.00000003+0.00000003j -0.04791375+0.00129658j 0.00000002+0.00000002j 0.09613704+0.00010016j -0.00000009+0.00000014j -0.04822312-0.00139668j 0.00000004-0.00000011j 0.80485024-0.00010439j
97.99999999999989 0.09521863+0.00000349j 0.00000004+0.00000005j -0.04967574+0.01766607j 0.00000003+0.00000004j 0.09962304+0.00008240j -0.00000006+0.00000014j -0.04994713-0.01774841j 0.00000005-0.00000011j 0.80515850-0.00008583j
98.99999999999989 0.09170888+0.00000339j 0.00000003+0.00000007j -0.04951866+0.03482398j 0.00000004+0.00000004j 0.09928358+0.00005568j -0.00000002+0.00000011j -0.04976475-0.03487960j 0.00000006-0.00000008j 0.80900771-0.00005901j
99.9999999999999 0.08861832+0.00000353j 0.00000001+0.00000008j -0.04728483+0.05142002j 0.00000005+0.00000004j 0.09480279+0.00003002j 0.00000003+0.00000007j -0.04751780-0.05144997j 0.00000005-0.00000005j 0.81657906-0.00003348j
100.9999999999999 0.08596091+0.00000358j -0.00000001+0.00000009j -0.04366695+0.06626476j 0.00000005+0.00000004j 0.08756073+0.00001156j 0.00000007+0.00000003j -0.04389361-0.06627626j 0.00000004-0.00000003j 0.82647853-0.00001507j
101.99999999999991 0.08376251+0.00000384j -0.00000003+0.00000007j -0.03984656+0.07868106j 0.00000004+0.00000005j 0.07991400-0.00000032j 0.00000011-0.00000000j -0.04006727-0.07868067j 0.00000003-0.00000001j 0.83632366-0.00000345j
102.9999999999999 0.08220498+0.00000459j -0.00000004+0.00000005j -0.03699275+0.08865937j 0.00000004+0.00000005j 0.07419705-0.00001022j 0.00000013-0.00000003j -0.03720413-0.08864908j 0.00000001-0.00000000j 0.84359814+0.00000570j
103.9999999999999 0.08165805+0.00000490j -0.00000004+0.00000002j -0.03587561+0.09680625j 0.00000003+0.00000004j 0.07195035-0.00002096j 0.00000014-0.00000005j -0.03607456-0.09678522j 0.00000000+0.00000001j 0.84639177+0.00001613j
104.99999999999991 0.08258025+0.00000294j -0.00000003-0.00000001j -0.03670762+0.10414411j 0.00000002+0.00000003j 0.07360183-0.00003112j 0.00000014-0.00000007j -0.03689404-0.10411293j -0.00000000+0.00000002j 0.84381809+0.00002824j
105.99999999999991 0.08536916-0.00000242j -0.00000001-0.00000003j -0.03917147+0.11184158j 0.00000001+0.00000001j 0.07852006-0.00003769j 0.00000012-0.00000008j -0.03934842-0.11180382j -0.00000000+0.00000002j 0.83611095+0.00004018j
106.99999999999993 0.09024531-0.00001047j 0.00000001-0.00000005j -0.04254763+0.12093892j 0.00000001+0.00000000j 0.08526761-0.00003977j 0.00000009-0.00000007j -0.04271980-0.12089908j 0.00000000+0.00000002j 0.82448726+0.00005030j
107.99999999999993 0.09719408-0.00001929j 0.00000003-0.00000007j -0.04589838+0.13211443j 0.00000001-0.00000000j 0.09196905-0.00003896j 0.00000006-0.00000005j -0.04607050-0.13207540j 0.00000000+0.00000002j 0.81083704+0.00005832j
108.99999999999994 0.10594913-0.00002741j 0.00000004-0.00000008j -0.04829885+0.14552958j 0.00000002-0.00000000j 0.09677389-0.00003707j 0.00000003-0.00000004j -0.04847488-0.14549244j 0.00000001+0.00000001j 0.79727715+0.00006455j
109.99999999999993 0.11601062-0.00003479j 0.00000005-0.00000008j -0.04908441+0.16078542j 0.00000004-0.00000001j 0.09835220-0.00003399j 0.00000000-0.00000002j -0.04926762-0.16075136j 0.00000002+0.00000001j 0.78563735+0.00006884j
110.99999999999994 0.12671337-0.00004223j 0.00000005-0.00000006j -0.04804614+0.17700790j 0.00000005-0.00000003j 0.09628591-0.00002821j -0.00000002-0.00000002j -0.04823960-0.17697962j 0.00000003+0.00000001j 0.77700089+0.00007051j
111.99999999999994 0.13735285-0.00005011j 0.00000004-0.00000004j -0.04550459+0.19305195j 0.00000006-0.00000004j 0.09121636-0.00001880j -0.00000003-0.00000003j -0.04571160-0.19303309j 0.00000004+0.00000002j 0.77143096+0.00006898j
112.99999999999996 0.14734533-0.00005778j 0.00000002-0.00000002j -0.04223071+0.20778248j 0.00000006-0.00000005j 0.08468577-0.00000620j -0.00000003-0.00000003j -0.04245489-0.20777622j 0.00000004+0.00000001j 0.76796907+0.00006404j
113.99999999999996 0.15637622-0.00006409j -0.00000000-0.00000000j -0.03922874+0.22036631j 0.00000006-0.00000005j 0.07870206+0.00000897j -0.00000002-0.00000003j -0.03947315-0.22037521j 0.00000004+0.00000000j 0.76492189+0.00005519j
114.99999999999997 0.16449162-0.00006839j -0.00000002+0.00000000j -0.03742934+0.23049750j 0.00000005-0.00000004j 0.07512422+0.00002712j -0.00000001-0.00000002j -0.03769471-0.23052455j 0.00000005-0.00000001j 0.76038432+0.00004133j
115.99999999999997 0.17209916-0.00007056j -0.00000004+0.00000000j -0.03737250+0.23848359j 0.00000003-0.00000003j 0.07502773+0.00004857j 0.00000000-0.00000002j -0.03765506-0.23853209j 0.00000005-0.00000003j 0.75287328+0.00002206j
116.99999999999999 0.17985426-0.00007047j -0.00000005-0.00000000j -0.03898965+0.24514756j 0.00000002-0.00000003j 0.07826990+0.00007077j 0.00000001-0.00000001j -0.03928007-0.24521827j 0.00000006-0.00000005j 0.74187601-0.00000024j
117.99999999999997 0.18843220-0.00006769j -0.00000005-0.00000001j -0.04159332+0.25155206j 0.00000001-0.00000002j 0.08347142+0.00008751j 0.00000003+0.00000000j -0.04187793-0.25163950j 0.00000007-0.00000006j 0.72809654-0.00001975j
119.0 0.19823756-0.00006235j -0.00000005-0.00000002j -0.04411830+0.25861871j 0.00000000-0.00000001j 0.08850118+0.00009163j 0.00000004+0.00000001j -0.04438272-0.25871027j 0.00000008-0.00000007j 0.71326143-0.00002922j
119.99999999999999 0.20916206-0.00005601j -0.00000005-0.00000003j -0.04554433+0.26676768j -0.00000001-0.00000002j 0.09132285+0.00007954j 0.00000006+0.00000002j -0.04577834-0.26684716j 0.00000009-0.00000007j 0.69951526-0.00002347j
121.0 0.22052301-0.00005157j -0.00000004-0.00000003j -0.04532765+0.27571341j -0.00000001-0.00000003j 0.09085686+0.00005371j 0.00000007+0.00000002j -0.04552904-0.27576705j 0.00000010-0.00000005j 0.68862031-0.00000207j
122.0 0.23125938-0.00005178j -0.00000004-0.00000003j -0.04364588+0.28450808j -0.00000002-0.00000005j 0.08746770+0.00002153j 0.00000008+0.00000001j -0.04382165-0.28452954j 0.00000010-0.00000003j 0.68127309+0.00003032j
123.00000000000001 0.24034211-0.00005746j -0.00000004-0.00000002j -0.04134290+0.29183953j -0.00000002-0.00000006j 0.08285000-0.00000826j 0.00000009-0.00000000j -0.04150693-0.29183120j 0.00000010-0.00000001j 0.67680806+0.00006579j
124.00000000000001 0.24723147-0.00006703j -0.00000004-0.00000002j -0.03960073+0.29649380j -0.00000003-0.00000008j 0.07936958-0.00002892j 0.00000009-0.00000002j -0.03976868-0.29646482j 0.00000010+0.00000002j 0.67339912+0.00009602j
125.00000000000003 0.25217060-0.00007753j -0.00000004-0.00000001j -0.03948336+0.29782331j -0.00000004-0.00000008j 0.07915008-0.00003725j 0.00000007-0.00000005j -0.03966655-0.29778599j 0.00000009+0.00000005j 0.66867949+0.00011485j
126.00000000000001 0.25617470-0.00008625j -0.00000003-0.00000001j -0.04153152+0.29604684j -0.00000005-0.00000008j 0.08326418-0.00003411j 0.00000004-0.00000007j -0.04173249-0.29601267j 0.00000008+0.00000007j 0.66056130+0.00012043j
127.00000000000004 0.26071773-0.00009181j -0.00000003-0.00000001j -0.04554560+0.29225818j -0.00000005-0.00000006j 0.09130305-0.00002433j 0.00000001-0.00000007j -0.04575728-0.29223379j 0.00000006+0.00000008j 0.64797939+0.00011620j
128.00000000000003 0.26724537-0.00009438j -0.00000003-0.00000001j -0.05061979+0.28812388j -0.00000005-0.00000004j 0.10144889-0.00001525j -0.00000002-0.00000007j -0.05082893-0.28810857j 0.00000004+0.00000008j 0.63130591+0.00010970j
129.00000000000003 0.27669693-0.00009576j -0.00000003-0.00000002j -0.05541542+0.28536994j -0.00000003-0.00000001j 0.11102429-0.00001309j -0.00000003-0.00000007j -0.05560870-0.28535679j 0.00000000+0.00000006j 0.61227895+0.00010891j
130.00000000000003 0.28920026-0.00009894j -0.00000004-0.00000004j -0.05858838+0.28524198j -0.00000001+0.00000002j 0.11734693-0.00001915j -0.00000003-0.00000006j -0.05875838-0.28522276j -0.00000003+0.00000004j 0.59345298+0.00011816j
131.00000000000003 0.30403804-0.00010691j -0.00000004-0.00000006j -0.05922618+0.28813425j 0.00000001+0.00000004j 0.11860079-0.00002913j -0.00000003-0.00000004j -0.05937444-0.28810505j -0.00000006+0.00000001j 0.57736134+0.00013610j
132.00000000000006 0.31989138-0.00012084j -0.00000003-0.00000007j -0.05713850+0.29351450j 0.00000002+0.00000004j 0.11441327-0.00003605j -0.00000002-0.00000002j -0.05727460-0.29347838j -0.00000006-0.00000002j 0.56569552+0.00015696j
133.00000000000006 0.33526948-0.00013928j -0.00000001-0.00000007j -0.05290173+0.30015830j 0.00000002+0.00000003j 0.10594109-0.00003405j -0.00000002-0.00000001j -0.05303920-0.30012419j -0.00000005-0.00000004j 0.55878959+0.00017339j
134.00000000000006 0.34897009-0.00015875j 0.00000001-0.00000007j -0.04765338+0.30659714j 0.00000001+0.00000001j 0.09545772-0.00002040j -0.00000002+0.00000002j -0.04780417-0.30657668j -0.00000003-0.00000006j 0.55557237+0.00017922j
135.00000000000006 0.36041817-0.00017546j 0.00000002-0.00000006j -0.04271418+0.31161807j -0.00000000-0.00000001j 0.08559805+0.00000435j -0.00000000+0.00000004j -0.04288369-0.31162235j -0.00000001-0.00000007j 0.55398396+0.00017117j
136.00000000000009 0.36979096-0.00018641j 0.00000003-0.00000005j -0.03915806+0.31464485j -0.00000002-0.00000003j 0.07850069+0.00003624j 0.00000001+0.00000006j -0.03934246-0.31468102j 0.00000002-0.00000007j 0.55170852+0.00015023j
137.00000000000006 0.37790994-0.00018966j 0.00000003-0.00000003j -0.03746592+0.31587769j -0.00000003-0.00000005j 0.07511877+0.00006750j 0.00000003+0.00000007j -0.03765268-0.31594512j 0.00000004-0.00000006j 0.54697147+0.00012222j
138.00000000000009 0.38593221-0.00018435j 0.00000003-0.00000002j -0.03739378+0.31615497j -0.00000004-0.00000007j 0.07495940+0.00008788j 0.00000004+0.00000007j -0.03756545-0.31624279j 0.00000007-0.00000003j 0.53910856+0.00009653j
139.00000000000009 0.39491705-0.00017134j 0.00000001-0.00000000j -0.03813190+0.31659921j -0.00000005-0.00000009j 0.07640398+0.00008910j 0.00000005+0.00000006j -0.03827192-0.31668825j 0.00000008-0.00000000j 0.52867913+0.00008230j
140.00000000000009 0.40539987-0.00015397j -0.00000000+0.00000000j -0.03870885+0.31818524j -0.00000005-0.00000008j 0.07751591+0.00007019j 0.00000006+0.00000005j -0.03880689-0.31825537j 0.00000008+0.00000002j 0.51708439+0.00008385j
141.00000000000009 0.41714725-0.00013743j -0.00000002-0.00000000j -0.03845615+0.32139039j -0.00000004-0.00000007j 0.07696708+0.00003887j 0.00000007+0.00000003j -0.03851076-0.32142920j 0.00000007+0.00000003j 0.50588584+0.00009862j
142.0000000000001 0.42922409-0.00012630j -0.00000004-0.00000001j -0.03730403+0.32604314j -0.00000003-0.00000005j 0.07462579+0.00000699j 0.00000007+0.00000001j -0.03732159-0.32605007j 0.00000005+0.00000005j 0.49615029+0.00011937j
143.0000000000001 0.44036310-0.00012211j -0.00000005-0.00000002j -0.03577854+0.33140170j -0.00000001-0.00000003j 0.07154831-0.00001648j 0.00000006-0.00000002j -0.03576961-0.33138516j 0.00000004+0.00000006j 0.48808875+0.00013865j
144.0000000000001 0.44947412-0.00012314j -0.00000005-0.00000003j -0.03474025+0.33640896j -0.00000001-0.00000002j 0.06945567-0.00002885j 0.00000005-0.00000005j -0.03471526-0.33638004j 0.00000002+0.00000007j 0.48107038+0.00015205j
145.0000000000001 0.45607663-0.00012639j -0.00000004-0.00000003j -0.03501716+0.34002161j -0.00000000-0.00000002j 0.07000088-0.00003212j 0.00000003-0.00000007j -0.03498356-0.33998942j -0.00000000+0.00000008j 0.47392266+0.00015857j
146.0000000000001 0.46050458-0.00012963j -0.00000002-0.00000004j -0.03708684+0.34150724j -0.00000001-0.00000001j 0.07413534-0.00002956j 0.00000000-0.00000009j -0.03704833-0.34147761j -0.00000002+0.00000008j 0.46536025+0.00015925j
147.0000000000001 0.46384507-0.00013190j 0.00000000-0.00000005j -0.04090055+0.34063183j -0.00000002+0.00000001j 0.08175866-0.00002419j -0.00000002-0.00000009j -0.04085794-0.34060758j -0.00000004+0.00000007j 0.45439644+0.00015616j
148.00000000000014 0.46765572-0.00013293j 0.00000003-0.00000006j -0.04588191+0.33770087j -0.00000003+0.00000002j 0.09171681-0.00001868j -0.00000004-0.00000009j -0.04583474-0.33768212j -0.00000006+0.00000006j 0.44062763+0.00015168j
149.00000000000014 0.47354720-0.00013281j 0.00000004-0.00000006j -0.05109039+0.33345839j -0.00000004+0.00000004j 0.10212890-0.00001489j -0.00000004-0.00000007j -0.05103834-0.33344343j -0.00000007+0.00000005j 0.42432407+0.00014777j
150.00000000000014 0.48274315-0.00013222j 0.00000005-0.00000007j -0.05549640+0.32888130j -0.00000004+0.00000005j 0.11093670-0.00001266j -0.00000003-0.00000006j -0.05544013-0.32886858j -0.00000009+0.00000004j 0.40632032+0.00014495j
151.00000000000014 0.49574531-0.00013240j 0.00000005-0.00000007j -0.05827288+0.32492679j -0.00000003+0.00000005j 0.11648722-0.00000973j -0.00000002-0.00000004j -0.05821418-0.32491700j -0.00000010+0.00000003j 0.38776763+0.00014219j
152.00000000000017 0.51220780-0.00013431j 0.00000005-0.00000008j -0.05900180+0.32229514j -0.00000003+0.00000005j 0.11794504-0.00000371j -0.00000001-0.00000003j -0.05894307-0.32229136j -0.00000010+0.00000002j 0.36984733+0.00013809j
153.00000000000014 0.53105169-0.00013774j 0.00000006-0.00000008j -0.05774026+0.32126105j -0.00000003+0.00000005j 0.11542432+0.00000554j -0.00000000-0.00000001j -0.05768390-0.32126651j -0.00000008+0.00000000j 0.35352415+0.00013228j
154.00000000000014 0.55076406-0.00014144j 0.00000006-0.00000008j -0.05495873+0.32160863j -0.00000004+0.00000005j 0.10986577+0.00001572j 0.00000000+0.00000000j -0.05490688-0.32162428j -0.00000006-0.00000001j 0.33937034+0.00012579j
155.00000000000017 0.56977982-0.00014404j 0.00000007-0.00000008j -0.05139998+0.32268525j -0.00000004+0.00000005j 0.10275479+0.00002421j 0.00000000+0.00000002j -0.05135464-0.32270939j -0.00000002-0.00000001j 0.32746556+0.00011989j
156.00000000000017 0.58685123-0.00014495j 0.00000006-0.00000006j -0.04789768+0.32356660j -0.00000003+0.00000004j 0.09575880+0.00003028j 0.00000001+0.00000003j -0.04786096-0.32359681j 0.00000000-0.00000001j 0.31739013+0.00011474j
157.00000000000017 0.60133485-0.00014414j 0.00000005-0.00000005j -0.04517478+0.32329946j -0.00000002+0.00000003j 0.09032364+0.00003513j 0.00000002+0.00000004j -0.04514870-0.32333453j 0.00000002-0.00000001j 0.30834168+0.00010907j
158.00000000000017 0.61333739-0.00014122j 0.00000003-0.00000004j -0.04364962+0.32116328j 0.00000000+0.00000003j 0.08728496+0.00003997j 0.00000003+0.00000005j -0.04363517-0.32120318j 0.00000004-0.00000000j 0.29937783+0.00010131j
159.0000000000002 0.62366599-0.00013489j 0.00000002-0.00000003j -0.04330616+0.31687629j 0.00000001+0.00000002j 0.08660818+0.00004392j 0.00000005+0.00000005j -0.04330185-0.31692014j 0.00000005+0.00000001j 0.28972600+0.00009104j
160.00000000000017 0.63355809-0.00012343j 0.00000000-0.00000002j -0.04369580+0.31067839j 0.00000002+0.00000000j 0.08739244+0.00004383j 0.00000006+0.00000004j -0.04369647-0.31072215j 0.00000005+0.00000002j 0.27904964+0.00007967j
161.0000000000002 0.64423580-0.00010612j -0.00000001-0.00000002j -0.04410308+0.30325328j 0.00000002-0.00000001j 0.08820290+0.00003623j 0.00000008+0.00000002j -0.04409966-0.30328944j 0.00000005+0.00000003j 0.26756146+0.00006996j
162.0000000000002 0.65641527-0.00008461j -0.00000002-0.00000001j -0.04383569+0.29550165j 0.00000002-0.00000002j 0.08765236+0.00001993j 0.00000009-0.00000001j -0.04381650-0.29552152j 0.00000005+0.00000004j 0.25593254+0.00006474j
163.0000000000002 0.66995323-0.00006326j -0.00000002-0.00000001j -0.04253185+0.28822871j 0.00000001-0.00000002j 0.08501746-0.00000235j 0.00000009-0.00000003j -0.04248545-0.28822628j 0.00000004+0.00000005j 0.24502948+0.00006568j
164.0000000000002 0.68379233-0.00004789j -0.00000001-0.00000001j -0.04035425+0.28184612j -0.00000001-0.00000002j 0.08062735-0.00002457j 0.00000008-0.00000006j -0.04027293-0.28182148j 0.00000004+0.00000006j 0.23558049+0.00007252j
165.00000000000023 0.69626982-0.00004350j -0.00000000-0.00000002j -0.03797504+0.27619519j -0.00000003-0.00000001j 0.07583305-0.00003961j 0.00000006-0.00000008j -0.03785784-0.27615551j 0.00000003+0.00000007j 0.22789730+0.00008318j
166.00000000000023 0.70571209-0.00005188j 0.00000001-0.00000002j -0.03633810+0.27056644j -0.00000004+0.00000001j 0.07252987-0.00004255j 0.00000004-0.00000009j -0.03619160-0.27052383j 0.00000002+0.00000006j 0.22175821+0.00009449j
167.00000000000023 0.71110669-0.00007046j 0.00000003-0.00000003j -0.03628145+0.26392578j -0.00000004+0.00000004j 0.07239946-0.00003294j 0.00000002-0.00000008j -0.03611784-0.26389277j 0.00000001+0.00000005j 0.21649402+0.00010346j
168.00000000000023 0.71258357-0.00009305j 0.00000004-0.00000004j -0.03817338+0.25527995j -0.00000003+0.00000006j 0.07617961-0.00001520j 0.00000000-0.00000007j -0.03800606-0.25526468j -0.00000001+0.00000003j 0.21123699+0.00010832j
169.00000000000023 0.71148949-0.00011244j 0.00000005-0.00000004j -0.04172152+0.24405455j -0.00000001+0.00000008j 0.08328202+0.00000344j -0.00000001-0.00000005j -0.04156033-0.24405793j -0.00000002+0.00000001j 0.20522866+0.00010906j
170.00000000000023 0.70999624-0.00012330j 0.00000006-0.00000004j -0.04604450+0.23034563j 0.00000001+0.00000009j 0.09193723+0.00001623j -0.00000001-0.00000003j -0.04589256-0.23036179j -0.00000003-0.00000000j 0.19806670+0.00010713j
171.00000000000026 0.71037778-0.00012421j 0.00000007-0.00000003j -0.04997938+0.21494846j 0.00000004+0.00000008j 0.09981228+0.00001957j -0.00000001-0.00000002j -0.04983274-0.21496796j -0.00000005-0.00000002j 0.18981010+0.00010471j
172.00000000000026 0.71423172-0.00011772j 0.00000007-0.00000001j -0.05249549+0.19914787j 0.00000007+0.00000007j 0.10484140+0.00001400j -0.00000000-0.00000001j -0.05234574-0.19916181j -0.00000006-0.00000003j 0.18092705+0.00010378j
173.00000000000026 0.72193913-0.00010887j 0.00000007+0.00000001j -0.05304853+0.18434059j 0.00000008+0.00000004j 0.10593560+0.00000347j 0.00000000-0.00000001j -0.05288690-0.18434399j -0.00000006-0.00000004j 0.17212544+0.00010547j
174.00000000000026 0.73255477-0.00010311j 0.00000008+0.00000003j -0.05174612+0.17161875j 0.00000008+0.00000001j 0.10331388-0.00000636j 0.00000000-0.00000001j -0.05156759-0.17161232j -0.00000005-0.00000005j 0.16413152+0.00010954j
175.00000000000028 0.74415284-0.00010428j 0.00000007+0.00000005j -0.04927867+0.16145526j 0.00000006-0.00000002j 0.09836335-0.00000980j 0.00000000-0.00000001j -0.04908452-0.16144539j -0.00000003-0.00000005j 0.15748397+0.00011415j
176.00000000000026 0.75449514-0.00011319j 0.00000007+0.00000007j -0.04665259+0.15359545j 0.00000004-0.00000004j 0.09310323-0.00000308j -0.00000000-0.00000002j -0.04645047-0.15359231j -0.00000002-0.00000004j 0.15240180+0.00011633j
177.00000000000028 0.76178628-0.00012693j 0.00000005+0.00000008j -0.04482362+0.14718776j 0.00000002-0.00000006j 0.08944883+0.00001373j 0.00000000-0.00000002j -0.04462504-0.14720142j -0.00000001-0.00000003j 0.14876506+0.00011326j
178.00000000000028 0.76525569-0.00013939j 0.00000003+0.00000008j -0.04435880+0.14110309j 0.00000001-0.00000006j 0.08853376+0.00003562j 0.00000001-0.00000003j -0.04417479-0.14113865j -0.00000001-0.00000002j 0.14621072+0.00010384j
179.00000000000028 0.76536309-0.00014354j 0.00000001+0.00000007j -0.04525096+0.13432633j -0.00000000-0.00000006j 0.09033862+0.00005426j 0.00000001-0.00000004j -0.04508750-0.13438053j -0.00000002-0.00000000j 0.14429846+0.00008935j
180.00000000000028 0.76355679-0.00013466j -0.00000002+0.00000006j -0.04695821+0.12628099j -0.00000001-0.00000005j 0.09377182+0.00006198j 0.00000002-0.00000005j -0.04681344-0.12634291j -0.00000003+0.00000001j 0.14267155+0.00007275j
181.00000000000028 0.76168546-0.00011268j -0.00000003+0.00000003j -0.04865005+0.11697787j -0.00000002-0.00000004j 0.09716468+0.00005563j 0.00000001-0.00000005j -0.04851446-0.11703343j -0.00000004+0.00000001j 0.14115002+0.00005712j
182.0000000000003 0.76130026-0.00008215j -0.00000004+0.00000001j -0.04955132+0.10694808j -0.00000003-0.00000003j 0.09896227+0.00003762j 0.00000000-0.00000006j -0.04941078-0.10698564j -0.00000004+0.00000002j 0.13973764+0.00004459j
183.00000000000028 0.76311598-0.00004993j -0.00000005-0.00000001j -0.04923894+0.09700033j -0.00000004-0.00000003j 0.09831825+0.00001398j -0.00000001-0.00000007j -0.04907914-0.09701425j -0.00000004+0.00000002j 0.13856593+0.00003601j
184.0000000000003 0.76681368-0.00002242j -0.00000004-0.00000003j -0.04778232+0.08789994j -0.00000005-0.00000002j 0.09537532-0.00000866j -0.00000003-0.00000007j -0.04759283-0.08789122j -0.00000004+0.00000003j 0.13781117+0.00003114j
185.0000000000003 0.77121871-0.00000370j -0.00000003-0.00000004j -0.04569609+0.08008456j -0.00000005-0.00000001j 0.09116877-0.00002508j -0.00000004-0.00000006j -0.04547252-0.08005942j -0.00000004+0.00000002j 0.13761269+0.00002885j
186.0000000000003 0.77475726+0.00000505j -0.00000002-0.00000006j -0.04374196+0.07350734j -0.00000006+0.00000001j 0.08722812-0.00003243j -0.00000005-0.00000004j -0.04348600-0.07347484j -0.00000004+0.00000001j 0.13801479+0.00002745j
187.0000000000003 0.77602411+0.00000539j -0.00000000-0.00000006j -0.04265291+0.06764761j -0.00000006+0.00000002j 0.08502363-0.00003083j -0.00000006-0.00000002j -0.04237056-0.06761671j -0.00000005+0.00000000j 0.13895242+0.00002551j
188.00000000000034 0.77427971+0.00000098j 0.00000001-0.00000006j -0.04286728+0.06167210j -0.00000005+0.00000003j 0.08543372-0.00002362j -0.00000007-0.00000001j -0.04256627-0.06164842j -0.00000005-0.00000001j 0.14028674+0.00002271j
189.00000000000034 0.76971947-0.00000380j 0.00000003-0.00000005j -0.04436426+0.05468529j -0.00000004+0.00000004j 0.08841616-0.00001617j -0.00000007+0.00000000j -0.04405174-0.05466905j -0.00000005-0.00000002j 0.14186454+0.00002003j
190.00000000000034 0.76342561-0.00000578j 0.00000005-0.00000003j -0.04666945+0.04598736j -0.00000002+0.00000004j 0.09302018-0.00001289j -0.00000008+0.00000001j -0.04635056-0.04597440j -0.00000005-0.00000003j 0.14355438+0.00001874j
191.00000000000034 0.75702145-0.00000460j 0.00000006-0.00000001j -0.04903415+0.03526586j -0.00000001+0.00000004j 0.09774623-0.00001432j -0.00000008+0.00000002j -0.04871190-0.03525148j -0.00000005-0.00000003j 0.14523249+0.00001899j
192.00000000000034 0.75216320-0.00000251j 0.00000006+0.00000001j -0.05070955+0.02267406j 0.00000001+0.00000004j 0.10109525-0.00001693j -0.00000007+0.00000002j -0.05038553-0.02265706j -0.00000005-0.00000003j 0.14674172+0.00001951j
193.00000000000034 0.75005802-0.00000244j 0.00000005+0.00000003j -0.05119446+0.00878443j 0.00000003+0.00000004j 0.10206451-0.00001608j -0.00000006+0.00000002j -0.05086988-0.00876828j -0.00000006-0.00000003j 0.14787763+0.00001858j
194.00000000000037 0.75116072-0.00000600j 0.00000004+0.00000004j -0.05036450-0.00556204j 0.00000005+0.00000003j 0.10040566-0.00000933j -0.00000006+0.00000001j -0.05004099+0.00557143j -0.00000006-0.00000003j 0.14843379+0.00001540j
195.00000000000037 0.75510834-0.00001285j 0.00000002+0.00000005j -0.04846196-0.01946772j 0.00000006+0.00000002j 0.09660397+0.00000252j -0.00000005+0.00000001j -0.04814184+0.01946526j -0.00000006-0.00000002j 0.14828787+0.00001040j
196.00000000000037 0.76086856-0.00002138j 0.00000001+0.00000006j -0.04598391-0.03219722j 0.00000005-0.00000000j 0.09165414+0.00001674j -0.00000005-0.00000000j -0.04567006+0.03218055j -0.00000005-0.00000002j 0.14747747+0.00000471j
197.00000000000037 0.76703422-0.00002975j -0.00000001+0.00000006j -0.04352393-0.04334975j 0.00000005-0.00000002j 0.08674378+0.00003042j -0.00000004-0.00000001j -0.04321968+0.04331939j -0.00000005-0.00000001j 0.14622217-0.00000061j
198.0000000000004 0.77218291-0.00003631j -0.00000003+0.00000006j -0.04161448-0.05294335j 0.00000003-0.00000003j 0.08293814+0.00004121j -0.00000003-0.00000001j -0.04132349+0.05290220j -0.00000004-0.00000001j 0.14487912-0.00000484j
199.00000000000037 0.77521769-0.00003969j -0.00000004+0.00000004j -0.04060411-0.06139001j 0.00000001-0.00000003j 0.08093458+0.00004745j -0.00000002-0.00000000j -0.04033030+0.06134263j -0.00000003-0.00000001j 0.14384790-0.00000769j
