# time rdo00 rdo01 rdo10 rdo11
0.0 1.00000000+0.00000000j 0.00000000+0.00000000j 0.00000000+0.00000000j 0.00000000+0.00000000j 0.00000000+0.00000000j 0.00000000+0.00000000j 0.00000000+0.00000000j 0.00000000+0.00000000j 0.00000000+0.00000000j
1.0 0.99564862-0.00047472j 0.00000006+0.00000004j -0.00346856-0.00054335j 0.00000000-0.00000002j 0.00433863+0.00047312j 0.00000011-0.00000000j -0.00086972+0.00007032j 0.00000046+0.00000011j 0.00001324+0.00000169j
2.0 0.97966760-0.00230653j 0.00000011+0.00000018j -0.01271433-0.00410717j 0.00000002-0.00000008j 0.02000031+0.00226485j 0.00000020-0.00000012j -0.00728548+0.00184246j 0.00000083+0.00000016j 0.00033308+0.00004177j
3.0 0.95601737-0.00487101j -0.00000008+0.00000056j -0.02456718-0.01267690j -0.00000012-0.00000035j 0.04217376+0.00464813j 0.00000047-0.00000046j -0.01760576+0.00802891j 0.00000103+0.00000102j 0.00181080+0.00022241j
4.0 0.93134830-0.00725170j -0.00000009+0.00000160j -0.03512993-0.02668495j -0.00000054-0.00000074j 0.06325989+0.00661312j 0.00000057-0.00000130j -0.02812863+0.02007163j 0.00000142+0.00000246j 0.00539457+0.00063863j
5.000000000000001 0.91164247-0.00868095j -0.00000019+0.00000211j -0.04132153-0.04506570j -0.00000073-0.00000080j 0.07681693+0.00737799j 0.00000012-0.00000150j -0.03549372+0.03768704j 0.00000114+0.00000318j 0.01154400+0.00130544j
6.0 0.90026571-0.00879474j -0.00000206+0.00000271j -0.04192313-0.06577830j -0.00000168-0.00000068j 0.07979054+0.00666322j -0.00000098-0.00000233j -0.03786562+0.05911394j -0.00000006+0.00000423j 0.01995078+0.00213777j
7.000000000000001 0.89718228-0.00772223j -0.00000284+0.00000213j -0.03780822-0.08658430j -0.00000144-0.00000028j 0.07322117+0.00474332j -0.00000119-0.00000172j -0.03541117+0.08183985j -0.00000141+0.00000366j 0.02960357+0.00298516j
8.0 0.89938866-0.00598652j -0.00000339+0.00000124j -0.03143677-0.10579955j -0.00000119+0.00000022j 0.06145867+0.00231722j -0.00000128-0.00000088j -0.03002011+0.10348120j -0.00000247+0.00000262j 0.03915970+0.00367556j
9.0 0.90231950-0.00431710j -0.00000364+0.00000022j -0.02584162-0.12278939j -0.00000096+0.00000071j 0.05031913+0.00026575j -0.00000124+0.00000000j -0.02447572+0.12252251j -0.00000312+0.00000132j 0.04736839+0.00405761j
10.000000000000002 0.90168785-0.00338226j -0.00000363-0.00000078j -0.02346710-0.13804554j -0.00000070+0.00000113j 0.04481451-0.00065827j -0.00000102+0.00000083j -0.02134563+0.13870268j -0.00000337-0.00000007j 0.05350467+0.00404678j
11.0 0.89515098-0.00353693j -0.00000341-0.00000172j -0.02522729-0.15283528j -0.00000040+0.00000145j 0.04719546-0.00012793j -0.00000061+0.00000153j -0.02196639+0.15296208j -0.00000325-0.00000143j 0.05766058+0.00367111j
12.0 0.88316897-0.00468482j -0.00000303-0.00000253j -0.03016725-0.16858492j -0.00000006+0.00000165j 0.05609892+0.00160747j -0.00000004+0.00000203j -0.02592988+0.16697632j -0.00000278-0.00000266j 0.06073913+0.00308360j
13.000000000000002 0.86869756-0.00633086j -0.00000248-0.00000310j -0.03591240-0.18626272j 0.00000025+0.00000164j 0.06723661+0.00382802j 0.00000061+0.00000223j -0.03132242+0.18243356j -0.00000199-0.00000358j 0.06407286+0.00250909j
14.000000000000002 0.85587381-0.00780516j -0.00000177-0.00000329j -0.03971756-0.20599617j 0.00000042+0.00000133j 0.07532803+0.00567200j 0.00000117+0.00000200j -0.03560868+0.20032304j -0.00000093-0.00000400j 0.06880518+0.00213942j
15.000000000000002 0.84832852-0.00854029j -0.00000097-0.00000299j -0.03960705-0.22702300j 0.00000036+0.00000072j 0.07632053+0.00650577j 0.00000150+0.00000131j -0.03671169+0.22051610j 0.00000030-0.00000380j 0.07535798+0.00204077j
16.0 0.84786938-0.00826485j -0.00000018-0.00000225j -0.03508402-0.24793148j 0.00000001-0.00000011j 0.06886365+0.00613774j 0.00000152+0.00000029j -0.03377784+0.24179261j 0.00000154-0.00000302j 0.08327399+0.00213335j
17.0 0.85398089-0.00704792j 0.00000042-0.00000122j -0.02718068-0.26706723j -0.00000057-0.00000095j 0.05454329+0.00480610j 0.00000124-0.00000086j -0.02736082+0.26226000j 0.00000259-0.00000181j 0.09148285+0.00224808j
18.0 0.86414537-0.00521976j 0.00000071-0.00000013j -0.01797155-0.28297181j -0.00000128-0.00000159j 0.03706041+0.00301172j 0.00000073-0.00000190j -0.01908707+0.27995897j 0.00000330-0.00000040j 0.09880126+0.00221429j
19.000000000000004 0.87469397-0.00323604j 0.00000064+0.00000079j -0.00984976-0.29473978j -0.00000199-0.00000188j 0.02090296+0.00131422j 0.00000013-0.00000264j -0.01105141+0.29342443j 0.00000359+0.00000097j 0.10441010+0.00192807j
20.000000000000004 0.88182641-0.00154372j 0.00000023+0.00000135j -0.00484515-0.30221759j -0.00000256-0.00000173j 0.01004236+0.00017041j -0.00000046-0.00000298j -0.00519542+0.30204605j 0.00000343+0.00000211j 0.10813826+0.00137956j
21.000000000000004 0.88250616-0.00048066j -0.00000042+0.00000145j -0.00415573-0.30601724j -0.00000287-0.00000117j 0.00699570-0.00015695j -0.00000092-0.00000290j -0.00283819+0.30617306j 0.00000288+0.00000290j 0.11050516+0.00064386j
22.0 0.87505108-0.00022258j -0.00000117+0.00000111j -0.00795670-0.30736810j -0.00000287-0.00000031j 0.01239736+0.00037999j -0.00000119-0.00000251j -0.00443887+0.30698698j 0.00000204+0.00000331j 0.11255859-0.00015116j
23.0 0.85936594-0.00077381j -0.00000186+0.00000042j -0.01545995-0.30785953j -0.00000255+0.00000068j 0.02504776+0.00164509j -0.00000126-0.00000192j -0.00958602+0.30621331j 0.00000104+0.00000336j 0.11559333-0.00086503j
24.0 0.83687171-0.00198245j -0.00000239-0.00000051j -0.02513242-0.30912699j -0.00000193+0.00000164j 0.04227551+0.00336425j -0.00000114-0.00000127j -0.01714130+0.30576161j -0.00000001+0.00000311j 0.12085981-0.00137555j
25.000000000000004 0.81021393-0.00356041j -0.00000267-0.00000153j -0.03498798-0.31252529j -0.00000108+0.00000242j 0.06045097+0.00515609j -0.00000089-0.00000066j -0.02546120+0.30736807j -0.00000102+0.00000262j 0.12934212-0.00158943j
26.000000000000004 0.78276429-0.00511588j -0.00000265-0.00000252j -0.04294849-0.31884376j -0.00000011+0.00000293j 0.07564300+0.00656563j -0.00000056-0.00000016j -0.03269272+0.31227700j -0.00000186+0.00000194j 0.14159973-0.00144349j
27.000000000000004 0.75787913-0.00623031j -0.00000230-0.00000339j -0.04732015-0.32814112j 0.00000085+0.00000315j 0.08451490+0.00715917j -0.00000023+0.00000022j -0.03719295+0.32098082j -0.00000245+0.00000112j 0.15761300-0.00092261j
28.000000000000004 0.73799183-0.00658986j -0.00000160-0.00000408j -0.04733281-0.33976954j 0.00000168+0.00000309j 0.08537322+0.00669559j 0.00000002+0.00000050j -0.03803862+0.33307282j -0.00000268+0.00000023j 0.17664198-0.00009948j
29.000000000000004 0.72384551-0.00611815j -0.00000060-0.00000449j -0.04350313-0.35259560j 0.00000225+0.00000281j 0.07891798+0.00528240j 0.00000013+0.00000071j -0.03541306+0.34731207j -0.00000248-0.00000063j 0.19724354+0.00084200j
30.000000000000004 0.71426588-0.00502370j 0.00000063-0.00000456j -0.03753852-0.36534997j 0.00000253+0.00000234j 0.06813989+0.00338240j 0.00000012+0.00000083j -0.03059957+0.36196644j -0.00000189-0.00000134j 0.21760127+0.00164755j
31.000000000000004 0.70665880-0.00372154j 0.00000189-0.00000419j -0.03172217-0.37700006j 0.00000257+0.00000171j 0.05722413+0.00163284j 0.00000004+0.00000083j -0.02550018+0.37536609j -0.00000104-0.00000174j 0.23612409+0.00209495j
32.0 0.69803778-0.00267204j 0.00000296-0.00000339j -0.02804032-0.38704622j 0.00000244+0.00000092j 0.04993449+0.00058242j -0.00000000+0.00000066j -0.02189238+0.38646267j -0.00000013-0.00000174j 0.25203476+0.00209587j
33.0 0.68614659-0.00222034j 0.00000364-0.00000225j -0.02745117-0.39566278j 0.00000223+0.00000005j 0.04822602+0.00049513j 0.00000004+0.00000033j -0.02077306+0.39516652j 0.00000062-0.00000138j 0.26563442+0.00173147j
34.0 0.67027625-0.00249303j 0.00000382-0.00000101j -0.02957023-0.40362887j 0.00000200-0.00000077j 0.05160958+0.00129135j 0.00000020-0.00000008j -0.02203756+0.40233640j 0.00000109-0.00000083j 0.27812120+0.00120794j
35.0 0.65155430-0.00336203j 0.00000354+0.00000003j -0.03282872-0.41203748j 0.00000176-0.00000135j 0.05738182+0.00259958j 0.00000044-0.00000042j -0.02455132+0.40943677j 0.00000128-0.00000031j 0.29107090+0.00076870j
36.0 0.63263380-0.00447082j 0.00000303+0.00000066j -0.03502596-0.42184621j 0.00000146-0.00000158j 0.06158515+0.00387040j 0.00000066-0.00000057j -0.02655741+0.41797468j 0.00000135+0.00000001j 0.30578808+0.00060666j
37.0 0.61680801-0.00533036j 0.00000256+0.00000085j -0.03415017-0.43341680j 0.00000102-0.00000141j 0.06048369+0.00454134j 0.00000072-0.00000052j -0.02633174+0.42887434j 0.00000151+0.00000012j 0.32271532+0.00079527j
38.00000000000001 0.60673480-0.00548770j 0.00000236+0.00000078j -0.02926699-0.44622999j 0.00000043-0.00000097j 0.05220611+0.00425134j 0.00000053-0.00000035j -0.02293732+0.44197752j 0.00000188+0.00000021j 0.34106612+0.00124261j
39.00000000000001 0.60319837-0.00472286j 0.00000239+0.00000071j -0.02113995-0.45891528j -0.00000019-0.00000042j 0.03794139+0.00304139j 0.00000018-0.00000020j -0.01679965+0.45587276j 0.00000235+0.00000051j 0.35886727+0.00168772j
40.00000000000001 0.60448966-0.00317628j 0.00000247+0.00000083j -0.01220391-0.46961073j -0.00000065+0.00000009j 0.02196813+0.00141066j -0.00000020-0.00000016j -0.00976243+0.46819894j 0.00000267+0.00000112j 0.37354924+0.00177187j
41.00000000000001 0.60681309-0.00131789j 0.00000240+0.00000115j -0.00573982-0.47653200j -0.00000083+0.00000047j 0.01020062+0.00013609j -0.00000047-0.00000025j -0.00445902+0.47639478j 0.00000262+0.00000196j 0.38299332+0.00118805j
42.00000000000001 0.60563023+0.00024384j 0.00000209+0.00000156j -0.00453929-0.47855123j -0.00000069+0.00000071j 0.00775763-0.00008504j -0.00000061-0.00000040j -0.00321655+0.47863515j 0.00000212+0.00000286j 0.38661917-0.00015255j
43.00000000000001 0.59734663+0.00101538j 0.00000155+0.00000189j -0.00968841-0.47558806j -0.00000032+0.00000087j 0.01671115+0.00102558j -0.00000064-0.00000050j -0.00702095+0.47456136j 0.00000123+0.00000357j 0.38594926-0.00203471j
44.0 0.58059028+0.00080741j 0.00000089+0.00000200j -0.02006053-0.46867946j 0.00000019+0.00000099j 0.03511782+0.00319291j -0.00000062-0.00000048j -0.01505550+0.46548543j 0.00000012+0.00000393j 0.38429893-0.00399406j
44.99999999999999 0.55658928-0.00021406j 0.00000029+0.00000186j -0.03272303-0.45969832j 0.00000069+0.00000109j 0.05772672+0.00570803j -0.00000062-0.00000033j -0.02500191+0.45398917j -0.00000101+0.00000390j 0.38569103-0.00548771j
45.99999999999999 0.52859812-0.00161106j -0.00000013+0.00000155j -0.04402278-0.45080783j 0.00000109+0.00000111j 0.07794068+0.00771204j -0.00000069-0.00000010j -0.03391611+0.44309466j -0.00000199+0.00000356j 0.39346823-0.00609473j
46.99999999999999 0.50067376-0.00284253j -0.00000034+0.00000120j -0.05088046-0.44383616j 0.00000137+0.00000102j 0.09017235+0.00851167j -0.00000081+0.00000015j -0.03929010+0.43532336j -0.00000277+0.00000302j 0.40916092-0.00566289j
47.999999999999986 0.47626362-0.00345994j -0.00000037+0.00000084j -0.05182762-0.43978840j 0.00000154+0.00000087j 0.09174315+0.00782597j -0.00000094+0.00000044j -0.03991373+0.43196130j -0.00000335+0.00000231j 0.43200026-0.00435978j
48.99999999999998 0.45708868-0.00326943j -0.00000029+0.00000044j -0.04744958-0.43865685j 0.00000164+0.00000074j 0.08370518+0.00589773j -0.00000102+0.00000082j -0.03625381+0.43275799j -0.00000372+0.00000140j 0.45921317-0.00262205j
49.99999999999997 0.44271530-0.00239875j -0.00000010-0.00000002j -0.04007714-0.43956919j 0.00000172+0.00000070j 0.07029001+0.00341881j -0.00000098+0.00000133j -0.03021108+0.43614925j -0.00000385+0.00000029j 0.48700172-0.00101381j
50.999999999999964 0.43097508-0.00123184j 0.00000022-0.00000047j -0.03281896-0.44119130j 0.00000174+0.00000070j 0.05714272+0.00126647j -0.00000085+0.00000188j -0.02432198+0.43992371j -0.00000367-0.00000087j 0.51188922-0.00002837j
51.999999999999964 0.41903641-0.00023626j 0.00000072-0.00000067j -0.02831153-0.44223077j 0.00000165+0.00000056j 0.04903324+0.00014692j -0.00000069+0.00000226j -0.02071992+0.44208272j -0.00000313-0.00000183j 0.53193738+0.00009560j
52.99999999999996 0.40463507+0.00023099j 0.00000133-0.00000041j -0.02772382-0.44187654j 0.00000136+0.00000014j 0.04803979+0.00031824j -0.00000061+0.00000227j -0.02031419+0.44155718j -0.00000229-0.00000229j 0.54733217-0.00054297j
53.999999999999964 0.38693548+0.00004781j 0.00000188+0.00000038j -0.03043492-0.44004017j 0.00000088-0.00000057j 0.05297821+0.00152750j -0.00000062+0.00000188j -0.02254150+0.43851154j -0.00000135-0.00000214j 0.56009334-0.00156906j
54.99999999999996 0.36673029-0.00065783j 0.00000215+0.00000154j -0.03445990-0.43732446j 0.00000026-0.00000143j 0.06020681+0.00316691j -0.00000072+0.00000123j -0.02574512+0.43415642j -0.00000056-0.00000152j 0.57306993-0.00250283j
55.99999999999995 0.34600717-0.00158340j 0.00000200+0.00000276j -0.03736219-0.43473705j -0.00000042-0.00000216j 0.06531151+0.00454385j -0.00000084+0.00000057j -0.02794753+0.43019207j -0.00000006-0.00000071j 0.58868835-0.00295420j
56.99999999999994 0.32713478-0.00237327j 0.00000146+0.00000373j -0.03724186-0.43326161j -0.00000110-0.00000257j 0.06490819+0.00513991j -0.00000098+0.00000010j -0.02766455+0.42812057j 0.00000012+0.00000001j 0.60796405-0.00276040j
57.999999999999936 0.31199895-0.00274123j 0.00000063+0.00000428j -0.03343268-0.43345032j -0.00000171-0.00000258j 0.05789184+0.00477400j -0.00000109-0.00000009j -0.02445738+0.42867519j 0.00000006+0.00000050j 0.63011624-0.00202652j
58.999999999999936 0.30139039-0.00255596j -0.00000035+0.00000438j -0.02669151-0.43517986j -0.00000221-0.00000223j 0.04574589+0.00363046j -0.00000116-0.00000005j -0.01905258+0.43154826j -0.00000016+0.00000075j 0.65287075-0.00106825j
59.99999999999993 0.29482952-0.00186282j -0.00000135+0.00000408j -0.01885806-0.43763951j -0.00000252-0.00000162j 0.03188381+0.00215376j -0.00000115+0.00000017j -0.01302396+0.43548463j -0.00000048+0.00000080j 0.67329370-0.00028469j
60.99999999999992 0.29083250-0.00084067j -0.00000232+0.00000342j -0.01215897-0.43953517j -0.00000256-0.00000087j 0.02035365+0.00085788j -0.00000099+0.00000046j -0.00819289+0.43867616j -0.00000092+0.00000066j 0.68882088-0.00001096j
61.999999999999915 0.28744390+0.00027710j -0.00000321+0.00000245j -0.00846007-0.43943034j -0.00000225-0.00000005j 0.01447047+0.00013821j -0.00000062+0.00000079j -0.00600862+0.43929100j -0.00000148+0.00000033j 0.69809266-0.00040906j
62.99999999999991 0.28278605+0.00127385j -0.00000395+0.00000121j -0.00875526-0.43611729j -0.00000158+0.00000073j 0.01590633+0.00016959j -0.00000006+0.00000109j -0.00714929+0.43594657j -0.00000211-0.00000023j 0.70131464-0.00143719j
63.999999999999915 0.27545086+0.00198771j -0.00000439-0.00000022j -0.01301605-0.42891421j -0.00000067+0.00000137j 0.02445465+0.00091342j 0.00000060+0.00000133j -0.01143681+0.42799966j -0.00000269-0.00000102j 0.70010151-0.00289488j
64.99999999999991 0.26471024+0.00232459j -0.00000438-0.00000169j -0.02032621-0.41781385j 0.00000030+0.00000178j 0.03831357+0.00218178j 0.00000121+0.00000146j -0.01798557+0.41563094j -0.00000300-0.00000197j 0.69698322-0.00450012j
65.9999999999999 0.25060331+0.00226950j -0.00000380-0.00000302j -0.02914707-0.40345919j 0.00000113+0.00000192j 0.05459413+0.00369048j 0.00000161+0.00000146j -0.02544527+0.39976758j -0.00000290-0.00000295j 0.69480959-0.00595373j
66.9999999999999 0.23391403+0.00189896j -0.00000270-0.00000400j -0.03763533-0.38697660j 0.00000171+0.00000175j 0.06991159+0.00509059j 0.00000175+0.00000133j -0.03227447+0.38188487j -0.00000234-0.00000380j 0.69618141-0.00698330j
67.9999999999999 0.21598180+0.00137123j -0.00000120-0.00000445j -0.04403106-0.36972777j 0.00000198+0.00000128j 0.08110098+0.00602538j 0.00000163+0.00000105j -0.03706813+0.36370126j -0.00000138-0.00000434j 0.70292425-0.00739036j
68.99999999999989 0.19832392+0.00087720j 0.00000042-0.00000424j -0.04710490-0.35303785j 0.00000196+0.00000051j 0.08603599+0.00623999j 0.00000132+0.00000062j -0.03892929+0.34679673j -0.00000021-0.00000443j 0.71564712-0.00711094j
69.99999999999989 0.18218162+0.00057067j 0.00000190-0.00000341j -0.04652662-0.33793876j 0.00000170-0.00000048j 0.08428675+0.00569474j 0.00000093+0.00000007j -0.03775835+0.33224290j 0.00000095-0.00000405j 0.73353865-0.00625915j
70.99999999999987 0.16818614+0.00051953j 0.00000299-0.00000211j -0.04296151-0.32496513j 0.00000127-0.00000154j 0.07725309+0.00459580j 0.00000054-0.00000052j -0.03428979+0.32036820j 0.00000192-0.00000331j 0.75456779-0.00510907j
71.99999999999987 0.15627497+0.00070234j 0.00000352-0.00000059j -0.03781653-0.31405408j 0.00000077-0.00000250j 0.06763953+0.00331034j 0.00000023-0.00000102j -0.02982121+0.31074261j 0.00000253-0.00000240j 0.77609253-0.00400643j
72.99999999999987 0.14583553+0.00103589j 0.00000342+0.00000085j -0.03275040-0.30459963j 0.00000027-0.00000320j 0.05850915+0.00222293j 0.00000010-0.00000134j -0.02575696+0.30237557j 0.00000273-0.00000152j 0.79566236-0.00325257j
73.99999999999987 0.13596549+0.00140348j 0.00000278+0.00000199j -0.02915648-0.29567119j -0.00000017-0.00000357j 0.05232316+0.00161951j 0.00000014-0.00000145j -0.02316489+0.29405055j 0.00000257-0.00000086j 0.81171837-0.00301673j
74.99999999999987 0.12577223+0.00167559j 0.00000179+0.00000266j -0.02776714-0.28633783j -0.00000057-0.00000357j 0.05024406+0.00163016j 0.00000030-0.00000135j -0.02247512+0.28470654j 0.00000222-0.00000050j 0.82399075-0.00329950j
75.99999999999986 0.11468846+0.00174042j 0.00000069+0.00000284j -0.02843308-0.27599040j -0.00000095-0.00000322j 0.05178837+0.00220085j 0.00000051-0.00000110j -0.02335351+0.27378843j 0.00000186-0.00000043j 0.83353020-0.00393501j
76.99999999999986 0.10274644+0.00155242j -0.00000033+0.00000259j -0.03012413-0.26455551j -0.00000131-0.00000261j 0.05489952+0.00307705j 0.00000070-0.00000075j -0.02477361+0.26147732j 0.00000161-0.00000057j 0.84236107-0.00462322j
77.99999999999984 0.09066655+0.00117178j -0.00000114+0.00000202j -0.03123614-0.25253609j -0.00000160-0.00000183j 0.05658223+0.00384233j 0.00000086-0.00000040j -0.02534430+0.24869263j 0.00000151-0.00000079j 0.85275825-0.00500785j
78.99999999999984 0.07963122+0.00075351j -0.00000169+0.00000128j -0.03021911-0.24085991j -0.00000178-0.00000097j 0.05410617+0.00406179j 0.00000100-0.00000009j -0.02388527+0.23679699j 0.00000154-0.00000102j 0.86626964-0.00480905j
79.99999999999984 0.07078808+0.00047844j -0.00000197+0.00000046j -0.02633231-0.23055864j -0.00000181-0.00000011j 0.04639182+0.00349708j 0.00000111+0.00000016j -0.02005772+0.22706043j 0.00000168-0.00000118j 0.88282713-0.00396927j
80.99999999999983 0.06472415+0.00046571j -0.00000200-0.00000032j -0.02015544-0.22235239j -0.00000168+0.00000066j 0.03487422+0.00226936j 0.00000121+0.00000031j -0.01471699+0.22008191j 0.00000188-0.00000124j 0.90040866-0.00272881j
81.99999999999983 0.06119374+0.00072071j -0.00000184-0.00000097j -0.01353587-0.21627387j -0.00000139+0.00000126j 0.02326936+0.00085293j 0.00000130+0.00000034j -0.00973170+0.21541981j 0.00000209-0.00000115j 0.91554393-0.00156739j
82.99999999999983 0.05923140+0.00114392j -0.00000158-0.00000144j -0.00893348-0.21149089j -0.00000098+0.00000165j 0.01622448-0.00011492j 0.00000140+0.00000024j -0.00728921+0.21160469j 0.00000225-0.00000089j 0.92455115-0.00102275j
83.99999999999983 0.05756690+0.00158572j -0.00000127-0.00000175j -0.00844076-0.20643483j -0.00000046+0.00000182j 0.01743017-0.00011127j 0.00000152+0.00000004j -0.00898763+0.20654497j 0.00000229-0.00000053j 0.92500995-0.00146820j
84.99999999999982 0.05512934+0.00191334j -0.00000098-0.00000191j -0.01290699-0.19922333j 0.00000012+0.00000178j 0.02802763+0.00104205j 0.00000165-0.00000025j -0.01511885+0.19818015j 0.00000219-0.00000010j 0.91685006-0.00294914j
85.99999999999983 0.05142768+0.00206174j -0.00000070-0.00000201j -0.02152663-0.18823989j 0.00000071+0.00000161j 0.04597297+0.00308887j 0.00000176-0.00000056j -0.02444455+0.18514989j 0.00000195+0.00000027j 0.90260638-0.00514436j
86.99999999999983 0.04667596+0.00205382j -0.00000035-0.00000214j -0.03204691-0.17266403j 0.00000120+0.00000140j 0.06660151+0.00541531j 0.00000178-0.00000076j -0.03455282+0.16724759j 0.00000169+0.00000046j 0.88672955-0.00746287j
87.99999999999984 0.04163084+0.00198462j 0.00000016-0.00000231j -0.04152022-0.15276384j 0.00000150+0.00000125j 0.08419029+0.00726334j 0.00000165-0.00000079j -0.04266828+0.14549937j 0.00000153+0.00000045j 0.87418590-0.00924171j
88.99999999999984 0.03721121+0.00197311j 0.00000088-0.00000243j -0.04733384-0.12984759j 0.00000159+0.00000113j 0.09396277+0.00801142j 0.00000137-0.00000065j -0.04662714+0.12183504j 0.00000157+0.00000029j 0.86883305-0.00997828j
89.99999999999984 0.03406425+0.00210117j 0.00000171-0.00000235j -0.04813134-0.10588359j 0.00000152+0.00000101j 0.09378195+0.00741804j 0.00000101-0.00000043j -0.04564882+0.09846442j 0.00000181+0.00000016j 0.87216083-0.00951295j
90.99999999999986 0.03228233+0.00237236j 0.00000248-0.00000193j -0.04425416-0.08290738j 0.00000135+0.00000086j 0.08484130+0.00571926j 0.00000060-0.00000030j -0.04058535+0.07718698j 0.00000223+0.00000020j 0.88288339-0.00808538j
91.99999999999984 0.03140342+0.00271405j 0.00000300-0.00000111j -0.03752011-0.06241381j 0.00000114+0.00000064j 0.07105687+0.00352759j 0.00000011-0.00000036j -0.03353498+0.05888509j 0.00000280+0.00000051j 0.89754673-0.00623539j
92.99999999999986 0.03067164+0.00301766j 0.00000324-0.00000002j -0.03044978-0.04494914j 0.00000078+0.00000047j 0.05744214+0.00158034j -0.00000050-0.00000059j -0.02699057+0.04336767j 0.00000351+0.00000111j 0.91189325-0.00459174j
93.99999999999986 0.02940330+0.00318921j 0.00000316+0.00000114j -0.02528727-0.03004866j 0.00000016+0.00000041j 0.04818297+0.00045810j -0.00000116-0.00000092j -0.02289391+0.02958943j 0.00000428+0.00000208j 0.92242074-0.00364106j
94.99999999999986 0.02727966+0.00318360j 0.00000256+0.00000195j -0.02321316-0.01653057j -0.00000052+0.00000081j 0.04519100+0.00039092j -0.00000165-0.00000122j -0.02197603+0.01613852j 0.00000493+0.00000331j 0.92753636-0.00356826j
95.99999999999987 0.02445659+0.00301437j 0.00000135+0.00000219j -0.02402477-0.00301930j -0.00000109+0.00000180j 0.04763498+0.00120974j -0.00000178-0.00000136j -0.02360839+0.00180843j 0.00000543+0.00000450j 0.92791544-0.00421786j
96.99999999999987 0.02147126+0.00274158j -0.00000059+0.00000176j -0.02635958+0.01150376j -0.00000164+0.00000317j 0.05254000+0.00244259j -0.00000118-0.00000125j -0.02617860-0.01394747j 0.00000592+0.00000557j 0.92599572-0.00517792j
97.99999999999989 0.01899737+0.00244409j -0.00000307+0.00000076j -0.02834461+0.02731921j -0.00000215+0.00000453j 0.05616810+0.00351330j 0.00000032-0.00000079j -0.02782164-0.03083364j 0.00000638+0.00000633j 0.92484149-0.00595113j
98.99999999999989 0.01755158+0.00218448j -0.00000551-0.00000034j -0.02840992+0.04388328j -0.00000286+0.00000551j 0.05562919+0.00397151j 0.00000276-0.00000006j -0.02721736-0.04785592j 0.00000660+0.00000646j 0.92682615-0.00614974j
99.9999999999999 0.01728653+0.00198184j -0.00000742-0.00000114j -0.02593622+0.06005443j -0.00000373+0.00000568j 0.05007301+0.00366512j 0.00000574+0.00000106j -0.02413482-0.06372069j 0.00000658+0.00000577j 0.93264732-0.00564070j
100.9999999999999 0.01798108+0.00180935j -0.00000851-0.00000152j -0.02146895+0.07454175j -0.00000477+0.00000490j 0.04096960+0.00277843j 0.00000884+0.00000248j -0.01949859-0.07732133j 0.00000640+0.00000444j 0.94105610-0.00458151j
101.99999999999991 0.01923359+0.00162223j -0.00000834-0.00000150j -0.01643410+0.08640370j -0.00000614+0.00000350j 0.03140745+0.00171938j 0.00001188+0.00000365j -0.01497121-0.08812424j 0.00000578+0.00000293j 0.94936565-0.00333532j
102.9999999999999 0.02073401+0.00139648j -0.00000702-0.00000087j -0.01253589+0.09540859j -0.00000792+0.00000195j 0.02481843+0.00092690j 0.00001449+0.00000387j -0.01228031-0.09633669j 0.00000494+0.00000160j 0.95445418-0.00231705j
103.9999999999999 0.02244808+0.00114893j -0.00000494+0.00000091j -0.01114035+0.10213437j -0.00001039+0.00000070j 0.02375181+0.00070751j 0.00001660+0.00000275j -0.01260916-0.10284311j 0.00000411+0.00000033j 0.95380663-0.00185009j
104.99999999999991 0.02463655+0.00092623j -0.00000154+0.00000418j -0.01287531+0.10780256j -0.00001332-0.00000014j 0.02914390+0.00116313j 0.00001806+0.00000084j -0.01626619-0.10896694j 0.00000221-0.00000151j 0.94622598-0.00208299j
105.99999999999991 0.02774364+0.00078053j 0.00000282+0.00000629j -0.01751312+0.11394062j -0.00001555-0.00000060j 0.04017535+0.00219831j 0.00001878-0.00000047j -0.02265975-0.11614019j -0.00000149-0.00000251j 0.93208735-0.00297244j
106.99999999999993 0.03224143+0.00075498j 0.00000613+0.00000621j -0.02407933+0.12199958j -0.00001587-0.00000093j 0.05457925+0.00356406j 0.00001852-0.00000024j -0.03049741-0.12556491j -0.00000540-0.00000275j 0.91318564-0.00431263j
107.99999999999993 0.03849181+0.00087721j 0.00000884+0.00000459j -0.03111992+0.13302171j -0.00001402-0.00000158j 0.06924628+0.00491892j 0.00001680+0.00000190j -0.03812381-0.13794191j -0.00000899-0.00000318j 0.89226818-0.00578971j
108.99999999999994 0.04662859+0.00115243j 0.00001222+0.00000133j -0.03707994+0.14741778j -0.00001034-0.00000254j 0.08102269+0.00591414j 0.00001292+0.00000565j -0.04394012-0.15333320j -0.00001173-0.00000335j 0.87235488-0.00706014j
109.99999999999993 0.05646650+0.00155094j 0.00001671-0.00000270j -0.04071936+0.16488810j -0.00000551-0.00000385j 0.08754552+0.00629844j 0.00000688+0.00000990j -0.04682341-0.17118779j -0.00001308-0.00000228j 0.85599401-0.00784295j
110.99999999999994 0.06748630+0.00200277j 0.00002221-0.00000580j -0.04143833+0.18450994j 0.00000047-0.00000606j 0.08785759+0.00600013j -0.00000093+0.00001355j -0.04641642-0.19051127j -0.00001385+0.00000068j 0.84466203-0.00799649j
111.99999999999994 0.07894361+0.00241453j 0.00002819-0.00000716j -0.03938899+0.20497967j 0.00000781-0.00000869j 0.08256558+0.00513789j -0.00001004+0.00001564j -0.04317368-0.21011875j -0.00001547+0.00000540j 0.83849665-0.00754604j
112.99999999999996 0.09007515+0.00270414j 0.00003345-0.00000711j -0.03535001+0.22494279j 0.00001607-0.00001047j 0.07351264+0.00395673j -0.00001909+0.00001564j -0.03815961-0.22890070j -0.00001873+0.00001106j 0.83641794-0.00665451j
113.99999999999996 0.10030510+0.00282897j 0.00003598-0.00000652j -0.03045373+0.24330864j 0.00002479-0.00001078j 0.06316767+0.00274104j -0.00002639+0.00001428j -0.03271076-0.24605086j -0.00002327+0.00001603j 0.83653278-0.00556367j
114.99999999999997 0.10936145+0.00278825j 0.00003496-0.00000542j -0.02588215+0.25946482j 0.00003363-0.00000999j 0.05397651+0.00175455j -0.00003150+0.00001278j -0.02809087-0.26122054j -0.00002788+0.00001798j 0.83666727-0.00453647j
115.99999999999997 0.11729249+0.00260833j 0.00003176-0.00000373j -0.02258993+0.27336259j 0.00004148-0.00000908j 0.04779240+0.00120481j -0.00003492+0.00001192j -0.02519854-0.27456856j -0.00003140+0.00001605j 0.83491992-0.00380687j
116.99999999999999 0.12443746+0.00233300j 0.00002719-0.00000260j -0.02106051+0.28547093j 0.00004706-0.00000812j 0.04540277+0.00119681j -0.00003640+0.00001173j -0.02433780-0.28666886j -0.00003273+0.00001150j 0.83016409-0.00352360j
117.99999999999997 0.13136553+0.00202290j 0.00002073-0.00000219j -0.02113694+0.29660892j 0.00005027-0.00000774j 0.04623668+0.00167356j -0.00003584+0.00001213j -0.02509441-0.29828353j -0.00003064+0.00000552j 0.82240113-0.00369038j
119.0 0.13874275+0.00175421j 0.00001346-0.00000247j -0.02203500+0.30767016j 0.00005212-0.00000800j 0.04846586+0.00239116j -0.00003483+0.00001301j -0.02642470-0.31006207j -0.00002525-0.00000123j 0.81279372-0.00413959j
119.99999999999999 0.14710117+0.00159693j 0.00000752-0.00000465j -0.02261780+0.31928489j 0.00005193-0.00000710j 0.04964998+0.00298339j -0.00003443+0.00001333j -0.02702558-0.32226882j -0.00001653-0.00000683j 0.80325060-0.00457474j
121.0 0.15657714+0.00157093j 0.00000380-0.00000828j -0.02188154+0.33152765j 0.00004862-0.00000457j 0.04778144+0.00311257j -0.00003393+0.00001306j -0.02589165-0.33463999j -0.00000470-0.00001037j 0.79564127-0.00467850j
122.0 0.16674991+0.00162355j 0.00000114-0.00001204j -0.01944640+0.34380937j 0.00004104+0.00000037j 0.04229572+0.00263334j -0.00002979+0.00001263j -0.02281601-0.34644066j 0.00000924-0.00001266j 0.79092851-0.00425314j
123.00000000000001 0.17612181+0.00167756j -0.00001416-0.00001819j -0.01548214+0.35532792j 0.00001270+0.00002515j 0.03455454+0.00168591j 0.00000267+0.00000540j -0.01819925-0.35700550j 0.00003474-0.00002116j 0.78846047-0.00336785j
124.00000000000001 0.18294099+0.00153984j -0.00002309-0.00003589j -0.01065721+0.36531349j -0.00002242+0.00004470j 0.02749991+0.00065320j 0.00005115-0.00001031j -0.01322294-0.36596226j 0.00005201-0.00000362j 0.78595601-0.00220088j
125.00000000000003 0.18882452+0.00100865j -0.00007195-0.00004206j -0.00796458+0.37172923j -0.00000284+0.00005572j 0.02460320+0.00003953j 0.00004558-0.00004343j -0.01115785-0.37176020j 0.00010057+0.00002311j 0.78111135-0.00106145j
126.00000000000001 0.19249985+0.00013802j 0.00005953-0.00001927j -0.00842531+0.37513393j -0.00008669-0.00013910j 0.02847629+0.00025485j 0.00015221+0.00012019j -0.01274639-0.37535679j -0.00005419+0.00002507j 0.77173838-0.00042772j
127.00000000000004 0.19280793-0.00116655j 0.00038888+0.00004541j -0.01251472+0.37761580j -0.00013686-0.00028935j 0.03967251+0.00141483j 0.00025178+0.00022271j -0.01819757-0.37878614j -0.00044352-0.00001266j 0.75856521-0.00049998j
128.00000000000003 0.19010839-0.00305917j 0.00106373+0.00020968j -0.01904333+0.38088893j 0.00015809-0.00062275j 0.05619735+0.00329469j -0.00000711+0.00047979j -0.02675141-0.38355037j -0.00118672-0.00014716j 0.74327498-0.00087548j
129.00000000000003 0.18530366-0.00382463j 0.00094301+0.00090226j -0.02535676+0.38616354j 0.00071665-0.00196951j 0.07400150+0.00536278j -0.00054105+0.00174904j -0.03514848-0.39086100j -0.00113972-0.00083223j 0.72718686-0.00221336j
130.00000000000003 0.18198668-0.00257228j -0.00091841+0.00126308j -0.02915384+0.39514686j 0.00029400-0.00305253j 0.08827646+0.00695333j -0.00014388+0.00276587j -0.04021279-0.40192089j 0.00067661-0.00117630j 0.71081379-0.00463709j
131.00000000000003 0.18264377-0.00067654j -0.00212625+0.00107807j -0.02958447+0.40755316j -0.00218572-0.00238093j 0.09513514+0.00760188j 0.00226416+0.00210395j -0.03997036-0.41533122j 0.00194477-0.00104819j 0.69653332-0.00686541j
132.00000000000006 0.18696087-0.00213770j -0.00458938+0.00034921j -0.02347990+0.42424888j -0.00737856-0.00165444j 0.09318335+0.00711940j 0.00732005+0.00156325j -0.03365162-0.42982884j 0.00462045-0.00044983j 0.68359787-0.00672271j
133.00000000000006 0.19784999-0.00235841j -0.01094495-0.00193748j -0.01241897+0.44272619j -0.01329747-0.00083678j 0.08365250+0.00575852j 0.01301461+0.00124753j -0.02197697-0.44609707j 0.01147541+0.00152786j 0.66885394-0.00601508j
134.00000000000006 0.21461828-0.00229882j -0.01615168-0.00683678j 0.00152781+0.46093084j -0.02158267+0.00248825j 0.07003766+0.00395099j 0.02127788-0.00155960j -0.00659372-0.46163790j 0.01708803+0.00614036j 0.64982703-0.00507516j
135.00000000000006 0.23236070-0.00049617j -0.02449092-0.01793537j 0.01648214+0.47101944j -0.02847608+0.01181040j 0.05694551+0.00239269j 0.02841042-0.01062553j 0.00764303-0.47043311j 0.02557264+0.01720070j 0.62910453-0.00503056j
136.00000000000009 0.24820003+0.00119143j -0.03613915-0.02893911j 0.03025718+0.46663222j -0.02625200+0.01759737j 0.04775674+0.00163304j 0.02654047-0.01646101j 0.02022885-0.46512247j 0.03732009+0.02841111j 0.60522833-0.00606579j
137.00000000000006 0.26316541-0.00091333j -0.03840355-0.03811759j 0.04050105+0.45450745j -0.02157081+0.02815321j 0.04413111+0.00178938j 0.02228472-0.02702669j 0.03494919-0.44712866j 0.03963784+0.03775792j 0.57248367-0.01004774j
138.00000000000009 0.26743332-0.00087827j -0.03722388-0.05321472j 0.06102869+0.42287993j -0.02235366+0.04581972j 0.04554177+0.00278359j 0.02283911-0.04495200j 0.04836047-0.41515112j 0.03889635+0.05329352j 0.53127709-0.01227577j
139.00000000000009 0.26471467-0.00859503j -0.02619813-0.06509806j 0.10595445+0.36528907j -0.01195375+0.06981202j 0.04907695+0.00416021j 0.01257295-0.06894900j 0.06858503-0.34881399j 0.02781923+0.06530503j 0.46138675-0.01612492j
140.00000000000009 0.27898512-0.01569577j -0.02118345-0.06846879j 0.15908205+0.26401217j -0.00738578+0.08334220j 0.05121363+0.00488499j 0.00923592-0.08259515j 0.10237694-0.24400993j 0.02178649+0.06826213j 0.35539963-0.01451850j
141.00000000000009 0.28909164-0.01116089j -0.02410497-0.07726020j 0.18818920+0.16825160j 0.00102925+0.07909627j 0.05024581+0.00503725j 0.00089224-0.07899395j 0.14104505-0.15512089j 0.02463843+0.07694716j 0.27916697-0.01277365j
142.0000000000001 0.27984076-0.00844596j -0.01139786-0.07419059j 0.20942456+0.11483141j 0.00845462+0.05517672j 0.04599822+0.00462573j -0.00708105-0.05572997j 0.16519618-0.10662217j 0.01231118+0.07429535j 0.25171216-0.00959291j
143.0000000000001 0.25545600-0.00453941j 0.00442415-0.05259695j 0.22339554+0.06866231j 0.02402690+0.02540097j 0.03883997+0.00288740j -0.02264812-0.02659889j 0.19159621-0.06874970j -0.00368110+0.05282975j 0.25009566-0.00231255j
144.0000000000001 0.24794327+0.00319937j 0.00980950-0.02775242j 0.23657386+0.03453035j 0.02825060+0.00552144j 0.03271692+0.00089387j -0.02719847-0.00644102j 0.20701915-0.03500389j -0.00876492+0.02739977j 0.24203519-0.00635221j
145.0000000000001 0.23681911+0.00577074j 0.01345183-0.01352529j 0.23921442+0.01081464j 0.01513807-0.00485202j 0.02927140-0.00039085j -0.01428863+0.00433590j 0.22147365-0.01104094j -0.01214743+0.01272299j 0.24343923-0.00697160j
146.0000000000001 0.23000885+0.00382087j 0.00996445-0.00659065j 0.23713744+0.00195103j 0.00239031-0.00412193j 0.03045262-0.00058295j -0.00153178+0.00381196j 0.22828131-0.00224464j -0.00848853+0.00564203j 0.24317262-0.00460526j
147.0000000000001 0.22768139+0.00176751j 0.00385401-0.00247587j 0.23229664-0.00188382j -0.00019402-0.00279695j 0.03752852-0.00008692j 0.00101052+0.00239874j 0.22860923-0.00019925j -0.00221940+0.00170761j 0.23592586-0.00181291j
148.00000000000014 0.22424936-0.00099696j 0.00075912-0.00029927j 0.22557157-0.00259412j 0.00071040-0.00140306j 0.04901758+0.00105626j 0.00011495+0.00078523j 0.22451318-0.00110573j 0.00086787-0.00008751j 0.22714889+0.00022220j
149.00000000000014 0.21809480-0.00043627j -0.00022310-0.00083451j 0.21879548-0.00074474j 0.00086768-0.00047846j 0.06248892+0.00239180j 0.00011332-0.00052385j 0.21810807-0.00381866j 0.00148800+0.00087914j 0.21946314-0.00220958j
150.00000000000014 0.21346245-0.00083110j -0.00043941-0.00033318j 0.21255316-0.00041058j 0.00037310-0.00057904j 0.07496737+0.00354916j 0.00067064-0.00057140j 0.21217526-0.00510796j 0.00135024+0.00046827j 0.21128207-0.00326902j
151.00000000000014 0.20975141-0.00198212j 0.00047218+0.00040683j 0.20823887-0.00175501j 0.00065362-0.00128467j 0.08366327+0.00431262j 0.00028811+0.00013756j 0.20799639-0.00404587j 0.00023912-0.00030350j 0.20617663-0.00337474j
152.00000000000017 0.20913234-0.00265520j 0.00071783+0.00118758j 0.20545273-0.00236256j 0.00197183-0.00111404j 0.08686259+0.00439675j -0.00098282+0.00003185j 0.20741736-0.00320471j -0.00029273-0.00122168j 0.20386336-0.00312832j
153.00000000000014 0.20996897-0.00247997j 0.00074045+0.00169345j 0.20626924-0.00386574j 0.00211982-0.00077891j 0.08429406+0.00411280j -0.00109848-0.00034980j 0.20911807-0.00129652j -0.00056037-0.00183313j 0.20569462-0.00310901j
154.00000000000014 0.21188037-0.00217042j 0.00038489+0.00150949j 0.21035745-0.00393576j 0.00155626-0.00047327j 0.07712326+0.00341834j -0.00048000-0.00095571j 0.21220782-0.00060458j -0.00054702-0.00161829j 0.21100604-0.00265754j
155.00000000000017 0.21583211-0.00170399j 0.00012158+0.00121211j 0.21552259-0.00247219j 0.00142681-0.00079271j 0.06748239+0.00221866j -0.00020026-0.00114391j 0.21680524-0.00100684j -0.00078000-0.00128366j 0.21678517-0.00198271j
156.00000000000017 0.22041433-0.00154625j -0.00003382+0.00128240j 0.22118876-0.00150477j 0.00132006-0.00162622j 0.05772432+0.00115825j -0.00006565-0.00126042j 0.22112057-0.00096498j -0.00127293-0.00105403j 0.22207576-0.00117577j
157.00000000000017 0.22457088-0.00229033j -0.00035828+0.00188870j 0.22580676-0.00071667j 0.00106943-0.00280791j 0.04951112+0.00042493j -0.00024789-0.00137244j 0.22483657-0.00106635j -0.00169089-0.00110114j 0.22612239+0.00027415j
158.00000000000017 0.22641024-0.00205264j 0.00021383+0.00230006j 0.22769680-0.00024835j 0.00074259-0.00366454j 0.04430717-0.00019417j -0.00088371-0.00170157j 0.22814474-0.00110156j -0.00287917-0.00099968j 0.22943992+0.00062885j
159.0000000000002 0.22666402-0.00069248j 0.00042612+0.00213152j 0.22831485+0.00023811j 0.00011214-0.00377924j 0.04238873-0.00096266j -0.00249474-0.00288662j 0.22942010-0.00112179j -0.00309146+0.00023731j 0.23102469-0.00012456j
160.00000000000017 0.22652457-0.00032168j 0.00074847+0.00231567j 0.22917054+0.00013546j -0.00243381-0.00306551j 0.04218706-0.00190450j -0.00436740-0.00382425j 0.22858692-0.00060299j -0.00189146+0.00153466j 0.23108561-0.00009757j
161.0000000000002 0.22595948-0.00048357j 0.00000446+0.00210194j 0.22835372-0.00088277j -0.00494934-0.00198253j 0.04384152-0.00219620j -0.00526335-0.00340530j 0.22780174+0.00020367j -0.00044398+0.00254541j 0.23015145-0.00021614j
162.0000000000002 0.22514379-0.00125739j -0.00076760+0.00144535j 0.22681825-0.00245158j -0.00607554-0.00037821j 0.04546865-0.00100074j -0.00529395-0.00187923j 0.22794867+0.00065795j -0.00017721+0.00253358j 0.22962745-0.00059997j
163.0000000000002 0.22518076-0.00065919j -0.00112237+0.00071466j 0.22657854-0.00270825j -0.00568255+0.00116695j 0.04472759-0.00007523j -0.00474164-0.00045911j 0.22892209+0.00009254j -0.00114617+0.00230740j 0.23033497-0.00202969j
164.0000000000002 0.22667064+0.00022941j -0.00222208+0.00050140j 0.22845245-0.00222918j -0.00473358+0.00226139j 0.04169116+0.00000420j -0.00302717+0.00026625j 0.23003320-0.00056969j -0.00241369+0.00187426j 0.23181396-0.00306508j
165.00000000000023 0.22900115+0.00061178j -0.00354868-0.00007801j 0.23139989-0.00183198j -0.00359463+0.00294413j 0.03734411-0.00020325j -0.00171430+0.00132254j 0.23138930-0.00077926j -0.00269354+0.00090319j 0.23375448-0.00324009j
166.00000000000023 0.23080730+0.00014389j -0.00500250-0.00061302j 0.23406828-0.00100215j -0.00255327+0.00295394j 0.03399777-0.00071323j -0.00065234+0.00176762j 0.23220587-0.00124167j -0.00228308+0.00049304j 0.23540034-0.00240030j
167.00000000000023 0.23179354-0.00043782j -0.00552101-0.00048146j 0.23425483-0.00068429j -0.00136449+0.00267442j 0.03383376-0.00068492j -0.00005554+0.00114068j 0.23225918-0.00162059j -0.00248194+0.00001297j 0.23462889-0.00186513j
168.00000000000023 0.23085130-0.00095335j -0.00526764-0.00048920j 0.23074650-0.00107672j -0.00000945+0.00181997j 0.03893852-0.00022562j -0.00028710+0.00072093j 0.23081750-0.00186533j -0.00309232-0.00029826j 0.23063405-0.00198159j
169.00000000000023 0.22690722-0.00202177j -0.00441575-0.00072793j 0.22448542-0.00181815j 0.00085141+0.00065384j 0.04969072+0.00145012j -0.00089176+0.00067469j 0.22655966-0.00267601j -0.00339372-0.00063371j 0.22409541-0.00246725j
170.00000000000023 0.21982605-0.00292158j -0.00336174-0.00048899j 0.21742680-0.00263538j 0.00073946-0.00070677j 0.06382731+0.00325745j -0.00137876+0.00012823j 0.21949630-0.00356569j -0.00334691-0.00064251j 0.21707629-0.00328241j
