# time rdo00 rdo01 rdo10 rdo11
0.0 1.00000000+0.00000000j 0.00000000+0.00000000j 0.00000000+0.00000000j 0.00000000+0.00000000j 0.00000000+0.00000000j 0.00000000+0.00000000j 0.00000000+0.00000000j 0.00000000+0.00000000j 0.00000000+0.00000000j
1.0 0.98357677+0.00000212j 0.00000000+0.00000000j -0.00810712-0.00091655j -0.00000000-0.00000000j 0.01621648-0.00000280j -0.00000000-0.00000000j -0.00810922+0.00091938j 0.00000000+0.00000000j 0.00020689+0.00000071j
2.0 0.94046838+0.00001883j 0.00000003+0.00000003j -0.02829075-0.00684634j -0.00000005-0.00000002j 0.05658854-0.00002337j -0.00000002-0.00000002j -0.02829764+0.00686974j 0.00000003+0.00000003j 0.00294323+0.00000457j
3.0 0.88520167+0.00004661j 0.00000009+0.00000006j -0.05123424-0.02064618j -0.00000015-0.00000002j 0.10246891-0.00005039j -0.00000006-0.00000004j -0.05123452+0.02069659j 0.00000009+0.00000006j 0.01232957+0.00000381j
4.0 0.83229173+0.00006484j 0.00000013+0.00000009j -0.06867914-0.04194253j -0.00000028+0.00000005j 0.13732728-0.00005357j -0.00000007-0.00000004j -0.06864799+0.04199613j 0.00000013+0.00000009j 0.03038114-0.00001124j
5.000000000000001 0.79002717+0.00006369j 0.00000013+0.00000010j -0.07737068-0.06755420j -0.00000036+0.00000018j 0.15464908-0.00003018j -0.00000002-0.00000005j -0.07727825+0.06758441j 0.00000013+0.00000010j 0.05532390-0.00003348j
6.0 0.75929265+0.00004875j 0.00000010+0.00000011j -0.07883555-0.09302890j -0.00000038+0.00000033j 0.15749159-0.00000269j 0.00000006-0.00000008j -0.07865590+0.09303162j 0.00000010+0.00000011j 0.08321590-0.00004604j
7.000000000000001 0.73598817+0.00002686j 0.00000003+0.00000013j -0.07683416-0.11445584j -0.00000034+0.00000044j 0.15338626+0.00001452j 0.00000016-0.00000013j -0.07655195+0.11444135j 0.00000003+0.00000013j 0.11062572-0.00004136j
8.0 0.71448336-0.00000021j -0.00000005+0.00000015j -0.07484542-0.12978367j -0.00000024+0.00000049j 0.14930632+0.00002520j 0.00000024-0.00000020j -0.07446076+0.12975850j -0.00000005+0.00000015j 0.13621046-0.00002496j
9.0 0.69046575-0.00003125j -0.00000015+0.00000015j -0.07468200-0.13924235j -0.00000010+0.00000047j 0.14889477+0.00003788j 0.00000029-0.00000025j -0.07421263+0.13920450j -0.00000015+0.00000015j 0.16063962-0.00000660j
10.000000000000002 0.66245679-0.00006120j -0.00000024+0.00000010j -0.07633802-0.14485020j 0.00000006+0.00000042j 0.15215423+0.00005408j 0.00000028-0.00000026j -0.07581606+0.14479615j -0.00000024+0.00000010j 0.18538912+0.00000715j
11.0 0.63184889-0.00008183j -0.00000028+0.00000000j -0.07869689-0.14929963j 0.00000020+0.00000036j 0.15685669+0.00006693j 0.00000023-0.00000022j -0.07815966+0.14923273j -0.00000028+0.00000000j 0.21129456+0.00001493j
12.0 0.60185492-0.00008652j -0.00000026-0.00000011j -0.08046629-0.15473291j 0.00000033+0.00000030j 0.16041162+0.00006715j 0.00000013-0.00000016j -0.07994519+0.15466578j -0.00000027-0.00000011j 0.23773361+0.00001939j
13.000000000000002 0.57608564-0.00007556j -0.00000021-0.00000022j -0.08077389-0.16193696j 0.00000045+0.00000021j 0.16106151+0.00005116j 0.00000002-0.00000009j -0.08028748+0.16188583j -0.00000021-0.00000022j 0.26285299+0.00002443j
14.000000000000002 0.55736468-0.00005713j -0.00000015-0.00000028j -0.07928262-0.17024335j 0.00000054+0.00000010j 0.15811971+0.00002491j -0.00000006-0.00000005j -0.07883694+0.17021847j -0.00000015-0.00000028j 0.28451576+0.00003224j
15.000000000000002 0.54706284-0.00004184j -0.00000009-0.00000030j -0.07606041-0.17803845j 0.00000061-0.00000003j 0.15171510-0.00000088j -0.00000010-0.00000005j -0.07565454+0.17803937j -0.00000010-0.00000030j 0.30122221+0.00004275j
16.0 0.54497222-0.00003531j -0.00000006-0.00000028j -0.07146449-0.18351789j 0.00000065-0.00000017j 0.14256164-0.00001970j -0.00000011-0.00000010j -0.07109700+0.18353762j -0.00000006-0.00000028j 0.31246628+0.00005504j
17.0 0.54958786-0.00003562j -0.00000005-0.00000025j -0.06612166-0.18530251j 0.00000066-0.00000029j 0.13191683-0.00003201j -0.00000011-0.00000019j -0.06579503+0.18533454j -0.00000005-0.00000025j 0.31849545+0.00006765j
18.0 0.55859547-0.00003697j -0.00000005-0.00000023j -0.06094403-0.18270985j 0.00000064-0.00000038j 0.12161027-0.00003988j -0.00000011-0.00000030j -0.06066609+0.18274976j -0.00000005-0.00000023j 0.31979441+0.00007688j
19.000000000000004 0.56940329-0.00003460j -0.00000005-0.00000023j -0.05705511-0.17568905j 0.00000057-0.00000042j 0.11389229-0.00004161j -0.00000011-0.00000040j -0.05683703+0.17573069j -0.00000005-0.00000023j 0.31670457+0.00007623j
20.000000000000004 0.57966811-0.00002669j -0.00000004-0.00000026j -0.05548868-0.16457562j 0.00000046-0.00000042j 0.11082833-0.00003222j -0.00000011-0.00000045j -0.05533951+0.16460787j -0.00000004-0.00000026j 0.30950370+0.00005894j
21.000000000000004 0.58779991-0.00001365j -0.00000001-0.00000033j -0.05663811-0.14987928j 0.00000032-0.00000037j 0.11319606-0.00000878j -0.00000009-0.00000044j -0.05655781+0.14988808j -0.00000001-0.00000033j 0.29900418+0.00002246j
22.0 0.59328882+0.00000385j 0.00000006-0.00000040j -0.05973292-0.13228113j 0.00000015-0.00000031j 0.11944129+0.00002397j -0.00000005-0.00000039j -0.05970823+0.13225719j 0.00000006-0.00000040j 0.28727004-0.00002779j
23.0 0.59655338+0.00002623j 0.00000015-0.00000043j -0.06288400-0.11287619j -0.00000002-0.00000027j 0.12577556+0.00005267j -0.00000002-0.00000034j -0.06289141+0.11282354j 0.00000015-0.00000043j 0.27767121-0.00007887j
24.0 0.59821662+0.00005415j 0.00000023-0.00000038j -0.06402108-0.09348310j -0.00000016-0.00000029j 0.12805798+0.00006291j 0.00000000-0.00000031j -0.06403676+0.09342022j 0.00000023-0.00000038j 0.27372555-0.00011703j
25.000000000000004 0.59830819+0.00008613j 0.00000027-0.00000028j -0.06224897-0.07668071j -0.00000025-0.00000034j 0.12450833+0.00005080j 0.00000002-0.00000029j -0.06225921+0.07662994j 0.00000027-0.00000028j 0.27718363-0.00013691j
26.000000000000004 0.59623837+0.00011763j 0.00000024-0.00000019j -0.05848122-0.06530078j -0.00000026-0.00000039j 0.11696670+0.00002756j 0.00000005-0.00000023j -0.05848533+0.06527325j 0.00000024-0.00000019j 0.28679507-0.00014516j
27.000000000000004 0.59178217+0.00014397j 0.00000016-0.00000016j -0.05463251-0.06145717j -0.00000020-0.00000042j 0.10926879+0.00000930j 0.00000010-0.00000015j -0.05463614+0.06144790j 0.00000016-0.00000016j 0.29894919-0.00015325j
28.000000000000004 0.58606501+0.00016426j 0.00000009-0.00000017j -0.05207591-0.06560652j -0.00000014-0.00000042j 0.10415714+0.00000168j 0.00000014-0.00000005j -0.05208109+0.06560486j 0.00000009-0.00000017j 0.30977800-0.00016591j
29.000000000000004 0.58118773+0.00017952j 0.00000005-0.00000019j -0.05090509-0.07625043j -0.00000009-0.00000042j 0.10181075-0.00000078j 0.00000015+0.00000001j -0.05090551+0.07625123j 0.00000005-0.00000019j 0.31700167-0.00017871j
30.000000000000004 0.57850055+0.00018823j 0.00000003-0.00000021j -0.05058571-0.09054184j -0.00000005-0.00000038j 0.10115535-0.00000346j 0.00000013+0.00000001j -0.05056950+0.09054533j 0.00000003-0.00000020j 0.32034425-0.00018474j
31.000000000000004 0.57710274+0.00018659j 0.00000002-0.00000022j -0.05102286-0.10550836j 0.00000002-0.00000033j 0.10200147-0.00000680j 0.00000010-0.00000003j -0.05097846+0.10551519j 0.00000002-0.00000021j 0.32089594-0.00017976j
32.0 0.57397381+0.00017150j 0.00000000-0.00000022j -0.05285853-0.11927527j 0.00000012-0.00000028j 0.10563720-0.00000839j 0.00000006-0.00000010j -0.05277853+0.11928369j -0.00000000-0.00000022j 0.32038914-0.00016308j
33.0 0.56565003+0.00014187j -0.00000002-0.00000022j -0.05684824-0.13173194j 0.00000022-0.00000026j 0.11357915-0.00000455j 0.00000001-0.00000018j -0.05673077+0.13173652j -0.00000002-0.00000022j 0.32077097-0.00013729j
34.0 0.55028788+0.00010022j -0.00000004-0.00000021j -0.06299338-0.14439767j 0.00000030-0.00000029j 0.12583645+0.00000665j -0.00000005-0.00000024j -0.06284292+0.14439105j -0.00000004-0.00000021j 0.32387582-0.00010684j
35.0 0.52892300+0.00005455j -0.00000004-0.00000020j -0.07014256-0.15958432j 0.00000034-0.00000036j 0.14011282+0.00002127j -0.00000011-0.00000027j -0.06997012+0.15956308j -0.00000005-0.00000020j 0.33096432-0.00007580j
36.0 0.50527115+0.00001661j -0.00000002-0.00000020j -0.07638554-0.17920125j 0.00000031-0.00000046j 0.15259165+0.00003088j -0.00000019-0.00000022j -0.07620597+0.17917039j -0.00000002-0.00000020j 0.34213735-0.00004747j
37.0 0.48419078-0.00000432j 0.00000005-0.00000022j -0.08002055-0.20367971j 0.00000021-0.00000055j 0.15986721+0.00002963j -0.00000030-0.00000011j -0.07984651+0.20365011j 0.00000005-0.00000022j 0.35594215-0.00002528j
38.00000000000001 0.46968970-0.00000656j 0.00000017-0.00000021j -0.08040623-0.23147616j 0.00000004-0.00000061j 0.16064887+0.00001896j -0.00000041+0.00000004j -0.08024250+0.23145723j 0.00000017-0.00000021j 0.36966157-0.00001237j
39.00000000000001 0.46351963+0.00000470j 0.00000028-0.00000015j -0.07811410-0.25939539j -0.00000013-0.00000065j 0.15607124+0.00000430j -0.00000049+0.00000020j -0.07795700+0.25939111j 0.00000028-0.00000015j 0.38040928-0.00000897j
40.00000000000001 0.46476999+0.00002127j 0.00000034-0.00000007j -0.07450223-0.28360785j -0.00000027-0.00000063j 0.14884731-0.00000954j -0.00000050+0.00000033j -0.07434493+0.28361741j 0.00000034-0.00000007j 0.38638286-0.00001171j
41.00000000000001 0.47028314+0.00003444j 0.00000033+0.00000003j -0.07121456-0.30091595j -0.00000036-0.00000056j 0.14226903-0.00001730j -0.00000044+0.00000040j -0.07105432+0.30093328j 0.00000033+0.00000003j 0.38744798-0.00001712j
42.00000000000001 0.47575666+0.00003839j 0.00000028+0.00000013j -0.06971181-0.30974402j -0.00000041-0.00000045j 0.13926641-0.00001512j -0.00000035+0.00000042j -0.06955445+0.30975916j 0.00000028+0.00000013j 0.38497708-0.00002324j
43.00000000000001 0.47737712+0.00003509j 0.00000021+0.00000021j -0.07067731-0.31050780j -0.00000043-0.00000031j 0.14121418-0.00000743j -0.00000027+0.00000041j -0.07053673+0.31051526j 0.00000022+0.00000021j 0.38140885-0.00002763j
44.0 0.47331039+0.00003296j 0.00000014+0.00000026j -0.07356358-0.30530209j -0.00000043-0.00000015j 0.14702104-0.00000384j -0.00000019+0.00000037j -0.07345731+0.30530596j 0.00000014+0.00000026j 0.37966871-0.00002909j
44.99999999999999 0.46419756+0.00003978j 0.00000005+0.00000029j -0.07677635-0.29707064j -0.00000040+0.00000002j 0.15349535-0.00000770j -0.00000011+0.00000033j -0.07671886+0.29707837j 0.00000005+0.00000029j 0.38230723-0.00003204j
45.99999999999999 0.45245329+0.00005872j -0.00000004+0.00000029j -0.07848534-0.28857241j -0.00000035+0.00000017j 0.15696721-0.00001424j -0.00000002+0.00000027j -0.07848173+0.28858667j -0.00000004+0.00000029j 0.39057964-0.00004446j
46.99999999999999 0.44089168+0.00008857j -0.00000012+0.00000028j -0.07753085-0.28153270j -0.00000030+0.00000030j 0.15510454-0.00001764j 0.00000006+0.00000021j -0.07757354+0.28155036j -0.00000012+0.00000028j 0.40400393-0.00007090j
47.999999999999986 0.43139115+0.00012384j -0.00000017+0.00000024j -0.07394209-0.27630067j -0.00000025+0.00000039j 0.14795494-0.00001463j 0.00000012+0.00000016j -0.07401271+0.27631533j -0.00000017+0.00000024j 0.42065405-0.00010919j
48.99999999999998 0.42414779+0.00015631j -0.00000019+0.00000021j -0.06890048-0.27210227j -0.00000023+0.00000044j 0.13787719-0.00000451j 0.00000015+0.00000012j -0.06897656+0.27210681j -0.00000018+0.00000021j 0.43797517-0.00015178j
49.99999999999997 0.41781225+0.00017927j -0.00000019+0.00000019j -0.06419671-0.26769273j -0.00000020+0.00000043j 0.12845680+0.00000993j 0.00000017+0.00000010j -0.06425995+0.26768283j -0.00000019+0.00000018j 0.45373110-0.00018916j
50.999999999999964 0.41042417+0.00019078j -0.00000019+0.00000017j -0.06138438-0.26204484j -0.00000019+0.00000038j 0.12281040+0.00002320j 0.00000018+0.00000011j -0.06142587+0.26202168j -0.00000018+0.00000017j 0.46676557-0.00021395j
51.999999999999964 0.40059997+0.00019290j -0.00000018+0.00000015j -0.06101709-0.25475865j -0.00000018+0.00000029j 0.12205437+0.00003141j 0.00000020+0.00000014j -0.06103713+0.25472726j -0.00000018+0.00000015j 0.47734580-0.00022428j
52.99999999999996 0.38824218+0.00018858j -0.00000017+0.00000013j -0.06240704-0.24609733j -0.00000019+0.00000019j 0.12481798+0.00003545j 0.00000022+0.00000019j -0.06241079+0.24606191j -0.00000017+0.00000013j 0.48693999-0.00022400j
53.999999999999964 0.37438770+0.00018022j -0.00000015+0.00000010j -0.06406623-0.23677628j -0.00000021+0.00000011j 0.12812538+0.00003873j 0.00000022+0.00000024j -0.06405900+0.23673758j -0.00000015+0.00000010j 0.49748707-0.00021892j
54.99999999999996 0.36044775+0.00017036j -0.00000012+0.00000009j -0.06454142-0.22770560j -0.00000022+0.00000005j 0.12906786+0.00004192j 0.00000022+0.00000027j -0.06452630+0.22766371j -0.00000012+0.00000009j 0.51048453-0.00021225j
55.99999999999995 0.34744619+0.00016203j -0.00000010+0.00000008j -0.06313398-0.21980293j -0.00000021+0.00000002j 0.12624592+0.00004137j 0.00000020+0.00000028j -0.06311180+0.21976159j -0.00000010+0.00000008j 0.52630804-0.00020337j
56.99999999999994 0.33569861+0.00015673j -0.00000008+0.00000007j -0.06015998-0.21386999j -0.00000018-0.00000000j 0.12029019+0.00003365j 0.00000016+0.00000026j -0.06013006+0.21383637j -0.00000008+0.00000008j 0.54401134-0.00019035j
57.999999999999936 0.32498190+0.00015227j -0.00000006+0.00000008j -0.05672143-0.21047866j -0.00000014-0.00000001j 0.11340414+0.00002071j 0.00000010+0.00000023j -0.05668257+0.21045798j -0.00000006+0.00000008j 0.56161411-0.00017295j
58.999999999999936 0.31498197+0.00014364j -0.00000004+0.00000010j -0.05416957-0.20984663j -0.00000011-0.00000002j 0.10829123+0.00000956j 0.00000002+0.00000019j -0.05412152+0.20983710j -0.00000003+0.00000010j 0.57672694-0.00015317j
59.99999999999993 0.30573923+0.00012715j -0.00000002+0.00000013j -0.05351798-0.21172943j -0.00000010-0.00000003j 0.10698151+0.00000629j -0.00000004+0.00000016j -0.05346339+0.21172317j -0.00000002+0.00000013j 0.58727940-0.00013341j
60.99999999999992 0.29783225+0.00010426j -0.00000002+0.00000015j -0.05506980-0.21536902j -0.00000011-0.00000001j 0.11008509+0.00001050j -0.00000007+0.00000013j -0.05501514+0.21535855j -0.00000002+0.00000015j 0.59208280-0.00011472j
61.999999999999915 0.29214298+0.00008125j -0.00000004+0.00000015j -0.05843610-0.21953591j -0.00000012+0.00000002j 0.11682646+0.00001541j -0.00000005+0.00000013j -0.05839022+0.21952053j -0.00000004+0.00000015j 0.59103070-0.00009663j
62.99999999999991 0.28929210+0.00006446j -0.00000008+0.00000013j -0.06289564-0.22270189j -0.00000015+0.00000006j 0.12576246+0.00001412j 0.00000001+0.00000014j -0.06286667+0.22268780j -0.00000007+0.00000013j 0.58494559-0.00007855j
63.999999999999915 0.28912366+0.00005523j -0.00000010+0.00000009j -0.06779721-0.22335748j -0.00000019+0.00000011j 0.13558735+0.00000604j 0.00000011+0.00000015j -0.06778999+0.22335147j -0.00000010+0.00000009j 0.57528914-0.00006124j
64.99999999999991 0.29065984+0.00004966j -0.00000012+0.00000006j -0.07268560-0.22041374j -0.00000023+0.00000015j 0.14538717-0.00000346j 0.00000022+0.00000013j -0.07270143+0.22041722j -0.00000012+0.00000006j 0.56395313-0.00004618j
65.9999999999999 0.29258305+0.00004331j -0.00000015+0.00000003j -0.07713883-0.21354116j -0.00000025+0.00000019j 0.15431602-0.00000969j 0.00000033+0.00000008j -0.07717704+0.21355087j -0.00000014+0.00000003j 0.55310108-0.00003359j
66.9999999999999 0.29384627+0.00003505j -0.00000017+0.00000000j -0.08063401-0.20328594j -0.00000025+0.00000022j 0.16132805-0.00001302j 0.00000043+0.00000001j -0.08069389+0.20329899j -0.00000017+0.00000000j 0.54482583-0.00002200j
67.9999999999999 0.29398685+0.00002635j -0.00000019-0.00000004j -0.08268632-0.19089448j -0.00000021+0.00000024j 0.16545458-0.00001554j 0.00000049-0.00000008j -0.08276812+0.19091005j -0.00000019-0.00000003j 0.54055872-0.00001079j
68.99999999999989 0.29311154+0.00001909j -0.00000020-0.00000007j -0.08311980-0.17790512j -0.00000016+0.00000024j 0.16634454-0.00001689j 0.00000050-0.00000018j -0.08322459+0.17792204j -0.00000020-0.00000007j 0.54054406-0.00000217j
69.99999999999989 0.29176233+0.00001512j -0.00000019-0.00000011j -0.08217519-0.16564914j -0.00000009+0.00000023j 0.16447866-0.00001509j 0.00000046-0.00000027j -0.08230333+0.16566425j -0.00000019-0.00000011j 0.54375916-0.00000001j
70.99999999999987 0.29075214+0.00001628j -0.00000017-0.00000014j -0.08037266-0.15482221j -0.00000002+0.00000021j 0.16089406-0.00000871j 0.00000040-0.00000035j -0.08052126+0.15483095j -0.00000017-0.00000014j 0.54835394-0.00000754j
71.99999999999987 0.29093032+0.00002372j -0.00000014-0.00000018j -0.07824872-0.14526956j 0.00000005+0.00000020j 0.15665841+0.00000156j 0.00000031-0.00000041j -0.07840955+0.14526803j -0.00000015-0.00000018j 0.55241142-0.00002525j
72.99999999999987 0.29287302+0.00003758j -0.00000010-0.00000022j -0.07611964-0.13608567j 0.00000010+0.00000017j 0.15239944+0.00001185j 0.00000020-0.00000044j -0.07627966+0.13607384j -0.00000010-0.00000022j 0.55472768-0.00004941j
73.99999999999987 0.29655536+0.00005626j -0.00000003-0.00000024j -0.07401826-0.12603373j 0.00000012+0.00000012j 0.14818182+0.00001714j 0.00000009-0.00000046j -0.07416342+0.12601662j -0.00000004-0.00000024j 0.55526297-0.00007337j
74.99999999999987 0.30112709+0.00007577j 0.00000003-0.00000023j -0.07186389-0.11414434j 0.00000012+0.00000006j 0.14384841+0.00001574j -0.00000002-0.00000045j -0.07198437+0.11412863j 0.00000003-0.00000023j 0.55502464-0.00009149j
75.99999999999986 0.30500726+0.00009109j 0.00000008-0.00000021j -0.06970200-0.10024156j 0.00000009-0.00000002j 0.13949808+0.00001080j -0.00000009-0.00000040j -0.06979593+0.10023079j 0.00000008-0.00000020j 0.55549481-0.00010187j
76.99999999999986 0.30644204+0.00009916j 0.00000011-0.00000018j -0.06774129-0.08515850j 0.00000005-0.00000009j 0.13555629+0.00000659j -0.00000011-0.00000033j -0.06781485+0.08515193j 0.00000011-0.00000018j 0.55800182-0.00010573j
77.99999999999984 0.30432349+0.00010061j 0.00000012-0.00000016j -0.06614268-0.07054561j 0.00000000-0.00000015j 0.13234993+0.00000464j -0.00000010-0.00000024j -0.06620710+0.07054100j 0.00000012-0.00000016j 0.56332673-0.00010522j
78.99999999999984 0.29875900+0.00009828j 0.00000012-0.00000014j -0.06482905-0.05835369j -0.00000005-0.00000018j 0.12972525+0.00000424j -0.00000007-0.00000016j -0.06489606+0.05834948j 0.00000012-0.00000014j 0.57151589-0.00010249j
79.99999999999984 0.29101372+0.00009457j 0.00000012-0.00000013j -0.06356203-0.05019399j -0.00000009-0.00000019j 0.12720209+0.00000499j -0.00000003-0.00000009j -0.06363992+0.05018902j 0.00000012-0.00000013j 0.58178433-0.00009953j
80.99999999999983 0.28290899+0.00009076j 0.00000011-0.00000011j -0.06221336-0.04680540j -0.00000012-0.00000019j 0.12451804+0.00000659j 0.00000000-0.00000004j -0.06230453+0.04679884j 0.00000011-0.00000011j 0.59257311-0.00009732j
81.99999999999983 0.27607270+0.00008726j 0.00000010-0.00000010j -0.06096207-0.04780980j -0.00000011-0.00000017j 0.12202505+0.00000777j 0.00000003-0.00000003j -0.06106283+0.04780206j 0.00000009-0.00000009j 0.60190240-0.00009501j
82.99999999999983 0.27140331+0.00008318j 0.00000006-0.00000008j -0.06025121-0.05183390j -0.00000007-0.00000014j 0.12060536+0.00000772j 0.00000006-0.00000003j -0.06035401+0.05182621j 0.00000006-0.00000008j 0.60799147-0.00009087j
83.99999999999983 0.26891107+0.00007614j 0.00000002-0.00000008j -0.06054211-0.05694677j -0.00000000-0.00000011j 0.12118175+0.00000745j 0.00000008-0.00000006j -0.06063948+0.05693935j 0.00000002-0.00000008j 0.60990733-0.00008356j
84.99999999999982 0.26791072+0.00006384j -0.00000003-0.00000009j -0.06202862-0.06124996j 0.00000008-0.00000008j 0.12414595+0.00000856j 0.00000008-0.00000011j -0.06211719+0.06124143j -0.00000003-0.00000009j 0.60794347-0.00007237j
85.99999999999983 0.26740630+0.00004579j -0.00000005-0.00000011j -0.06448946-0.06340742j 0.00000014-0.00000005j 0.12906173+0.00001146j 0.00000007-0.00000016j -0.06457213+0.06339599j -0.00000005-0.00000010j 0.60353211-0.00005722j
86.99999999999983 0.26647300+0.00002402j -0.00000006-0.00000013j -0.06736740-0.06293643j 0.00000019-0.00000002j 0.13482016+0.00001507j 0.00000003-0.00000022j -0.06745261+0.06292139j -0.00000006-0.00000013j 0.59870699-0.00003906j
87.99999999999984 0.26451650+0.00000257j -0.00000004-0.00000015j -0.07001261-0.06018338j 0.00000021+0.00000001j 0.14012394+0.00001722j -0.00000002-0.00000027j -0.07011118+0.06016618j -0.00000003-0.00000015j 0.59535971-0.00001977j
88.99999999999984 0.26138807-0.00001410j 0.00000000-0.00000017j -0.07193422-0.05603335j 0.00000020+0.00000004j 0.14398975+0.00001570j -0.00000007-0.00000030j -0.07205539+0.05601768j 0.00000001-0.00000017j 0.59462232-0.00000157j
89.99999999999984 0.25736720-0.00002348j 0.00000005-0.00000018j -0.07294326-0.05148972j 0.00000017+0.00000006j 0.14603544+0.00001040j -0.00000012-0.00000033j -0.07309203+0.05147935j 0.00000005-0.00000018j 0.59659750+0.00001311j
90.99999999999986 0.25301177-0.00002628j 0.00000009-0.00000016j -0.07317985-0.04727933j 0.00000014+0.00000008j 0.14653634+0.00000443j -0.00000014-0.00000035j -0.07335635+0.04727493j 0.00000009-0.00000016j 0.60045203+0.00002188j
91.99999999999984 0.24891101-0.00002546j 0.00000012-0.00000013j -0.07305887-0.04360286j 0.00000010+0.00000009j 0.14631839+0.00000211j -0.00000016-0.00000036j -0.07325938+0.04360078j 0.00000012-0.00000013j 0.60477075+0.00002338j
92.99999999999986 0.24546631-0.00002363j 0.00000014-0.00000009j -0.07311900-0.04009112j 0.00000007+0.00000009j 0.14645696+0.00000494j -0.00000019-0.00000036j -0.07333782+0.04008621j 0.00000014-0.00000009j 0.60807688+0.00001871j
93.99999999999986 0.24283157-0.00002137j 0.00000017-0.00000005j -0.07376306-0.03596515j 0.00000002+0.00000008j 0.14775755+0.00000967j -0.00000022-0.00000033j -0.07399434+0.03595551j 0.00000017-0.00000005j 0.60941103+0.00001173j
94.99999999999986 0.24099536-0.00001792j 0.00000019+0.00000000j -0.07500864-0.03033427j -0.00000002+0.00000007j 0.15025655+0.00001126j -0.00000026-0.00000029j -0.07524776+0.03032303j 0.00000019+0.00000000j 0.60874824+0.00000668j
95.99999999999987 0.23984425-0.00001310j 0.00000019+0.00000006j -0.07645676-0.02251688j -0.00000005+0.00000006j 0.15315756+0.00000794j -0.00000030-0.00000022j -0.07670066+0.02250897j 0.00000019+0.00000006j 0.60699834+0.00000519j
96.99999999999987 0.23910888-0.00000815j 0.00000018+0.00000011j -0.07754540-0.01226557j -0.00000007+0.00000005j 0.15533742+0.00000285j -0.00000033-0.00000013j -0.07779187+0.01226274j 0.00000018+0.00000010j 0.60555385+0.00000533j
97.99999999999989 0.23829548-0.00000449j 0.00000016+0.00000014j -0.07789256+0.00016674j -0.00000007+0.00000004j 0.15603180+0.00000070j -0.00000035-0.00000003j -0.07813910-0.00016742j 0.00000016+0.00000014j 0.60567286+0.00000381j
98.99999999999989 0.23678230-0.00000201j 0.00000013+0.00000017j -0.07745057+0.01410633j -0.00000005+0.00000004j 0.15514461+0.00000292j -0.00000035+0.00000009j -0.07769389-0.01410922j 0.00000013+0.00000017j 0.60807324-0.00000088j
99.9999999999999 0.23409571+0.00000104j 0.00000009+0.00000018j -0.07639865+0.02862476j -0.00000003+0.00000004j 0.15303404+0.00000641j -0.00000034+0.00000020j -0.07663524-0.02863114j 0.00000009+0.00000018j 0.61287039-0.00000742j
100.9999999999999 0.23017290+0.00000638j 0.00000004+0.00000019j -0.07495236+0.04273346j -0.00000000+0.00000004j 0.15013194+0.00000696j -0.00000030+0.00000029j -0.07517943-0.04274039j 0.00000004+0.00000019j 0.61969531-0.00001331j
101.99999999999991 0.22541995+0.00001359j -0.00000001+0.00000020j -0.07328585+0.05557054j 0.00000002+0.00000003j 0.14678772+0.00000366j -0.00000022+0.00000036j -0.07350172-0.05557417j -0.00000001+0.00000020j 0.62779248-0.00001722j
102.9999999999999 0.22056746+0.00002010j -0.00000006+0.00000019j -0.07157272+0.06655499j 0.00000003+0.00000003j 0.14334939-0.00000035j -0.00000013+0.00000039j -0.07177653-0.06655461j -0.00000006+0.00000019j 0.63608329-0.00001973j
103.9999999999999 0.21646619+0.00002326j -0.00000010+0.00000016j -0.07001862+0.07548401j 0.00000003+0.00000004j 0.14022843-0.00000147j -0.00000004+0.00000040j -0.07020966-0.07548252j -0.00000010+0.00000016j 0.64330553-0.00002177j
104.99999999999991 0.21392036+0.00002252j -0.00000011+0.00000013j -0.06881756+0.08255363j 0.00000003+0.00000006j 0.13781260+0.00000067j 0.00000005+0.00000039j -0.06899490-0.08255427j -0.00000012+0.00000013j 0.64826718-0.00002316j
105.99999999999991 0.21354938+0.00001924j -0.00000012+0.00000011j -0.06808007+0.08829538j 0.00000001+0.00000007j 0.13632280+0.00000368j 0.00000011+0.00000035j -0.06824258-0.08829904j -0.00000012+0.00000010j 0.65012797-0.00002290j
106.99999999999993 0.21565534+0.00001494j -0.00000011+0.00000009j -0.06779629+0.09343469j 0.00000000+0.00000008j 0.13573937+0.00000547j 0.00000015+0.00000030j -0.06794293-0.09344013j -0.00000011+0.00000009j 0.64860544-0.00002037j
107.99999999999993 0.22013131+0.00000999j -0.00000009+0.00000008j -0.06784378+0.09868588j -0.00000000+0.00000008j 0.13581813+0.00000585j 0.00000017+0.00000022j -0.06797420-0.09869171j -0.00000009+0.00000008j 0.64405071-0.00001581j
108.99999999999994 0.22646963+0.00000382j -0.00000007+0.00000008j -0.06802666+0.10452100j 0.00000000+0.00000008j 0.13616884+0.00000607j 0.00000015+0.00000014j -0.06814203-0.10452704j -0.00000007+0.00000008j 0.63736168-0.00000986j
109.99999999999993 0.23390280-0.00000426j -0.00000005+0.00000009j -0.06813326+0.11098398j 0.00000001+0.00000008j 0.13637042+0.00000751j 0.00000010+0.00000007j -0.06823702-0.11099147j -0.00000005+0.00000009j 0.62972692-0.00000322j
110.99999999999994 0.24164890-0.00001408j -0.00000003+0.00000010j -0.06799808+0.11763635j 0.00000003+0.00000008j 0.13609445+0.00001045j 0.00000003+0.00000002j -0.06809622-0.11764677j -0.00000003+0.00000009j 0.62225680+0.00000366j
111.99999999999994 0.24915803-0.00002427j -0.00000001+0.00000009j -0.06756599+0.12368226j 0.00000005+0.00000009j 0.13523246+0.00001353j -0.00000005+0.00000000j -0.06766632-0.12369576j -0.00000001+0.00000009j 0.61560965+0.00001077j
112.99999999999996 0.25623702-0.00003312j 0.00000000+0.00000009j -0.06695831+0.12824448j 0.00000007+0.00000009j 0.13402749+0.00001505j -0.00000013+0.00000002j -0.06706903-0.12825950j 0.00000000+0.00000009j 0.60973564+0.00001809j
113.99999999999996 0.26301908-0.00003958j 0.00000002+0.00000008j -0.06649502+0.13069471j 0.00000009+0.00000010j 0.13311794+0.00001450j -0.00000019+0.00000005j -0.06662278-0.13070918j 0.00000002+0.00000008j 0.60386313+0.00002510j
114.99999999999997 0.26985684-0.00004356j 0.00000003+0.00000008j -0.06659390+0.13091696j 0.00000010+0.00000009j 0.13333602+0.00001268j -0.00000022+0.00000009j -0.06674198-0.13092962j 0.00000003+0.00000008j 0.59680729+0.00003090j
115.99999999999997 0.27721466-0.00004553j 0.00000004+0.00000009j -0.06754384+0.12940536j 0.00000009+0.00000008j 0.13525520+0.00001055j -0.00000021+0.00000013j -0.06771121-0.12941588j 0.00000004+0.00000009j 0.58753029+0.00003501j
116.99999999999999 0.28553655-0.00004622j 0.00000003+0.00000010j -0.06929451+0.12715302j 0.00000008+0.00000006j 0.13877081+0.00000846j -0.00000017+0.00000017j -0.06947615-0.12716146j 0.00000003+0.00000010j 0.57569279+0.00003779j
117.99999999999997 0.29503185-0.00004666j 0.00000000+0.00000011j -0.07144456+0.12535955j 0.00000005+0.00000003j 0.14307778+0.00000652j -0.00000010+0.00000020j -0.07163308-0.12536604j 0.00000000+0.00000011j 0.56189052+0.00004017j
119.0 0.30543772-0.00004803j -0.00000002+0.00000011j -0.07345824+0.12505040j 0.00000003+0.00000001j 0.14710456+0.00000503j -0.00000002+0.00000022j -0.07364617-0.12505540j -0.00000003+0.00000011j 0.54745786+0.00004303j
119.99999999999999 0.31594916-0.00005099j -0.00000005+0.00000010j -0.07493814+0.12673965j -0.00000000-0.00000001j 0.15005833+0.00000426j 0.00000006+0.00000024j -0.07512005-0.12674388j -0.00000005+0.00000010j 0.53399266+0.00004676j
121.0 0.32545411-0.00005500j -0.00000007+0.00000008j -0.07575201+0.13025949j -0.00000003-0.00000002j 0.15167786+0.00000385j 0.00000014+0.00000025j -0.07592570-0.13026331j -0.00000007+0.00000008j 0.52286818+0.00005118j
122.0 0.33298115-0.00005851j -0.00000009+0.00000006j -0.07597883+0.13482241j -0.00000004-0.00000004j 0.15212412+0.00000302j 0.00000021+0.00000024j -0.07614514-0.13482541j -0.00000009+0.00000005j 0.51489489+0.00005552j
123.00000000000001 0.33808845-0.00005976j -0.00000011+0.00000003j -0.07580199+0.13929730j -0.00000004-0.00000007j 0.15176550+0.00000133j 0.00000027+0.00000022j -0.07596336-0.13929860j -0.00000011+0.00000003j 0.51014620+0.00005846j
124.00000000000001 0.34097723-0.00005772j -0.00000012-0.00000000j -0.07546455+0.14259995j -0.00000003-0.00000009j 0.15108754-0.00000086j 0.00000031+0.00000019j -0.07562284-0.14259906j -0.00000012-0.00000000j 0.50793538+0.00005860j
125.00000000000003 0.34233105-0.00005247j -0.00000012-0.00000003j -0.07526209+0.14405709j -0.00000002-0.00000011j 0.15067893-0.00000261j 0.00000033+0.00000016j -0.07541670-0.14405446j -0.00000012-0.00000003j 0.50699016+0.00005510j
126.00000000000001 0.34304592-0.00004500j -0.00000010-0.00000006j -0.07547294+0.14361482j -0.00000002-0.00000014j 0.15109320-0.00000328j 0.00000032+0.00000011j -0.07562012-0.14361152j -0.00000010-0.00000006j 0.50586103+0.00004831j
127.00000000000004 0.34399761-0.00003675j -0.00000008-0.00000009j -0.07620430+0.14182206j -0.00000002-0.00000015j 0.15254254-0.00000318j 0.00000029+0.00000006j -0.07633809-0.14181885j -0.00000008-0.00000009j 0.50346000+0.00003997j
128.00000000000003 0.34587384-0.00002940j -0.00000005-0.00000010j -0.07726502+0.13960430j -0.00000003-0.00000016j 0.15464455-0.00000307j 0.00000025+0.00000001j -0.07737938-0.13960120j -0.00000005-0.00000010j 0.49948176+0.00003250j
129.00000000000003 0.34903516-0.00002484j -0.00000001-0.00000011j -0.07820043+0.13791932j -0.00000004-0.00000015j 0.15649217-0.00000296j 0.00000020-0.00000004j -0.07829160-0.13791632j -0.00000001-0.00000011j 0.49447281+0.00002783j
130.00000000000003 0.35341491-0.00002474j 0.00000002-0.00000011j -0.07850390+0.13742664j -0.00000005-0.00000013j 0.15707596-0.00000195j 0.00000015-0.00000008j -0.07857192-0.13742467j 0.00000002-0.00000011j 0.48950928+0.00002672j
131.00000000000003 0.35853623-0.00002949j 0.00000006-0.00000010j -0.07787019+0.13829022j -0.00000007-0.00000011j 0.15578928+0.00000064j 0.00000010-0.00000012j -0.07791894-0.13829084j 0.00000006-0.00000010j 0.48567463+0.00002887j
132.00000000000006 0.36370043-0.00003769j 0.00000009-0.00000009j -0.07632355+0.14017329j -0.00000009-0.00000007j 0.15268297+0.00000406j 0.00000005-0.00000015j -0.07635927-0.14017731j 0.00000009-0.00000008j 0.48361675+0.00003367j
133.00000000000006 0.36828166-0.00004694j 0.00000010-0.00000006j -0.07416681+0.14240465j -0.00000010-0.00000004j 0.14836280+0.00000674j 0.00000000-0.00000017j -0.07419585-0.14241136j 0.00000011-0.00000006j 0.48335569+0.00004023j
134.00000000000006 0.37197206-0.00005537j 0.00000011-0.00000004j -0.07183395+0.14423451j -0.00000009+0.00000000j 0.14369500+0.00000822j -0.00000002-0.00000018j -0.07186091-0.14424270j 0.00000011-0.00000004j 0.48433308+0.00004718j
135.00000000000006 0.37486368-0.00006249j 0.00000009-0.00000002j -0.06975316+0.14508314j -0.00000007+0.00000003j 0.13953330+0.00000978j -0.00000004-0.00000018j -0.06977999-0.14509290j 0.00000009-0.00000002j 0.48560316+0.00005273j
136.00000000000009 0.37737931-0.00006858j 0.00000007-0.00000000j -0.06825131+0.14471105j -0.00000004+0.00000005j 0.13652904+0.00001289j -0.00000005-0.00000017j -0.06827759-0.14472391j 0.00000007-0.00000000j 0.48609179+0.00005572j
137.00000000000006 0.38013379-0.00007369j 0.00000004+0.00000000j -0.06747958+0.14327723j -0.00000000+0.00000006j 0.13498327+0.00001719j -0.00000006-0.00000014j -0.06750354-0.14329439j 0.00000004+0.00000000j 0.48488308+0.00005653j
138.00000000000009 0.38377208-0.00007741j 0.00000001-0.00000000j -0.06737172+0.14128301j 0.00000003+0.00000006j 0.13476352+0.00002046j -0.00000005-0.00000010j -0.06739166-0.14130344j 0.00000001-0.00000000j 0.48146454+0.00005698j
139.00000000000009 0.38878463-0.00007947j -0.00000001-0.00000002j -0.06768386+0.13942260j 0.00000006+0.00000004j 0.13538340+0.00002045j -0.00000003-0.00000006j -0.06769940-0.13944303j -0.00000001-0.00000002j 0.47583211+0.00005904j
140.00000000000009 0.39532727-0.00008025j -0.00000003-0.00000004j -0.06812446+0.13838431j 0.00000007+0.00000002j 0.13626174+0.00001679j -0.00000000-0.00000002j -0.06813713-0.13840107j -0.00000003-0.00000004j 0.46841113+0.00006349j
141.00000000000009 0.40312864-0.00008073j -0.00000003-0.00000006j -0.06850062+0.13866061j 0.00000007-0.00000001j 0.13701419+0.00001125j 0.00000003+0.00000001j -0.06851342-0.13867183j -0.00000003-0.00000006j 0.45985731+0.00006950j
142.0000000000001 0.41155726-0.00008173j -0.00000003-0.00000007j -0.06878597+0.14042031j 0.00000005-0.00000003j 0.13758831+0.00000631j 0.00000008+0.00000002j -0.06880219-0.14042659j -0.00000003-0.00000007j 0.45085458+0.00007545j
143.0000000000001 0.41983018-0.00008335j -0.00000002-0.00000007j -0.06908466+0.14347165j 0.00000001-0.00000005j 0.13819145+0.00000335j 0.00000012+0.00000000j -0.06910665-0.14347498j -0.00000002-0.00000007j 0.44197851+0.00008002j
144.0000000000001 0.42726172-0.00008489j -0.00000001-0.00000006j -0.06954720+0.14731722j -0.00000004-0.00000006j 0.13912325+0.00000203j 0.00000015-0.00000003j -0.06957590-0.14731922j -0.00000001-0.00000007j 0.43361518+0.00008290j
145.0000000000001 0.43344909-0.00008552j 0.00000001-0.00000006j -0.07030514+0.15128265j -0.00000010-0.00000006j 0.14064551+0.00000124j 0.00000018-0.00000008j -0.07034022-0.15128386j 0.00000001-0.00000006j 0.42590554+0.00008431j
146.0000000000001 0.43835242-0.00008488j 0.00000004-0.00000005j -0.07144079+0.15468905j -0.00000015-0.00000004j 0.14292210+0.00000047j 0.00000018-0.00000012j -0.07148116-0.15468949j 0.00000004-0.00000005j 0.41872562+0.00008444j
147.0000000000001 0.44227964-0.00008327j 0.00000006-0.00000003j -0.07296681+0.15702781j -0.00000020-0.00000000j 0.14597788+0.00000018j 0.00000016-0.00000015j -0.07301092-0.15702795j 0.00000006-0.00000004j 0.41174263+0.00008312j
148.00000000000014 0.44580308-0.00008123j 0.00000008-0.00000002j -0.07479480+0.15808961j -0.00000023+0.00000004j 0.14963566+0.00000114j 0.00000013-0.00000018j -0.07484072-0.15809072j 0.00000008-0.00000002j 0.40456140+0.00008012j
149.00000000000014 0.44962411-0.00007896j 0.00000009-0.00000000j -0.07670787+0.15800835j -0.00000024+0.00000008j 0.15346122+0.00000338j 0.00000009-0.00000018j -0.07675320-0.15801170j 0.00000009-0.00000000j 0.39691482+0.00007561j
150.00000000000014 0.45439036-0.00007616j 0.00000010+0.00000002j -0.07838046+0.15720622j -0.00000023+0.00000012j 0.15680285+0.00000570j 0.00000004-0.00000018j -0.07842224-0.15721189j 0.00000010+0.00000002j 0.38880693+0.00007049j
151.00000000000014 0.46048499-0.00007244j 0.00000010+0.00000004j -0.07947302+0.15625552j -0.00000019+0.00000015j 0.15898096+0.00000648j -0.00000002-0.00000016j -0.07950779-0.15626198j 0.00000010+0.00000004j 0.38053420+0.00006599j
152.00000000000017 0.46785389-0.00006813j 0.00000009+0.00000006j -0.07976876+0.15569404j -0.00000015+0.00000017j 0.15956181+0.00000507j -0.00000007-0.00000013j -0.07979291-0.15569908j 0.00000009+0.00000007j 0.37258445+0.00006309j
153.00000000000014 0.47596966-0.00006438j 0.00000008+0.00000009j -0.07926972+0.15584235j -0.00000009+0.00000018j 0.15854999+0.00000231j -0.00000012-0.00000010j -0.07928013-0.15584463j 0.00000008+0.00000009j 0.36548049+0.00006210j
154.00000000000014 0.48398958-0.00006249j 0.00000005+0.00000010j -0.07818834+0.15667671j -0.00000002+0.00000018j 0.15637175-0.00000019j -0.00000016-0.00000005j -0.07818326-0.15667649j 0.00000005+0.00000010j 0.35963881+0.00006271j
155.00000000000017 0.49105700-0.00006296j 0.00000003+0.00000011j -0.07684914+0.15780475j 0.00000003+0.00000018j 0.15367802-0.00000136j -0.00000018-0.00000001j -0.07682874-0.15780337j 0.00000003+0.00000011j 0.35526513+0.00006434j
156.00000000000017 0.49660801-0.00006519j 0.00000000+0.00000011j -0.07557444+0.15856497j 0.00000008+0.00000017j 0.15111528-0.00000112j -0.00000019+0.00000003j -0.07554070-0.15856383j 0.00000000+0.00000011j 0.35227685+0.00006634j
157.00000000000017 0.50055444-0.00006791j -0.00000002+0.00000011j -0.07461054+0.15822795j 0.00000012+0.00000017j 0.14917710+0.00000001j -0.00000018+0.00000006j -0.07456641-0.15822794j -0.00000002+0.00000011j 0.35026861+0.00006792j
158.00000000000017 0.50330186-0.00006988j -0.00000004+0.00000010j -0.07408606+0.15623444j 0.00000014+0.00000016j 0.14812053+0.00000159j -0.00000015+0.00000008j -0.07403433-0.15623600j -0.00000004+0.00000010j 0.34857776+0.00006832j
159.0000000000002 0.50563224-0.00007034j -0.00000006+0.00000009j -0.07397272+0.15238590j 0.00000016+0.00000015j 0.14788792+0.00000325j -0.00000011+0.00000008j -0.07391506-0.15238912j -0.00000006+0.00000009j 0.34647999+0.00006712j
160.00000000000017 0.50848418-0.00006911j -0.00000008+0.00000007j -0.07406704+0.14691805j 0.00000016+0.00000013j 0.14807090+0.00000460j -0.00000007+0.00000007j -0.07400372-0.14692262j -0.00000008+0.00000007j 0.34344507+0.00006454j
161.0000000000002 0.51265605-0.00006676j -0.00000009+0.00000006j -0.07405065+0.14043123j 0.00000016+0.00000012j 0.14803170+0.00000546j -0.00000003+0.00000005j -0.07398091-0.14043665j -0.00000009+0.00000006j 0.33931240+0.00006133j
162.0000000000002 0.51850119-0.00006440j -0.00000010+0.00000004j -0.07364079+0.13370313j 0.00000015+0.00000010j 0.14720465+0.00000600j 0.00000000+0.00000004j -0.07356372-0.13370911j -0.00000010+0.00000004j 0.33429431+0.00005843j
163.0000000000002 0.52574563-0.00006322j -0.00000009+0.00000002j -0.07275156+0.12744817j 0.00000013+0.00000007j 0.14541881+0.00000653j 0.00000003+0.00000002j -0.07266710-0.12745467j -0.00000009+0.00000002j 0.32883571+0.00005672j
164.0000000000002 0.53354330-0.00006382j -0.00000008-0.00000000j -0.07155662+0.12210279j 0.00000010+0.00000005j 0.14302313+0.00000702j 0.00000004+0.00000001j -0.07146636-0.12210979j -0.00000008-0.00000000j 0.32343371+0.00005683j
165.00000000000023 0.54077243-0.00006600j -0.00000005-0.00000002j -0.07041064+0.11770672j 0.00000006+0.00000003j 0.14072894+0.00000719j 0.00000005-0.00000000j -0.07031815-0.11771388j -0.00000005-0.00000002j 0.31849878+0.00005884j
166.00000000000023 0.54644760-0.00006887j -0.00000002-0.00000002j -0.06968300+0.11391951j 0.00000002+0.00000002j 0.13927635+0.00000681j 0.00000004-0.00000001j -0.06959321-0.11392629j -0.00000002-0.00000002j 0.31427619+0.00006209j
167.00000000000023 0.55006709-0.00007139j 0.00000001-0.00000002j -0.06960095+0.11016640j -0.00000002+0.00000001j 0.13911998+0.00000610j 0.00000002-0.00000002j -0.06951889-0.11017248j 0.00000001-0.00000002j 0.31081307+0.00006531j
168.00000000000023 0.55175815-0.00007273j 0.00000003-0.00000001j -0.07017468+0.10586185j -0.00000004+0.00000001j 0.14027862+0.00000565j 0.00000001-0.00000002j -0.07010379-0.10586748j 0.00000003-0.00000001j 0.30796338+0.00006711j
169.00000000000023 0.55218394-0.00007251j 0.00000004+0.00000001j -0.07121880+0.10063099j -0.00000006+0.00000001j 0.14237871+0.00000594j -0.00000000-0.00000003j -0.07115977-0.10063690j 0.00000004+0.00000001j 0.30543750+0.00006661j
170.00000000000023 0.55227280-0.00007063j 0.00000005+0.00000002j -0.07243922+0.09445170j -0.00000006+0.00000003j 0.14482908+0.00000680j -0.00000002-0.00000004j -0.07238972-0.09445847j 0.00000005+0.00000002j 0.30289826+0.00006386j
171.00000000000026 0.55288291-0.00006718j 0.00000005+0.00000003j -0.07353965+0.08767147j -0.00000005+0.00000005j 0.14703494+0.00000747j -0.00000004-0.00000004j -0.07349514-0.08767891j 0.00000005+0.00000003j 0.30008229+0.00005974j
172.00000000000026 0.55451541-0.00006254j 0.00000004+0.00000004j -0.07431246+0.08089769j -0.00000003+0.00000007j 0.14858025+0.00000722j -0.00000005-0.00000003j -0.07426764-0.08090488j 0.00000004+0.00000004j 0.29690449+0.00005534j
173.00000000000026 0.55715803-0.00005744j 0.00000002+0.00000004j -0.07469491+0.07480083j 0.00000000+0.00000009j 0.14934028+0.00000610j -0.00000006-0.00000003j -0.07464522-0.07480690j 0.00000002+0.00000004j 0.29350184+0.00005137j
174.00000000000026 0.56030163-0.00005279j -0.00000000+0.00000004j -0.07477925+0.06989642j 0.00000005+0.00000010j 0.14950144+0.00000493j -0.00000007-0.00000001j -0.07472205-0.06990133j -0.00000000+0.00000004j 0.29019707+0.00004788j
175.00000000000028 0.56312750-0.00004913j -0.00000003+0.00000003j -0.07476875+0.06637909j 0.00000011+0.00000009j 0.14947257+0.00000459j -0.00000007+0.00000000j -0.07470368-0.06638366j -0.00000003+0.00000003j 0.28740007+0.00004456j
176.00000000000026 0.56480649-0.00004629j -0.00000005+0.00000001j -0.07488762+0.06406530j 0.00000017+0.00000007j 0.14970392+0.00000522j -0.00000007+0.00000002j -0.07481616-0.06407049j -0.00000005+0.00000002j 0.28548974+0.00004110j
177.00000000000028 0.56479952-0.00004353j -0.00000007-0.00000001j -0.07527969+0.06246176j 0.00000021+0.00000003j 0.15048387+0.00000610j -0.00000007+0.00000004j -0.07520404-0.06246783j -0.00000007-0.00000000j 0.28471675+0.00003745j
178.00000000000028 0.56304235-0.00004009j -0.00000008-0.00000003j -0.07594384+0.06092848j 0.00000025-0.00000002j 0.15180968+0.00000630j -0.00000006+0.00000005j -0.07586570-0.06093475j -0.00000008-0.00000002j 0.28514812+0.00003381j
179.00000000000028 0.55994960-0.00003573j -0.00000008-0.00000005j -0.07673738+0.05887298j 0.00000026-0.00000007j 0.15339472+0.00000541j -0.00000005+0.00000007j -0.07665720-0.05887837j -0.00000008-0.00000004j 0.28665582+0.00003035j
180.00000000000028 0.55625543-0.00003088j -0.00000007-0.00000006j -0.07744163+0.05591063j 0.00000025-0.00000013j 0.15480025+0.00000387j -0.00000005+0.00000008j -0.07735848-0.05591448j -0.00000007-0.00000006j 0.28894447+0.00002704j
181.00000000000028 0.55276973-0.00002623j -0.00000005-0.00000008j -0.07785188+0.05194836j 0.00000022-0.00000018j 0.15561581+0.00000245j -0.00000004+0.00000008j -0.07776378-0.05195078j -0.00000005-0.00000008j 0.29161460+0.00002381j
182.0000000000003 0.55014377-0.00002232j -0.00000003-0.00000009j -0.07784900+0.04717851j 0.00000018-0.00000021j 0.15560279+0.00000149j -0.00000002+0.00000008j -0.07775364-0.04717998j -0.00000003-0.00000009j 0.29425359+0.00002086j
183.00000000000028 0.54871170-0.00001934j -0.00000001-0.00000010j -0.07743083+0.04199439j 0.00000013-0.00000023j 0.15475723+0.00000068j -0.00000001+0.00000006j -0.07732625-0.04199504j -0.00000001-0.00000010j 0.29653122+0.00001869j
184.0000000000003 0.54843770-0.00001740j 0.00000002-0.00000010j -0.07670461+0.03685706j 0.00000007-0.00000023j 0.15329456-0.00000028j 0.00000000+0.00000004j -0.07658980-0.03685676j 0.00000002-0.00000010j 0.29826789+0.00001771j
185.0000000000003 0.54896991-0.00001675j 0.00000004-0.00000009j -0.07585021+0.03215434j 0.00000002-0.00000021j 0.15157580-0.00000102j 0.00000002+0.00000001j -0.07572545-0.03215329j 0.00000004-0.00000009j 0.29945444+0.00001779j
186.0000000000003 0.54978082-0.00001760j 0.00000005-0.00000008j -0.07506344+0.02809217j -0.00000003-0.00000018j 0.14999375-0.00000076j 0.00000003-0.00000002j -0.07493016-0.02809139j 0.00000005-0.00000008j 0.30022558+0.00001838j
187.0000000000003 0.55035129-0.00001975j 0.00000006-0.00000006j -0.07449262+0.02464602j -0.00000007-0.00000014j 0.14884581+0.00000085j 0.00000003-0.00000006j -0.07435304-0.02464685j 0.00000006-0.00000006j 0.30080305+0.00001893j
188.00000000000034 0.55033899-0.00002244j 0.00000007-0.00000005j -0.07419166+0.02157956j -0.00000010-0.00000010j 0.14824025+0.00000322j 0.00000003-0.00000008j -0.07404844-0.02158276j 0.00000007-0.00000005j 0.30142091+0.00001925j
189.00000000000034 0.54967612-0.00002467j 0.00000007-0.00000003j -0.07411346+0.01852086j -0.00000012-0.00000006j 0.14808291+0.00000523j 0.00000003-0.00000010j -0.07396930-0.01852606j 0.00000007-0.00000004j 0.30224111+0.00001947j
190.00000000000034 0.54857219-0.00002569j 0.00000006-0.00000002j -0.07414650+0.01507475j -0.00000012-0.00000003j 0.14815066+0.00000612j 0.00000002-0.00000010j -0.07400401-0.01508084j 0.00000006-0.00000003j 0.30327730+0.00001959j
191.00000000000034 0.54743646-0.00002532j 0.00000005-0.00000002j -0.07416992+0.01094338j -0.00000011-0.00000000j 0.14820137+0.00000605j 0.00000001-0.00000009j -0.07403130-0.01094940j 0.00000005-0.00000002j 0.30436232+0.00001930j
192.00000000000034 0.54675640-0.00002380j 0.00000004-0.00000001j -0.07409350+0.00602293j -0.00000009+0.00000001j 0.14805395+0.00000571j 0.00000001-0.00000007j -0.07396031-0.00602862j 0.00000004-0.00000001j 0.30518980+0.00001812j
193.00000000000034 0.54696343-0.00002144j 0.00000003-0.00000001j -0.07387036+0.00044656j -0.00000006+0.00000001j 0.14761392+0.00000565j 0.00000000-0.00000005j -0.07374341-0.00045218j 0.00000003-0.00000001j 0.30542280+0.00001582j
194.00000000000037 0.54830421-0.00001844j 0.00000001-0.00000000j -0.07349778-0.00544328j -0.00000004+0.00000000j 0.14687498+0.00000585j -0.00000000-0.00000002j -0.07337705+0.00543746j 0.00000001-0.00000000j 0.30482095+0.00001262j
195.00000000000037 0.55073820-0.00001506j -0.00000000-0.00000001j -0.07302398-0.01118859j -0.00000001-0.00000002j 0.14593295+0.00000606j -0.00000000+0.00000000j -0.07290882+0.01118255j -0.00000000-0.00000001j 0.30332900+0.00000902j
196.00000000000037 0.55389860-0.00001165j -0.00000001-0.00000001j -0.07255532-0.01634946j 0.00000002-0.00000004j 0.14500025+0.00000624j -0.00000000+0.00000003j -0.07244478+0.01634325j -0.00000001-0.00000001j 0.30110129+0.00000544j
197.00000000000037 0.55715442-0.00000866j -0.00000002-0.00000002j -0.07223918-0.02063786j 0.00000003-0.00000005j 0.14437163+0.00000657j -0.00000000+0.00000005j -0.07213230+0.02063132j -0.00000002-0.00000002j 0.29847410+0.00000212j
198.0000000000004 0.55977453-0.00000631j -0.00000002-0.00000002j -0.07221215-0.02401093j 0.00000004-0.00000007j 0.14432063+0.00000716j 0.00000000+0.00000006j -0.07210833+0.02400380j -0.00000002-0.00000002j 0.29590499-0.00000082j
199.00000000000037 0.56114014-0.00000442j -0.00000002-0.00000003j -0.07253835-0.02669426j 0.00000004-0.00000009j 0.14497601+0.00000780j 0.00000000+0.00000007j -0.07243752+0.02668649j -0.00000002-0.00000003j 0.29388400-0.00000335j
