# time rdo00 rdo01 rdo10 rdo11
0.0 1.00000000+0.00000000j 0.00000000+0.00000000j 0.00000000+0.00000000j 0.00000000+0.00000000j 0.00000000+0.00000000j 0.00000000+0.00000000j 0.00000000+0.00000000j 0.00000000+0.00000000j 0.00000000+0.00000000j
1.0 0.98706318+0.00000117j 0.00000000+0.00000000j -0.00640358-0.00077979j -0.00000000-0.00000000j 0.01280869-0.00000147j -0.00000000-0.00000000j -0.00640493+0.00078130j 0.00000000+0.00000000j 0.00012830+0.00000034j
2.0 0.95267060+0.00001027j 0.00000000+0.00000001j -0.02273451-0.00586466j -0.00000000-0.00000001j 0.04547460-0.00001294j -0.00000000-0.00000000j -0.02273992+0.00587764j 0.00000000+0.00000001j 0.00185497+0.00000271j
3.0 0.90761416+0.00002910j -0.00000000+0.00000001j -0.04220020-0.01787847j -0.00000000-0.00000002j 0.08440778-0.00003439j 0.00000000-0.00000001j -0.04220740+0.01791290j -0.00000000+0.00000001j 0.00797824+0.00000533j
4.0 0.86351269+0.00004952j -0.00000002+0.00000002j -0.05809079-0.03686240j 0.00000000-0.00000003j 0.11618326-0.00005242j 0.00000001-0.00000001j -0.05809229+0.03691487j -0.00000002+0.00000002j 0.02030423+0.00000295j
5.000000000000001 0.82800234+0.00006085j -0.00000004+0.00000002j -0.06687168-0.06048195j 0.00000002-0.00000004j 0.13372945-0.00005348j 0.00000002-0.00000002j -0.06685760+0.06053548j -0.00000004+0.00000002j 0.03826839-0.00000733j
6.0 0.80294014+0.00005719j -0.00000006+0.00000001j -0.06881420-0.08511811j 0.00000003-0.00000006j 0.13758954-0.00003499j 0.00000003-0.00000003j -0.06877517+0.08515314j -0.00000006+0.00000001j 0.05947049-0.00002215j
7.000000000000001 0.78545098+0.00003897j -0.00000008-0.00000000j -0.06669272-0.10728869j 0.00000004-0.00000007j 0.13331481-0.00000499j 0.00000002-0.00000003j -0.06662191+0.10729373j -0.00000008-0.00000000j 0.08123438-0.00003394j
8.0 0.77043275+0.00001119j -0.00000008-0.00000002j -0.06387417-0.12482399j 0.00000005-0.00000009j 0.12764302+0.00002447j -0.00000000-0.00000003j -0.06376868+0.12479956j -0.00000008-0.00000002j 0.10192440-0.00003562j
9.0 0.75319878-0.00001839j -0.00000007-0.00000004j -0.06277877-0.13741413j 0.00000004-0.00000008j 0.12541999+0.00004225j -0.00000002-0.00000003j -0.06264105+0.13737193j -0.00000007-0.00000004j 0.12138140-0.00002382j
10.000000000000002 0.73135817-0.00004142j -0.00000005-0.00000007j -0.06415331-0.14641256j 0.00000003-0.00000007j 0.12814547+0.00004197j -0.00000005-0.00000002j -0.06399199+0.14637064j -0.00000005-0.00000007j 0.14049653-0.00000050j
11.0 0.70544586-0.00005295j -0.00000003-0.00000009j -0.06721397-0.15404183j 0.00000002-0.00000004j 0.13425709+0.00002644j -0.00000007-0.00000002j -0.06704295+0.15401544j -0.00000003-0.00000009j 0.16029722+0.00002656j
12.0 0.67830889-0.00005342j 0.00000000-0.00000010j -0.07038559-0.16235660j 0.00000001-0.00000000j 0.14060700+0.00000660j -0.00000008-0.00000003j -0.07022124+0.16235005j 0.00000000-0.00000010j 0.18108428+0.00004687j
13.000000000000002 0.65374680-0.00004641j 0.00000003-0.00000009j -0.07214859-0.17240022j 0.00000000+0.00000002j 0.14415477-0.00000754j -0.00000009-0.00000005j -0.07200600+0.17240781j 0.00000003-0.00000009j 0.20209860+0.00005400j
14.000000000000002 0.63510000-0.00003534j 0.00000005-0.00000006j -0.07158374-0.18387943j -0.00000001+0.00000004j 0.14305808-0.00001459j -0.00000009-0.00000008j -0.07147417+0.18389407j 0.00000005-0.00000006j 0.22184209+0.00004998j
15.000000000000002 0.62429470-0.00002300j 0.00000006-0.00000003j -0.06851349-0.19541277j -0.00000002+0.00000005j 0.13695748-0.00001986j -0.00000008-0.00000010j -0.06844382+0.19543267j 0.00000006-0.00000003j 0.23874800+0.00004290j
16.0 0.62150705-0.00001253j 0.00000005-0.00000001j -0.06339056-0.20514087j -0.00000003+0.00000006j 0.12675502-0.00002806j -0.00000007-0.00000010j -0.06336429+0.20516898j 0.00000005-0.00000001j 0.25173810+0.00004064j
17.0 0.62534436-0.00000711j 0.00000004+0.00000000j -0.05712025-0.21137698j -0.00000004+0.00000007j 0.11425912-0.00003920j -0.00000004-0.00000010j -0.05713870+0.21141622j 0.00000004+0.00000000j 0.26039669+0.00004635j
18.0 0.63333811-0.00000843j 0.00000003+0.00000000j -0.05089645-0.21304826j -0.00000004+0.00000008j 0.10185582-0.00004916j -0.00000002-0.00000007j -0.05095920+0.21309746j 0.00000003+0.00000000j 0.26480624+0.00005763j
19.000000000000004 0.64256825-0.00001609j 0.00000003-0.00000000j -0.04601420-0.20983911j -0.00000005+0.00000009j 0.09213294-0.00005182j 0.00000000-0.00000004j -0.04611857+0.20989097j 0.00000002-0.00000000j 0.26529898+0.00006795j
20.000000000000004 0.65031262-0.00002788j 0.00000002-0.00000000j -0.04357312-0.20209462j -0.00000004+0.00000008j 0.08728659-0.00004166j 0.00000002-0.00000001j -0.04371329+0.20213633j 0.00000002-0.00000001j 0.26240096+0.00006959j
21.000000000000004 0.65464279-0.00003982j 0.00000002-0.00000000j -0.04405632-0.19062548j -0.00000004+0.00000007j 0.08827945-0.00001825j 0.00000003+0.00000001j -0.04422296+0.19064377j 0.00000002-0.00000000j 0.25707794+0.00005812j
22.0 0.65482028-0.00004610j 0.00000002+0.00000001j -0.04695840-0.17656354j -0.00000002+0.00000004j 0.09409825+0.00001001j 0.00000004+0.00000002j -0.04713968+0.17655357j 0.00000002+0.00000001j 0.25108164+0.00003613j
23.0 0.65128326-0.00004148j 0.00000001+0.00000003j -0.05079958-0.16134233j -0.00000001+0.00000001j 0.10178361+0.00002929j 0.00000005+0.00000002j -0.05098386+0.16131308j 0.00000001+0.00000002j 0.24693330+0.00001224j
24.0 0.64515200-0.00002569j -0.00000000+0.00000004j -0.05373944-0.14673801j 0.00000001-0.00000001j 0.10765832+0.00003111j 0.00000004+0.00000001j -0.05391871+0.14670694j -0.00000000+0.00000004j 0.24718986-0.00000538j
25.000000000000004 0.63754811-0.00000533j -0.00000001+0.00000004j -0.05452732-0.13479007j 0.00000002-0.00000003j 0.10922665+0.00002020j 0.00000003+0.00000000j -0.05469917+0.13476991j -0.00000001+0.00000004j 0.25322541-0.00001483j
26.000000000000004 0.62925808+0.00001047j -0.00000001+0.00000004j -0.05310395-0.12744577j 0.00000002-0.00000002j 0.10637466+0.00000934j -0.00000000-0.00000000j -0.05327054+0.12743647j -0.00000001+0.00000004j 0.26436743-0.00001977j
27.000000000000004 0.62095960+0.00001692j -0.00000001+0.00000003j -0.05036909-0.12597391j 0.00000002-0.00000001j 0.10090271+0.00000652j -0.00000003+0.00000000j -0.05053345+0.12596744j -0.00000001+0.00000003j 0.27813787-0.00002340j
28.000000000000004 0.61356648+0.00001584j 0.00000000+0.00000002j -0.04739375-0.13043589j 0.00000002+0.00000000j 0.09494968+0.00000919j -0.00000005+0.00000001j -0.04755575+0.13042675j 0.00000000+0.00000002j 0.29148402-0.00002498j
29.000000000000004 0.60803395+0.00001162j 0.00000001+0.00000001j -0.04485041-0.13956766j 0.00000002+0.00000002j 0.08985550+0.00001033j -0.00000007+0.00000002j -0.04500492+0.13955738j 0.00000001+0.00000001j 0.30211072-0.00002190j
30.000000000000004 0.60458045+0.00000678j 0.00000001+0.00000001j -0.04307206-0.15122899j 0.00000002+0.00000003j 0.08628217+0.00000639j -0.00000008+0.00000002j -0.04320994+0.15122265j 0.00000002+0.00000001j 0.30913755-0.00001313j
31.000000000000004 0.60202711+0.00000098j 0.00000002+0.00000002j -0.04242353-0.16325235j 0.00000002+0.00000004j 0.08495836-0.00000115j -0.00000008+0.00000002j -0.04253465+0.16325355j 0.00000002+0.00000002j 0.31301471+0.00000021j
32.0 0.59795768-0.00000774j 0.00000002+0.00000003j -0.04344371-0.17430683j 0.00000001+0.00000004j 0.08696434-0.00000845j -0.00000007+0.00000002j -0.04352045+0.17431532j 0.00000002+0.00000003j 0.31507815+0.00001623j
33.0 0.58974431-0.00002155j 0.00000002+0.00000005j -0.04658420-0.18440122j -0.00000000+0.00000003j 0.09320880-0.00001169j -0.00000007+0.00000002j -0.04662442+0.18441296j 0.00000002+0.00000005j 0.31704707+0.00003328j
34.0 0.57589800-0.00004100j 0.00000002+0.00000006j -0.05177238-0.19482796j -0.00000002+0.00000003j 0.10355351-0.00000945j -0.00000006+0.00000003j -0.05178095+0.19483745j 0.00000002+0.00000006j 0.32054866+0.00005050j
35.0 0.55705871-0.00006298j 0.00000001+0.00000006j -0.05813645-0.20756979j -0.00000003+0.00000003j 0.11626110-0.00000488j -0.00000004+0.00000004j -0.05812448+0.20757472j 0.00000001+0.00000006j 0.32668037+0.00006791j
36.0 0.53611195-0.00008105j -0.00000000+0.00000006j -0.06412922-0.22437611j -0.00000003+0.00000004j 0.12823991-0.00000402j -0.00000003+0.00000004j -0.06411052+0.22438017j -0.00000001+0.00000006j 0.33564831+0.00008511j
37.0 0.51727100-0.00008947j -0.00000002+0.00000006j -0.06808062-0.24584340j -0.00000002+0.00000005j 0.13614719-0.00000931j -0.00000001+0.00000005j -0.06806639+0.24585276j -0.00000002+0.00000006j 0.34658198+0.00009883j
38.00000000000001 0.50444541-0.00008680j -0.00000004+0.00000005j -0.06894056-0.27087232j 0.00000000+0.00000005j 0.13787555-0.00001650j 0.00000000+0.00000005j -0.06893482+0.27088887j -0.00000004+0.00000005j 0.35767922+0.00010334j
39.00000000000001 0.49961224-0.00007535j -0.00000005+0.00000005j -0.06681172-0.29677044j 0.00000002+0.00000004j 0.13362211-0.00001992j 0.00000001+0.00000004j -0.06681022+0.29679041j -0.00000005+0.00000005j 0.36676582+0.00009532j
40.00000000000001 0.50192941-0.00005874j -0.00000006+0.00000005j -0.06298052-0.32001807j 0.00000004+0.00000002j 0.12595493-0.00001880j -0.00000000+0.00000002j -0.06297424+0.32003692j -0.00000006+0.00000005j 0.37211583+0.00007759j
41.00000000000001 0.50798741-0.00004106j -0.00000007+0.00000005j -0.05942176-0.33741302j 0.00000004-0.00000000j 0.11882517-0.00001606j -0.00000001+0.00000001j -0.05940323+0.33742913j -0.00000006+0.00000005j 0.37318760+0.00005717j
42.00000000000001 0.51312192-0.00002634j -0.00000007+0.00000005j -0.05796172-0.34712873j 0.00000004-0.00000003j 0.11589243-0.00001412j -0.00000003-0.00000001j -0.05793054+0.34714289j -0.00000007+0.00000005j 0.37098582+0.00004051j
43.00000000000001 0.51325418-0.00001652j -0.00000009+0.00000005j -0.05942992-0.34926435j 0.00000004-0.00000004j 0.11882429-0.00001400j -0.00000004-0.00000003j -0.05939419+0.34927839j -0.00000008+0.00000005j 0.36792171+0.00003056j
44.0 0.50642951-0.00001022j -0.00000010+0.00000004j -0.06322558-0.34569503j 0.00000003-0.00000005j 0.12642424-0.00001603j -0.00000005-0.00000004j -0.06319849+0.34571111j -0.00000009+0.00000004j 0.36714642+0.00002630j
44.99999999999999 0.49334829-0.00000413j -0.00000010+0.00000002j -0.06758229-0.33931396j 0.00000002-0.00000005j 0.13515818-0.00001908j -0.00000006-0.00000004j -0.06757572+0.33933308j -0.00000010+0.00000001j 0.37149370+0.00002325j
45.99999999999999 0.47673406+0.00000463j -0.00000010-0.00000001j -0.07040791-0.33298112j 0.00000001-0.00000005j 0.14083454-0.00001979j -0.00000006-0.00000003j -0.07042645+0.33300096j -0.00000010-0.00000001j 0.38243157+0.00001521j
46.99999999999999 0.45995446+0.00001745j -0.00000009-0.00000003j -0.07024511-0.32858639j -0.00000001-0.00000004j 0.14052854-0.00001492j -0.00000007-0.00000001j -0.07028325+0.32860135j -0.00000009-0.00000003j 0.39951718-0.00000249j
47.999999999999986 0.44555810+0.00003460j -0.00000008-0.00000005j -0.06689669-0.32657148j -0.00000003-0.00000004j 0.13383740-0.00000478j -0.00000007+0.00000000j -0.06694053+0.32657630j -0.00000007-0.00000005j 0.42060467-0.00002978j
48.99999999999998 0.43433178+0.00005520j -0.00000006-0.00000006j -0.06147568-0.32605281j -0.00000004-0.00000003j 0.12298425+0.00000627j -0.00000007+0.00000001j -0.06150839+0.32604659j -0.00000006-0.00000006j 0.44268414-0.00006143j
49.99999999999997 0.42523546+0.00007658j -0.00000005-0.00000006j -0.05588261-0.32542843j -0.00000005-0.00000003j 0.11177404+0.00001357j -0.00000007+0.00000002j -0.05589125+0.32541491j -0.00000004-0.00000006j 0.46299068-0.00009010j
50.999999999999964 0.41617594+0.00009426j -0.00000003-0.00000006j -0.05194135-0.32315817j -0.00000005-0.00000003j 0.10386347+0.00001594j -0.00000007+0.00000003j -0.05192195+0.32314227j -0.00000003-0.00000006j 0.47996076-0.00011016j
51.999999999999964 0.40516530+0.00010404j -0.00000002-0.00000006j -0.05059759-0.31837817j -0.00000004-0.00000003j 0.10115389+0.00001525j -0.00000008+0.00000003j -0.05055612+0.31836297j -0.00000002-0.00000006j 0.49368099-0.00011924j
52.99999999999996 0.39124483+0.00010444j -0.00000001-0.00000005j -0.05156783-0.31114902j -0.00000003-0.00000003j 0.10308508+0.00001312j -0.00000008+0.00000004j -0.05151707+0.31113594j -0.00000001-0.00000005j 0.50567027-0.00011752j
53.999999999999964 0.37477188+0.00009727j 0.00000000-0.00000004j -0.05357926-0.30233754j -0.00000002-0.00000002j 0.10711265+0.00000943j -0.00000009+0.00000004j -0.05353322+0.30232815j 0.00000000-0.00000004j 0.51811565-0.00010666j
54.99999999999996 0.35708002+0.00008589j 0.00000001-0.00000003j -0.05502566-0.29326899j -0.00000001-0.00000002j 0.11002017+0.00000377j -0.00000008+0.00000005j -0.05499433+0.29326526j 0.00000001-0.00000003j 0.53289998-0.00008961j
55.99999999999995 0.33981965+0.00007314j 0.00000000-0.00000003j -0.05469686-0.28531148j -0.00000000-0.00000002j 0.10938022-0.00000276j -0.00000007+0.00000005j -0.05468318+0.28531428j 0.00000001-0.00000002j 0.55080031-0.00007034j
56.99999999999994 0.32433007+0.00006046j -0.00000000-0.00000002j -0.05227386-0.27951130j 0.00000001-0.00000001j 0.10454772-0.00000784j -0.00000005+0.00000004j -0.05227369+0.27951919j 0.00000000-0.00000001j 0.57112239-0.00005257j
57.999999999999936 0.31127799+0.00004799j -0.00000001-0.00000001j -0.04842543-0.27635129j 0.00000001-0.00000000j 0.09685588-0.00000962j -0.00000003+0.00000003j -0.04843027+0.27636095j -0.00000000-0.00000001j 0.59186631-0.00003832j
58.999999999999936 0.30065022+0.00003526j -0.00000001-0.00000001j -0.04449911-0.27567018j 0.00000001+0.00000001j 0.08899992-0.00000779j -0.00000001+0.00000002j -0.04450063+0.27567802j -0.00000001-0.00000001j 0.61035004-0.00002742j
59.99999999999993 0.29204578+0.00002204j -0.00000002-0.00000001j -0.04194819-0.27673906j 0.00000001+0.00000001j 0.08389101-0.00000382j 0.00000001+0.00000001j -0.04194264+0.27674293j -0.00000001-0.00000001j 0.62406339-0.00001817j
60.99999999999992 0.28506809+0.00000918j -0.00000001-0.00000002j -0.04175896-0.27844245j 0.00000000+0.00000002j 0.08350851-0.00000042j 0.00000003-0.00000000j -0.04174938+0.27844292j -0.00000001-0.00000002j 0.63142357-0.00000872j
61.999999999999915 0.27954713-0.00000161j -0.00000001-0.00000002j -0.04415810-0.27949155j -0.00000001+0.00000002j 0.08831113+0.00000011j 0.00000003-0.00000002j -0.04415286+0.27949148j -0.00000000-0.00000002j 0.63214191+0.00000154j
62.99999999999991 0.27544484-0.00000907j -0.00000000-0.00000001j -0.04870976-0.27862661j -0.00000001+0.00000002j 0.09742805-0.00000246j 0.00000004-0.00000003j -0.04871811+0.27862912j 0.00000000-0.00000002j 0.62712728+0.00001157j
63.999999999999915 0.27257510-0.00001339j 0.00000000-0.00000001j -0.05464005-0.27481575j -0.00000001+0.00000002j 0.10930749-0.00000632j 0.00000003-0.00000003j -0.05466727+0.27482212j 0.00000001-0.00000002j 0.61811758+0.00001975j
64.99999999999991 0.27044531-0.00001597j 0.00000001-0.00000002j -0.06110131-0.26746620j -0.00000001+0.00000002j 0.12224774-0.00000967j 0.00000003-0.00000002j -0.06114626+0.26747592j 0.00000001-0.00000002j 0.60730712+0.00002568j
65.9999999999999 0.26839513-0.00001852j 0.00000002-0.00000002j -0.06724808-0.25661449j -0.00000002+0.00000001j 0.13455268-0.00001211j 0.00000002-0.00000001j -0.06730443+0.25662665j 0.00000002-0.00000002j 0.59705237+0.00003068j
66.9999999999999 0.26591094-0.00002246j 0.00000003-0.00000002j -0.07225172-0.24300284j -0.00000002+0.00000001j 0.14456349-0.00001374j 0.00000002+0.00000000j -0.07231160+0.24301662j 0.00000003-0.00000002j 0.58952575+0.00003624j
67.9999999999999 0.26286450-0.00002839j 0.00000004-0.00000001j -0.07542394-0.22795132j -0.00000003-0.00000000j 0.15090554-0.00001385j 0.00000001+0.00000002j -0.07548143+0.22796521j 0.00000004-0.00000001j 0.58623013+0.00004228j
68.99999999999989 0.25955435-0.00003536j 0.00000005-0.00000001j -0.07642920-0.21301352j -0.00000003-0.00000001j 0.15291103-0.00001176j 0.00000001+0.00000004j -0.07648165+0.21302532j 0.00000005-0.00000000j 0.58753480+0.00004716j
69.99999999999989 0.25659287-0.00004090j 0.00000005-0.00000000j -0.07541700-0.19950963j -0.00000003-0.00000002j 0.15088080-0.00000799j 0.00000001+0.00000006j -0.07546362+0.19951767j 0.00000005+0.00000001j 0.59252651+0.00004893j
70.99999999999987 0.25470722-0.00004259j 0.00000005+0.00000001j -0.07296054-0.18810086j -0.00000003-0.00000002j 0.14596050-0.00000355j 0.00000001+0.00000008j -0.07299978+0.18810445j 0.00000006+0.00000001j 0.59933246+0.00004618j
71.99999999999987 0.25448905-0.00003958j 0.00000005+0.00000002j -0.06983048-0.17857219j -0.00000003-0.00000002j 0.13968848+0.00000110j 0.00000002+0.00000009j -0.06985783+0.17857113j 0.00000005+0.00000002j 0.60582264+0.00003852j
72.99999999999987 0.25613932-0.00003247j 0.00000004+0.00000002j -0.06671464-0.16992985j -0.00000002-0.00000002j 0.13343700+0.00000518j 0.00000004+0.00000010j -0.06672219+0.16992472j 0.00000005+0.00000003j 0.61042385+0.00002734j
73.99999999999987 0.25928237-0.00002246j 0.00000003+0.00000003j -0.06401203-0.16080942j -0.00000001-0.00000002j 0.12800246+0.00000655j 0.00000005+0.00000009j -0.06399026+0.16080292j 0.00000004+0.00000004j 0.61271534+0.00001596j
74.99999999999987 0.26292899-0.00001132j 0.00000002+0.00000004j -0.06179246-0.15006301j -0.00000001-0.00000002j 0.12352628+0.00000322j 0.00000006+0.00000008j -0.06173364+0.15005983j 0.00000003+0.00000005j 0.61354491+0.00000814j
75.99999999999986 0.26566401-0.00000174j 0.00000001+0.00000005j -0.05990638-0.13730108j 0.00000000-0.00000002j 0.11971486-0.00000394j 0.00000007+0.00000006j -0.05980831+0.13730506j 0.00000001+0.00000005j 0.61462130+0.00000572j
76.99999999999986 0.26608163+0.00000343j 0.00000000+0.00000005j -0.05812897-0.12316083j 0.00000001-0.00000002j 0.11612647-0.00001113j 0.00000007+0.00000004j -0.05799733+0.12317201j 0.00000000+0.00000005j 0.61779207+0.00000774j
77.99999999999984 0.26333955+0.00000296j -0.00000001+0.00000005j -0.05624914-0.10917445j 0.00000002-0.00000002j 0.11234616-0.00001464j 0.00000006+0.00000003j -0.05609684+0.10918914j -0.00000001+0.00000005j 0.62431447+0.00001173j
78.99999999999984 0.25755147-0.00000184j -0.00000002+0.00000004j -0.05412970-0.09727368j 0.00000003-0.00000001j 0.10810311-0.00001353j 0.00000005+0.00000001j -0.05397324+0.09728726j -0.00000002+0.00000004j 0.63434559+0.00001542j
79.99999999999984 0.24977994-0.00000791j -0.00000002+0.00000003j -0.05179648-0.08911439j 0.00000003-0.00000001j 0.10344737-0.00000964j 0.00000004+0.00000000j -0.05165072+0.08912408j -0.00000002+0.00000003j 0.64677286+0.00001760j
80.99999999999983 0.24163122-0.00001231j -0.00000002+0.00000002j -0.04951956-0.08547257j 0.00000002-0.00000000j 0.09891289-0.00000582j 0.00000003-0.00000001j -0.04939316+0.08547843j -0.00000002+0.00000002j 0.65945607+0.00001817j
81.99999999999983 0.23466841-0.00001362j -0.00000001+0.00000001j -0.04778717-0.08593279j 0.00000001+0.00000000j 0.09546783-0.00000402j 0.00000001-0.00000001j -0.04768049+0.08593686j -0.00000002+0.00000001j 0.66986394+0.00001769j
82.99999999999983 0.22989164-0.00001258j -0.00000000+0.00000000j -0.04714290-0.08898183j 0.00000000+0.00000001j 0.09419226-0.00000419j -0.00000000-0.00000002j -0.04704918+0.08898607j -0.00000001+0.00000001j 0.67591628+0.00001681j
83.99999999999983 0.22744739-0.00001146j 0.00000001+0.00000000j -0.04796697-0.09247545j -0.00000001+0.00000002j 0.09584338-0.00000456j -0.00000001-0.00000002j -0.04787623+0.09248006j 0.00000000+0.00000001j 0.67670941+0.00001606j
84.99999999999982 0.22663909-0.00001254j 0.00000002+0.00000000j -0.05031126-0.09431300j -0.00000002+0.00000003j 0.10052684-0.00000338j -0.00000002-0.00000002j -0.05021541+0.09431642j 0.00000001+0.00000001j 0.67283424+0.00001596j
85.99999999999983 0.22623664-0.00001648j 0.00000002+0.00000000j -0.05384486-0.09307766j -0.00000003+0.00000004j 0.10758713-0.00000052j -0.00000003-0.00000001j -0.05374210+0.09307822j 0.00000002+0.00000001j 0.66617640+0.00001704j
86.99999999999983 0.22498743-0.00002192j 0.00000003+0.00000000j -0.05790849-0.08841186j -0.00000003+0.00000005j 0.11571342+0.00000267j -0.00000002+0.00000000j -0.05780476+0.08840923j 0.00000002+0.00000001j 0.65929932+0.00001929j
87.99999999999984 0.22212550-0.00002642j 0.00000003+0.00000001j -0.06166274-0.08100068j -0.00000003+0.00000006j 0.12323255+0.00000487j -0.00000002+0.00000001j -0.06156964+0.08099585j 0.00000003+0.00000001j 0.65464212+0.00002160j
88.99999999999984 0.21763775-0.00002791j 0.00000003+0.00000001j -0.06432344-0.07219377j -0.00000002+0.00000006j 0.12857706+0.00000590j -0.00000001+0.00000002j -0.06425345+0.07218791j 0.00000003+0.00000002j 0.65378536+0.00002206j
89.99999999999984 0.21215780-0.00002539j 0.00000002+0.00000002j -0.06544223-0.06343602j -0.00000002+0.00000005j 0.13084614+0.00000610j -0.00000000+0.00000003j -0.06540374+0.06342996j 0.00000003+0.00000003j 0.65699623+0.00001934j
90.99999999999986 0.20657470-0.00001902j 0.00000002+0.00000004j -0.06511686-0.05573443j -0.00000001+0.00000004j 0.13022827+0.00000532j 0.00000000+0.00000003j -0.06511123+0.05572915j 0.00000002+0.00000004j 0.66319721+0.00001374j
91.99999999999984 0.20160321-0.00001008j 0.00000001+0.00000005j -0.06399114-0.04934528j -0.00000001+0.00000003j 0.12800421+0.00000323j 0.00000001+0.00000003j -0.06401290+0.04934209j 0.00000002+0.00000005j 0.67039275+0.00000690j
92.99999999999986 0.19754553-0.00000078j 0.00000001+0.00000005j -0.06299283-0.04375898j -0.00000001+0.00000002j 0.12602518+0.00000034j 0.00000001+0.00000003j -0.06303218+0.04375869j 0.00000001+0.00000006j 0.67642946+0.00000048j
93.99999999999986 0.19431797+0.00000675j -0.00000000+0.00000006j -0.06290913-0.03794781j -0.00000000+0.00000001j 0.12586464-0.00000225j 0.00000002+0.00000003j -0.06295533+0.03795011j -0.00000000+0.00000006j 0.67981757-0.00000445j
94.99999999999986 0.19164709+0.00001157j -0.00000002+0.00000006j -0.06401030-0.03076349j -0.00000000+0.00000000j 0.12806507-0.00000431j 0.00000002+0.00000003j -0.06405460+0.03076785j -0.00000002+0.00000006j 0.68028801-0.00000721j
95.99999999999987 0.18926337+0.00001420j -0.00000003+0.00000005j -0.06592567-0.02134007j -0.00000000+0.00000000j 0.13188874-0.00000675j 0.00000003+0.00000002j -0.06596290+0.02134686j -0.00000004+0.00000006j 0.67884806-0.00000741j
96.99999999999987 0.18696885+0.00001563j -0.00000004+0.00000004j -0.06784457-0.00937219j -0.00000000+0.00000001j 0.13571813-0.00001014j 0.00000004+0.00000001j -0.06787338+0.00938237j -0.00000005+0.00000005j 0.67731319-0.00000545j
97.99999999999989 0.18458469+0.00001618j -0.00000005+0.00000003j -0.06892760+0.00480568j -0.00000000+0.00000001j 0.13787725-0.00001328j 0.00000004-0.00000001j -0.06894947-0.00479236j -0.00000006+0.00000004j 0.67753824-0.00000286j
98.99999999999989 0.18189192+0.00001567j -0.00000006+0.00000002j -0.06869173+0.02033821j -0.00000001+0.00000001j 0.13740128-0.00001418j 0.00000004-0.00000003j -0.06870938-0.02032399j -0.00000007+0.00000003j 0.68070698-0.00000144j
99.9999999999999 0.17867578+0.00001416j -0.00000006+0.00000001j -0.06716740+0.03610090j -0.00000001+0.00000002j 0.13435085-0.00001235j 0.00000004-0.00000004j -0.06718327-0.03608851j -0.00000007+0.00000001j 0.68697355-0.00000177j
100.9999999999999 0.17487365+0.00001225j -0.00000006-0.00000000j -0.06479201+0.05099087j -0.00000001+0.00000002j 0.12959960-0.00000936j 0.00000003-0.00000005j -0.06480741-0.05098146j -0.00000007-0.00000000j 0.69552692-0.00000284j
101.99999999999991 0.17071674+0.00001027j -0.00000005-0.00000001j -0.06216687+0.06417527j -0.00000002+0.00000003j 0.12434921-0.00000710j 0.00000001-0.00000006j -0.06218216-0.06416813j -0.00000006-0.00000002j 0.70493422-0.00000312j
102.9999999999999 0.16675167+0.00000789j -0.00000004-0.00000002j -0.05983889+0.07524891j -0.00000002+0.00000003j 0.11969322-0.00000599j -0.00000001-0.00000006j -0.05985415-0.07524288j -0.00000004-0.00000003j 0.71355528-0.00000186j
103.9999999999999 0.16372163+0.00000456j -0.00000003-0.00000003j -0.05818147+0.08428512j -0.00000002+0.00000003j 0.11637871-0.00000532j -0.00000003-0.00000006j -0.05819707-0.08427975j -0.00000003-0.00000003j 0.71989983+0.00000081j
104.99999999999991 0.16237174+0.00000023j -0.00000002-0.00000003j -0.05735733+0.09178455j -0.00000002+0.00000003j 0.11473140-0.00000452j -0.00000005-0.00000005j -0.05737390-0.09177998j -0.00000002-0.00000004j 0.72289703+0.00000434j
105.99999999999991 0.16325562-0.00000466j -0.00000001-0.00000003j -0.05732476+0.09853764j -0.00000002+0.00000003j 0.11466760-0.00000355j -0.00000005-0.00000004j -0.05734267-0.09853404j -0.00000001-0.00000004j 0.72207695+0.00000825j
106.99999999999993 0.16659400-0.00000961j -0.00000000-0.00000003j -0.05786878+0.10542404j -0.00000001+0.00000002j 0.11575661-0.00000248j -0.00000006-0.00000003j -0.05788766-0.10542152j -0.00000000-0.00000003j 0.71764956+0.00001213j
107.99999999999993 0.17221706-0.00001441j -0.00000000-0.00000002j -0.05865313+0.11318191j -0.00000001+0.00000002j 0.11732506-0.00000113j -0.00000005-0.00000002j -0.05867176-0.11318074j -0.00000000-0.00000003j 0.71045805+0.00001558j
108.99999999999994 0.17960868-0.00001914j -0.00000000-0.00000002j -0.05929181+0.12219313j -0.00000000+0.00000001j 0.11860050+0.00000093j -0.00000004-0.00000001j -0.05930852-0.12219402j -0.00000000-0.00000003j 0.70179099+0.00001825j
109.99999999999993 0.18804436-0.00002378j -0.00000000-0.00000002j -0.05944012+0.13234373j -0.00000000+0.00000000j 0.11889392+0.00000384j -0.00000003+0.00000000j -0.05945362-0.13234753j -0.00000000-0.00000002j 0.69306189+0.00001998j
110.99999999999994 0.19678128-0.00002780j -0.00000001-0.00000002j -0.05890004+0.14301580j -0.00000000-0.00000000j 0.11781063+0.00000692j -0.00000001+0.00000001j -0.05891041-0.14302267j -0.00000001-0.00000002j 0.68540826+0.00002093j
111.99999999999994 0.20523754-0.00003007j -0.00000001-0.00000001j -0.05771992+0.15323800j -0.00000000-0.00000001j 0.11544932+0.00000876j 0.00000000+0.00000001j -0.05772923-0.15324671j -0.00000001-0.00000002j 0.67931331+0.00002136j
112.99999999999996 0.21310821-0.00002942j -0.00000001-0.00000001j -0.05624467+0.16196990j -0.00000001-0.00000001j 0.11250159+0.00000834j 0.00000002+0.00000000j -0.05625674-0.16197820j -0.00000002-0.00000002j 0.67439038+0.00002112j
113.99999999999996 0.22040706-0.00002534j -0.00000001-0.00000001j -0.05505557+0.16844098j -0.00000001-0.00000002j 0.11013051+0.00000600j 0.00000003-0.00000000j -0.05507477-0.16844694j -0.00000002-0.00000002j 0.66946260+0.00001938j
114.99999999999997 0.22745275-0.00001832j -0.00000002-0.00000002j -0.05476692+0.17243074j -0.00000001-0.00000002j 0.10956340+0.00000302j 0.00000004-0.00000001j -0.05479631-0.17243371j -0.00000002-0.00000002j 0.66298402+0.00001535j
115.99999999999997 0.23479889-0.00000946j -0.00000002-0.00000002j -0.05573964+0.17438176j -0.00000001-0.00000002j 0.11151911+0.00000023j 0.00000004-0.00000001j -0.05577930-0.17438195j -0.00000002-0.00000002j 0.65368217+0.00000927j
116.99999999999999 0.24307131-0.00000012j -0.00000001-0.00000003j -0.05786766+0.17528739j -0.00000001-0.00000002j 0.11578196-0.00000259j 0.00000004-0.00000001j -0.05791412-0.17528475j -0.00000002-0.00000003j 0.64114691+0.00000276j
117.99999999999997 0.25270130+0.00000810j -0.00000001-0.00000003j -0.06058691+0.17637608j -0.00000002-0.00000002j 0.12122091-0.00000598j 0.00000003-0.00000001j -0.06063382-0.17637005j -0.00000001-0.00000003j 0.62607796-0.00000208j
119.0 0.26364344+0.00001353j 0.00000000-0.00000004j -0.06312186+0.17869396j -0.00000001-0.00000002j 0.12628379-0.00000952j 0.00000002-0.00000001j -0.06316175-0.17868440j -0.00000000-0.00000004j 0.61007295-0.00000397j
119.99999999999999 0.27524660+0.00001493j 0.00000002-0.00000004j -0.06482798+0.18273196j -0.00000001-0.00000002j 0.12968266-0.00001182j 0.00000001-0.00000001j -0.06485450-0.18272010j 0.00000001-0.00000004j 0.59507091-0.00000307j
121.0 0.28640370+0.00001240j 0.00000003-0.00000004j -0.06544049+0.18823528j -0.00000001-0.00000002j 0.13089097-0.00001177j -0.00000000-0.00000000j -0.06545031-0.18822347j 0.00000002-0.00000004j 0.58270550-0.00000059j
122.0 0.29594859+0.00000773j 0.00000004-0.00000004j -0.06512511+0.19427218j 0.00000000-0.00000001j 0.13024404-0.00000963j -0.00000002+0.00000000j -0.06511875-0.19426250j 0.00000003-0.00000004j 0.57380755+0.00000195j
123.00000000000001 0.30311505+0.00000378j 0.00000004-0.00000003j -0.06435603+0.19954727j 0.00000001-0.00000000j 0.12869347-0.00000699j -0.00000003+0.00000001j -0.06433727-0.19954023j 0.00000004-0.00000004j 0.56819165+0.00000326j
124.00000000000001 0.30783537+0.00000319j 0.00000005-0.00000002j -0.06371775+0.20285423j 0.00000002+0.00000000j 0.12740983-0.00000555j -0.00000004+0.00000001j -0.06369191-0.20284864j 0.00000005-0.00000003j 0.56475497+0.00000241j
125.00000000000003 0.31075401+0.00000701j 0.00000005-0.00000001j -0.06371293+0.20350738j 0.00000004+0.00000001j 0.12739779-0.00000588j -0.00000004+0.00000002j -0.06368469-0.20350145j 0.00000005-0.00000002j 0.56184837-0.00000109j
126.00000000000001 0.31298479+0.00001431j 0.00000005-0.00000001j -0.06460803+0.20159465j 0.00000005+0.00000002j 0.12918793-0.00000723j -0.00000004+0.00000002j -0.06457972-0.20158738j 0.00000005-0.00000001j 0.55782746-0.00000704j
127.00000000000004 0.31574025+0.00002270j 0.00000005+0.00000000j -0.06633120+0.19795856j 0.00000006+0.00000002j 0.13263384-0.00000828j -0.00000004+0.00000002j -0.06630247-0.19795023j 0.00000005-0.00000000j 0.55162608-0.00001437j
128.00000000000003 0.31996865+0.00002946j 0.00000005+0.00000001j -0.06845908+0.19391279j 0.00000006+0.00000002j 0.13688713-0.00000807j -0.00000003+0.00000002j -0.06842787-0.19390467j 0.00000005+0.00000001j 0.54314440-0.00002134j
129.00000000000003 0.32609272+0.00003263j 0.00000004+0.00000002j -0.07033190+0.19080155j 0.00000007+0.00000002j 0.14062824-0.00000645j -0.00000002+0.00000002j -0.07029617-0.19079505j 0.00000004+0.00000001j 0.53327921-0.00002614j
130.00000000000003 0.33391217+0.00003165j 0.00000003+0.00000002j -0.07127916+0.18956449j 0.00000007+0.00000002j 0.14251787-0.00000397j -0.00000001+0.00000002j -0.07123854-0.18956047j 0.00000004+0.00000002j 0.52357013-0.00002764j
131.00000000000003 0.34270370+0.00002733j 0.00000003+0.00000002j -0.07086301+0.19046139j 0.00000006+0.00000001j 0.14168278-0.00000143j 0.00000000+0.00000002j -0.07081960-0.19045992j 0.00000003+0.00000002j 0.51561369-0.00002585j
132.00000000000006 0.35149556+0.00002142j 0.00000002+0.00000003j -0.06902818+0.19304404j 0.00000006+0.00000001j 0.13801446+0.00000055j 0.00000002+0.00000002j -0.06898610-0.19304454j 0.00000003+0.00000003j 0.51049016-0.00002192j
133.00000000000006 0.35941488+0.00001595j 0.00000002+0.00000003j -0.06610617+0.19636731j 0.00000005-0.00000000j 0.13217655+0.00000169j 0.00000003+0.00000001j -0.06607021-0.19636895j 0.00000002+0.00000003j 0.50840875-0.00001760j
134.00000000000006 0.36596827+0.00001256j 0.00000001+0.00000003j -0.06269871+0.19934780j 0.00000004-0.00000001j 0.12537155+0.00000220j 0.00000004+0.00000001j -0.06267267-0.19934996j 0.00000001+0.00000003j 0.50866035-0.00001471j
135.00000000000006 0.37116046+0.00001193j 0.00000000+0.00000003j -0.05949726+0.20113695j 0.00000002-0.00000002j 0.11898004+0.00000267j 0.00000005+0.00000000j -0.05948261-0.20113958j 0.00000001+0.00000003j 0.50985967-0.00001456j
136.00000000000009 0.37544660+0.00001382j -0.00000000+0.00000002j -0.05708388+0.20138532j 0.00000001-0.00000002j 0.11416338+0.00000359j 0.00000006-0.00000001j -0.05707933-0.20138887j 0.00000000+0.00000003j 0.51039019-0.00001737j
137.00000000000006 0.37957154+0.00001747j -0.00000000+0.00000002j -0.05575639+0.20032353j -0.00000000-0.00000002j 0.11151509+0.00000469j 0.00000006-0.00000001j -0.05575853-0.20032817j -0.00000000+0.00000002j 0.50891355-0.00002211j
138.00000000000009 0.38434555+0.00002200j -0.00000000+0.00000001j -0.05544229+0.19865047j -0.00000001-0.00000001j 0.11088957+0.00000494j 0.00000005-0.00000002j -0.05544711-0.19865537j -0.00000000+0.00000001j 0.50476505-0.00002689j
139.00000000000009 0.39039132+0.00002652j 0.00000000+0.00000000j -0.05576179+0.19728133j -0.00000002-0.00000000j 0.11152820+0.00000351j 0.00000004-0.00000002j -0.05576623-0.19728480j -0.00000000+0.00000001j 0.49808066-0.00002998j
140.00000000000009 0.39791922+0.00003009j 0.00000001+0.00000000j -0.05623034+0.19704745j -0.00000002+0.00000001j 0.11246381+0.00000066j 0.00000003-0.00000002j -0.05623329-0.19704807j 0.00000000+0.00000000j 0.48961715-0.00003071j
141.00000000000009 0.40662257+0.00003194j 0.00000001-0.00000000j -0.05649826+0.19844667j -0.00000002+0.00000001j 0.11299901-0.00000239j 0.00000002-0.00000003j -0.05650057-0.19844424j 0.00000001-0.00000000j 0.48037860-0.00002951j
142.0000000000001 0.41576393+0.00003180j 0.00000002-0.00000000j -0.05649661+0.20151415j -0.00000002+0.00000002j 0.11299708-0.00000450j 0.00000001-0.00000002j -0.05650029-0.20150961j 0.00000001-0.00000000j 0.47123917-0.00002726j
143.0000000000001 0.42443459+0.00003002j 0.00000002+0.00000000j -0.05642650+0.20583639j -0.00000001+0.00000002j 0.11286017-0.00000538j -0.00000001-0.00000002j -0.05643350-0.20583096j 0.00000002+0.00000000j 0.46270541-0.00002460j
144.0000000000001 0.43187499+0.00002724j 0.00000002+0.00000001j -0.05663187+0.21068567j -0.00000001+0.00000002j 0.11327519-0.00000547j -0.00000002-0.00000001j -0.05664314-0.21068016j 0.00000002+0.00000000j 0.45485000-0.00002173j
145.0000000000001 0.43772411+0.00002396j 0.00000001+0.00000001j -0.05744479+0.21522436j 0.00000000+0.00000001j 0.11490482-0.00000523j -0.00000002-0.00000001j -0.05745986-0.21521908j 0.00000002+0.00000001j 0.44737124-0.00001868j
146.0000000000001 0.44212521+0.00002045j 0.00000001+0.00000002j -0.05906432+0.21872102j 0.00000001+0.00000001j 0.11814603-0.00000492j -0.00000002+0.00000000j -0.05908154-0.21871606j 0.00000001+0.00000001j 0.43972893-0.00001549j
147.0000000000001 0.44568910+0.00001690j 0.00000000+0.00000002j -0.06148259+0.22072683j 0.00000001+0.00000000j 0.12298258-0.00000451j -0.00000002+0.00000001j -0.06149982-0.22072227j 0.00000000+0.00000002j 0.43132850-0.00001235j
148.00000000000014 0.44934724+0.00001358j -0.00000001+0.00000002j -0.06445774+0.22117431j 0.00000002-0.00000001j 0.12893096-0.00000391j -0.00000001+0.00000001j -0.06447304-0.22117036j -0.00000000+0.00000002j 0.42172197-0.00000962j
149.00000000000014 0.45412461+0.00001082j -0.00000002+0.00000002j -0.06754618+0.22037853j 0.00000002-0.00000002j 0.13510461-0.00000307j -0.00000000+0.00000002j -0.06755825-0.22037541j -0.00000001+0.00000002j 0.41077096-0.00000770j
150.00000000000014 0.46086745+0.00000893j -0.00000002+0.00000001j -0.07020471+0.21894073j 0.00000002-0.00000002j 0.14041781-0.00000219j 0.00000001+0.00000002j -0.07021292-0.21893850j -0.00000002+0.00000002j 0.39871492-0.00000670j
151.00000000000014 0.46998726+0.00000791j -0.00000003+0.00000001j -0.07194279+0.21757539j 0.00000001-0.00000003j 0.14389002-0.00000157j 0.00000001+0.00000001j -0.07194706-0.21757378j -0.00000003+0.00000001j 0.38612290-0.00000630j
152.00000000000017 0.48130496+0.00000730j -0.00000003+0.00000000j -0.07247095+0.21689954j 0.00000000-0.00000003j 0.14494273-0.00000140j 0.00000002+0.00000001j -0.07247160-0.21689809j -0.00000003+0.00000001j 0.37375249-0.00000586j
153.00000000000014 0.49406593+0.00000627j -0.00000003-0.00000000j -0.07178533+0.21723687j -0.00000001-0.00000003j 0.14356852-0.00000154j 0.00000002+0.00000000j -0.07178301-0.21723528j -0.00000003+0.00000000j 0.36236573-0.00000468j
154.00000000000014 0.50714019+0.00000401j -0.00000003-0.00000001j -0.07015838+0.21849334j -0.00000002-0.00000003j 0.14031260-0.00000178j 0.00000002-0.00000001j -0.07015405-0.21849152j -0.00000003-0.00000000j 0.35254738-0.00000219j
155.00000000000017 0.51934856+0.00000030j -0.00000003-0.00000002j -0.06804957+0.22014970j -0.00000002-0.00000002j 0.13609415-0.00000208j 0.00000002-0.00000001j -0.06804441-0.22014757j -0.00000003-0.00000001j 0.34455746+0.00000182j
156.00000000000017 0.52980731-0.00000436j -0.00000002-0.00000002j -0.06597461+0.22138723j -0.00000003-0.00000002j 0.13194462-0.00000262j 0.00000002-0.00000002j -0.06596984-0.22138456j -0.00000002-0.00000002j 0.33824824+0.00000702j
157.00000000000017 0.53818411-0.00000890j -0.00000002-0.00000003j -0.06436808+0.22132041j -0.00000003-0.00000001j 0.12873282-0.00000351j 0.00000002-0.00000002j -0.06436456-0.22131686j -0.00000002-0.00000002j 0.33308324+0.00001245j
158.00000000000017 0.54479139-0.00001210j -0.00000001-0.00000003j -0.06346399+0.21926901j -0.00000004-0.00000000j 0.12692599-0.00000459j 0.00000001-0.00000002j -0.06346183-0.21926438j -0.00000001-0.00000003j 0.32828279+0.00001673j
159.0000000000002 0.55048620-0.00001304j -0.00000000-0.00000003j -0.06322216+0.21498052j -0.00000004+0.00000000j 0.12644276-0.00000549j 0.00000001-0.00000002j -0.06322043-0.21497499j -0.00000001-0.00000003j 0.32307121+0.00001857j
160.00000000000017 0.55638928-0.00001143j 0.00000001-0.00000003j -0.06333746+0.20872356j -0.00000004+0.00000001j 0.12667182-0.00000590j 0.00000000-0.00000002j -0.06333419-0.20871762j 0.00000000-0.00000003j 0.31693907+0.00001737j
161.0000000000002 0.56348898-0.00000772j 0.00000001-0.00000003j -0.06335443+0.20121325j -0.00000004+0.00000001j 0.12670162-0.00000571j -0.00000000-0.00000002j -0.06334701-0.20120749j 0.00000001-0.00000003j 0.30980957+0.00001348j
162.0000000000002 0.57225158-0.00000307j 0.00000002-0.00000002j -0.06286244+0.19338672j -0.00000003+0.00000001j 0.12571104-0.00000502j -0.00000001-0.00000002j -0.06284842-0.19338165j 0.00000001-0.00000002j 0.30203756+0.00000813j
163.0000000000002 0.58238757+0.00000108j 0.00000002-0.00000002j -0.06169275+0.18610007j -0.00000002+0.00000002j 0.12336369-0.00000399j -0.00000001-0.00000001j -0.06167076-0.18609604j 0.00000001-0.00000002j 0.29424891+0.00000295j
164.0000000000002 0.59288987+0.00000346j 0.00000002-0.00000001j -0.06002076+0.17984849j -0.00000001+0.00000002j 0.12001225-0.00000279j -0.00000002-0.00000001j -0.05999131-0.17984566j 0.00000001-0.00000001j 0.28709805-0.00000062j
165.00000000000023 0.60236057+0.00000348j 0.00000001-0.00000001j -0.05831483+0.17460776j -0.00000000+0.00000001j 0.11659553-0.00000154j -0.00000002-0.00000001j -0.05828053-0.17460618j 0.00000001-0.00000001j 0.28104407-0.00000190j
166.00000000000023 0.60951705+0.00000148j 0.00000001-0.00000000j -0.05714870+0.16985708j 0.00000001+0.00000001j 0.11426259-0.00000030j -0.00000001-0.00000000j -0.05711372-0.16985674j 0.00000001-0.00000000j 0.27622053-0.00000113j
167.00000000000023 0.61367965-0.00000149j 0.00000000+0.00000000j -0.05696286+0.16478031j 0.00000002+0.00000000j 0.11389477+0.00000084j -0.00000001+0.00000000j -0.05693174-0.16478111j 0.00000000+0.00000000j 0.27242575+0.00000069j
168.00000000000023 0.61504131-0.00000402j -0.00000000+0.00000000j -0.05788281+0.15857652j 0.00000003-0.00000001j 0.11574195+0.00000168j -0.00000001+0.00000000j -0.05785897-0.15857816j -0.00000000+0.00000000j 0.26921691+0.00000238j
169.00000000000023 0.61460869-0.00000505j -0.00000001+0.00000000j -0.05967052+0.15076829j 0.00000004-0.00000001j 0.11932584+0.00000206j -0.00000001+0.00000000j -0.05965515-0.15077030j -0.00000001+0.00000000j 0.26606564+0.00000304j
170.00000000000023 0.61384007-0.00000425j -0.00000001+0.00000000j -0.06182184+0.14139613j 0.00000004-0.00000002j 0.12363551+0.00000193j -0.00000001+0.00000000j -0.06181350-0.14139802j -0.00000001-0.00000000j 0.26252459+0.00000236j
171.00000000000026 0.61412465-0.00000212j -0.00000001-0.00000000j -0.06376079+0.13103016j 0.00000004-0.00000003j 0.12751704+0.00000150j -0.00000000+0.00000000j -0.06375607-0.13103162j -0.00000002-0.00000000j 0.25835849+0.00000066j
172.00000000000026 0.61630175+0.00000037j -0.00000002-0.00000001j -0.06504793+0.12059821j 0.00000003-0.00000003j 0.13009089+0.00000103j -0.00000000-0.00000000j -0.06504278-0.12059919j -0.00000002-0.00000001j 0.25360754-0.00000135j
173.00000000000026 0.62039291+0.00000227j -0.00000001-0.00000001j -0.06552220+0.11109407j 0.00000002-0.00000003j 0.13103583+0.00000069j -0.00000000-0.00000001j -0.06551346-0.11109472j -0.00000001-0.00000001j 0.24857143-0.00000291j
174.00000000000026 0.62563241+0.00000309j -0.00000001-0.00000002j -0.06532868+0.10326869j 0.00000001-0.00000003j 0.13064414+0.00000046j -0.00000000-0.00000001j -0.06531529-0.10326911j -0.00000001-0.00000001j 0.24372362-0.00000351j
175.00000000000028 0.63076955+0.00000296j -0.00000000-0.00000002j -0.06483282+0.09740824j 0.00000000-0.00000002j 0.12964918+0.00000018j -0.00000000-0.00000001j -0.06481618-0.09740838j -0.00000001-0.00000002j 0.23958145-0.00000309j
176.00000000000026 0.63452139+0.00000246j 0.00000000-0.00000002j -0.06446333+0.09326973j -0.00000001-0.00000001j 0.12891040-0.00000041j -0.00000001-0.00000002j -0.06444689-0.09326928j 0.00000000-0.00000002j 0.23656839-0.00000200j
177.00000000000028 0.63601138+0.00000233j 0.00000001-0.00000003j -0.06454623+0.09018776j -0.00000001+0.00000001j 0.12908079-0.00000144j -0.00000001-0.00000002j -0.06453438-0.09018627j 0.00000001-0.00000003j 0.23490801-0.00000084j
178.00000000000028 0.63504620+0.00000308j 0.00000002-0.00000003j -0.06518824+0.08730716j -0.00000002+0.00000002j 0.13037337-0.00000280j -0.00000001-0.00000003j -0.06518495-0.08730432j 0.00000001-0.00000003j 0.23458061-0.00000024j
179.00000000000028 0.63214778+0.00000483j 0.00000003-0.00000002j -0.06624759+0.08385649j -0.00000002+0.00000004j 0.13250300-0.00000420j -0.00000001-0.00000003j -0.06625524-0.08385224j 0.00000002-0.00000003j 0.23534940-0.00000058j
180.00000000000028 0.62834480+0.00000724j 0.00000003-0.00000002j -0.06739924+0.07937021j -0.00000001+0.00000005j 0.13481741-0.00000541j -0.00000001-0.00000003j -0.06741800-0.07936475j 0.00000003-0.00000002j 0.23683796-0.00000179j
181.00000000000028 0.62481231+0.00000972j 0.00000004-0.00000001j -0.06826457+0.07379371j -0.00000001+0.00000005j 0.13655721-0.00000631j -0.00000001-0.00000003j -0.06829247-0.07378736j 0.00000003-0.00000002j 0.23863065-0.00000337j
182.0000000000003 0.62249575+0.00001161j 0.00000004-0.00000000j -0.06854949+0.06744977j -0.00000000+0.00000005j 0.13713283-0.00000690j -0.00000001-0.00000003j -0.06858317-0.06744282j 0.00000003-0.00000001j 0.24037159-0.00000467j
183.00000000000028 0.62184514+0.00001239j 0.00000004+0.00000001j -0.06813911+0.06089112j 0.00000001+0.00000005j 0.13631407-0.00000717j -0.00000001-0.00000002j -0.06817479-0.06088391j 0.00000003-0.00000000j 0.24184096-0.00000517j
184.0000000000003 0.62272766+0.00001181j 0.00000003+0.00000001j -0.06712541+0.05469595j 0.00000001+0.00000004j 0.13428550-0.00000699j -0.00000001-0.00000002j -0.06715991-0.05468891j 0.00000003+0.00000001j 0.24298702-0.00000477j
185.0000000000003 0.62452069+0.00000999j 0.00000002+0.00000002j -0.06577267+0.04927355j 0.00000002+0.00000003j 0.13157685-0.00000623j -0.00000000-0.00000001j -0.06580400-0.04926728j 0.00000002+0.00000002j 0.24390264-0.00000371j
186.0000000000003 0.62634122+0.00000730j 0.00000002+0.00000002j -0.06443548+0.04473705j 0.00000003+0.00000002j 0.12889874-0.00000480j 0.00000000-0.00000000j -0.06446309-0.04473220j 0.00000002+0.00000002j 0.24476021-0.00000246j
187.0000000000003 0.62734269+0.00000428j 0.00000001+0.00000003j -0.06344727+0.04087385j 0.00000003+0.00000001j 0.12691934-0.00000287j 0.00000001+0.00000001j -0.06347189-0.04087093j 0.00000001+0.00000002j 0.24573815-0.00000137j
188.00000000000034 0.62699457+0.00000150j 0.00000000+0.00000002j -0.06300807+0.03721386j 0.00000003-0.00000001j 0.12603952-0.00000093j 0.00000001+0.00000001j -0.06303128-0.03721289j 0.00000000+0.00000002j 0.24696609-0.00000053j
189.00000000000034 0.62525688-0.00000062j -0.00000000+0.00000002j -0.06311477+0.03316867j 0.00000003-0.00000002j 0.12625343+0.00000037j 0.00000001+0.00000002j -0.06313848-0.03316900j -0.00000000+0.00000002j 0.24848987+0.00000029j
190.00000000000034 0.62258895-0.00000202j -0.00000001+0.00000002j -0.06357110+0.02819990j 0.00000003-0.00000002j 0.12716831+0.00000070j 0.00000001+0.00000002j -0.06359704-0.02820056j -0.00000000+0.00000002j 0.25024291+0.00000137j
191.00000000000034 0.61979367-0.00000301j -0.00000001+0.00000002j -0.06407543+0.02197203j 0.00000002-0.00000003j 0.12818040+0.00000027j 0.00000001+0.00000002j -0.06410480-0.02197225j -0.00000001+0.00000002j 0.25202610+0.00000279j
192.00000000000034 0.61776236-0.00000404j -0.00000001+0.00000001j -0.06434106+0.01445131j 0.00000001-0.00000003j 0.12871548-0.00000026j 0.00000001+0.00000002j -0.06437425-0.01445101j -0.00000001+0.00000001j 0.25352233+0.00000435j
193.00000000000034 0.61721159-0.00000547j -0.00000001+0.00000001j -0.06419174+0.00592594j 0.00000001-0.00000003j 0.12842012-0.00000027j 0.00000001+0.00000002j -0.06422821-0.00592562j -0.00000001+0.00000001j 0.25436847+0.00000578j
194.00000000000037 0.61848411-0.00000728j -0.00000000+0.00000001j -0.06360270-0.00305999j 0.00000000-0.00000002j 0.12724391+0.00000044j 0.00000000+0.00000001j -0.06364103+0.00305960j -0.00000001+0.00000001j 0.25427216+0.00000689j
195.00000000000037 0.62145150-0.00000924j -0.00000000+0.00000000j -0.06269210-0.01184473j -0.00000000-0.00000002j 0.12542257+0.00000153j -0.00000000+0.00000001j -0.06273029+0.01184324j -0.00000000+0.00000000j 0.25312610+0.00000775j
196.00000000000037 0.62553281-0.00001105j 0.00000000+0.00000000j -0.06168067-0.01982590j -0.00000001-0.00000001j 0.12339752+0.00000250j -0.00000001+0.00000001j -0.06171667+0.01982344j 0.00000000+0.00000000j 0.25106984+0.00000859j
197.00000000000037 0.62982931-0.00001250j 0.00000000+0.00000000j -0.06083159-0.02662816j -0.00000001-0.00000000j 0.12169571+0.00000290j -0.00000001+0.00000001j -0.06086394+0.02662530j 0.00000000+0.00000000j 0.24847515+0.00000965j
198.0000000000004 0.63335215-0.00001355j 0.00000000+0.00000001j -0.06037878-0.03221212j -0.00000001+0.00000000j 0.12078605+0.00000259j -0.00000001+0.00000000j -0.06040709+0.03220957j 0.00000000+0.00000000j 0.24586198+0.00001100j
199.00000000000037 0.63528596-0.00001416j 0.00000001+0.00000001j -0.06045953-0.03688822j -0.00000001+0.00000001j 0.12094432+0.00000170j -0.00000001+0.00000000j -0.06048461+0.03688657j 0.00000001+0.00000001j 0.24376990+0.00001251j
