# vmf_atol: 1e-07 | ps2_atol: 1e-07 | ps2_ratio: 2.0 | ode_method: dopri5 | ode_atol: 1e-07 | ode_rtol: 1e-05 | vmf_reg_method: extend | vmf_reg_type: ip | cache_svd_info: True
# frame = {Node('[H]0'): [End('[H]i'), End('[H]j'), Node('[H]3')], Node('[H]3'): [Node('[H]0'), Node('[H]2'), Node('[H]1')], Node('[H]2'): [Node('[H]3'), End('[H]0-2'), End('[H]0-3')], Node('[H]1'): [Node('[H]3'), End('[H]0-0'), End('[H]0-1')]}
# time ode_steps max_rank tr norm
# # ([H]0)-([H]3) ([H]3)-([H]1) ([H]3)-([H]2)
0.0 0 3 1.0 1.0 2439
# 3 3 3
1.0 188 3 0.9999959358492362 1.0036318768521686 2439
# 3 3 3
2.0 188 3 0.9999927308697614 1.0142666172508286 2439
# 3 3 3
3.0 182 3 0.9999471420576498 1.0312003129087535 2439
# 3 3 3
4.0 182 3 0.9997367702539551 1.0533927864627484 2439
# 3 3 3
5.000000000000001 182 3 0.9991441200329809 1.0795840418653182 2439
# 3 3 3
6.0 188 3 0.9978975839947397 1.1083956537314417 2439
# 3 3 3
7.000000000000001 188 3 0.9957419478251829 1.138399235088973 2439
# 3 3 3
8.0 182 3 0.9925051780662362 1.1681594551460142 2439
# 3 3 3
9.0 182 3 0.9881417079594688 1.1962732619819176 2439
# 3 3 3
10.000000000000002 182 3 0.9827477322474344 1.2214277316983755 2439
# 3 3 3
11.0 182 3 0.9765526988681796 1.242485940169678 2439
# 3 3 3
12.0 182 3 0.9698941656645412 1.2585937630514705 2439
# 3 3 3
13.000000000000002 182 3 0.9631818016020023 1.269285655607193 2439
# 3 3 3
14.000000000000002 182 3 0.9568559363353301 1.2745599133777588 2439
# 3 3 3
15.000000000000002 182 3 0.9513464187524191 1.2748965226087832 2439
# 3 3 3
16.0 182 3 0.9470379375501075 1.2712007328717914 2439
# 3 3 3
17.0 182 3 0.9442464525459312 1.2646731660881667 2439
# 3 3 3
18.0 182 3 0.9432028062407851 1.2566231315811223 2439
# 3 3 3
19.000000000000004 182 3 0.944025381501862 1.2482570114632803 2439
# 3 3 3
20.000000000000004 182 3 0.9466618036825142 1.2404821857850006 2439
# 3 3 3
21.000000000000004 182 3 0.9508132354022366 1.2337699674418487 2439
# 3 3 3
22.0 182 3 0.9559129432300408 1.22811563359818 2439
# 3 3 3
23.0 182 3 0.9612263653237231 1.2231169369339188 2439
# 3 3 3
24.0 182 3 0.9660481963770366 1.2181591400249134 2439
# 3 3 3
25.000000000000004 182 3 0.9698828090889262 1.2126549771940265 2439
# 3 3 3
26.000000000000004 182 3 0.972506010566285 1.2062571237543611 2439
# 3 3 3
27.000000000000004 182 3 0.9739006587320995 1.198968722863244 2439
# 3 3 3
28.000000000000004 182 3 0.9741286565566043 1.191124116219191 2439
# 3 3 3
29.000000000000004 182 3 0.9732068140705978 1.1832728668839627 2439
# 3 3 3
30.000000000000004 182 3 0.9710402883769848 1.1760367181985616 2439
# 3 3 3
31.000000000000004 182 3 0.9674511193329571 1.1700001927658126 2439
# 3 3 3
32.0 182 3 0.962298058285099 1.1656568039192203 2439
# 3 3 3
33.0 182 3 0.9556245093774208 1.1633861379927701 2439
# 3 3 3
34.0 182 3 0.9477495639403778 1.163419077579049 2439
# 3 3 3
35.0 182 3 0.9392585891463308 1.16576726666436 2439
# 3 3 3
36.0 182 3 0.9309100873735787 1.1701391767768203 2439
# 3 3 3
37.0 182 3 0.9235057442172606 1.175896710321632 2439
# 3 3 3
38.00000000000001 182 3 0.9177625442383748 1.1821033882316694 2439
# 3 3 3
39.00000000000001 182 3 0.9142055844500714 1.1876818369584878 2439
# 3 3 3
40.00000000000001 182 3 0.913093614931107 1.1916523154212535 2439
# 3 3 3
41.00000000000001 182 3 0.9143953451697208 1.1933840893733376 2439
# 3 3 3
42.00000000000001 182 3 0.917827982892744 1.1927757971350121 2439
# 3 3 3
43.00000000000001 182 3 0.9229386809326975 1.1902999463538508 2439
# 3 3 3
44.0 182 3 0.9291777512501658 1.1868914465969655 2439
# 3 3 3
44.99999999999999 182 3 0.935921146681745 1.1837200137702872 2439
# 3 3 3
45.99999999999999 182 3 0.9424468354800606 1.1819190814649991 2439
# 3 3 3
46.99999999999999 182 3 0.9479250012512866 1.1823461691284645 2439
# 3 3 3
47.999999999999986 182 3 0.9515108784064501 1.1854203580581193 2439
# 3 3 3
48.99999999999998 182 3 0.9525856839965756 1.1910459733798107 2439
# 3 3 3
49.99999999999997 182 3 0.9510423158744723 1.1986077397085682 2439
# 3 3 3
50.999999999999964 182 3 0.9473673095476692 1.2070221432810828 2439
# 3 3 3
51.999999999999964 188 3 0.9423768397466777 1.2148392513665964 2439
# 3 3 3
52.99999999999996 188 3 0.9368135277769483 1.2204039978771701 2439
# 3 3 3
53.999999999999964 188 3 0.9311694109162473 1.2220899096793567 2439
# 3 3 3
54.99999999999996 188 3 0.9258159244484907 1.2185911369111821 2439
# 3 3 3
55.99999999999995 188 3 0.9211709154701995 1.2091998932627315 2439
# 3 3 3
56.99999999999994 182 3 0.9176711351931064 1.1939758098980224 2439
# 3 3 3
57.999999999999936 182 3 0.9155925672360541 1.1737479362496248 2439
# 3 3 3
58.999999999999936 182 3 0.9148714850728724 1.1499649104202248 2439
# 3 3 3
59.99999999999993 182 3 0.9150344058725404 1.1244590338822875 2439
# 3 3 3
60.99999999999992 182 3 0.9152999551291143 1.099192884724757 2439
# 3 3 3
61.999999999999915 182 3 0.9148459599373764 1.0760264610389496 2439
# 3 3 3
62.99999999999991 182 3 0.9131238156040227 1.0565200240583217 2439
# 3 3 3
63.999999999999915 182 3 0.9100503541371192 1.0417814688130353 2439
# 3 3 3
64.99999999999991 182 3 0.9059819255222138 1.0323689141716976 2439
# 3 3 3
65.9999999999999 182 3 0.9015086098572647 1.028259787018824 2439
# 3 3 3
66.9999999999999 182 3 0.897204612828491 1.0289033177331015 2439
# 3 3 3
67.9999999999999 182 3 0.8934842865955757 1.0333736400914977 2439
# 3 3 3
68.99999999999989 182 3 0.890607492252884 1.0406081850196394 2439
# 3 3 3
69.99999999999989 182 3 0.8887389924009055 1.049650436906352 2439
# 3 3 3
70.99999999999987 182 3 0.887956159666589 1.0597981846039204 2439
# 3 3 3
71.99999999999987 182 3 0.8881893392071212 1.0706191151470799 2439
# 3 3 3
72.99999999999987 182 3 0.889139369106318 1.0818756239750464 2439
# 3 3 3
73.99999999999987 182 3 0.8902306286492845 1.0934434174025065 2439
# 3 3 3
74.99999999999987 182 3 0.8906642085965936 1.1052835967653698 2439
# 3 3 3
75.99999999999986 182 3 0.8896254150610217 1.1174573698898782 2439
# 3 3 3
76.99999999999986 182 3 0.8866104852685726 1.1301173157759512 2439
# 3 3 3
77.99999999999984 182 3 0.881675811697326 1.1434101686706775 2439
# 3 3 3
78.99999999999984 182 3 0.8753648067190953 1.1572826389091768 2439
# 3 3 3
79.99999999999984 188 3 0.8683109275896097 1.1712552181357831 2439
# 3 3 3
80.99999999999983 188 3 0.8608741530765969 1.1842842560547866 2439
# 3 3 3
81.99999999999983 188 3 0.8531917339859874 1.1948265835660443 2439
# 3 3 3
82.99999999999983 188 3 0.8455167677039885 1.2011362234776874 2439
# 3 3 3
83.99999999999983 182 3 0.8382561488523708 1.201726680479431 2439
# 3 3 3
84.99999999999982 188 3 0.8316773354958316 1.1958310983998646 2439
# 3 3 3
85.99999999999983 182 3 0.8258751620217588 1.1836224123529548 2439
# 3 3 3
86.99999999999983 188 3 0.820963671305226 1.1661063041946815 2439
# 3 3 3
87.99999999999984 182 3 0.8170894436666369 1.1448223454323738 2439
# 3 3 3
88.99999999999984 182 3 0.8142567245525674 1.1215252084593623 2439
# 3 3 3
89.99999999999984 182 3 0.8122436271929723 1.0979400045283991 2439
# 3 3 3
90.99999999999986 188 3 0.8107363277188375 1.075634508512537 2439
# 3 3 3
91.99999999999984 188 3 0.8094982546298557 1.0559980797504045 2439
# 3 3 3
92.99999999999986 188 3 0.8084097555449337 1.0402582194388248 2439
# 3 3 3
93.99999999999986 188 3 0.8074529482249901 1.0294658515815744 2439
# 3 3 3
94.99999999999986 182 3 0.8067498004123822 1.0244412465953197 2439
# 3 3 3
95.99999999999987 188 3 0.8065918792389697 1.0257158819901755 2439
# 3 3 3
96.99999999999987 182 3 0.807330186341416 1.0334843329285186 2439
# 3 3 3
97.99999999999989 182 3 0.8091582837795925 1.047547347215039 2439
# 3 3 3
98.99999999999989 182 3 0.8119736744817319 1.0672429025179926 2439
# 3 3 3
99.9999999999999 182 3 0.815427786365758 1.091413466363707 2439
# 3 3 3
100.9999999999999 182 3 0.8191362062923035 1.1184915072069204 2439
# 3 3 3
101.99999999999991 182 3 0.8229346551833381 1.146753964964549 2439
# 3 3 3
102.9999999999999 182 3 0.8269935196583618 1.1747253861081084 2439
# 3 3 3
103.9999999999999 188 3 0.83163190639822 1.2015957727077462 2439
# 3 3 3
104.99999999999991 182 3 0.8368800753967691 1.2274462233829615 2439
# 3 3 3
105.99999999999991 182 3 0.8420791608701188 1.2530933003154743 2439
# 3 3 3
106.99999999999993 182 3 0.845898717534052 1.2795236871622315 2439
# 3 3 3
107.99999999999993 182 3 0.8469713176806708 1.307209536910918 2439
# 3 3 3
108.99999999999994 188 3 0.8446447398518493 1.3358018134473786 2439
# 3 3 3
109.99999999999993 188 3 0.8390107747425328 1.3643570574522357 2439
# 3 3 3
110.99999999999994 188 3 0.8305732607691347 1.3917113245042552 2439
# 3 3 3
111.99999999999994 194 3 0.8202300339847113 1.4166680987426055 2439
# 3 3 3
112.99999999999996 188 3 0.8092404739196228 1.4379904631706293 2439
# 3 3 3
113.99999999999996 188 3 0.7987331701240704 1.454310119158828 2439
# 3 3 3
114.99999999999997 188 3 0.7891709383386339 1.4640566211685277 2439
# 3 3 3
115.99999999999997 188 3 0.7803985123376479 1.465527402550863 2439
# 3 3 3
116.99999999999999 188 3 0.7720333469475444 1.457228313791898 2439
# 3 3 3
117.99999999999997 194 3 0.7637240665065644 1.4384611001609504 2439
# 3 3 3
119.0 188 3 0.7552444904567903 1.4098871088411034 2439
# 3 3 3
119.99999999999999 182 3 0.7465651785662206 1.37371475760249 2439
# 3 3 3
121.0 188 3 0.7379635061816265 1.3333602303382863 2439
# 3 3 3
122.0 182 3 0.7301021583250875 1.2927498181470174 2439
# 3 3 3
123.00000000000001 188 3 0.7239317668088798 1.2556049340644746 2439
# 3 3 3
124.00000000000001 182 3 0.7203440049146367 1.2249533926011202 2439
# 3 3 3
125.00000000000003 182 3 0.7197167444462904 1.2029098733885313 2439
# 3 3 3
126.00000000000001 182 3 0.7217129329425436 1.1906441639127023 2439
# 3 3 3
127.00000000000004 182 3 0.7254841160509775 1.1884324117373068 2439
# 3 3 3
128.00000000000003 182 3 0.7300397743656866 1.19573862494658 2439
# 3 3 3
129.00000000000003 182 3 0.7345534843048128 1.2113681300892667 2439
# 3 3 3
130.00000000000003 182 3 0.7385203753062937 1.2337891232605795 2439
# 3 3 3
131.00000000000003 182 3 0.7417424288106593 1.2616311111451368 2439
# 3 3 3
132.00000000000006 182 3 0.7442198248259813 1.294207855807782 2439
# 3 3 3
133.00000000000006 182 3 0.7460681994671934 1.3317937036543035 2439
# 3 3 3
134.00000000000006 188 3 0.7474308534732895 1.3754616339688355 2439
# 3 3 3
135.00000000000006 188 3 0.7482451134782099 1.4265438188813997 2439
# 3 3 3
136.00000000000009 188 3 0.7480368447770122 1.4860042477940463 2439
# 3 3 3
137.00000000000006 188 3 0.7462555768390835 1.5539618926565202 2439
# 3 3 3
138.00000000000009 188 3 0.7429938172570333 1.6293449019098036 2439
# 3 3 3
139.00000000000009 188 3 0.7391485322426644 1.7095610857730335 2439
# 3 3 3
140.00000000000009 188 3 0.7358397803212587 1.7902644810475206 2439
# 3 3 3
141.00000000000009 188 3 0.7338196150671408 1.8655045077477046 2439
# 3 3 3
142.0000000000001 188 3 0.733269819825065 1.9284764247787003 2439
# 3 3 3
143.0000000000001 188 3 0.7338753539013931 1.972698732501865 2439
# 3 3 3
144.0000000000001 188 3 0.7350616259747434 1.9930248902405168 2439
# 3 3 3
145.0000000000001 188 3 0.7362385512751396 1.9859442309847033 2439
# 3 3 3
146.0000000000001 188 3 0.7368041603154546 1.949349163757015 2439
# 3 3 3
147.0000000000001 188 3 0.7361414656975642 1.8827106080755764 2439
# 3 3 3
148.00000000000014 188 3 0.7339066388907994 1.7883056335165797 2439
# 3 3 3
149.00000000000014 188 3 0.7301276282976097 1.6727201598633767 2439
# 3 3 3
150.00000000000014 188 3 0.7252051086963425 1.5469228373609107 2439
# 3 3 3
151.00000000000014 188 3 0.7204518532306583 1.4240792777807132 2439
# 3 3 3
152.00000000000017 188 3 0.7187986457032968 1.3160069068858495 2439
# 3 3 3
153.00000000000014 188 3 0.7228547400413484 1.2300076442274046 2439
# 3 3 3
154.00000000000014 188 3 0.7307734759096052 1.1677595967643184 2439
# 3 3 3
155.00000000000017 188 3 0.7383683332519833 1.1269421245396023 2439
# 3 3 3
156.00000000000017 182 3 0.7432624982764063 1.1038120051803748 2439
# 3 3 3
157.00000000000017 182 3 0.7451230153481361 1.094853761690568 2439
# 3 3 3
158.00000000000017 182 3 0.7446619861098717 1.097415689356008 2439
# 3 3 3
159.0000000000002 182 3 0.7427179844118247 1.109890940369165 2439
# 3 3 3
160.00000000000017 182 3 0.7398283215366073 1.1317266866194906 2439
# 3 3 3
161.0000000000002 182 3 0.7363623534605737 1.163186349765685 2439
# 3 3 3
162.0000000000002 182 3 0.7326954182034178 1.2048028046653192 2439
# 3 3 3
163.0000000000002 182 3 0.72915656611827 1.2566437292267107 2439
# 3 3 3
164.0000000000002 182 3 0.7258923604111105 1.3176602663198531 2439
# 3 3 3
165.00000000000023 188 3 0.722881735857015 1.385476140469211 2439
# 3 3 3
166.00000000000023 188 3 0.7200761045101991 1.4567831974312324 2439
# 3 3 3
167.00000000000023 188 3 0.7174226739105871 1.5280703356113914 2439
# 3 3 3
168.00000000000023 188 3 0.7147290905313932 1.5961283202159462 2439
# 3 3 3
169.00000000000023 188 3 0.7115817271683444 1.6579451527491376 2439
# 3 3 3
170.00000000000023 188 3 0.7074833368353763 1.710118716165441 2439
# 3 3 3
171.00000000000026 188 3 0.7021171050938835 1.7483655726778176 2439
# 3 3 3
172.00000000000026 188 3 0.6954821926696517 1.7677246612525117 2439
# 3 3 3
173.00000000000026 188 3 0.6877861858247187 1.7635626131010333 2439
# 3 3 3
174.00000000000026 188 3 0.6791982303556459 1.7328740651902348 2439
# 3 3 3
175.00000000000028 188 3 0.6697987283412776 1.675305967110654 2439
# 3 3 3
176.00000000000026 188 3 0.6601658409812803 1.5937439521625871 2439
# 3 3 3
177.00000000000028 188 3 0.6518835989169186 1.4944552539193845 2439
# 3 3 3
178.00000000000028 188 3 0.6462959973684662 1.3866124841186016 2439
# 3 3 3
179.00000000000028 188 3 0.6428568993454425 1.2811071055295948 2439
# 3 3 3
180.00000000000028 182 3 0.6397829326513136 1.1886995371608384 2439
# 3 3 3
181.00000000000028 182 3 0.6360303987464544 1.1178276193590109 2439
# 3 3 3
182.0000000000003 182 3 0.6319978910097915 1.0729851348341541 2439
# 3 3 3
183.00000000000028 182 3 0.628595354403062 1.0545021499199498 2439
# 3 3 3
184.0000000000003 182 3 0.6264012619074468 1.059536319066462 2439
# 3 3 3
185.0000000000003 182 3 0.6256244181662008 1.0833998415012895 2439
# 3 3 3
186.0000000000003 182 3 0.6262741203674601 1.1206105020094899 2439
# 3 3 3
187.0000000000003 182 3 0.6282260496224559 1.165651437966778 2439
# 3 3 3
188.00000000000034 182 3 0.6312272749711778 1.2136747728627966 2439
# 3 3 3
189.00000000000034 182 3 0.6348791725635251 1.261193328686912 2439
# 3 3 3
190.00000000000034 182 3 0.6386318675385605 1.3064976118458702 2439
# 3 3 3
191.00000000000034 182 3 0.641850313247637 1.3494836453232764 2439
# 3 3 3
192.00000000000034 182 3 0.6439700017902865 1.3908963110605987 2439
# 3 3 3
193.00000000000034 188 3 0.6446230877782108 1.4314219212367132 2439
# 3 3 3
194.00000000000037 182 3 0.6435690146258533 1.471160652893538 2439
# 3 3 3
195.00000000000037 182 3 0.6405091637291351 1.509660484490772 2439
# 3 3 3
196.00000000000037 188 3 0.6351624526616158 1.5462585162005757 2439
# 3 3 3
197.00000000000037 188 3 0.6277516181873994 1.5803416387383267 2439
# 3 3 3
198.0000000000004 188 3 0.6192062640017234 1.611232170340463 2439
# 3 3 3
199.00000000000037 188 3 0.6108441818097331 1.637616726325621 2439
# 3 3 3
200.00000000000037 188 3 0.6041578851532098 1.656882926110617 2439
# 3 3 3
201.00000000000043 194 3 0.6003884495365076 1.6649900744075279 2439
# 3 3 3
202.0000000000004 212 3 0.5998769972808563 1.6572414278647567 2439
# 3 3 3
203.0000000000004 212 3 0.6018952942187602 1.6298364714371356 2439
# 3 3 3
204.0000000000004 212 3 0.6049644048722349 1.5816161942676545 2439
# 3 3 3
205.0000000000004 206 3 0.607583779127692 1.5151368202731814 2439
# 3 3 3
206.00000000000043 212 3 0.6091871900233718 1.4364046028994932 2439
# 3 3 3
207.00000000000043 212 3 0.6102778091992103 1.3533703272887583 2439
# 3 3 3
208.00000000000043 212 3 0.6113638487096281 1.274037466389087 2439
# 3 3 3
209.00000000000043 206 3 0.6123016920397629 1.205067146236963 2439
# 3 3 3
210.00000000000045 200 3 0.6125938220481437 1.151176885838439 2439
# 3 3 3
211.00000000000045 200 3 0.6117375820100082 1.115108428914727 2439
# 3 3 3
212.00000000000043 200 3 0.6094608799028921 1.0978417343583242 2439
# 3 3 3
213.00000000000043 200 3 0.6058889483262103 1.0988514198137236 2439
# 3 3 3
214.00000000000048 200 3 0.601370255697244 1.1162912896922834 2439
# 3 3 3
215.00000000000045 194 3 0.596165038537574 1.1471896624350344 2439
# 3 3 3
216.00000000000045 194 3 0.5904904921233153 1.1878331576999637 2439
# 3 3 3
217.00000000000045 194 3 0.5846950486627787 1.234254868685845 2439
# 3 3 3
218.00000000000048 194 3 0.579221309925358 1.2825893421657262 2439
# 3 3 3
219.00000000000048 194 3 0.5744563330468144 1.329227428642816 2439
# 3 3 3
220.00000000000048 200 3 0.570625308307705 1.3708924304177774 2439
# 3 3 3
221.00000000000048 200 3 0.5677466814582097 1.4047800702692743 2439
# 3 3 3
222.0000000000005 200 3 0.5656249333421306 1.428796360832824 2439
# 3 3 3
223.0000000000005 200 3 0.5638840748199979 1.4418065196248122 2439
# 3 3 3
224.0000000000005 206 3 0.5620679777244263 1.44377155912114 2439
# 3 3 3
225.0000000000005 212 3 0.5598225378085364 1.435709078691821 2439
# 3 3 3
226.00000000000054 212 3 0.5571042750178291 1.4195001514475682 2439
# 3 3 3
227.00000000000054 212 3 0.5542493149256071 1.3975978152452733 2439
# 3 3 3
228.00000000000054 212 3 0.5517568708036084 1.3726448162196516 2439
# 3 3 3
229.0000000000005 212 3 0.5499224319216639 1.3469602224080275 2439
# 3 3 3
230.0000000000005 212 3 0.5487174763109449 1.3220244912036148 2439
# 3 3 3
231.00000000000054 212 3 0.5480070041510514 1.2983395725941707 2439
# 3 3 3
232.00000000000054 218 3 0.5475711255534763 1.2757184292574744 2439
# 3 3 3
233.00000000000054 218 3 0.5469682646593491 1.2535071805452551 2439
# 3 3 3
234.00000000000054 224 3 0.5459191797949581 1.2307135198221324 2439
# 3 3 3
235.00000000000057 218 3 0.544317303560947 1.2065766903030555 2439
# 3 3 3
236.00000000000057 212 3 0.5420771796228425 1.1814054852102773 2439
# 3 3 3
237.00000000000057 212 3 0.5395769109639087 1.1572084355672327 2439
# 3 3 3
238.00000000000057 212 3 0.5375738814006413 1.1378044417162085 2439
# 3 3 3
239.0000000000006 212 3 0.5365965716332475 1.1279484622932774 2439
# 3 3 3
240.0000000000006 212 3 0.5365235316294238 1.1314041980198177 2439
# 3 3 3
241.0000000000006 206 3 0.5367910371893584 1.1491782196201803 2439
# 3 3 3
242.00000000000057 200 3 0.537056618188053 1.1794117540220472 2439
# 3 3 3
243.00000000000063 200 3 0.5373284822192083 1.2186172292644468 2439
# 3 3 3
244.00000000000063 200 3 0.5376860900381315 1.262832862287965 2439
# 3 3 3
245.0000000000006 200 3 0.5381557763887715 1.3081823598564675 2439
# 3 3 3
246.0000000000006 200 3 0.5386871965938288 1.351109071934589 2439
# 3 3 3
247.00000000000065 200 3 0.539138914466017 1.3885823817363672 2439
# 3 3 3
248.00000000000063 200 3 0.5393377547985342 1.4183920602022755 2439
# 3 3 3
249.00000000000063 200 3 0.5392636908991976 1.4394821676452718 2439
# 3 3 3
250.00000000000063 200 3 0.5392085716949281 1.4521766124263502 2439
# 3 3 3
251.00000000000065 200 3 0.539484782623358 1.4581504053241103 2439
# 3 3 3
252.00000000000065 200 3 0.5398525427602332 1.46009445575127 2439
# 3 3 3
253.00000000000065 206 3 0.5400319941160946 1.4610947313686897 2439
# 3 3 3
254.00000000000065 212 3 0.5402265804400134 1.463685012687417 2439
# 3 3 3
255.00000000000063 212 3 0.5405954496404032 1.4687287304829073 2439
# 3 3 3
256.0000000000007 212 3 0.5410310423060213 1.474749070876893 2439
# 3 3 3
257.0000000000007 212 3 0.5413349113782603 1.478338344868531 2439
# 3 3 3
258.0000000000007 212 3 0.5413464525565324 1.475566201545328 2439
# 3 3 3
259.0000000000007 218 3 0.5408495833573908 1.4635061221288925 2439
# 3 3 3
260.0000000000007 212 3 0.5398343915296145 1.4410134248671849 2439
# 3 3 3
261.0000000000007 224 3 0.5391061657452201 1.4086180912445752 2439
# 3 3 3
262.0000000000007 230 3 0.5395525091073206 1.3680757280231652 2439
# 3 3 3
263.0000000000007 236 3 0.5408723655099729 1.322241142317312 2439
# 3 3 3
264.00000000000074 230 3 0.5418881931756203 1.2753883711549725 2439
# 3 3 3
265.00000000000074 212 3 0.5420164322108459 1.2332838970911335 2439
# 3 3 3
266.0000000000007 212 3 0.5415563366140155 1.202201321354991 2439
# 3 3 3
267.0000000000007 218 3 0.5410336220607808 1.1870233931530356 2439
# 3 3 3
268.00000000000074 206 3 0.5408610220681692 1.1895801791870992 2439
# 3 3 3
269.00000000000074 200 3 0.5413168137585916 1.208297031055677 2439
# 3 3 3
270.00000000000074 200 3 0.5425302692993145 1.239139703354895 2439
# 3 3 3
271.00000000000074 200 3 0.5444111041328666 1.276982963319054 2439
# 3 3 3
272.00000000000074 200 3 0.546725751478159 1.3167038451886472 2439
# 3 3 3
273.00000000000074 200 3 0.5492787422388319 1.3538271749713129 2439
# 3 3 3
274.00000000000074 200 3 0.5519720162867516 1.3848288909529614 2439
# 3 3 3
275.00000000000074 200 3 0.5547311327990632 1.4072440835841693 2439
# 3 3 3
276.0000000000008 200 3 0.5574253464826973 1.419698176270813 2439
# 3 3 3
277.0000000000008 200 3 0.5598901534539238 1.4219574572508897 2439
# 3 3 3
278.0000000000008 200 3 0.5620320387849871 1.4150395310049908 2439
# 3 3 3
279.0000000000008 200 3 0.5638643524644547 1.4013130429584453 2439
# 3 3 3
280.00000000000074 200 3 0.565373534053696 1.3843960130948696 2439
# 3 3 3
281.0000000000008 200 3 0.5663418299512227 1.3686385060322104 2439
# 3 3 3
282.0000000000008 200 3 0.5664129750862203 1.3581387576775663 2439
# 3 3 3
283.0000000000008 200 3 0.5654548201888513 1.3555558835047847 2439
# 3 3 3
284.0000000000008 200 3 0.5637932022419306 1.3612100908950149 2439
# 3 3 3
285.0000000000008 200 3 0.5619023909108721 1.3728332977744286 2439
# 3 3 3
286.0000000000008 200 3 0.5597708931648174 1.3860187092231733 2439
# 3 3 3
287.0000000000008 218 3 0.5569799817835994 1.3952916655981147 2439
# 3 3 3
288.0000000000008 230 3 0.5534819237716448 1.3955527926648659 2439
# 3 3 3
289.00000000000085 236 3 0.5499631335935704 1.383520564532198 2439
# 3 3 3
290.00000000000085 236 3 0.5473414775224531 1.358912517791594 2439
# 3 3 3
291.00000000000085 236 3 0.5459265279080436 1.3250773634040078 2439
# 3 3 3
292.00000000000085 224 3 0.5455452736221575 1.2886863000729913 2439
# 3 3 3
293.00000000000085 212 3 0.5459532351478766 1.2581259570278251 2439
# 3 3 3
294.00000000000085 218 3 0.546712135713051 1.2407136750333425 2439
# 3 3 3
295.00000000000085 200 3 0.5473048360277671 1.2398186466004557 2439
# 3 3 3
296.00000000000085 200 3 0.5476960880281215 1.2541693281561852 2439
# 3 3 3
297.0000000000009 200 3 0.5480586642428814 1.2797214380703206 2439
# 3 3 3
298.0000000000009 200 3 0.5484028509430008 1.3114965282877005 2439
# 3 3 3
299.00000000000085 200 3 0.5487713641779501 1.3445906549242468 2439
# 3 3 3
300.00000000000085 200 3 0.5492405430964453 1.3747262208832098 2439
# 3 3 3
301.0000000000009 200 3 0.5498001616396989 1.39850652228552 2439
# 3 3 3
302.0000000000009 200 3 0.5503920997423074 1.4134774652044881 2439
# 3 3 3
303.0000000000009 200 3 0.5509609175237676 1.4181387398835636 2439
# 3 3 3
304.0000000000009 200 3 0.551369316526808 1.4120018574854942 2439
# 3 3 3
305.0000000000009 200 3 0.5514207039662117 1.3956807782485665 2439
# 3 3 3
306.0000000000009 200 3 0.5510199992820151 1.3709542422535679 2439
# 3 3 3
307.0000000000009 200 3 0.5502067999891387 1.3407273758682698 2439
# 3 3 3
308.0000000000009 200 3 0.5491197375115854 1.3087817084186628 2439
# 3 3 3
309.0000000000009 200 3 0.5480117136234532 1.27923483461273 2439
# 3 3 3
310.00000000000097 200 3 0.5471870410926107 1.2557782293971145 2439
# 3 3 3
311.00000000000097 200 3 0.5468371274518962 1.240878479162883 2439
# 3 3 3
312.0000000000009 194 3 0.5469769884323643 1.2351231703230674 2439
# 3 3 3
313.0000000000009 200 3 0.5474747713661444 1.2368883523529657 2439
# 3 3 3
314.00000000000097 206 3 0.5480069558165295 1.242529142340326 2439
# 3 3 3
315.00000000000097 212 3 0.5481592656130436 1.2472197242532483 2439
# 3 3 3
316.00000000000097 212 3 0.5477945461621316 1.2464301214651734 2439
# 3 3 3
317.00000000000097 212 3 0.5472202785341566 1.237766932190127 2439
# 3 3 3
318.00000000000097 206 3 0.5468682587529561 1.2224466969457257 2439
# 3 3 3
319.00000000000097 206 3 0.5469070554958767 1.2053906727822563 2439
# 3 3 3
320.00000000000097 206 3 0.5470492731610498 1.1934543250740983 2439
# 3 3 3
321.00000000000097 200 3 0.5468234823103704 1.1925700819397256 2439
# 3 3 3
322.000000000001 200 3 0.5465995068474979 1.205413607501933 2439
# 3 3 3
323.000000000001 200 3 0.5470789048935419 1.230772983188664 2439
# 3 3 3
324.000000000001 200 3 0.5480845811125067 1.264794461380723 2439
# 3 3 3
325.00000000000097 200 3 0.5491221188620263 1.302776835516567 2439
# 3 3 3
326.000000000001 200 3 0.5498347410264918 1.3402506506866474 2439
# 3 3 3
327.000000000001 194 3 0.5500501038119787 1.373329587657698 2439
# 3 3 3
328.000000000001 194 3 0.5498557486491241 1.3987987498466072 2439
# 3 3 3
329.000000000001 194 3 0.549524252851282 1.4142209958625753 2439
# 3 3 3
330.000000000001 194 3 0.5493314440554928 1.4180827178514877 2439
# 3 3 3
331.000000000001 182 3 0.5494622549551619 1.4099389639818063 2439
# 3 3 3
332.000000000001 188 3 0.5499947927340247 1.3904991145601633 2439
# 3 3 3
333.000000000001 194 3 0.550928465501536 1.3615797681260111 2439
# 3 3 3
334.000000000001 194 3 0.5522113289940396 1.32589750389373 2439
# 3 3 3
335.0000000000011 194 3 0.5536939397041952 1.2867400549242685 2439
# 3 3 3
336.0000000000011 194 3 0.5550560668536726 1.2475779077731686 2439
# 3 3 3
337.0000000000011 194 3 0.5559155689153271 1.2116602509551588 2439
# 3 3 3
338.0000000000011 194 3 0.5561047750017801 1.1816137642697366 2439
# 3 3 3
339.0000000000011 194 3 0.5557606591708044 1.1590576277808498 2439
# 3 3 3
340.0000000000011 194 3 0.5551209256603439 1.1442875067527676 2439
# 3 3 3
341.0000000000011 194 3 0.5543469277797511 1.13617050479821 2439
# 3 3 3
342.0000000000011 194 3 0.5536258541816068 1.1324954541718275 2439
# 3 3 3
343.00000000000114 194 3 0.5533186999622771 1.1309475753428235 2439
# 3 3 3
344.0000000000011 200 3 0.5535562212437033 1.1303789820496704 2439
# 3 3 3
345.0000000000011 200 3 0.5538083776875747 1.1315108596419603 2439
# 3 3 3
346.0000000000011 200 3 0.5542038644046423 1.1365736132057882 2439
# 3 3 3
347.00000000000114 200 3 0.5547417918608768 1.1482697784471867 2439
# 3 3 3
348.00000000000114 200 3 0.5552089655252487 1.168536756617494 2439
# 3 3 3
349.00000000000114 200 3 0.5554796409724171 1.197646177482203 2439
# 3 3 3
350.00000000000114 200 3 0.5553889234980878 1.234036988081984 2439
# 3 3 3
351.00000000000114 194 3 0.5545967321760107 1.2747990449594184 2439
# 3 3 3
352.00000000000114 194 3 0.553010913540046 1.3163763340491357 2439
# 3 3 3
353.00000000000114 194 3 0.5512183962381305 1.355141233702389 2439
# 3 3 3
354.00000000000114 194 3 0.5498565499501038 1.3877633153091802 2439
# 3 3 3
355.00000000000114 188 3 0.5491402204366883 1.4114581810984266 2439
# 3 3 3
356.0000000000012 188 3 0.5490222026541427 1.4242013444218158 2439
# 3 3 3
357.0000000000012 182 3 0.5494038072513805 1.4249082524137273 2439
# 3 3 3
358.00000000000114 182 3 0.5501178584230202 1.4135300270242046 2439
# 3 3 3
359.00000000000114 182 3 0.5507657760815411 1.3910298619174275 2439
# 3 3 3
360.0000000000012 182 3 0.5508256090572444 1.359247203949818 2439
# 3 3 3
361.0000000000012 188 3 0.5501511653847313 1.320677002171335 2439
# 3 3 3
362.0000000000012 188 3 0.5490778807597636 1.2781953087463667 2439
# 3 3 3
363.0000000000012 182 3 0.5479808748343529 1.2347769056175075 2439
# 3 3 3
364.0000000000012 182 3 0.5470456044944376 1.1932308810390024 2439
# 3 3 3
365.0000000000012 182 3 0.546306601498399 1.1559557421574662 2439
# 3 3 3
366.0000000000012 194 3 0.545733342949362 1.1247392031936883 2439
# 3 3 3
367.0000000000012 200 3 0.5453448044098059 1.100634077562809 2439
# 3 3 3
368.00000000000125 200 3 0.5452632182454215 1.083931142533539 2439
# 3 3 3
369.00000000000125 200 3 0.5455949473823889 1.0742749309713735 2439
# 3 3 3
370.00000000000125 200 3 0.5462562343626236 1.0709808760803858 2439
# 3 3 3
371.0000000000012 200 3 0.5469626261211564 1.0735051063557732 2439
# 3 3 3
372.00000000000125 194 3 0.5474157689152643 1.0818341827450775 2439
# 3 3 3
373.00000000000125 194 3 0.5475664044690758 1.096518074267714 2439
# 3 3 3
374.00000000000125 194 3 0.5477559691898461 1.1182731896836047 2439
# 3 3 3
375.00000000000125 194 3 0.5483343517366857 1.1473742363036536 2439
# 3 3 3
376.0000000000013 194 3 0.5491524486275866 1.1831891367926493 2439
# 3 3 3
377.00000000000125 194 3 0.5497941959026 1.2240613547722405 2439
# 3 3 3
378.00000000000125 200 3 0.5499261654924872 1.2674900363290846 2439
# 3 3 3
379.00000000000125 188 3 0.5492420106532279 1.3104632944503591 2439
# 3 3 3
380.00000000000125 188 3 0.5475414751748918 1.3498285439295392 2439
# 3 3 3
381.0000000000013 188 3 0.5450512258480585 1.382622580422046 2439
# 3 3 3
382.0000000000013 182 3 0.5422361859564099 1.406335875932546 2439
# 3 3 3
383.0000000000013 182 3 0.5395313425924083 1.4191157827663767 2439
# 3 3 3
384.0000000000013 182 3 0.5372536409437219 1.4199095771012828 2439
# 3 3 3
385.0000000000013 182 3 0.5355271007754556 1.4085572646019808 2439
# 3 3 3
386.0000000000013 182 3 0.5343132418985065 1.3858339764996481 2439
# 3 3 3
387.0000000000013 182 3 0.5335192109759646 1.3534053659772678 2439
# 3 3 3
388.0000000000013 182 3 0.5331816884555535 1.31365656786036 2439
# 3 3 3
389.00000000000136 182 3 0.5333820097964895 1.2694134791877925 2439
# 3 3 3
390.0000000000013 188 3 0.5338389246624203 1.2236274223881651 2439
# 3 3 3
391.0000000000013 188 3 0.5343268819759587 1.1790879378112495 2439
# 3 3 3
392.0000000000013 188 3 0.5347158662229539 1.1382247983372784 2439
# 3 3 3
393.00000000000136 182 3 0.5349102947877558 1.1029939155806494 2439
# 3 3 3
394.00000000000136 182 3 0.5348292514586659 1.0748110158136757 2439
# 3 3 3
395.00000000000136 182 3 0.5345290771243059 1.0545172225674975 2439
# 3 3 3
396.00000000000136 182 3 0.5342172641261673 1.0424103618587464 2439
# 3 3 3
397.00000000000136 188 3 0.5340100619316863 1.0383959507644298 2439
# 3 3 3
398.00000000000136 194 3 0.5339273769823836 1.042234252054902 2439
# 3 3 3
399.00000000000136 194 3 0.5340209005359958 1.0537577854976237 2439
# 3 3 3
400.00000000000136 194 3 0.534370229706053 1.0729118457507656 2439
# 3 3 3
401.00000000000136 194 3 0.5350212550396496 1.0995622311604267 2439
# 3 3 3
402.00000000000136 194 3 0.5359924339918256 1.1331733052405915 2439
# 3 3 3
403.0000000000014 194 3 0.5372692527098436 1.1725527614350102 2439
# 3 3 3
404.0000000000014 194 3 0.5386497605062155 1.2157987354942594 2439
# 3 3 3
405.0000000000014 182 3 0.5395977306769068 1.2604443433219579 2439
# 3 3 3
406.0000000000014 182 3 0.5394981064101063 1.3037083086876946 2439
# 3 3 3
407.0000000000014 182 3 0.5381867614588971 1.3427612770835968 2439
# 3 3 3
408.0000000000014 182 3 0.5360656368432248 1.3749602807792034 2439
# 3 3 3
409.0000000000014 182 3 0.5337585840877955 1.398049644424776 2439
# 3 3 3
410.0000000000014 182 3 0.531721557753498 1.4103449218165895 2439
# 3 3 3
411.0000000000014 182 3 0.5301060158936087 1.4108967321723314 2439
# 3 3 3
412.0000000000015 182 3 0.5288968983413079 1.3996039232186124 2439
# 3 3 3
413.0000000000015 182 3 0.5280579147854664 1.3772414796021295 2439
# 3 3 3
414.0000000000015 182 3 0.5275494896951128 1.3453849866612424 2439
# 3 3 3
415.0000000000015 182 3 0.5273094810039521 1.3062390967212858 2439
# 3 3 3
416.0000000000015 182 3 0.5272861187094477 1.2624027365542074 2439
# 3 3 3
417.0000000000014 182 3 0.5275045568182076 1.2166196759903578 2439
# 3 3 3
418.0000000000014 182 3 0.5280817837591051 1.1715609057659548 2439
# 3 3 3
419.0000000000014 182 3 0.5291487966380026 1.1296627697641992 2439
# 3 3 3
420.00000000000153 182 3 0.530718570475443 1.0930146846064348 2439
# 3 3 3
421.00000000000153 182 3 0.5326087019730806 1.063274686137506 2439
# 3 3 3
422.00000000000153 182 3 0.5345032114790701 1.0416037463139303 2439
# 3 3 3
423.0000000000015 182 3 0.5360739109600986 1.0286427986429052 2439
# 3 3 3
424.0000000000015 182 3 0.5371010612786862 1.0245706285904765 2439
# 3 3 3
425.0000000000015 182 3 0.5376442678490709 1.0292425067785511 2439
# 3 3 3
426.0000000000015 188 3 0.5380842168783697 1.0423465527108737 2439
# 3 3 3
427.0000000000015 188 3 0.5388589664671012 1.0634855107183654 2439
# 3 3 3
428.00000000000153 188 3 0.5400564976184676 1.092118233045045 2439
# 3 3 3
429.00000000000153 188 3 0.541187526699875 1.127385354192036 2439
# 3 3 3
430.00000000000153 188 3 0.5416533539414475 1.167932032403779 2439
# 3 3 3
431.00000000000153 188 3 0.5414176205853037 1.211833832210902 2439
# 3 3 3
432.00000000000153 188 3 0.5409213957037609 1.2566705009585752 2439
# 3 3 3
433.00000000000153 182 3 0.5405189461106518 1.2997280615898368 2439
# 3 3 3
434.00000000000153 182 3 0.5402616087395937 1.3382508671112396 2439
# 3 3 3
435.00000000000153 182 3 0.5400184999269771 1.3696737266439127 2439
# 3 3 3
436.00000000000153 188 3 0.5396223903686037 1.3918212227469033 2439
# 3 3 3
437.0000000000016 188 3 0.5389547379343442 1.4030883105850707 2439
# 3 3 3
438.0000000000016 188 3 0.5379826077832166 1.4026028044713656 2439
# 3 3 3
439.0000000000016 188 3 0.5367961658713576 1.390342876451015 2439
# 3 3 3
440.0000000000016 188 3 0.5356229025580577 1.3671654702593523 2439
# 3 3 3
441.0000000000016 182 3 0.5347426256647139 1.3347148794657262 2439
# 3 3 3
442.0000000000016 182 3 0.5344277482976982 1.295223041784669 2439
# 3 3 3
443.0000000000016 182 3 0.5349633644638728 1.2512580823570612 2439
# 3 3 3
444.00000000000153 188 3 0.5364563923127447 1.2054921150647562 2439
# 3 3 3
445.00000000000165 188 3 0.5384726671310897 1.1605268737526775 2439
# 3 3 3
446.00000000000165 188 3 0.5402724138279288 1.1187631048569975 2439
# 3 3 3
447.00000000000165 188 3 0.5415298094442539 1.082288450314377 2439
# 3 3 3
448.00000000000165 188 3 0.5422490817168018 1.0527779085083548 2439
# 3 3 3
449.0000000000016 188 3 0.5424994375014258 1.0314096142736198 2439
# 3 3 3
450.0000000000016 188 3 0.5423972738184518 1.01881755508219 2439
# 3 3 3
451.0000000000016 188 3 0.5420875398210983 1.0151226110862377 2439
# 3 3 3
452.0000000000016 188 3 0.5416789232624468 1.0200622015373342 2439
# 3 3 3
453.0000000000017 188 3 0.5412534737050121 1.0331690376585623 2439
# 3 3 3
454.0000000000017 182 3 0.5409593051983277 1.0538861698084365 2439
# 3 3 3
455.00000000000165 182 3 0.5407862200777718 1.0815370466297065 2439
# 3 3 3
456.00000000000165 182 3 0.5405910725643664 1.1151847312515966 2439
# 3 3 3
457.00000000000165 182 3 0.5403172457345492 1.1534930478986893 2439
# 3 3 3
458.00000000000165 188 3 0.5399691876493415 1.19467939152192 2439
# 3 3 3
459.00000000000165 188 3 0.5395858013320826 1.2365741709596558 2439
# 3 3 3
460.00000000000165 188 3 0.5392214606549272 1.276755673880443 2439
# 3 3 3
461.00000000000165 188 3 0.5388970999446696 1.3127282883953175 2439
# 3 3 3
462.0000000000017 188 3 0.5386112590100625 1.3421267208462795 2439
# 3 3 3
463.0000000000017 188 3 0.538505543230367 1.3629313703910997 2439
# 3 3 3
464.0000000000017 188 3 0.5388393400724597 1.373665147759442 2439
# 3 3 3
465.0000000000017 188 3 0.5394009327081242 1.373537111505149 2439
# 3 3 3
466.0000000000017 188 3 0.5397806774027271 1.3625216928515183 2439
# 3 3 3
467.0000000000017 188 3 0.540036790600229 1.341362880250418 2439
# 3 3 3
468.0000000000017 188 3 0.54026953967174 1.3114942821952993 2439
# 3 3 3
469.0000000000017 188 3 0.5405168935832194 1.2748847600051911 2439
# 3 3 3
470.00000000000176 188 3 0.5407630094185477 1.2338384470456922 2439
# 3 3 3
471.00000000000176 188 3 0.5409725621830721 1.190792080933313 2439
# 3 3 3
472.00000000000176 188 3 0.5411269732582025 1.1481548371315762 2439
# 3 3 3
473.00000000000176 188 3 0.5412271967618164 1.1082079936119063 2439
# 3 3 3
474.00000000000176 188 3 0.5412947527883427 1.07303110752131 2439
# 3 3 3
475.00000000000176 188 3 0.5413533219256037 1.0443987647958048 2439
# 3 3 3
476.0000000000017 188 3 0.5414103949956501 1.0236447468801921 2439
# 3 3 3
477.0000000000017 188 3 0.5415109980087768 1.0115570910292597 2439
# 3 3 3
478.0000000000018 188 3 0.5416615571349933 1.0083701058176884 2439
# 3 3 3
479.0000000000018 188 3 0.5417744906048265 1.0138683800464579 2439
# 3 3 3
480.0000000000018 188 3 0.5418903019149209 1.0275591804295663 2439
# 3 3 3
481.0000000000018 188 3 0.5418884192356677 1.048804590879278 2439
# 3 3 3
482.00000000000176 188 3 0.541686720030159 1.0768018125776952 2439
# 3 3 3
483.00000000000176 182 3 0.5414164722916263 1.110478742474687 2439
# 3 3 3
484.00000000000176 182 3 0.5411435995908095 1.1484040748147948 2439
# 3 3 3
485.00000000000176 182 3 0.5408871892274226 1.1887537896175076 2439
# 3 3 3
486.00000000000176 188 3 0.5406569124516432 1.229371126362856 2439
# 3 3 3
487.0000000000018 188 3 0.540453120116946 1.2679053413659915 2439
# 3 3 3
488.0000000000018 188 3 0.5403243582635254 1.301995266903878 2439
# 3 3 3
489.0000000000018 188 3 0.5404174793803067 1.3294695312187281 2439
# 3 3 3
490.0000000000018 182 3 0.5408466648066114 1.3485359628768119 2439
# 3 3 3
491.0000000000018 182 3 0.5413301660265197 1.3579338288982439 2439
# 3 3 3
492.0000000000018 188 3 0.5416616335373299 1.3570341323200468 2439
# 3 3 3
493.0000000000018 188 3 0.5418594032971826 1.345893061664655 2439
# 3 3 3
494.0000000000018 188 3 0.54198829327914 1.325261837154233 2439
# 3 3 3
495.0000000000019 188 3 0.5420686923666068 1.29653168700318 2439
# 3 3 3
496.0000000000019 188 3 0.5420830978204672 1.2615873756441973 2439
# 3 3 3
497.0000000000019 182 3 0.5421077055563142 1.2225913853491863 2439
# 3 3 3
498.0000000000019 188 3 0.5422663305132173 1.181790754413568 2439
# 3 3 3
499.0000000000019 188 3 0.542460184869682 1.1414073439260946 2439
# 3 3 3
500.0000000000019 188 3 0.5426447194377191 1.103568592609234 2439
# 3 3 3
501.0000000000019 182 3 0.5428059642231302 1.0702238383949856 2439
# 3 3 3
502.0000000000019 182 3 0.5429185389929517 1.0430352865164059 2439
# 3 3 3
503.00000000000193 182 3 0.5429585617921311 1.0232666850247039 2439
# 3 3 3
504.00000000000193 182 3 0.5429220031667398 1.0117103192296915 2439
# 3 3 3
505.00000000000193 182 3 0.5428096425040092 1.008683187695212 2439
# 3 3 3
506.00000000000193 182 3 0.5425765697711815 1.0140918476163059 2439
# 3 3 3
507.00000000000193 182 3 0.5422674296760986 1.0275312818533464 2439
# 3 3 3
508.00000000000193 188 3 0.5420514328314828 1.048360513493623 2439
# 3 3 3
509.0000000000019 188 3 0.5418969520982293 1.0757111072236492 2439
# 3 3 3
510.0000000000019 188 3 0.5417408352785348 1.1084409245872342 2439
# 3 3 3
511.0000000000019 188 3 0.5415458824416226 1.145082462179098 2439
# 3 3 3
512.0000000000019 188 3 0.5413050184346619 1.1838327021927062 2439
# 3 3 3
513.0000000000019 188 3 0.5410921523476973 1.2226102254615914 2439
# 3 3 3
514.0000000000019 188 3 0.5410252887015199 1.2591794952587105 2439
# 3 3 3
515.0000000000019 188 3 0.5411791205868832 1.2913205084444455 2439
# 3 3 3
516.0000000000019 188 3 0.5416120680083953 1.3170145519238892 2439
# 3 3 3
517.0000000000019 188 3 0.5423247162802222 1.334624598022703 2439
# 3 3 3
518.0000000000019 188 3 0.5431417662320767 1.3430470710422124 2439
# 3 3 3
519.0000000000019 188 3 0.5438794935389764 1.341788429879707 2439
# 3 3 3
520.000000000002 188 3 0.5442698486853851 1.3309676222257008 2439
# 3 3 3
521.000000000002 188 3 0.5444917925613582 1.3112923190814825 2439
# 3 3 3
522.000000000002 188 3 0.5446655709089357 1.2840065104537988 2439
# 3 3 3
523.000000000002 188 3 0.5448009563075161 1.2507903552645165 2439
# 3 3 3
524.000000000002 188 3 0.5449199589095056 1.2136192086671247 2439
# 3 3 3
525.0000000000019 188 3 0.5451147547206778 1.1746126445870835 2439
# 3 3 3
526.0000000000019 182 3 0.545396428545243 1.1359091794173657 2439
# 3 3 3
527.0000000000019 188 3 0.5453943637569976 1.0995743733496546 2439
# 3 3 3
528.000000000002 188 3 0.5451440969792385 1.0675095011532505 2439
# 3 3 3
529.000000000002 188 3 0.5448368488871814 1.0413494200491742 2439
# 3 3 3
530.000000000002 182 3 0.5445518468069996 1.022360169812407 2439
# 3 3 3
531.000000000002 182 3 0.5443342301862598 1.0113534253046903 2439
# 3 3 3
532.000000000002 182 3 0.5442393470140119 1.0086562778122445 2439
# 3 3 3
533.000000000002 182 3 0.5442722582890732 1.014155632838957 2439
# 3 3 3
534.000000000002 182 3 0.5443422889106542 1.0273932165427468 2439
# 3 3 3
535.000000000002 182 3 0.5443529349674326 1.0476607421324724 2439
# 3 3 3
536.000000000002 182 3 0.5442306495450409 1.0740458423123973 2439
# 3 3 3
537.000000000002 182 3 0.5439799840183283 1.1054107603156502 2439
# 3 3 3
538.000000000002 182 3 0.543721324708416 1.1403373030268384 2439
# 3 3 3
539.000000000002 182 3 0.5436380333217539 1.1770996145907369 2439
# 3 3 3
540.000000000002 188 3 0.5438700336967058 1.213711229205544 2439
# 3 3 3
541.000000000002 188 3 0.5443526871732407 1.2480565920350508 2439
# 3 3 3
542.000000000002 188 3 0.5447712154091695 1.2780702539282656 2439
# 3 3 3
543.000000000002 188 3 0.5449870654835528 1.3019048728906262 2439
# 3 3 3
544.000000000002 188 3 0.5450681288113909 1.3180752114783185 2439
# 3 3 3
545.0000000000022 188 3 0.5450161517711437 1.325575030988875 2439
# 3 3 3
546.0000000000022 188 3 0.5448908145291304 1.3239507632197098 2439
# 3 3 3
547.0000000000022 188 3 0.5447579259586962 1.3133324261559245 2439
# 3 3 3
548.0000000000022 188 3 0.5446303323445507 1.294421302751907 2439
# 3 3 3
549.0000000000022 188 3 0.5444938579770894 1.2684211864863282 2439
# 3 3 3
550.0000000000022 188 3 0.544395100319563 1.2369173443363262 2439
# 3 3 3
551.0000000000022 188 3 0.5445070263611423 1.2017424323916384 2439
# 3 3 3
552.000000000002 182 3 0.5449429653914775 1.164870411929967 2439
# 3 3 3
553.0000000000022 182 3 0.5454030995375933 1.1283352937352242 2439
# 3 3 3
554.0000000000022 188 3 0.5455953761414677 1.09413253818978 2439
# 3 3 3
555.0000000000022 188 3 0.5455489156094789 1.064095516589507 2439
# 3 3 3
556.0000000000022 188 3 0.5453826557409966 1.0397683875668784 2439
# 3 3 3
557.0000000000022 182 3 0.5452244803811369 1.022297680007041 2439
# 3 3 3
558.0000000000022 182 3 0.5451347763897111 1.01237753268989 2439
# 3 3 3
559.0000000000022 182 3 0.5450724441834481 1.0102713385416138 2439
# 3 3 3
560.0000000000022 182 3 0.5449920892300107 1.0158906280777493 2439
# 3 3 3
561.0000000000022 188 3 0.5448826936861735 1.028873714432033 2439
# 3 3 3
562.0000000000023 188 3 0.5448375859316381 1.0486074838359256 2439
# 3 3 3
563.0000000000022 188 3 0.5450529697278866 1.0741925777545671 2439
# 3 3 3
564.0000000000022 188 3 0.5453931204062837 1.104424648223175 2439
# 3 3 3
565.0000000000022 182 3 0.5455575493716349 1.1378208327703399 2439
# 3 3 3
566.0000000000022 182 3 0.5455351642123153 1.172659126310034 2439
# 3 3 3
567.0000000000022 182 3 0.545387577962038 1.207043989436629 2439
# 3 3 3
568.0000000000022 182 3 0.5450558455222047 1.2390068896907598 2439
# 3 3 3
569.0000000000022 188 3 0.5447974331642438 1.2666414895556575 2439
# 3 3 3
570.0000000000023 188 3 0.5446967451895076 1.2882621466293005 2439
# 3 3 3
571.0000000000023 188 3 0.5446151094236957 1.3025584407477757 2439
# 3 3 3
572.0000000000023 188 3 0.5444793607992021 1.308713878085739 2439
# 3 3 3
573.0000000000023 188 3 0.5443214992831554 1.3064591807076387 2439
# 3 3 3
574.0000000000023 188 3 0.5442313612760531 1.2960532154643116 2439
# 3 3 3
575.0000000000023 188 3 0.5441737293777869 1.2782071369956738 2439
# 3 3 3
576.0000000000023 188 3 0.5441175745032217 1.2539828054828157 2439
# 3 3 3
577.0000000000023 188 3 0.5441538891616792 1.2247233506588593 2439
# 3 3 3
578.0000000000023 188 3 0.5443253390602029 1.1920161933814892 2439
# 3 3 3
579.0000000000023 182 3 0.5445856486595128 1.157640786437742 2439
# 3 3 3
580.0000000000023 182 3 0.5447670053964996 1.1234781243630019 2439
# 3 3 3
581.0000000000023 182 3 0.5448382825469354 1.0913918217761196 2439
# 3 3 3
582.0000000000023 182 3 0.5449848688301191 1.063100723906492 2439
# 3 3 3
583.0000000000023 182 3 0.5452029955647613 1.0400615155888473 2439
# 3 3 3
584.0000000000023 182 3 0.5452996131032413 1.023384861457785 2439
# 3 3 3
585.0000000000023 188 3 0.5451902066384373 1.0138032844027087 2439
# 3 3 3
586.0000000000023 182 3 0.544919794753727 1.0116750205822949 2439
# 3 3 3
587.0000000000024 182 3 0.544579178087812 1.0170052300488956 2439
# 3 3 3
588.0000000000024 182 3 0.5442379145843942 1.0294739331061042 2439
# 3 3 3
589.0000000000024 182 3 0.5439820844521899 1.0484548063647456 2439
# 3 3 3
590.0000000000023 182 3 0.5438317822693591 1.073015726042096 2439
# 3 3 3
591.0000000000023 182 3 0.5437269963934536 1.1019142443158934 2439
# 3 3 3
592.0000000000023 182 3 0.5436630788280008 1.1336196338960844 2439
# 3 3 3
593.0000000000023 188 3 0.5436451854455228 1.1663865502647601 2439
# 3 3 3
594.0000000000023 182 3 0.5436545652438627 1.1983781119111694 2439
# 3 3 3
595.0000000000024 188 3 0.5436356587789255 1.2278069391842938 2439
# 3 3 3
596.0000000000024 188 3 0.5435118627071873 1.2530536122702178 2439
# 3 3 3
597.0000000000024 182 3 0.5430425792581779 1.2727407653367768 2439
# 3 3 3
598.0000000000024 188 3 0.5427583101806869 1.2857749932152702 2439
# 3 3 3
599.0000000000024 188 3 0.5426979578068366 1.2913948758872145 2439
# 3 3 3
600.0000000000024 188 3 0.5426636962628633 1.2892445897432603 2439
# 3 3 3
601.0000000000024 188 3 0.542647893083334 1.2794469694674404 2439
# 3 3 3
602.0000000000024 188 3 0.542629980903423 1.262619601800412 2439
# 3 3 3
603.0000000000024 182 3 0.542603534119239 1.2398029123672225 2439
# 3 3 3
604.0000000000024 182 3 0.5425535979848359 1.212325293308593 2439
# 3 3 3
605.0000000000024 182 3 0.542452869871296 1.1816864551403243 2439
# 3 3 3
606.0000000000024 182 3 0.5423416183100895 1.1495009202163304 2439
# 3 3 3
607.0000000000024 182 3 0.5422878691770668 1.1174626028684742 2439
# 3 3 3
608.0000000000024 182 3 0.5423322833812116 1.0872874551305107 2439
# 3 3 3
609.0000000000024 182 3 0.5424765936780338 1.0606154207019827 2439
# 3 3 3
610.0000000000024 182 3 0.5426802719017497 1.038886545846966 2439
# 3 3 3
611.0000000000024 182 3 0.5428767136151003 1.0232273921816035 2439
# 3 3 3
612.0000000000025 182 3 0.5430173784051968 1.0143800921367165 2439
# 3 3 3
613.0000000000025 182 3 0.5430796077131615 1.0126854140800539 2439
# 3 3 3
614.0000000000025 182 3 0.5430699279259364 1.0181092143396426 2439
# 3 3 3
615.0000000000025 182 3 0.5430297042397446 1.0302887593657288 2439
# 3 3 3
616.0000000000024 182 3 0.5429771687558044 1.0485734716214956 2439
# 3 3 3
617.0000000000024 182 3 0.5428936812273327 1.0720457185358732 2439
# 3 3 3
618.0000000000024 182 3 0.5427619085197163 1.0995283275385717 2439
# 3 3 3
619.0000000000024 182 3 0.5425965276819571 1.1296017642338136 2439
# 3 3 3
620.0000000000025 182 3 0.5424330321018296 1.1606527110151215 2439
# 3 3 3
621.0000000000025 182 3 0.5422900774837919 1.190959715058498 2439
# 3 3 3
622.0000000000025 182 3 0.5421852906331618 1.218804408999689 2439
# 3 3 3
623.0000000000025 188 3 0.542164535303573 1.2425900826874592 2439
# 3 3 3
624.0000000000025 188 3 0.5422349559181391 1.260953931645159 2439
# 3 3 3
625.0000000000025 188 3 0.5422252252638088 1.2728631069832361 2439
# 3 3 3
626.0000000000025 188 3 0.5420680884796912 1.2776760661162023 2439
# 3 3 3
627.0000000000025 182 3 0.5419069020789268 1.275171929756327 2439
# 3 3 3
628.0000000000025 188 3 0.5418515455969791 1.2655532198212112 2439
# 3 3 3
629.0000000000025 182 3 0.5419190176769231 1.2494124449893869 2439
# 3 3 3
630.0000000000025 182 3 0.5420519075955138 1.22767437654493 2439
# 3 3 3
631.0000000000025 182 3 0.5421714866425641 1.2015318860578628 2439
# 3 3 3
632.0000000000025 182 3 0.5422324245849117 1.172385926175907 2439
# 3 3 3
633.0000000000025 182 3 0.5422406989976382 1.1417895250732346 2439
# 3 3 3
634.0000000000025 182 3 0.5422311448041588 1.1113868597827103 2439
# 3 3 3
635.0000000000025 182 3 0.5422347322561824 1.0828360809853486 2439
# 3 3 3
636.0000000000025 182 3 0.5422586546976093 1.0577103617124406 2439
# 3 3 3
637.0000000000026 182 3 0.5422926501536962 1.037383769929112 2439
# 3 3 3
638.0000000000026 182 3 0.5423288325673276 1.0229233973172958 2439
# 3 3 3
639.0000000000026 182 3 0.5423636418621679 1.0150156227440488 2439
# 3 3 3
640.0000000000026 182 3 0.542385408369311 1.0139457375078722 2439
# 3 3 3
641.0000000000026 182 3 0.54237808094884 1.019628983760922 2439
# 3 3 3
642.0000000000026 182 3 0.5423378621694221 1.0316695848439508 2439
# 3 3 3
643.0000000000025 182 3 0.5422660956916381 1.0494095064025963 2439
# 3 3 3
644.0000000000025 182 3 0.5421539160775126 1.071945785222558 2439
# 3 3 3
645.0000000000026 182 3 0.5419979561026426 1.098133235861039 2439
# 3 3 3
646.0000000000026 182 3 0.5418171383131177 1.12660069603608 2439
# 3 3 3
647.0000000000026 182 3 0.5416421761203788 1.1558006853307563 2439
# 3 3 3
648.0000000000026 182 3 0.5415041721352438 1.1840963028343947 2439
# 3 3 3
649.0000000000026 182 3 0.5414231424896735 1.2098724177464377 2439
# 3 3 3
650.0000000000026 182 3 0.5413926156280278 1.231650432132156 2439
# 3 3 3
651.0000000000026 182 3 0.5413774292873024 1.2481896702378064 2439
# 3 3 3
652.0000000000026 182 3 0.5413775143481036 1.258567259874671 2439
# 3 3 3
653.0000000000027 182 3 0.5413863230909923 1.2622340696395404 2439
# 3 3 3
654.0000000000026 182 3 0.5413658298312444 1.2590432558737612 2439
# 3 3 3
655.0000000000026 182 3 0.5413270214288147 1.2492466969176201 2439
# 3 3 3
656.0000000000026 182 3 0.5413047805516523 1.2334586197667967 2439
# 3 3 3
657.0000000000026 182 3 0.5412983509654496 1.212594564074604 2439
# 3 3 3
658.0000000000026 182 3 0.5412796658975052 1.1878035082526457 2439
# 3 3 3
659.0000000000026 182 3 0.5412585124722802 1.1604096081717747 2439
# 3 3 3
660.0000000000026 182 3 0.5412406940538839 1.1318587168342444 2439
# 3 3 3
661.0000000000026 182 3 0.5412196206541883 1.1036616354005588 2439
# 3 3 3
662.0000000000027 182 3 0.541188310735332 1.0773234647338497 2439
# 3 3 3
663.0000000000027 182 3 0.5411416347076686 1.0542543222849419 2439
# 3 3 3
664.0000000000027 182 3 0.5410856554404921 1.0356737211604845 2439
# 3 3 3
665.0000000000027 182 3 0.5410387356086701 1.0225299217513755 2439
# 3 3 3
666.0000000000027 182 3 0.5410108307965258 1.0154496247169724 2439
# 3 3 3
667.0000000000027 182 3 0.5409893993750486 1.014720119899437 2439
# 3 3 3
668.0000000000027 182 3 0.5409592080723467 1.0202961005718159 2439
# 3 3 3
669.0000000000027 182 3 0.5409224017432978 1.0318205970810355 2439
# 3 3 3
670.0000000000027 182 3 0.5408921882145044 1.0486523766726539 2439
# 3 3 3
671.0000000000027 182 3 0.5408804552599634 1.0698967636504126 2439
# 3 3 3
672.0000000000027 182 3 0.5408884422932173 1.0944398755364626 2439
# 3 3 3
673.0000000000027 182 3 0.540903787090981 1.1209881010738345 2439
# 3 3 3
674.0000000000027 182 3 0.5409076342775877 1.1481165849200394 2439
# 3 3 3
675.0000000000027 182 3 0.5408852342068325 1.1743318274259826 2439
# 3 3 3
676.0000000000027 182 3 0.5408324507878489 1.1981526071842257 2439
# 3 3 3
677.0000000000027 182 3 0.5407578661898363 1.2182083603388576 2439
# 3 3 3
678.0000000000028 182 3 0.5406778255566083 1.2333447811320744 2439
# 3 3 3
679.0000000000028 182 3 0.5406075075179196 1.2427166137662298 2439
# 3 3 3
680.0000000000028 182 3 0.5405548989618247 1.2458454904530798 2439
# 3 3 3
681.0000000000027 182 3 0.5405272129240505 1.2426312740544843 2439
# 3 3 3
682.0000000000026 182 3 0.5405303390176045 1.2333243279683077 2439
# 3 3 3
683.0000000000026 182 3 0.5405541066183666 1.2184798556409882 2439
# 3 3 3
684.0000000000025 182 3 0.540577968883547 1.1989144271605126 2439
# 3 3 3
685.0000000000024 182 3 0.5405885373807516 1.17567097089342 2439
# 3 3 3
686.0000000000023 182 3 0.5405859777629693 1.149983967168864 2439
# 3 3 3
687.0000000000023 182 3 0.5405814556151619 1.123231969274492 2439
# 3 3 3
688.0000000000022 182 3 0.5405875157784014 1.096868853077037 2439
# 3 3 3
689.0000000000022 182 3 0.5406103357963264 1.0723353116970236 2439
# 3 3 3
690.000000000002 182 3 0.5406490715046416 1.050962097599001 2439
# 3 3 3
691.000000000002 182 3 0.5406999903766647 1.0338811310267142 2439
# 3 3 3
692.0000000000019 182 3 0.5407617813325648 1.0219585022779112 2439
# 3 3 3
693.0000000000018 182 3 0.5408345041058219 1.0157558153698356 2439
# 3 3 3
694.0000000000017 182 3 0.5409131937171334 1.0155177564525817 2439
# 3 3 3
695.0000000000017 182 3 0.5409831093549763 1.0211792685001715 2439
# 3 3 3
696.0000000000016 182 3 0.5410267601283383 1.0323851375333042 2439
# 3 3 3
697.0000000000016 182 3 0.5410398006142345 1.0485157702996217 2439
# 3 3 3
698.0000000000015 182 3 0.541031700810533 1.0687147892421285 2439
# 3 3 3
699.0000000000015 182 3 0.541010680895324 1.0919178572311716 2439
# 3 3 3
700.0000000000014 182 3 0.5409794681833935 1.11688817317498 2439
# 3 3 3
701.0000000000013 182 3 0.5409403050267126 1.1422685699122237 2439
# 3 3 3
702.0000000000013 182 3 0.54089305394618 1.1666541782328022 2439
# 3 3 3
703.0000000000011 182 3 0.5408368994895978 1.18867903541024 2439
# 3 3 3
704.000000000001 182 3 0.5407791505861134 1.2071050923236055 2439
# 3 3 3
705.000000000001 182 3 0.5407366780018822 1.220903382561318 2439
# 3 3 3
706.000000000001 182 3 0.540726785208377 1.2293199611233072 2439
# 3 3 3
707.0000000000009 182 3 0.5407546930611603 1.2319203922974693 2439
# 3 3 3
708.0000000000008 182 3 0.5408073172785448 1.228607570715244 2439
# 3 3 3
709.0000000000007 182 3 0.5408636731393958 1.2196116227094378 2439
# 3 3 3
710.0000000000007 182 3 0.5409062930313215 1.2054580673987536 2439
# 3 3 3
711.0000000000006 182 3 0.5409201222304532 1.1869258454233398 2439
# 3 3 3
712.0000000000005 182 3 0.5408969616270091 1.1650055792118437 2439
# 3 3 3
713.0000000000005 182 3 0.5408484603645345 1.1408602477839818 2439
# 3 3 3
714.0000000000005 182 3 0.5407991056207616 1.1157810779492594 2439
# 3 3 3
715.0000000000003 182 3 0.5407682550676558 1.091128438774078 2439
# 3 3 3
716.0000000000002 182 3 0.5407621718887835 1.068253390061231 2439
# 3 3 3
717.0000000000001 182 3 0.5407761231801647 1.048406406779406 2439
# 3 3 3
718.0000000000001 182 3 0.5408005211717332 1.0326484451304088 2439
# 3 3 3
719.0 182 3 0.5408248630513662 1.0217812609066104 2439
# 3 3 3
719.9999999999999 182 3 0.5408389604498246 1.0163080002178975 2439
# 3 3 3
720.9999999999999 182 3 0.5408353046029323 1.0164248944059968 2439
# 3 3 3
721.9999999999998 182 3 0.5408119664536657 1.022035498344017 2439
# 3 3 3
722.9999999999998 182 3 0.5407720103923687 1.0327753403939113 2439
# 3 3 3
723.9999999999997 182 3 0.5407200750020891 1.0480381359485822 2439
# 3 3 3
724.9999999999997 182 3 0.5406594198634498 1.067001635616605 2439
# 3 3 3
725.9999999999995 182 3 0.5405909970784277 1.0886568748336356 2439
# 3 3 3
726.9999999999994 182 3 0.5405148992640475 1.1118464314395948 2439
# 3 3 3
727.9999999999993 182 3 0.5404341375503929 1.135315689226139 2439
# 3 3 3
728.9999999999993 182 3 0.5403568990938605 1.1577774489540964 2439
# 3 3 3
729.9999999999992 182 3 0.5402923167528387 1.177986867288559 2439
# 3 3 3
730.9999999999992 182 3 0.5402452203169913 1.1948203260209227 2439
# 3 3 3
731.9999999999991 182 3 0.5402166529527971 1.2073491622116688 2439
# 3 3 3
732.9999999999991 182 3 0.5402057237991825 1.214898313480147 2439
# 3 3 3
733.999999999999 182 3 0.5402073880566144 1.2170822413819766 2439
# 3 3 3
734.9999999999989 182 3 0.5402102594643119 1.2138158417636766 2439
# 3 3 3
735.9999999999987 182 3 0.5402035660952398 1.2053040423759003 2439
# 3 3 3
736.9999999999987 182 3 0.5401859875658837 1.1920180496045512 2439
# 3 3 3
737.9999999999986 182 3 0.5401637046143137 1.1746661585604325 2439
# 3 3 3
738.9999999999986 182 3 0.5401477968296212 1.1541629691301816 2439
# 3 3 3
739.9999999999986 182 3 0.5401525883939493 1.1315952166458136 2439
# 3 3 3
740.9999999999985 182 3 0.5401868149698251 1.1081777206098398 2439
# 3 3 3
741.9999999999984 182 3 0.5402465437658162 1.0851928092975787 2439
# 3 3 3
742.9999999999983 182 3 0.5403180255908913 1.063912368509588 2439
# 3 3 3
743.9999999999983 182 3 0.5403856061549205 1.0455103524450315 2439
# 3 3 3
744.9999999999982 182 3 0.5404380783990141 1.0309801549214612 2439
# 3 3 3
745.9999999999981 182 3 0.54047133475505 1.0210713484872258 2439
# 3 3 3
746.9999999999981 182 3 0.5404870257931051 1.0162536655782195 2439
# 3 3 3
747.999999999998 182 3 0.5404880265509442 1.0167072890980369 2439
# 3 3 3
748.999999999998 182 3 0.5404758530243666 1.0223322367645324 2439
# 3 3 3
749.9999999999978 182 3 0.5404522709734267 1.0327681795129322 2439
# 3 3 3
750.9999999999977 182 3 0.5404199283565022 1.047419146051171 2439
# 3 3 3
751.9999999999977 182 3 0.5403816291359179 1.0654824443643367 2439
# 3 3 3
752.9999999999976 182 3 0.5403404261578658 1.0859841071885916 2439
# 3 3 3
753.9999999999975 182 3 0.5402986568063569 1.107822716808159 2439
# 3 3 3
754.9999999999974 182 3 0.5402573776842651 1.1298216138668207 2439
# 3 3 3
755.9999999999974 182 3 0.5402179965434375 1.1507881094880141 2439
# 3 3 3
756.9999999999974 182 3 0.5401833697707755 1.1695778767858214 2439
# 3 3 3
757.9999999999973 182 3 0.5401567289895384 1.1851615702522138 2439
# 3 3 3
758.9999999999973 182 3 0.5401397251857623 1.1966886188311987 2439
# 3 3 3
759.9999999999972 182 3 0.5401305872118748 1.2035403434262126 2439
# 3 3 3
760.999999999997 182 3 0.5401242571393364 1.2053641748577542 2439
# 3 3 3
761.9999999999969 182 3 0.5401160247236503 1.202084602844362 2439
# 3 3 3
762.9999999999969 182 3 0.5401047447567029 1.1938938631675604 2439
# 3 3 3
763.9999999999968 182 3 0.5400920336683629 1.1812308360732164 2439
# 3 3 3
764.9999999999968 182 3 0.5400825970291783 1.1647572011754848 2439
# 3 3 3
765.9999999999967 182 3 0.5400828319887466 1.1453340707953261 2439
# 3 3 3
766.9999999999967 182 3 0.5400960940446748 1.1239941745386297 2439
# 3 3 3
767.9999999999966 182 3 0.5401208054419303 1.1018998180355286 2439
# 3 3 3
768.9999999999965 182 3 0.5401510892544893 1.080279523744113 2439
# 3 3 3
769.9999999999964 182 3 0.5401789718387837 1.0603456380067475 2439
# 3 3 3
770.9999999999964 182 3 0.5401974267134182 1.0432052436220591 2439
# 3 3 3
771.9999999999962 182 3 0.5402025431498928 1.0297806711849657 2439
# 3 3 3
772.9999999999962 182 3 0.5401937273657589 1.0207524910693186 2439
# 3 3 3
773.9999999999961 182 3 0.5401724608739207 1.0165303030098833 2439
# 3 3 3
774.9999999999961 182 3 0.5401406267049719 1.017249162742472 2439
# 3 3 3
775.999999999996 182 3 0.54009927245918 1.0227839925662605 2439
# 3 3 3
776.9999999999959 182 3 0.5400486112216266 1.0327727546056866 2439
# 3 3 3
777.9999999999958 182 3 0.539989464292637 1.0466420335544908 2439
# 3 3 3
778.9999999999958 182 3 0.5399251132381169 1.0636337794038293 2439
# 3 3 3
779.9999999999957 182 3 0.5398617705080019 1.0828363731601416 2439
# 3 3 3
780.9999999999957 182 3 0.5398064007818619 1.1032240569631158 2439
# 3 3 3
781.9999999999956 182 3 0.5397633642713386 1.1237058839645315 2439
# 3 3 3
782.9999999999956 182 3 0.5397332311167073 1.1431817548880876 2439
# 3 3 3
783.9999999999955 182 3 0.5397150274597432 1.1606015210052971 2439
# 3 3 3
784.9999999999953 182 3 0.5397082381218495 1.1750233787626332 2439
# 3 3 3
785.9999999999953 182 3 0.5397105524300713 1.185668181323066 2439
# 3 3 3
786.9999999999952 182 3 0.5397156797723008 1.1919653665273477 2439
# 3 3 3
787.9999999999951 182 3 0.5397155873838773 1.1935848360440378 2439
# 3 3 3
788.999999999995 182 3 0.5397041268262782 1.1904505193509647 2439
# 3 3 3
789.999999999995 182 3 0.5396820726141662 1.1827361047031428 2439
# 3 3 3
790.999999999995 182 3 0.5396599391503888 1.1708483782239316 2439
# 3 3 3
791.9999999999949 182 3 0.5396519220377741 1.1554052382905262 2439
# 3 3 3
792.9999999999949 182 3 0.5396689269712559 1.137212327562815 2439
# 3 3 3
793.9999999999947 182 3 0.5397127831097065 1.1172359076579195 2439
# 3 3 3
794.9999999999947 182 3 0.5397739934444165 1.096564170677588 2439
# 3 3 3
795.9999999999947 182 3 0.5398376805205966 1.0763497752187106 2439
# 3 3 3
796.9999999999944 182 3 0.5398908586094648 1.0577339448461145 2439
# 3 3 3
797.9999999999944 182 3 0.5399258200575493 1.0417623303296262 2439
# 3 3 3
798.9999999999944 182 3 0.5399397508811249 1.029307983408873 2439
# 3 3 3
799.9999999999943 182 3 0.5399321936016178 1.0210143851744589 2439
# 3 3 3
800.9999999999943 182 3 0.5399023363780409 1.0172648868467373 2439
# 3 3 3
801.9999999999941 182 3 0.5398492684468584 1.018177171236545 2439
# 3 3 3
802.9999999999941 182 3 0.5397755184977728 1.0236163503617868 2439
# 3 3 3
803.9999999999941 182 3 0.5396895061126024 1.0332187942556919 2439
# 3 3 3
804.9999999999939 182 3 0.5396027806760914 1.0464206825793334 2439
# 3 3 3
805.9999999999939 182 3 0.539524623351829 1.0624888057371382 2439
# 3 3 3
806.9999999999939 182 3 0.5394595042111255 1.0805543701094815 2439
# 3 3 3
807.9999999999937 182 3 0.5394084750896848 1.0996516972320602 2439
# 3 3 3
808.9999999999937 182 3 0.5393717568702797 1.1187629287384384 2439
# 3 3 3
809.9999999999935 182 3 0.5393499562855599 1.1368681828961134 2439
# 3 3 3
810.9999999999935 182 3 0.5393435684016321 1.152998939520656 2439
# 3 3 3
811.9999999999935 182 3 0.5393515891435001 1.1662914145057484 2439
# 3 3 3
812.9999999999933 182 3 0.5393706887792931 1.1760359809119294 2439
# 3 3 3
813.9999999999933 182 3 0.539395324409281 1.1817175957398611 2439
# 3 3 3
814.9999999999933 182 3 0.539417862704925 1.1830423507337688 2439
# 3 3 3
815.9999999999932 182 3 0.5394304505507718 1.1799475788417852 2439
# 3 3 3
816.9999999999932 182 3 0.5394314736268452 1.172597668024747 2439
# 3 3 3
817.9999999999932 182 3 0.5394291273908238 1.1613713116390536 2439
# 3 3 3
818.999999999993 182 3 0.5394324717487269 1.1468457161548826 2439
# 3 3 3
819.999999999993 182 3 0.539446397761184 1.1297785157705444 2439
# 3 3 3
820.9999999999927 182 3 0.5394749583923963 1.1110821172567638 2439
# 3 3 3
821.9999999999927 182 3 0.5395193462149771 1.0917829988545698 2439
# 3 3 3
822.9999999999927 182 3 0.5395729373291962 1.0729622721721064 2439
# 3 3 3
823.9999999999926 182 3 0.5396228326102267 1.055681674599403 2439
# 3 3 3
824.9999999999926 182 3 0.5396578545050965 1.040906402912025 2439
# 3 3 3
825.9999999999926 182 3 0.5396739385043602 1.0294377771071952 2439
# 3 3 3
826.9999999999924 182 3 0.539672686517694 1.0218648701295254 2439
# 3 3 3
827.9999999999924 182 3 0.5396563645901353 1.0185381019869215 2439
# 3 3 3
828.9999999999922 182 3 0.539623883505682 1.019562881848553 2439
# 3 3 3
829.9999999999922 182 3 0.5395716004511353 1.024808932154111 2439
# 3 3 3
830.9999999999922 182 3 0.5394991057843809 1.033929993375749 2439
# 3 3 3
831.999999999992 182 3 0.5394133137561198 1.0463897254645678 2439
# 3 3 3
832.999999999992 182 3 0.5393256747220897 1.061491766415051 2439
# 3 3 3
833.9999999999919 182 3 0.5392464428613728 1.0784140061755099 2439
# 3 3 3
834.9999999999918 182 3 0.5391815604350212 1.0962476937244001 2439
# 3 3 3
835.9999999999918 182 3 0.5391330955602562 1.1140411728168305 2439
# 3 3 3
836.9999999999916 182 3 0.5391019754806303 1.1308468447478617 2439
# 3 3 3
837.9999999999916 182 3 0.5390908386082023 1.1457694314259859 2439
# 3 3 3
838.9999999999916 182 3 0.5391032197739244 1.158013341903554 2439
# 3 3 3
839.9999999999915 182 3 0.539138020417858 1.1669267262027412 2439
# 3 3 3
840.9999999999914 182 3 0.5391868238748784 1.17203860422752 2439
# 3 3 3
841.9999999999914 182 3 0.5392381532119446 1.1730845481421182 2439
# 3 3 3
842.9999999999912 182 3 0.5392818120983598 1.170017257654037 2439
# 3 3 3
843.9999999999912 182 3 0.5393113545518026 1.1630026380911491 2439
# 3 3 3
844.9999999999912 182 3 0.5393262731953188 1.1524064824171851 2439
# 3 3 3
845.999999999991 182 3 0.5393305672458457 1.1387776530279186 2439
# 3 3 3
846.999999999991 182 3 0.5393322190467182 1.1228295110751911 2439
# 3 3 3
847.9999999999908 182 3 0.5393426177036253 1.1054156382887361 2439
# 3 3 3
848.9999999999908 182 3 0.5393688472865669 1.0874929257152912 2439
# 3 3 3
849.9999999999908 182 3 0.5394077184726149 1.0700672859294238 2439
# 3 3 3
850.9999999999907 182 3 0.5394477058872355 1.0541245745765568 2439
# 3 3 3
851.9999999999907 182 3 0.5394754769159662 1.0405571040071564 2439
# 3 3 3
852.9999999999907 182 3 0.5394823845032327 1.0300997684934328 2439
# 3 3 3
853.9999999999905 182 3 0.539467375483217 1.0232859952643631 2439
# 3 3 3
854.9999999999905 182 3 0.5394348131757317 1.0204262551043985 2439
# 3 3 3
855.9999999999902 182 3 0.5393896806475301 1.0216054350231878 2439
# 3 3 3
856.9999999999902 182 3 0.5393342687426713 1.0266928508733528 2439
# 3 3 3
857.9999999999902 182 3 0.5392686298239173 1.0353595788976677 2439
# 3 3 3
858.9999999999901 182 3 0.5391941313356561 1.0471003842476345 2439
# 3 3 3
859.9999999999901 182 3 0.5391159494475289 1.0612599332449935 2439
# 3 3 3
860.9999999999901 182 3 0.5390409506465715 1.0770642307276104 2439
# 3 3 3
861.9999999999899 182 3 0.5389739967403886 1.0936580601150854 2439
# 3 3 3
862.9999999999899 182 3 0.5389169631874073 1.110148102939369 2439
# 3 3 3
863.9999999999899 182 3 0.5388702895000699 1.1256495957571795 2439
# 3 3 3
864.9999999999897 182 3 0.538835174602023 1.1393334789663745 2439
# 3 3 3
865.9999999999897 182 3 0.5388144831405727 1.1504708145612235 2439
# 3 3 3
866.9999999999895 182 3 0.5388103001678057 1.1584715689456495 2439
# 3 3 3
867.9999999999895 182 3 0.5388203370030619 1.162915104316223 2439
# 3 3 3
868.9999999999895 182 3 0.5388387245878347 1.1635701934095242 2439
# 3 3 3
869.9999999999893 182 3 0.5388601882122221 1.1604037089241932 2439
# 3 3 3
870.9999999999893 182 3 0.5388816056215965 1.1535794052286719 2439
# 3 3 3
871.9999999999893 182 3 0.5389001072911987 1.1434497215676818 2439
# 3 3 3
872.9999999999891 182 3 0.5389134932590095 1.1305426988143013 2439
# 3 3 3
873.9999999999891 182 3 0.5389237702092411 1.115543241978324 2439
# 3 3 3
874.999999999989 182 3 0.5389364132176033 1.0992653712200362 2439
# 3 3 3
875.999999999989 182 3 0.538955156894293 1.0826117306814 2439
# 3 3 3
876.999999999989 182 3 0.5389785475611822 1.0665193921412077 2439
# 3 3 3
877.9999999999887 182 3 0.5390006329918806 1.051896199233322 2439
# 3 3 3
878.9999999999887 182 3 0.539014263542327 1.0395561692548465 2439
# 3 3 3
879.9999999999887 182 3 0.5390145810317181 1.0301638050047413 2439
# 3 3 3
880.9999999999885 182 3 0.5390006821512054 1.0241950084468874 2439
# 3 3 3
881.9999999999885 182 3 0.5389749392335083 1.0219174866433982 2439
# 3 3 3
882.9999999999885 182 3 0.5389408742966574 1.0233890614157177 2439
# 3 3 3
883.9999999999884 182 3 0.5389013438778021 1.028468922089156 2439
# 3 3 3
884.9999999999884 182 3 0.538857908277358 1.0368360548484754 2439
# 3 3 3
885.9999999999882 182 3 0.5388111658574167 1.048010669795681 2439
# 3 3 3
886.9999999999882 182 3 0.5387619614834115 1.0613776648455386 2439
# 3 3 3
887.9999999999882 182 3 0.5387123578517158 1.0762137265477347 2439
# 3 3 3
888.999999999988 182 3 0.5386646199361155 1.0917200413660995 2439
# 3 3 3
889.999999999988 182 3 0.5386197255295088 1.1070614079432644 2439
# 3 3 3
890.999999999988 182 3 0.5385778902761869 1.1214105501189984 2439
# 3 3 3
891.9999999999878 182 3 0.5385399199043164 1.1339945663583944 2439
# 3 3 3
892.9999999999878 182 3 0.5385071898797292 1.1441391251270623 2439
# 3 3 3
893.9999999999876 182 3 0.5384804134376953 1.151305665562136 2439
# 3 3 3
894.9999999999876 182 3 0.5384584392130701 1.1551180524505018 2439
# 3 3 3
895.9999999999876 182 3 0.5384375410168319 1.1553777374165188 2439
# 3 3 3
896.9999999999874 182 3 0.5384124991544775 1.1520692575978644 2439
# 3 3 3
897.9999999999874 182 3 0.5383801339936338 1.1453591405400698 2439
# 3 3 3
898.9999999999874 182 3 0.5383423128782544 1.1355902448657078 2439
# 3 3 3
899.9999999999873 182 3 0.538305398509513 1.1232713263107188 2439
# 3 3 3
900.9999999999872 182 3 0.5382764635076217 1.1090593334476606 2439
# 3 3 3
901.9999999999872 182 3 0.5382594587167745 1.0937309296517506 2439
# 3 3 3
902.999999999987 182 3 0.5382536449455448 1.0781409313100034 2439
# 3 3 3
903.999999999987 182 3 0.5382542852838144 1.0631687394430986 2439
# 3 3 3
904.9999999999868 182 3 0.5382549688795117 1.0496580225847805 2439
# 3 3 3
905.9999999999868 182 3 0.5382505730934759 1.0383576494113864 2439
# 3 3 3
906.9999999999868 182 3 0.538239174800651 1.0298721250005156 2439
# 3 3 3
907.9999999999866 182 3 0.5382215139849789 1.0246275054412453 2439
# 3 3 3
908.9999999999866 182 3 0.5381990154138012 1.0228547667069319 2439
# 3 3 3
909.9999999999866 182 3 0.5381727932558406 1.0245890471674068 2439
# 3 3 3
910.9999999999865 182 3 0.5381443625005866 1.0296805995519804 2439
# 3 3 3
911.9999999999865 182 3 0.5381158887037859 1.0378126159519476 2439
# 3 3 3
912.9999999999862 182 3 0.5380886567391789 1.048522195638961 2439
# 3 3 3
913.9999999999862 182 3 0.5380615400441895 1.061223115837647 2439
# 3 3 3
914.9999999999862 182 3 0.5380317347215536 1.075231348792043 2439
# 3 3 3
915.999999999986 182 3 0.5379972149733382 1.0897952479511583 2439
# 3 3 3
916.999999999986 182 3 0.537958257251742 1.1041318740550763 2439
# 3 3 3
917.999999999986 182 3 0.5379172365499424 1.11746885159292 2439
# 3 3 3
918.9999999999859 182 3 0.5378773647588428 1.1290885669289157 2439
# 3 3 3
919.9999999999859 182 3 0.5378410659380488 1.1383695379521337 2439
# 3 3 3
920.9999999999859 182 3 0.5378092948905918 1.1448201067695134 2439
# 3 3 3
921.9999999999857 182 3 0.5377816417269919 1.1481016044157855 2439
# 3 3 3
922.9999999999857 182 3 0.5377555183338256 1.1480413017729116 2439
# 3 3 3
923.9999999999854 182 3 0.5377262641362525 1.1446375562705415 2439
# 3 3 3
924.9999999999854 182 3 0.5376903748037763 1.1380597275102062 2439
# 3 3 3
925.9999999999854 182 3 0.5376484083248037 1.1286437595076195 2439
# 3 3 3
926.9999999999853 182 3 0.5376048930738316 1.1168821788782328 2439
# 3 3 3
927.9999999999853 182 3 0.5375662083280643 1.1034058200603138 2439
# 3 3 3
928.9999999999853 182 3 0.5375375693569326 1.088954537615687 2439
# 3 3 3
929.9999999999851 182 3 0.5375201972966122 1.0743359104091892 2439
# 3 3 3
930.9999999999851 182 3 0.5375103792258729 1.060373717649964 2439
# 3 3 3
931.9999999999849 182 3 0.5375012184238068 1.047851358960959 2439
# 3 3 3
932.9999999999849 182 3 0.5374858753626044 1.037457689322345 2439
# 3 3 3
933.9999999999849 182 3 0.5374601230332116 1.0297427516013609 2439
# 3 3 3
934.9999999999848 182 3 0.5374230318100185 1.0250883930511012 2439
# 3 3 3
935.9999999999848 182 3 0.5373763867131215 1.0236948695619774 2439
# 3 3 3
936.9999999999848 182 3 0.5373240546299702 1.0255811531315495 2439
# 3 3 3
937.9999999999845 182 3 0.5372714768966494 1.0305948976062251 2439
# 3 3 3
938.9999999999845 182 3 0.5372246081111722 1.0384283415676019 2439
# 3 3 3
939.9999999999845 182 3 0.5371879174588602 1.0486377708528838 2439
# 3 3 3
940.9999999999843 182 3 0.5371622222983572 1.0606657456403654 2439
# 3 3 3
941.9999999999843 182 3 0.5371442427907357 1.0738664528792985 2439
# 3 3 3
942.9999999999842 182 3 0.5371290979404943 1.0875349128125065 2439
# 3 3 3
943.9999999999842 182 3 0.5371137762015693 1.1009407695954427 2439
# 3 3 3
944.9999999999842 182 3 0.5370983582147808 1.1133662657464767 2439
# 3 3 3
945.999999999984 182 3 0.5370844202547882 1.1241462724608147 2439
# 3 3 3
946.999999999984 182 3 0.5370725023585726 1.1327063114570404 2439
# 3 3 3
947.999999999984 182 3 0.5370610000151045 1.1385939133702148 2439
# 3 3 3
948.9999999999837 182 3 0.5370471627560949 1.1415002123050777 2439
# 3 3 3
949.9999999999837 182 3 0.5370284327270624 1.1412714856437012 2439
# 3 3 3
950.9999999999836 182 3 0.537003144267404 1.1379132308360258 2439
# 3 3 3
951.9999999999836 182 3 0.5369716030056507 1.1315899152040052 2439
# 3 3 3
952.9999999999835 182 3 0.5369367255318781 1.122621733664613 2439
# 3 3 3
953.9999999999834 182 3 0.5369027558857185 1.111476731564273 2439
# 3 3 3
954.9999999999834 182 3 0.5368731127410409 1.098754444399187 2439
# 3 3 3
955.9999999999834 182 3 0.5368491565315616 1.085157536886318 2439
# 3 3 3
956.9999999999832 182 3 0.5368302711444207 1.0714507095411414 2439
# 3 3 3
957.9999999999832 182 3 0.5368143652095223 1.0584099561381017 2439
# 3 3 3
958.9999999999832 182 3 0.5367982878824687 1.0467683241712717 2439
# 3 3 3
959.9999999999831 182 3 0.5367783172151065 1.0371654942896897 2439
# 3 3 3
960.999999999983 182 3 0.5367508673801431 1.0301075069320509 2439
# 3 3 3
961.9999999999828 182 3 0.5367134245744847 1.025940515142588 2439
# 3 3 3
962.9999999999828 182 3 0.5366654386968445 1.0248392008119398 2439
# 3 3 3
963.9999999999828 182 3 0.5366084987515639 1.0268076543971514 2439
# 3 3 3
964.9999999999826 182 3 0.536545689284786 1.0316891422605676 2439
# 3 3 3
965.9999999999826 182 3 0.5364807748341553 1.0391814784818385 2439
# 3 3 3
966.9999999999826 182 3 0.5364176741393165 1.0488560499155133 2439
# 3 3 3
967.9999999999824 182 3 0.5363600647372975 1.0601798693866045 2439
# 3 3 3
968.9999999999824 182 3 0.5363108129499302 1.0725408400037821 2439
# 3 3 3
969.9999999999823 182 3 0.5362715005733384 1.0852765937936903 2439
# 3 3 3
970.9999999999823 182 3 0.5362426228518254 1.0977069200103549 2439
# 3 3 3
971.9999999999823 182 3 0.5362241859694199 1.1091689099698012 2439
# 3 3 3
972.999999999982 182 3 0.5362157215235578 1.1190528462497162 2439
# 3 3 3
973.999999999982 182 3 0.5362155337349901 1.1268355431145904 2439
# 3 3 3
974.999999999982 182 3 0.5362200359570309 1.1321077691117334 2439
# 3 3 3
975.9999999999818 182 3 0.5362238468756897 1.134593487849846 2439
# 3 3 3
976.9999999999818 182 3 0.5362207205281464 1.1341607770176647 2439
# 3 3 3
977.9999999999818 182 3 0.5362057877149433 1.1308262119178274 2439
# 3 3 3
978.9999999999817 182 3 0.5361786831166292 1.1247548456329683 2439
# 3 3 3
979.9999999999817 182 3 0.5361443454379448 1.1162565841030794 2439
# 3 3 3
980.9999999999815 182 3 0.5361099019511513 1.1057775355291475 2439
# 3 3 3
981.9999999999815 182 3 0.5360804750818422 1.0938833982514502 2439
# 3 3 3
982.9999999999815 182 3 0.5360571951576065 1.081232085981893 2439
# 3 3 3
983.9999999999812 182 3 0.5360380356233108 1.0685349942606022 2439
# 3 3 3
984.9999999999812 182 3 0.5360200931385225 1.0565097490309956 2439
# 3 3 3
985.9999999999812 182 3 0.5360015604686084 1.0458304081006053 2439
# 3 3 3
986.9999999999811 182 3 0.535982180848682 1.037082050344933 2439
# 3 3 3
987.9999999999811 182 3 0.5359621540651024 1.0307253189647712 2439
# 3 3 3
988.9999999999809 182 3 0.5359405613739026 1.0270735544024394 2439
# 3 3 3
989.9999999999809 182 3 0.5359149363519861 1.026282127094079 2439
# 3 3 3
990.9999999999809 182 3 0.5358826066326942 1.0283478962781567 2439
# 3 3 3
991.9999999999807 182 3 0.5358426078480869 1.033116421620353 2439
# 3 3 3
992.9999999999807 182 3 0.5357961182382225 1.0402951341058084 2439
# 3 3 3
993.9999999999807 182 3 0.5357451392593102 1.04947135836547 2439
# 3 3 3
994.9999999999806 182 3 0.5356912254588719 1.0601345718216817 2439
# 3 3 3
995.9999999999806 182 3 0.5356354734223645 1.0717023972895727 2439
# 3 3 3
996.9999999999806 182 3 0.5355793390508901 1.083549845807261 2439
# 3 3 3
997.9999999999803 182 3 0.5355252626633916 1.095041033543977 2439
# 3 3 3
998.9999999999803 182 3 0.535476285211828 1.10556210731112 2439
# 3 3 3
999.9999999999801 182 3 0.5354346634388439 1.114553473985399 2439
# 3 3 3
