# vmf_atol: 1e-07 | ps2_atol: 1e-07 | ps2_ratio: 2.0 | ode_method: dopri5 | ode_atol: 1e-07 | ode_rtol: 1e-05 | vmf_reg_method: extend | vmf_reg_type: ip | cache_svd_info: True
# frame = {Node('[H]0'): [End('[H]i'), End('[H]j'), Node('[H]3')], Node('[H]3'): [Node('[H]0'), Node('[H]2'), Node('[H]1')], Node('[H]2'): [Node('[H]3'), End('[H]0-2'), End('[H]0-3')], Node('[H]1'): [Node('[H]3'), End('[H]0-0'), End('[H]0-1')]}
# time ode_steps max_rank tr norm
# # ([H]0)-([H]3) ([H]3)-([H]1) ([H]3)-([H]2)
0.0 0 3 1.0 1.0 2439
# 3 3 3
1.0 176 3 0.9999998958811779 1.0036316486100303 2439
# 3 3 3
2.0 26 3 0.9999939327321601 1.0142652907764267 2439
# 3 3 3
3.0 20 3 0.9999396619723977 1.031196929761411 2439
# 3 3 3
4.0 20 3 0.9997133499793247 1.05338654791478 2439
# 3 3 3
5.000000000000001 14 3 0.9990993381920027 1.0795741944746882 2439
# 3 3 3
6.0 14 3 0.9978299100673046 1.108381255336305 2439
# 3 3 3
7.000000000000001 14 3 0.9956538566793197 1.1383789197481087 2439
# 3 3 3
8.0 14 3 0.9924021142026225 1.1681312777467079 2439
# 3 3 3
9.0 14 3 0.9880305211477163 1.196235043350474 2439
# 3 3 3
10.000000000000002 14 3 0.9826350259803355 1.2213775659461183 2439
# 3 3 3
11.0 14 3 0.9764434864697992 1.242422757751616 2439
# 3 3 3
12.0 14 3 0.9697908263055772 1.2585178161917798 2439
# 3 3 3
13.000000000000002 14 3 0.9630836035069009 1.2691988271609842 2439
# 3 3 3
14.000000000000002 14 3 0.9567592451619267 1.274465914364125 2439
# 3 3 3
15.000000000000002 14 3 0.951245617886215 1.2748008356829181 2439
# 3 3 3
16.0 14 3 0.9469271159457912 1.2711107640797656 2439
# 3 3 3
17.0 14 3 0.9441212443979438 1.2645982820763189 2439
# 3 3 3
18.0 14 3 0.9430612691200257 1.2565747135786711 2439
# 3 3 3
19.000000000000004 14 3 0.9438673710141545 1.248248063412891 2439
# 3 3 3
20.000000000000004 14 3 0.9464871153566299 1.2405262164390995 2439
# 3 3 3
21.000000000000004 14 3 0.9506207439592064 1.2338788731804233 2439
# 3 3 3
22.0 26 3 0.9557011144094665 1.2282969753387403 2439
# 3 3 3
23.0 26 3 0.9609940695409118 1.2233711022525933 2439
# 3 3 3
24.0 20 3 0.9657952820986666 1.2184778250015273 2439
# 3 3 3
25.000000000000004 20 3 0.9696109939707083 1.213021406185679 2439
# 3 3 3
26.000000000000004 20 3 0.9722199139619643 1.206648489561049 2439
# 3 3 3
27.000000000000004 20 3 0.9736082232955672 1.1993598898382836 2439
# 3 3 3
28.000000000000004 20 3 0.9738403028495236 1.191491412350856 2439
# 3 3 3
29.000000000000004 20 3 0.9729334592435293 1.1835972503083665 2439
# 3 3 3
30.000000000000004 20 3 0.9707909873470283 1.1763057250388336 2439
# 3 3 3
31.000000000000004 20 3 0.9672308631433687 1.1702090397768963 2439
# 3 3 3
32.0 20 3 0.962106357095053 1.1658084290057638 2439
# 3 3 3
33.0 20 3 0.9554562477951656 1.163491178017851 2439
# 3 3 3
34.0 20 3 0.9475984412871674 1.1634952701997958 2439
# 3 3 3
35.0 20 3 0.9391209102934107 1.1658378605029973 2439
# 3 3 3
36.0 20 3 0.9307865239631147 1.1702297532061798 2439
# 3 3 3
37.0 20 3 0.9234004998354141 1.1760307987798693 2439
# 3 3 3
38.00000000000001 20 3 0.9176809276466871 1.1822979028326717 2439
# 3 3 3
39.00000000000001 20 3 0.914151215249176 1.1879438155756563 2439
# 3 3 3
40.00000000000001 20 3 0.9130665302163077 1.1919783079976498 2439
# 3 3 3
41.00000000000001 20 3 0.9143917047068802 1.1937627960428758 2439
# 3 3 3
42.00000000000001 20 3 0.9178413136431092 1.193193185937711 2439
# 3 3 3
43.00000000000001 20 3 0.9229615936845894 1.1907442888124053 2439
# 3 3 3
44.0 20 3 0.9292033071668342 1.1873576567193664 2439
# 3 3 3
44.99999999999999 20 3 0.9359425607774314 1.1842113214742318 2439
# 3 3 3
45.99999999999999 20 3 0.9424544128676936 1.1824465338064833 2439
# 3 3 3
46.99999999999999 20 3 0.9479009799060677 1.182926806047068 2439
# 3 3 3
47.999999999999986 20 3 0.9514266676654578 1.186074665125662 2439
# 3 3 3
48.99999999999998 20 3 0.9524079497929552 1.191794389433787 2439
# 3 3 3
49.99999999999997 20 3 0.9507473739455998 1.1994664808963527 2439
# 3 3 3
50.999999999999964 20 3 0.9469521812542108 1.2079981634938057 2439
# 3 3 3
51.999999999999964 20 3 0.9418570440738906 1.2159253624782438 2439
# 3 3 3
52.99999999999996 20 3 0.9362115103426703 1.2215755625912283 2439
# 3 3 3
53.999999999999964 20 3 0.9305039252862317 1.223305500261535 2439
# 3 3 3
54.99999999999996 20 3 0.9250974654058065 1.2197980460526205 2439
# 3 3 3
55.99999999999995 20 3 0.9204025931215117 1.2103450765639419 2439
# 3 3 3
56.99999999999994 20 3 0.9168529511762337 1.195017716232459 2439
# 3 3 3
57.999999999999936 20 3 0.914725785188058 1.1746657359931945 2439
# 3 3 3
58.999999999999936 20 3 0.9139595781133198 1.1507623103882798 2439
# 3 3 3
59.99999999999993 20 3 0.9140798700399541 1.125163055243192 2439
# 3 3 3
60.99999999999992 20 3 0.9143001309731847 1.0998485911199614 2439
# 3 3 3
61.999999999999915 20 3 0.9137930080359052 1.0766888588421606 2439
# 3 3 3
62.99999999999991 20 3 0.9120110226599087 1.0572442102743989 2439
# 3 3 3
63.999999999999915 20 3 0.9088798305026273 1.0426128624208082 2439
# 3 3 3
64.99999999999991 20 3 0.9047664859764111 1.0333348034506937 2439
# 3 3 3
65.9999999999999 20 3 0.9002665289679384 1.0293636249092437 2439
# 3 3 3
66.9999999999999 20 3 0.8959526488817371 1.030123395600453 2439
# 3 3 3
67.9999999999999 20 3 0.8922341834301248 1.0346679942165586 2439
# 3 3 3
68.99999999999989 20 3 0.8893660483879313 1.0419248654916005 2439
# 3 3 3
69.99999999999989 20 3 0.8875092298416417 1.0509408837953629 2439
# 3 3 3
70.99999999999987 20 3 0.8867380039435449 1.0610295584506828 2439
# 3 3 3
71.99999999999987 20 3 0.8869789250113329 1.0717810361394473 2439
# 3 3 3
72.99999999999987 20 3 0.8879272850647936 1.0829813582405214 2439
# 3 3 3
73.99999999999987 20 3 0.8890010021147332 1.094527433840584 2439
# 3 3 3
74.99999999999987 20 3 0.8893979742557028 1.1063965113473202 2439
# 3 3 3
75.99999999999986 20 3 0.8883102126045272 1.1186588225347724 2439
# 3 3 3
76.99999999999986 20 3 0.8852531760858482 1.1314661607105156 2439
# 3 3 3
77.99999999999984 20 3 0.8803047089827589 1.1449521126243212 2439
# 3 3 3
78.99999999999984 20 3 0.8740133489186221 1.1590373421187892 2439
# 3 3 3
79.99999999999984 20 3 0.8669971392502889 1.1732066425264445 2439
# 3 3 3
80.99999999999983 20 3 0.8595981694929734 1.1863775468854745 2439
# 3 3 3
81.99999999999983 20 3 0.8519462996437496 1.1969727922440685 2439
# 3 3 3
82.99999999999983 20 3 0.8442838958504902 1.2032250172635768 2439
# 3 3 3
83.99999999999983 20 3 0.8369991492305575 1.203648299190132 2439
# 3 3 3
84.99999999999982 20 3 0.830357633401831 1.1975032513832942 2439
# 3 3 3
85.99999999999983 20 3 0.8244726530304102 1.185006990102155 2439
# 3 3 3
86.99999999999983 20 3 0.8194789074671834 1.167209197700491 2439
# 3 3 3
87.99999999999984 20 3 0.8155328276741304 1.1456846610690854 2439
# 3 3 3
88.99999999999984 20 3 0.8126367659136611 1.1222115663239096 2439
# 3 3 3
89.99999999999984 20 3 0.8105651752403372 1.0985267858023045 2439
# 3 3 3
90.99999999999986 20 3 0.809007560944063 1.0761998889612852 2439
# 3 3 3
91.99999999999984 20 3 0.8077330755421166 1.0566152658555688 2439
# 3 3 3
92.99999999999986 20 3 0.8066209100148218 1.040991332268196 2439
# 3 3 3
93.99999999999986 20 3 0.8056448320326361 1.0303664244501203 2439
# 3 3 3
94.99999999999986 20 3 0.8049185320242014 1.0255450684879808 2439
# 3 3 3
95.99999999999987 20 3 0.8047311549099372 1.0270415399644806 2439
# 3 3 3
96.99999999999987 20 3 0.8054362728943817 1.0350346061142315 2439
# 3 3 3
97.99999999999989 20 3 0.8072303366012067 1.0493116118165882 2439
# 3 3 3
98.99999999999989 20 3 0.8100121295954821 1.0691988671884463 2439
# 3 3 3
99.9999999999999 20 3 0.8134357941353545 1.09352963256071 2439
# 3 3 3
100.9999999999999 20 3 0.8171259927802623 1.1207294944691792 2439
# 3 3 3
101.99999999999991 20 3 0.8209340350532301 1.1490742893064583 2439
# 3 3 3
102.9999999999999 20 3 0.8250420820072691 1.177095901810933 2439
# 3 3 3
103.9999999999999 20 3 0.8297626980485991 1.2040007206889973 2439
# 3 3 3
104.99999999999991 20 3 0.8351014488683438 1.229889557873766 2439
# 3 3 3
105.99999999999991 20 3 0.8403845944579849 1.2555899530770716 2439
# 3 3 3
106.99999999999993 20 3 0.8443045030879385 1.2820795898979997 2439
# 3 3 3
107.99999999999993 20 3 0.8455148607635214 1.3098004111255623 2439
# 3 3 3
108.99999999999994 20 3 0.8433336571683536 1.3383696889671763 2439
# 3 3 3
109.99999999999993 20 3 0.8378137265468417 1.3668278011237494 2439
# 3 3 3
110.99999999999994 20 3 0.8294530145769345 1.3940167154969656 2439
# 3 3 3
111.99999999999994 20 3 0.819175363830347 1.4187592691484037 2439
# 3 3 3
112.99999999999996 20 3 0.8082721374915384 1.4398425213034325 2439
# 3 3 3
113.99999999999996 20 3 0.7978783219534284 1.4559181525094416 2439
# 3 3 3
114.99999999999997 20 3 0.7884314685870752 1.4654266718443525 2439
# 3 3 3
115.99999999999997 20 3 0.7797450632052649 1.4666711900955658 2439
# 3 3 3
116.99999999999999 20 3 0.7714242642614646 1.458168598969382 2439
# 3 3 3
117.99999999999997 20 3 0.763127820032854 1.4392468752329513 2439
# 3 3 3
119.0 20 3 0.7546544379606175 1.4106049212279326 2439
# 3 3 3
119.99999999999999 20 3 0.7460048912936355 1.3744817158018774 2439
# 3 3 3
121.0 20 3 0.7374804191623043 1.3342969905861488 2439
# 3 3 3
122.0 26 3 0.7297472692475713 1.2939468252953894 2439
# 3 3 3
123.00000000000001 26 3 0.7237290449386357 1.257097349956893 2439
# 3 3 3
124.00000000000001 26 3 0.7202647470244605 1.2267146770284227 2439
# 3 3 3
125.00000000000003 26 3 0.7196858536220229 1.2048657976781194 2439
# 3 3 3
126.00000000000001 26 3 0.7216479245281222 1.192705251631357 2439
# 3 3 3
127.00000000000004 26 3 0.7253290743592459 1.190531383587723 2439
# 3 3 3
128.00000000000003 26 3 0.7297713651972644 1.1978539750620742 2439
# 3 3 3
129.00000000000003 26 3 0.7341693550199629 1.213530097553788 2439
# 3 3 3
130.00000000000003 26 3 0.7380273304690343 1.2360721063254705 2439
# 3 3 3
131.00000000000003 26 3 0.7411524926312603 1.26414061097199 2439
# 3 3 3
132.00000000000006 26 3 0.7435517204975489 1.2970618392687536 2439
# 3 3 3
133.00000000000006 26 3 0.7453447262718036 1.335097624129777 2439
# 3 3 3
134.00000000000006 26 3 0.7466606937175095 1.3792788674133014 2439
# 3 3 3
135.00000000000006 26 3 0.747394373923336 1.4308730432526877 2439
# 3 3 3
136.00000000000009 26 3 0.7470295300493659 1.4907749566898498 2439
# 3 3 3
137.00000000000006 26 3 0.7450336150587591 1.559046817983606 2439
# 3 3 3
138.00000000000009 26 3 0.7415831303488906 1.6345766137034974 2439
# 3 3 3
139.00000000000009 26 3 0.7376519132880812 1.7147454603123362 2439
# 3 3 3
140.00000000000009 26 3 0.7343702852849604 1.7951973509890558 2439
# 3 3 3
141.00000000000009 26 3 0.7324382430924902 1.870000828657091 2439
# 3 3 3
142.0000000000001 26 3 0.7319563387267255 1.9324071095727582 2439
# 3 3 3
143.0000000000001 26 3 0.7325366230051449 1.9760136924042475 2439
# 3 3 3
144.0000000000001 26 3 0.7335755422346744 1.995736846508168 2439
# 3 3 3
145.0000000000001 26 3 0.7345155866968303 1.9880784740572028 2439
# 3 3 3
146.0000000000001 26 3 0.7348347233746122 1.9509058579895984 2439
# 3 3 3
147.0000000000001 20 3 0.7339801868156431 1.8836879258525463 2439
# 3 3 3
148.00000000000014 20 3 0.7315981905819782 1.7887765665773296 2439
# 3 3 3
149.00000000000014 20 3 0.7276726584681424 1.6728900443063477 2439
# 3 3 3
150.00000000000014 20 3 0.7225976251458981 1.5471011221402244 2439
# 3 3 3
151.00000000000014 20 3 0.7177516423675786 1.4245820284680235 2439
# 3 3 3
152.00000000000017 20 3 0.716109107685719 1.3170759032796229 2439
# 3 3 3
153.00000000000014 20 3 0.7200481388786323 1.2317916287165938 2439
# 3 3 3
154.00000000000014 26 3 0.7275120186863906 1.1703872279378693 2439
# 3 3 3
155.00000000000017 26 3 0.7344931224036559 1.1306569255131447 2439
# 3 3 3
156.00000000000017 26 3 0.7389103462308858 1.1090119137063945 2439
# 3 3 3
157.00000000000017 20 3 0.7406939000501285 1.1020038979038018 2439
# 3 3 3
158.00000000000017 26 3 0.7406313137165522 1.1068950991440274 2439
# 3 3 3
159.0000000000002 26 3 0.7394098917711105 1.1218532626657098 2439
# 3 3 3
160.00000000000017 26 3 0.7373890130343239 1.1460342208409704 2439
# 3 3 3
161.0000000000002 26 3 0.7348198557779761 1.1794425980300636 2439
# 3 3 3
162.0000000000002 26 3 0.7319426003485967 1.2224761200909362 2439
# 3 3 3
163.0000000000002 26 3 0.7288816998928392 1.2751987955624273 2439
# 3 3 3
164.0000000000002 26 3 0.7255757907068439 1.3365989786613723 2439
# 3 3 3
165.00000000000023 26 3 0.7219130581320142 1.404276758879792 2439
# 3 3 3
166.00000000000023 26 3 0.717931987469207 1.474831581276851 2439
# 3 3 3
167.00000000000023 26 3 0.7138139094028173 1.5446814576154195 2439
# 3 3 3
168.00000000000023 26 3 0.7096678458308646 1.6106690769241316 2439
# 3 3 3
169.00000000000023 26 3 0.705331378837159 1.6699960843373085 2439
# 3 3 3
170.00000000000023 26 3 0.7003455670283711 1.7196084831052418 2439
# 3 3 3
171.00000000000026 26 3 0.6941185935097672 1.7556492143957885 2439
# 3 3 3
172.00000000000026 26 3 0.6861528057959162 1.773591826667534 2439
# 3 3 3
173.00000000000026 26 3 0.6761546812487406 1.7691398848157205 2439
# 3 3 3
174.00000000000026 26 3 0.6640534806016489 1.7393817247025785 2439
# 3 3 3
175.00000000000028 26 3 0.6503587619660891 1.6836878281676362 2439
# 3 3 3
176.00000000000026 26 3 0.6370229790669465 1.6043156539527883 2439
# 3 3 3
177.00000000000028 26 3 0.6270676021502228 1.5067637030222412 2439
# 3 3 3
178.00000000000028 26 3 0.6218623206169132 1.3996466484221104 2439
# 3 3 3
179.00000000000028 26 3 0.6197590253539441 1.2938456662785773 2439
# 3 3 3
180.00000000000028 26 3 0.6180682612539049 1.2006706529951974 2439
# 3 3 3
181.00000000000028 26 3 0.6155351316535466 1.1292990013362003 2439
# 3 3 3
182.0000000000003 26 3 0.6126622886089119 1.08476249215812 2439
# 3 3 3
183.00000000000028 26 3 0.6102840084825543 1.0676319949415014 2439
# 3 3 3
184.0000000000003 26 3 0.6087315248211803 1.0751084235104607 2439
# 3 3 3
185.0000000000003 26 3 0.6080614045083164 1.1023875925812305 2439
# 3 3 3
186.0000000000003 26 3 0.6083185818162565 1.1436814718173955 2439
# 3 3 3
187.0000000000003 26 3 0.6095206631602805 1.1929762803394512 2439
# 3 3 3
188.00000000000034 26 3 0.6115634709301883 1.2447878759577098 2439
# 3 3 3
189.00000000000034 26 3 0.614169258970577 1.29495203170599 2439
# 3 3 3
190.00000000000034 26 3 0.6168952931967225 1.341165249788455 2439
# 3 3 3
191.00000000000034 26 3 0.6192164590836371 1.3829195434385513 2439
# 3 3 3
192.00000000000034 26 3 0.6206925543494297 1.420808778541002 2439
# 3 3 3
193.00000000000034 26 3 0.6211275787996666 1.4556542507162544 2439
# 3 3 3
194.00000000000037 26 3 0.6205101929460355 1.4880112594962944 2439
# 3 3 3
195.00000000000037 26 3 0.618674690381166 1.518233682300354 2439
# 3 3 3
196.00000000000037 26 3 0.6150803774878281 1.5468080472653318 2439
# 3 3 3
197.00000000000037 26 3 0.6093319324658456 1.574529055321259 2439
# 3 3 3
198.0000000000004 26 3 0.601864004797573 1.6021826619090864 2439
# 3 3 3
199.00000000000037 26 3 0.5938208198543157 1.6296526701079939 2439
# 3 3 3
200.00000000000037 26 3 0.586764340138604 1.6549020551795743 2439
# 3 3 3
201.00000000000043 26 3 0.582239510797609 1.6736085570101007 2439
# 3 3 3
202.0000000000004 26 3 0.5810491934771831 1.6799547461648778 2439
# 3 3 3
203.0000000000004 26 3 0.5829017435512562 1.6684264825053403 2439
# 3 3 3
204.0000000000004 26 3 0.5865447080359063 1.6358696326076707 2439
# 3 3 3
205.0000000000004 26 3 0.5902933568789317 1.5828271244024028 2439
# 3 3 3
206.00000000000043 26 3 0.5930516590722805 1.5135184686676126 2439
# 3 3 3
207.00000000000043 26 3 0.5948630477456909 1.4346178386806092 2439
# 3 3 3
208.00000000000043 26 3 0.5960958374004643 1.3536319162665031 2439
# 3 3 3
209.00000000000043 26 3 0.5966019357511982 1.2776446549776856 2439
# 3 3 3
210.00000000000045 32 3 0.5959961070245892 1.2126739202274004 2439
# 3 3 3
211.00000000000045 32 3 0.5942010940228283 1.1633969432584752 2439
# 3 3 3
212.00000000000043 32 3 0.5915019970566661 1.1328987292176604 2439
# 3 3 3
213.00000000000043 32 3 0.5882138530032592 1.1223528010843873 2439
# 3 3 3
214.00000000000048 32 3 0.5843238172167999 1.130804175965742 2439
# 3 3 3
215.00000000000045 32 3 0.5795132619844671 1.1553247895733691 2439
# 3 3 3
216.00000000000045 32 3 0.5736491428979289 1.1916249959735248 2439
# 3 3 3
217.00000000000045 26 3 0.5671200848523384 1.2348460067343328 2439
# 3 3 3
218.00000000000048 26 3 0.5606634473277546 1.2801900820968215 2439
# 3 3 3
219.00000000000048 26 3 0.5549908827526231 1.3232744701534565 2439
# 3 3 3
220.00000000000048 26 3 0.5505507532395951 1.3603110700002965 2439
# 3 3 3
221.00000000000048 26 3 0.5474777912014456 1.3882671657628705 2439
# 3 3 3
222.0000000000005 26 3 0.5456223689343017 1.4050797827481243 2439
# 3 3 3
223.0000000000005 26 3 0.5445834237523701 1.4098753137371967 2439
# 3 3 3
224.0000000000005 26 3 0.5437662797302353 1.4030891794889737 2439
# 3 3 3
225.0000000000005 32 3 0.5425355461164874 1.3864163110939842 2439
# 3 3 3
226.00000000000054 32 3 0.5404904762536238 1.3625880045677752 2439
# 3 3 3
227.00000000000054 32 3 0.5377324773641935 1.3350029198053095 2439
# 3 3 3
228.00000000000054 32 3 0.5348017489888268 1.3072508391177053 2439
# 3 3 3
229.0000000000005 32 3 0.5322490471242091 1.2825697188796168 2439
# 3 3 3
230.0000000000005 32 3 0.5304330558796889 1.2632902949571079 2439
# 3 3 3
231.00000000000054 26 3 0.5296941157153592 1.2504189227406681 2439
# 3 3 3
232.00000000000054 26 3 0.530203165756254 1.24346210454018 2439
# 3 3 3
233.00000000000054 26 3 0.5313549303280324 1.2403092551774002 2439
# 3 3 3
234.00000000000054 26 3 0.531923240128291 1.237295976887771 2439
# 3 3 3
235.00000000000057 26 3 0.5312439536704403 1.2301757739311896 2439
# 3 3 3
236.00000000000057 26 3 0.5295827630661866 1.2160602613891023 2439
# 3 3 3
237.00000000000057 26 3 0.5274836036948882 1.1952123007122217 2439
# 3 3 3
238.00000000000057 26 3 0.5252722362158525 1.1714852280438348 2439
# 3 3 3
239.0000000000006 32 3 0.5232140901572712 1.1512044643111563 2439
# 3 3 3
240.0000000000006 32 3 0.5215859985480016 1.1410449283303972 2439
# 3 3 3
241.0000000000006 32 3 0.520306479430781 1.1455641582550475 2439
# 3 3 3
242.00000000000057 32 3 0.5189744032507372 1.165610169764402 2439
# 3 3 3
243.00000000000063 32 3 0.517297238199071 1.1985949844321186 2439
# 3 3 3
244.00000000000063 32 3 0.5152868643250362 1.2400057510905744 2439
# 3 3 3
245.0000000000006 32 3 0.5131825015585232 1.284778081266998 2439
# 3 3 3
246.0000000000006 32 3 0.5113311376783026 1.3280445072016065 2439
# 3 3 3
247.00000000000065 32 3 0.5100405374799555 1.3655206679925422 2439
# 3 3 3
248.00000000000063 32 3 0.5094406449351098 1.393797897621689 2439
# 3 3 3
249.00000000000063 32 3 0.509420983875785 1.410642012629018 2439
# 3 3 3
250.00000000000063 26 3 0.5096447503845255 1.415294384514028 2439
# 3 3 3
251.00000000000065 26 3 0.5096775391453238 1.4086730385883175 2439
# 3 3 3
252.00000000000065 26 3 0.5092532697082838 1.393304461071786 2439
# 3 3 3
253.00000000000065 32 3 0.5084637641978915 1.372862247360446 2439
# 3 3 3
254.00000000000065 32 3 0.5076659054718076 1.3513155781118855 2439
# 3 3 3
255.00000000000063 32 3 0.5072671556069462 1.3318825527574036 2439
# 3 3 3
256.0000000000007 32 3 0.507556947451875 1.3162193664891826 2439
# 3 3 3
257.0000000000007 32 3 0.5087128934130618 1.3042940862343209 2439
# 3 3 3
258.0000000000007 32 3 0.5110507313089143 1.2949946991595724 2439
# 3 3 3
259.0000000000007 26 3 0.5150828032746839 1.2869774534489915 2439
# 3 3 3
260.0000000000007 32 3 0.5209258919390903 1.2790449089604343 2439
# 3 3 3
261.0000000000007 32 3 0.5270660698275185 1.2697485890308235 2439
# 3 3 3
262.0000000000007 32 3 0.530957525687465 1.2570222684259007 2439
# 3 3 3
263.0000000000007 32 3 0.5316248024351191 1.2390148802692407 2439
# 3 3 3
264.00000000000074 32 3 0.5301557460107229 1.2157876647457666 2439
# 3 3 3
265.00000000000074 32 3 0.5283915400389365 1.1904955764108318 2439
# 3 3 3
266.0000000000007 32 3 0.527221249277875 1.1689819054236579 2439
# 3 3 3
267.0000000000007 32 3 0.5267598689730681 1.1576794737849059 2439
# 3 3 3
268.00000000000074 32 3 0.5265651999530112 1.1610137246563028 2439
# 3 3 3
269.00000000000074 32 3 0.5262040384581598 1.1797786735548967 2439
# 3 3 3
270.00000000000074 32 3 0.526004456273866 1.211209685165188 2439
# 3 3 3
271.00000000000074 32 3 0.5264288267028173 1.2503839111512831 2439
# 3 3 3
272.00000000000074 32 3 0.5275794288151876 1.2918491868407351 2439
# 3 3 3
273.00000000000074 32 3 0.5292937821196582 1.330652504719104 2439
# 3 3 3
274.00000000000074 32 3 0.5312319980170435 1.362756047418047 2439
# 3 3 3
275.00000000000074 32 3 0.5329216098142223 1.385172437709114 2439
# 3 3 3
276.0000000000008 32 3 0.5338581115273895 1.3960433239449315 2439
# 3 3 3
277.0000000000008 32 3 0.533685517001917 1.394728667585957 2439
# 3 3 3
278.0000000000008 32 3 0.5323997075603908 1.3818923953174302 2439
# 3 3 3
279.0000000000008 32 3 0.5304292268444413 1.3595258803020795 2439
# 3 3 3
280.00000000000074 32 3 0.5284933303588742 1.3308190102560802 2439
# 3 3 3
281.0000000000008 32 3 0.5272971620110515 1.299794335112149 2439
# 3 3 3
282.0000000000008 32 3 0.5271604349556313 1.2706899750037042 2439
# 3 3 3
283.0000000000008 32 3 0.5276875438602293 1.2471794353222256 2439
# 3 3 3
284.0000000000008 32 3 0.5279933812924869 1.2316514055943892 2439
# 3 3 3
285.0000000000008 32 3 0.5274519649899179 1.2249236353109754 2439
# 3 3 3
286.0000000000008 32 3 0.5258610543569214 1.2263895522851311 2439
# 3 3 3
287.0000000000008 32 3 0.5232739622942341 1.2340346323386477 2439
# 3 3 3
288.0000000000008 32 3 0.5202454982383043 1.24425561647552 2439
# 3 3 3
289.00000000000085 32 3 0.5179719722447086 1.2522218033509795 2439
# 3 3 3
290.00000000000085 32 3 0.5174591079122102 1.2532512310347717 2439
# 3 3 3
291.00000000000085 32 3 0.5189489017271324 1.244801557902268 2439
# 3 3 3
292.00000000000085 32 3 0.5214568937399379 1.2282097532337277 2439
# 3 3 3
293.00000000000085 32 3 0.5235512860274405 1.2090323727461851 2439
# 3 3 3
294.00000000000085 32 3 0.5245070595299142 1.19510060608685 2439
# 3 3 3
295.00000000000085 32 3 0.5246444644560783 1.193001639707147 2439
# 3 3 3
296.00000000000085 32 3 0.524454734510318 1.2052423639221286 2439
# 3 3 3
297.0000000000009 32 3 0.5240605746346229 1.2299551148322718 2439
# 3 3 3
298.0000000000009 32 3 0.5234733446615863 1.2626203745956985 2439
# 3 3 3
299.00000000000085 32 3 0.522936631412428 1.2979807054413648 2439
# 3 3 3
300.00000000000085 32 3 0.5227729260788371 1.3311548431598912 2439
# 3 3 3
301.0000000000009 32 3 0.5229940876701825 1.3580556633333705 2439
# 3 3 3
302.0000000000009 32 3 0.5233826808245226 1.3755611387596904 2439
# 3 3 3
303.0000000000009 32 3 0.5237271305565677 1.381680839684446 2439
# 3 3 3
304.0000000000009 32 3 0.5238804072506223 1.3757078474447597 2439
# 3 3 3
305.0000000000009 32 3 0.5237803375424124 1.3582764025979324 2439
# 3 3 3
306.0000000000009 32 3 0.5235061818953777 1.3312734929105732 2439
# 3 3 3
307.0000000000009 32 3 0.5232040127291282 1.297609194418907 2439
# 3 3 3
308.0000000000009 32 3 0.5228816015042694 1.2608750824045467 2439
# 3 3 3
309.0000000000009 32 3 0.5224723833547763 1.2249022132031488 2439
# 3 3 3
310.00000000000097 32 3 0.5220403700822396 1.1932684397921347 2439
# 3 3 3
311.00000000000097 32 3 0.5217010311858169 1.1688563978737838 2439
# 3 3 3
312.0000000000009 32 3 0.5214937751438514 1.1534876251325383 2439
# 3 3 3
313.0000000000009 32 3 0.521543359061482 1.1476075051264885 2439
# 3 3 3
314.00000000000097 32 3 0.5218369243970291 1.1500215406814447 2439
# 3 3 3
315.00000000000097 32 3 0.5218840576218907 1.1577133158991824 2439
# 3 3 3
316.00000000000097 32 3 0.5214823329658198 1.1663908441727908 2439
# 3 3 3
317.00000000000097 32 3 0.520769713655172 1.1720754000434452 2439
# 3 3 3
318.00000000000097 32 3 0.5203057451568018 1.1729741117806616 2439
# 3 3 3
319.00000000000097 32 3 0.5207238000152652 1.1703981953331106 2439
# 3 3 3
320.00000000000097 32 3 0.5215989968001034 1.1681251035739328 2439
# 3 3 3
321.00000000000097 32 3 0.5220859802768649 1.1708150232802965 2439
# 3 3 3
322.000000000001 32 3 0.5222454299230775 1.1820953134019896 2439
# 3 3 3
323.000000000001 32 3 0.5223891583106527 1.2031631086824428 2439
# 3 3 3
324.000000000001 32 3 0.5225142139200383 1.2325201086353554 2439
# 3 3 3
325.00000000000097 32 3 0.5224346538865001 1.266762447915014 2439
# 3 3 3
326.000000000001 32 3 0.5222207895855898 1.3017052260526931 2439
# 3 3 3
327.000000000001 32 3 0.5220617672281522 1.3332341356589668 2439
# 3 3 3
328.000000000001 32 3 0.5220584646695916 1.3578203142205987 2439
# 3 3 3
329.000000000001 32 3 0.5223053262260788 1.3728146190552337 2439
# 3 3 3
330.000000000001 32 3 0.5228936157170274 1.3765951530855418 2439
# 3 3 3
331.000000000001 32 3 0.5237315614140879 1.368618535121514 2439
# 3 3 3
332.000000000001 32 3 0.5245272586574223 1.3494041729906667 2439
# 3 3 3
333.000000000001 32 3 0.5249753149647644 1.3204636930217304 2439
# 3 3 3
334.000000000001 32 3 0.5249231163083479 1.2841719157417477 2439
# 3 3 3
335.0000000000011 32 3 0.5244472410455093 1.2435539994695572 2439
# 3 3 3
336.0000000000011 32 3 0.523799927182206 1.2019620695147473 2439
# 3 3 3
337.0000000000011 32 3 0.5230516215293606 1.1626476628811777 2439
# 3 3 3
338.0000000000011 32 3 0.5221534306157158 1.1283041586635136 2439
# 3 3 3
339.0000000000011 32 3 0.5212611955696712 1.1007236665587101 2439
# 3 3 3
340.0000000000011 32 3 0.5205284626064292 1.0806914172659805 2439
# 3 3 3
341.0000000000011 32 3 0.5200135616826009 1.0681137305296982 2439
# 3 3 3
342.0000000000011 32 3 0.5196960720431703 1.0622493528387702 2439
# 3 3 3
343.00000000000114 32 3 0.5194434102994787 1.0619612070435542 2439
# 3 3 3
344.0000000000011 32 3 0.5190971555471435 1.0660748278027172 2439
# 3 3 3
345.0000000000011 32 3 0.5186383122135599 1.073886980270858 2439
# 3 3 3
346.0000000000011 32 3 0.5181987321668746 1.0855533246624658 2439
# 3 3 3
347.00000000000114 32 3 0.5182156194351537 1.1019612196845616 2439
# 3 3 3
348.00000000000114 32 3 0.5183941993261028 1.1240786696715854 2439
# 3 3 3
349.00000000000114 32 3 0.5182868984536249 1.1522239866500525 2439
# 3 3 3
350.00000000000114 32 3 0.5180741321250613 1.1856903954534301 2439
# 3 3 3
351.00000000000114 32 3 0.5178039973551608 1.2227633710571832 2439
# 3 3 3
352.00000000000114 32 3 0.5174116397890026 1.2609437304690085 2439
# 3 3 3
353.00000000000114 32 3 0.516934116553081 1.2972519862232046 2439
# 3 3 3
354.00000000000114 32 3 0.5164984810899239 1.3285864981109488 2439
# 3 3 3
355.00000000000114 26 3 0.516184843413134 1.3521089810631024 2439
# 3 3 3
356.0000000000012 26 3 0.516021789948292 1.365592263237735 2439
# 3 3 3
357.0000000000012 26 3 0.5159661271331167 1.3676757633608376 2439
# 3 3 3
358.00000000000114 26 3 0.5159883772364057 1.3580021276138667 2439
# 3 3 3
359.00000000000114 26 3 0.5161294459530711 1.3372315914653172 2439
# 3 3 3
360.0000000000012 26 3 0.5163196967714957 1.3069452692606551 2439
# 3 3 3
361.0000000000012 26 3 0.5164525768717132 1.2694523287484312 2439
# 3 3 3
362.0000000000012 26 3 0.5164925539133942 1.227528183231286 2439
# 3 3 3
363.0000000000012 26 3 0.5164297710491779 1.1841158022119371 2439
# 3 3 3
364.0000000000012 26 3 0.5163194913797012 1.1420214105129187 2439
# 3 3 3
365.0000000000012 26 3 0.5163062577299083 1.1036438105740807 2439
# 3 3 3
366.0000000000012 26 3 0.5163387495269672 1.0707916477568862 2439
# 3 3 3
367.0000000000012 26 3 0.5163353585472353 1.0446027418727666 2439
# 3 3 3
368.00000000000125 26 3 0.5163396548435818 1.025578225411754 2439
# 3 3 3
369.00000000000125 26 3 0.5163556582942106 1.0137638369244069 2439
# 3 3 3
370.00000000000125 26 3 0.5163321047767473 1.0090090989093934 2439
# 3 3 3
371.0000000000012 26 3 0.5162169208542186 1.0111967834535338 2439
# 3 3 3
372.00000000000125 26 3 0.5160402669953654 1.0203645210203667 2439
# 3 3 3
373.00000000000125 26 3 0.5159035619722357 1.036672662057602 2439
# 3 3 3
374.00000000000125 26 3 0.5157817433099678 1.0601899056835629 2439
# 3 3 3
375.00000000000125 26 3 0.5156728199206086 1.0905601891956156 2439
# 3 3 3
376.0000000000013 26 3 0.5156941115597089 1.1267455021383892 2439
# 3 3 3
377.00000000000125 26 3 0.5156924291031769 1.1669972756765248 2439
# 3 3 3
378.00000000000125 26 3 0.5155302711478833 1.209043852682751 2439
# 3 3 3
379.00000000000125 26 3 0.5151976689881427 1.2503243909872856 2439
# 3 3 3
380.00000000000125 26 3 0.5147281809858998 1.2881590481208376 2439
# 3 3 3
381.0000000000013 26 3 0.5141470408176723 1.3199024202414151 2439
# 3 3 3
382.0000000000013 26 3 0.5136068961854454 1.3431538062217268 2439
# 3 3 3
383.0000000000013 26 3 0.5133035966555348 1.356016354729315 2439
# 3 3 3
384.0000000000013 26 3 0.5133498710450413 1.3573398614934427 2439
# 3 3 3
385.0000000000013 26 3 0.5137259655242354 1.346885570492484 2439
# 3 3 3
386.0000000000013 26 3 0.5142723474541904 1.3253742300885856 2439
# 3 3 3
387.0000000000013 26 3 0.5147470456550215 1.2944044487726512 2439
# 3 3 3
388.0000000000013 26 3 0.5149507816378853 1.2562585870711145 2439
# 3 3 3
389.00000000000136 26 3 0.5148667920997562 1.2136385089174015 2439
# 3 3 3
390.0000000000013 26 3 0.5146382682306707 1.169379915769604 2439
# 3 3 3
391.0000000000013 26 3 0.5144165355811765 1.1261846206700354 2439
# 3 3 3
392.0000000000013 26 3 0.5142947576929933 1.086399423637457 2439
# 3 3 3
393.00000000000136 26 3 0.514278531494953 1.05186874701187 2439
# 3 3 3
394.00000000000136 26 3 0.5143040082183178 1.0238862166569045 2439
# 3 3 3
395.00000000000136 26 3 0.514317944560804 1.003245180714745 2439
# 3 3 3
396.00000000000136 26 3 0.5142990498588337 0.9903516104394762 2439
# 3 3 3
397.00000000000136 26 3 0.5142531604949807 0.9853554874967588 2439
# 3 3 3
398.00000000000136 26 3 0.514220172934625 0.9882716556769918 2439
# 3 3 3
399.00000000000136 26 3 0.5142227870881728 0.9990525051400718 2439
# 3 3 3
400.00000000000136 26 3 0.5142204887482426 1.0175623253248287 2439
# 3 3 3
401.00000000000136 26 3 0.5141869802902085 1.0434480129649624 2439
# 3 3 3
402.00000000000136 26 3 0.5141270301566376 1.075975805487506 2439
# 3 3 3
403.0000000000014 26 3 0.5140725683469082 1.1139192618872313 2439
# 3 3 3
404.0000000000014 26 3 0.5140484726952225 1.1555318787927154 2439
# 3 3 3
405.0000000000014 26 3 0.5140719141987433 1.1985975891197913 2439
# 3 3 3
406.0000000000014 26 3 0.5141130134180152 1.240552951489223 2439
# 3 3 3
407.0000000000014 26 3 0.5141159293724624 1.2786766159311678 2439
# 3 3 3
408.0000000000014 26 3 0.5140316380893054 1.310328569956232 2439
# 3 3 3
409.0000000000014 26 3 0.5138135676488446 1.333206256876467 2439
# 3 3 3
410.0000000000014 26 3 0.5134578515876249 1.3455813646253862 2439
# 3 3 3
411.0000000000014 26 3 0.5130209139001316 1.3464831644832036 2439
# 3 3 3
412.0000000000015 26 3 0.5125862937513911 1.3357986847040675 2439
# 3 3 3
413.0000000000015 26 3 0.5122097104963009 1.314276836234774 2439
# 3 3 3
414.0000000000015 26 3 0.511891219519556 1.2834436167395389 2439
# 3 3 3
415.0000000000015 26 3 0.5115968783142999 1.2454457897357754 2439
# 3 3 3
416.0000000000015 26 3 0.5113021724563805 1.2028435690666457 2439
# 3 3 3
417.0000000000014 26 3 0.5110108677202799 1.1583756130312355 2439
# 3 3 3
418.0000000000014 26 3 0.5107446525181562 1.1147234090832774 2439
# 3 3 3
419.0000000000014 26 3 0.5105343936768928 1.074302461441762 2439
# 3 3 3
420.00000000000153 26 3 0.5103887590011281 1.0391033925815194 2439
# 3 3 3
421.00000000000153 26 3 0.5102521510952231 1.0106015898687184 2439
# 3 3 3
422.00000000000153 26 3 0.5100589321905529 0.9897487971233521 2439
# 3 3 3
423.0000000000015 26 3 0.509805533119696 0.9770455539194365 2439
# 3 3 3
424.0000000000015 26 3 0.509529501830599 0.9726662843818361 2439
# 3 3 3
425.0000000000015 26 3 0.5092639854678874 0.9765831305835417 2439
# 3 3 3
426.0000000000015 26 3 0.5090235089078743 0.9886310127027443 2439
# 3 3 3
427.0000000000015 26 3 0.5088179515132045 1.0084836759311544 2439
# 3 3 3
428.00000000000153 26 3 0.5086697890562738 1.0355586659781602 2439
# 3 3 3
429.00000000000153 26 3 0.5086040806709089 1.0689077025494687 2439
# 3 3 3
430.00000000000153 26 3 0.5086300562770167 1.107149280351076 2439
# 3 3 3
431.00000000000153 26 3 0.5087340123721273 1.148470168323183 2439
# 3 3 3
432.00000000000153 26 3 0.5088685660485809 1.1906924023771446 2439
# 3 3 3
433.00000000000153 26 3 0.5089460515840101 1.2313897824435878 2439
# 3 3 3
434.00000000000153 26 3 0.5088739271732715 1.2680412339089697 2439
# 3 3 3
435.00000000000153 26 3 0.5086236622473664 1.2982160023433678 2439
# 3 3 3
436.00000000000153 26 3 0.5082802734917424 1.3197844039479492 2439
# 3 3 3
437.0000000000016 26 3 0.5080321295585566 1.3311362598554668 2439
# 3 3 3
438.0000000000016 26 3 0.508017255207867 1.331375425191262 2439
# 3 3 3
439.0000000000016 26 3 0.5081836669486595 1.3204451868332308 2439
# 3 3 3
440.0000000000016 26 3 0.5083563903205671 1.299131777578893 2439
# 3 3 3
441.0000000000016 26 3 0.5084462021174266 1.2689433637283476 2439
# 3 3 3
442.0000000000016 26 3 0.5084946487389033 1.2319309231646043 2439
# 3 3 3
443.0000000000016 26 3 0.5085337375056114 1.1905009418853463 2439
# 3 3 3
444.00000000000153 26 3 0.5085150834973642 1.1472237009849025 2439
# 3 3 3
445.00000000000165 26 3 0.5083762459750799 1.1046404234589062 2439
# 3 3 3
446.00000000000165 26 3 0.5081570189682638 1.0650852918381486 2439
# 3 3 3
447.00000000000165 26 3 0.5079847614823284 1.0305413400029135 2439
# 3 3 3
448.00000000000165 26 3 0.5079206731702033 1.0025472871156618 2439
# 3 3 3
449.0000000000016 26 3 0.5079592241663086 0.9821663665736323 2439
# 3 3 3
450.0000000000016 26 3 0.5080569210901434 0.9700150287208785 2439
# 3 3 3
451.0000000000016 26 3 0.5081595931238038 0.9663321551947484 2439
# 3 3 3
452.0000000000016 26 3 0.5082618010987863 0.9710561744835627 2439
# 3 3 3
453.0000000000017 26 3 0.5084009031444124 0.9838792532404206 2439
# 3 3 3
454.0000000000017 26 3 0.5086025655129587 1.0042664407090152 2439
# 3 3 3
455.00000000000165 26 3 0.5087494684853411 1.0314463513182124 2439
# 3 3 3
456.00000000000165 26 3 0.5086932648843381 1.0643781868592277 2439
# 3 3 3
457.00000000000165 26 3 0.5084776061418346 1.1017039012256422 2439
# 3 3 3
458.00000000000165 26 3 0.5082299997874105 1.1417193136073644 2439
# 3 3 3
459.00000000000165 26 3 0.5080037818815627 1.182391048384737 2439
# 3 3 3
460.00000000000165 26 3 0.5078014658797059 1.22143197322731 2439
# 3 3 3
461.00000000000165 26 3 0.5076775385774296 1.2564382519491344 2439
# 3 3 3
462.0000000000017 26 3 0.5076553949944946 1.285079251969035 2439
# 3 3 3
463.0000000000017 26 3 0.5076652559484315 1.3053206860493831 2439
# 3 3 3
464.0000000000017 26 3 0.5076135499568889 1.3156462029638565 2439
# 3 3 3
465.0000000000017 26 3 0.5074884635859713 1.3152313329525338 2439
# 3 3 3
466.0000000000017 26 3 0.5076019565369286 1.3040399302103836 2439
# 3 3 3
467.0000000000017 26 3 0.5080568442637654 1.2828453911556885 2439
# 3 3 3
468.0000000000017 26 3 0.5083406375239864 1.2531419601415803 2439
# 3 3 3
469.0000000000017 26 3 0.5085768535184825 1.21696348799173 2439
# 3 3 3
470.00000000000176 26 3 0.5088316577225437 1.1766988724217917 2439
# 3 3 3
471.00000000000176 26 3 0.5090426322689118 1.134888682572575 2439
# 3 3 3
472.00000000000176 26 3 0.5091009999802055 1.0940131194231495 2439
# 3 3 3
473.00000000000176 26 3 0.5090132503989847 1.056305309784715 2439
# 3 3 3
474.00000000000176 26 3 0.508963932921507 1.0236130401687524 2439
# 3 3 3
475.00000000000176 26 3 0.5090423564202088 0.9973229013852 2439
# 3 3 3
476.0000000000017 26 3 0.5092024831526475 0.9783551001391312 2439
# 3 3 3
477.0000000000017 26 3 0.5093715895535332 0.9672285699207648 2439
# 3 3 3
478.0000000000018 26 3 0.5094779688257909 0.9641615095676485 2439
# 3 3 3
479.0000000000018 26 3 0.5094752500475118 0.9691392431418168 2439
# 3 3 3
480.0000000000018 26 3 0.5093616484459441 0.9819130898507396 2439
# 3 3 3
481.0000000000018 26 3 0.5091751925858733 1.0019658613969442 2439
# 3 3 3
482.00000000000176 26 3 0.5090099380564211 1.0284940674028242 2439
# 3 3 3
483.00000000000176 26 3 0.5089205723198907 1.0604047708114988 2439
# 3 3 3
484.00000000000176 26 3 0.5088625440105539 1.096313870943651 2439
# 3 3 3
485.00000000000176 26 3 0.5087931922862108 1.1345493755411407 2439
# 3 3 3
486.00000000000176 26 3 0.508736338042152 1.173173109463841 2439
# 3 3 3
487.0000000000018 26 3 0.5087345339313221 1.2100462721622987 2439
# 3 3 3
488.0000000000018 26 3 0.5087848667456429 1.2429471245067083 2439
# 3 3 3
489.0000000000018 26 3 0.508853404723932 1.269727397784464 2439
# 3 3 3
490.0000000000018 26 3 0.5089338029639403 1.2884962523116141 2439
# 3 3 3
491.0000000000018 26 3 0.5090298505327441 1.2978183381843271 2439
# 3 3 3
492.0000000000018 26 3 0.5091161324858453 1.2968901329140852 2439
# 3 3 3
493.0000000000018 26 3 0.5091598377900486 1.2856662683625184 2439
# 3 3 3
494.0000000000018 26 3 0.5091255290183544 1.2649012130486337 2439
# 3 3 3
495.0000000000019 26 3 0.5090360609887878 1.236070011916265 2439
# 3 3 3
496.0000000000019 26 3 0.5089953444382064 1.2011848414493278 2439
# 3 3 3
497.0000000000019 26 3 0.5090102422797954 1.162562331243022 2439
# 3 3 3
498.0000000000019 26 3 0.5089650858094977 1.122600796135801 2439
# 3 3 3
499.0000000000019 26 3 0.5088187826930622 1.0836163623214092 2439
# 3 3 3
500.0000000000019 26 3 0.5086481716720309 1.0477227616311449 2439
# 3 3 3
501.0000000000019 26 3 0.5085351107282182 1.016709967022971 2439
# 3 3 3
502.0000000000019 26 3 0.5085043605963184 0.9919380958402416 2439
# 3 3 3
503.00000000000193 26 3 0.5085596496304282 0.974290275210917 2439
# 3 3 3
504.00000000000193 26 3 0.5086636481759237 0.9642047186531599 2439
# 3 3 3
505.00000000000193 26 3 0.5087703859538433 0.9617680380515955 2439
# 3 3 3
506.00000000000193 26 3 0.5088575527871654 0.9668213632484659 2439
# 3 3 3
507.00000000000193 26 3 0.508897644300906 0.9790321738006533 2439
# 3 3 3
508.00000000000193 26 3 0.5088127773672059 0.9979147797119744 2439
# 3 3 3
509.0000000000019 26 3 0.5084848579034403 1.0228064471475693 2439
# 3 3 3
510.0000000000019 26 3 0.508056230091819 1.052815812686647 2439
# 3 3 3
511.0000000000019 26 3 0.5077957865664409 1.086762420084023 2439
# 3 3 3
512.0000000000019 26 3 0.5075810968108252 1.123126812564769 2439
# 3 3 3
513.0000000000019 26 3 0.507280689371719 1.160045703636222 2439
# 3 3 3
514.0000000000019 26 3 0.5069711428256745 1.1953885936812545 2439
# 3 3 3
515.0000000000019 26 3 0.5067805735264171 1.2269199622136406 2439
# 3 3 3
516.0000000000019 26 3 0.506708648490644 1.2525017292193688 2439
# 3 3 3
517.0000000000019 26 3 0.506644606689251 1.2702978352015821 2439
# 3 3 3
518.0000000000019 26 3 0.5065335496847699 1.2789639656521317 2439
# 3 3 3
519.0000000000019 32 3 0.5064125311120957 1.2777990079872643 2439
# 3 3 3
520.000000000002 32 3 0.506306397251389 1.2668301371042348 2439
# 3 3 3
521.000000000002 26 3 0.5062272452124721 1.246818986041334 2439
# 3 3 3
522.000000000002 26 3 0.5061840492019577 1.2191835171108074 2439
# 3 3 3
523.000000000002 26 3 0.5061955109386194 1.1858433605199168 2439
# 3 3 3
524.000000000002 26 3 0.5062561005500078 1.1490188783580393 2439
# 3 3 3
525.0000000000019 26 3 0.5063135425277421 1.1110238619174353 2439
# 3 3 3
526.0000000000019 26 3 0.5063309594811697 1.0740830647832074 2439
# 3 3 3
527.0000000000019 26 3 0.5063247399534313 1.040188744272061 2439
# 3 3 3
528.000000000002 26 3 0.5063351595090285 1.010999701158114 2439
# 3 3 3
529.000000000002 26 3 0.5063957595103845 0.9877828867722264 2439
# 3 3 3
530.000000000002 26 3 0.5065247427449602 0.97139505039653 2439
# 3 3 3
531.000000000002 26 3 0.5067120079801818 0.9622995826057006 2439
# 3 3 3
532.000000000002 26 3 0.5069180142195909 0.9606117087954288 2439
# 3 3 3
533.000000000002 26 3 0.5070893252319465 0.9661600202851802 2439
# 3 3 3
534.000000000002 26 3 0.5071829043538316 0.9785505000056193 2439
# 3 3 3
535.000000000002 26 3 0.5071752134294549 0.9972180379998933 2439
# 3 3 3
536.000000000002 26 3 0.5070536875439442 1.0214397308495646 2439
# 3 3 3
537.000000000002 26 3 0.5068733046680665 1.0502995607350023 2439
# 3 3 3
538.000000000002 26 3 0.5067423305370494 1.0826302819670985 2439
# 3 3 3
539.000000000002 26 3 0.5066460189637553 1.1169800520243984 2439
# 3 3 3
540.000000000002 26 3 0.5064979322079058 1.1516280302340902 2439
# 3 3 3
541.000000000002 26 3 0.5063363968319482 1.1846394963072175 2439
# 3 3 3
542.000000000002 26 3 0.5062410690502556 1.2139697088840455 2439
# 3 3 3
543.000000000002 26 3 0.5062093958261 1.237627104575276 2439
# 3 3 3
544.000000000002 26 3 0.5062213146163085 1.2538804343109755 2439
# 3 3 3
545.0000000000022 26 3 0.5062527529228208 1.261470047827646 2439
# 3 3 3
546.0000000000022 26 3 0.5062580384260535 1.2597701642250234 2439
# 3 3 3
547.0000000000022 26 3 0.5061989588780458 1.2488599345041973 2439
# 3 3 3
548.0000000000022 26 3 0.5061295363881018 1.229497240080061 2439
# 3 3 3
549.0000000000022 26 3 0.5061203353571554 1.2030203655006602 2439
# 3 3 3
550.0000000000022 26 3 0.5061209673679293 1.1712133806239216 2439
# 3 3 3
551.0000000000022 26 3 0.5060790253722199 1.1361611238880942 2439
# 3 3 3
552.000000000002 26 3 0.5060078623099324 1.100082983943639 2439
# 3 3 3
553.0000000000022 26 3 0.5059197636867061 1.0651393869697547 2439
# 3 3 3
554.0000000000022 26 3 0.5058248077175472 1.0332475448839806 2439
# 3 3 3
555.0000000000022 26 3 0.5057572612020301 1.005951429922325 2439
# 3 3 3
556.0000000000022 26 3 0.5057441384307979 0.9843695881559854 2439
# 3 3 3
557.0000000000022 26 3 0.505775449248414 0.9692179759567233 2439
# 3 3 3
558.0000000000022 26 3 0.5058179617871147 0.9608746927250846 2439
# 3 3 3
559.0000000000022 26 3 0.505842643835831 0.9594476725655918 2439
# 3 3 3
560.0000000000022 26 3 0.5058254749026933 0.964824954773395 2439
# 3 3 3
561.0000000000022 26 3 0.5057485313466895 0.9767006781188987 2439
# 3 3 3
562.0000000000023 26 3 0.5056141883837315 0.9945769975359958 2439
# 3 3 3
563.0000000000022 26 3 0.5054489549856944 1.0177475542514154 2439
# 3 3 3
564.0000000000022 26 3 0.5052870892650373 1.0452730642806654 2439
# 3 3 3
565.0000000000022 26 3 0.5051465609915672 1.0759637061544627 2439
# 3 3 3
566.0000000000022 26 3 0.505021994243822 1.1083823117391918 2439
# 3 3 3
567.0000000000022 26 3 0.5049121281637343 1.140875686534329 2439
# 3 3 3
568.0000000000022 26 3 0.5048744173256051 1.171635924767274 2439
# 3 3 3
569.0000000000022 26 3 0.5050312656727665 1.198795826049302 2439
# 3 3 3
570.0000000000023 26 3 0.505352756016383 1.2205688138965332 2439
# 3 3 3
571.0000000000023 26 3 0.5054801831082133 1.2354244144875983 2439
# 3 3 3
572.0000000000023 26 3 0.5053338965817448 1.2422417684613423 2439
# 3 3 3
573.0000000000023 26 3 0.5051356981731827 1.2404372071741732 2439
# 3 3 3
574.0000000000023 26 3 0.5050330494570869 1.230059038018976 2439
# 3 3 3
575.0000000000023 26 3 0.5050354349446758 1.211793518557236 2439
# 3 3 3
576.0000000000023 26 3 0.5050729294979752 1.186878342348128 2439
# 3 3 3
577.0000000000023 26 3 0.5050834496482794 1.1569651816662518 2439
# 3 3 3
578.0000000000023 26 3 0.5050511868862513 1.1239726975544413 2439
# 3 3 3
579.0000000000023 26 3 0.5049892916877922 1.0899419998851092 2439
# 3 3 3
580.0000000000023 26 3 0.5049107803437947 1.0568840816935061 2439
# 3 3 3
581.0000000000023 26 3 0.5048182278003862 1.0266261584958363 2439
# 3 3 3
582.0000000000023 26 3 0.5047373684957627 1.0006977455664596 2439
# 3 3 3
583.0000000000023 26 3 0.5046626145536016 0.9802702516157227 2439
# 3 3 3
584.0000000000023 26 3 0.5045131193039671 0.9661286078060428 2439
# 3 3 3
585.0000000000023 26 3 0.5043907325992147 0.9586738778124636 2439
# 3 3 3
586.0000000000023 26 3 0.5043543718718619 0.9579648895539941 2439
# 3 3 3
587.0000000000024 26 3 0.5042951883270533 0.9637856096147932 2439
# 3 3 3
588.0000000000024 26 3 0.5041830394308858 0.9757068327822269 2439
# 3 3 3
589.0000000000024 26 3 0.5040305368895058 0.9931216175931974 2439
# 3 3 3
590.0000000000023 26 3 0.5038544464652643 1.0152549923823597 2439
# 3 3 3
591.0000000000023 26 3 0.5036762363727703 1.0411597147664373 2439
# 3 3 3
592.0000000000023 26 3 0.5035202847698819 1.0697065999420055 2439
# 3 3 3
593.0000000000023 26 3 0.5034018683126888 1.0995764533453414 2439
# 3 3 3
594.0000000000023 26 3 0.5032886087151619 1.1292677813097476 2439
# 3 3 3
595.0000000000024 26 3 0.5030945974078221 1.157138754861544 2439
# 3 3 3
596.0000000000024 26 3 0.5029394822448587 1.1814962999675438 2439
# 3 3 3
597.0000000000024 26 3 0.502874577929885 1.2007316663437433 2439
# 3 3 3
598.0000000000024 26 3 0.5028624331583851 1.213486548472012 2439
# 3 3 3
599.0000000000024 26 3 0.502952963989533 1.2188157671397675 2439
# 3 3 3
600.0000000000024 26 3 0.5032438259996417 1.216303522921724 2439
# 3 3 3
601.0000000000024 26 3 0.5035721009772661 1.2061096154488513 2439
# 3 3 3
602.0000000000024 26 3 0.5036739299119236 1.1889271251338744 2439
# 3 3 3
603.0000000000024 26 3 0.5036076670084026 1.1658764573570395 2439
# 3 3 3
604.0000000000024 26 3 0.5034646982874286 1.1384106838651895 2439
# 3 3 3
605.0000000000024 26 3 0.5032943926122797 1.1082192014065981 2439
# 3 3 3
606.0000000000024 26 3 0.5031099028294266 1.077107579264159 2439
# 3 3 3
607.0000000000024 26 3 0.5029164262289759 1.0468611355134105 2439
# 3 3 3
608.0000000000024 26 3 0.502727100312027 1.0191160689020031 2439
# 3 3 3
609.0000000000024 26 3 0.5025460965412678 0.9952613385846322 2439
# 3 3 3
610.0000000000024 26 3 0.5023304709638748 0.9763810025756086 2439
# 3 3 3
611.0000000000024 26 3 0.5020638880762279 0.9632356645528286 2439
# 3 3 3
612.0000000000025 26 3 0.5018261456660862 0.9562731674913028 2439
# 3 3 3
613.0000000000025 26 3 0.5016407572656707 0.9556466641617911 2439
# 3 3 3
614.0000000000025 26 3 0.5014771413852926 0.9612342399957786 2439
# 3 3 3
615.0000000000025 26 3 0.501309303959709 0.9726652498374512 2439
# 3 3 3
616.0000000000024 26 3 0.5011300761140557 0.9893462927700178 2439
# 3 3 3
617.0000000000024 26 3 0.5009440032850838 1.0104803892783434 2439
# 3 3 3
618.0000000000024 26 3 0.5007577634624475 1.0350796157035715 2439
# 3 3 3
619.0000000000024 26 3 0.5005768551086122 1.06197578786242 2439
# 3 3 3
620.0000000000025 26 3 0.5004047042482954 1.089837312632017 2439
# 3 3 3
621.0000000000025 26 3 0.5002444162998495 1.117201976103092 2439
# 3 3 3
622.0000000000025 26 3 0.500103176547396 1.1425345445506836 2439
# 3 3 3
623.0000000000025 26 3 0.499992729344109 1.1643144115485387 2439
# 3 3 3
624.0000000000025 26 3 0.4999211934284037 1.1811506758770083 2439
# 3 3 3
625.0000000000025 26 3 0.4998849600087363 1.1919109093254756 2439
# 3 3 3
626.0000000000025 26 3 0.4998842954829958 1.1958401031156647 2439
# 3 3 3
627.0000000000025 26 3 0.49999515086124763 1.1926437405464778 2439
# 3 3 3
628.0000000000025 26 3 0.5004371293722353 1.1825181209644393 2439
# 3 3 3
629.0000000000025 26 3 0.5010636138697193 1.1661314455395637 2439
# 3 3 3
630.0000000000025 26 3 0.5012981963093351 1.144560353392426 2439
# 3 3 3
631.0000000000025 26 3 0.5012286389620271 1.119175482507764 2439
# 3 3 3
632.0000000000025 26 3 0.5011258014894712 1.0915209278736846 2439
# 3 3 3
633.0000000000025 26 3 0.5010987120901556 1.0632041064739786 2439
# 3 3 3
634.0000000000025 26 3 0.5011321198046609 1.0357878930060411 2439
# 3 3 3
635.0000000000025 26 3 0.5011693943812383 1.0106952986891344 2439
# 3 3 3
636.0000000000025 26 3 0.5011650136189625 0.9891379115959495 2439
# 3 3 3
637.0000000000026 26 3 0.5011038537266616 0.9720720893945693 2439
# 3 3 3
638.0000000000026 26 3 0.5010048454590539 0.9601829829787385 2439
# 3 3 3
639.0000000000026 26 3 0.500913682372518 0.9538920386506711 2439
# 3 3 3
640.0000000000026 32 3 0.5008676036450893 0.9533750397903994 2439
# 3 3 3
641.0000000000026 32 3 0.5008437366028954 0.958575521541304 2439
# 3 3 3
642.0000000000026 32 3 0.5007819827047031 0.9692142693621063 2439
# 3 3 3
643.0000000000025 32 3 0.5006529856238877 0.984802018622688 2439
# 3 3 3
644.0000000000025 32 3 0.5004764136210769 1.0046449886541498 2439
# 3 3 3
645.0000000000026 32 3 0.5002873366775611 1.0278389097866252 2439
# 3 3 3
646.0000000000026 32 3 0.5001074340665789 1.0532671696892613 2439
# 3 3 3
647.0000000000026 26 3 0.4999447998260694 1.0796216927961066 2439
# 3 3 3
648.0000000000026 26 3 0.49979444447925137 1.1054555178719525 2439
# 3 3 3
649.0000000000026 26 3 0.49964416458870486 1.1292656684023905 2439
# 3 3 3
650.0000000000026 26 3 0.49949954587655143 1.149598645511916 2439
# 3 3 3
651.0000000000026 26 3 0.49939413379774333 1.1651659668774033 2439
# 3 3 3
652.0000000000026 26 3 0.49936883938133064 1.174953922036709 2439
# 3 3 3
653.0000000000027 26 3 0.49943177710219533 1.178313199017808 2439
# 3 3 3
654.0000000000026 26 3 0.49954224307151784 1.17501834054848 2439
# 3 3 3
655.0000000000026 26 3 0.4996556916374343 1.1652898032109698 2439
# 3 3 3
656.0000000000026 26 3 0.499766969037993 1.1497735315352366 2439
# 3 3 3
657.0000000000026 26 3 0.4998892948714548 1.1294788793927832 2439
# 3 3 3
658.0000000000026 26 3 0.5000173534547161 1.1056853217759575 2439
# 3 3 3
659.0000000000026 26 3 0.5001369859076363 1.0798355662107397 2439
# 3 3 3
660.0000000000026 26 3 0.5002301557552926 1.0534307742203282 2439
# 3 3 3
661.0000000000026 26 3 0.5002758566813384 1.0279348867293026 2439
# 3 3 3
662.0000000000027 26 3 0.5002664558593651 1.00468937883738 2439
# 3 3 3
663.0000000000027 32 3 0.5002126581910208 0.984840407781852 2439
# 3 3 3
664.0000000000027 32 3 0.5001350901249915 0.9692815298469587 2439
# 3 3 3
665.0000000000027 32 3 0.5000469364352412 0.9586178259975467 2439
# 3 3 3
666.0000000000027 32 3 0.49994520479988624 0.9531673207569916 2439
# 3 3 3
667.0000000000027 32 3 0.49983290161622956 0.9530022310589893 2439
# 3 3 3
668.0000000000027 32 3 0.4997237045545706 0.9580016997032724 2439
# 3 3 3
669.0000000000027 32 3 0.49963284044810463 0.967884594015651 2439
# 3 3 3
670.0000000000027 32 3 0.49956576300599076 0.9822106118591782 2439
# 3 3 3
671.0000000000027 32 3 0.49951199930083556 1.0003592117519877 2439
# 3 3 3
672.0000000000027 26 3 0.49945577588777 1.021506253268982 2439
# 3 3 3
673.0000000000027 26 3 0.4993933765835967 1.0446181604121882 2439
# 3 3 3
674.0000000000027 26 3 0.49933210136867134 1.0684780542334693 2439
# 3 3 3
675.0000000000027 26 3 0.49927914190617695 1.0917484747798079 2439
# 3 3 3
676.0000000000027 26 3 0.4992336297970413 1.1130626597133653 2439
# 3 3 3
677.0000000000027 26 3 0.49918655621936137 1.1311275670859324 2439
# 3 3 3
678.0000000000028 26 3 0.4991290698435454 1.1448222519418298 2439
# 3 3 3
679.0000000000028 26 3 0.49906515816177605 1.1532821975202914 2439
# 3 3 3
680.0000000000028 26 3 0.499023981927061 1.1559659292003492 2439
# 3 3 3
681.0000000000027 26 3 0.499045011714094 1.1527002026034836 2439
# 3 3 3
682.0000000000026 26 3 0.4991345077124481 1.1436981230543501 2439
# 3 3 3
683.0000000000026 26 3 0.49924834091395687 1.129545408149738 2439
# 3 3 3
684.0000000000025 26 3 0.49932289934491 1.1111514378657925 2439
# 3 3 3
685.0000000000024 26 3 0.49932474308766933 1.089667213290652 2439
# 3 3 3
686.0000000000023 26 3 0.4992802812017157 1.066384534733839 2439
# 3 3 3
687.0000000000023 26 3 0.49924151795054855 1.0426366442614594 2439
# 3 3 3
688.0000000000022 26 3 0.4992154719984476 1.0197130978657813 2439
# 3 3 3
689.0000000000022 26 3 0.4991947518740959 0.9987912679425516 2439
# 3 3 3
690.000000000002 26 3 0.4991801542790022 0.9808825865740841 2439
# 3 3 3
691.000000000002 26 3 0.4991763838814236 0.9667929697224183 2439
# 3 3 3
692.0000000000019 26 3 0.4991837004284651 0.9571004662952707 2439
# 3 3 3
693.0000000000018 26 3 0.49919179288480764 0.9521528823693952 2439
# 3 3 3
694.0000000000017 26 3 0.49918159581100635 0.9520812200096346 2439
# 3 3 3
695.0000000000017 26 3 0.4991401961036129 0.9568179415424191 2439
# 3 3 3
696.0000000000016 26 3 0.4990721093482436 0.966110272902877 2439
# 3 3 3
697.0000000000016 26 3 0.4989940080986714 0.9795246813313383 2439
# 3 3 3
698.0000000000015 26 3 0.49892415687198977 0.9964447086313721 2439
# 3 3 3
699.0000000000015 26 3 0.4988728849292274 1.0160704035058525 2439
# 3 3 3
700.0000000000014 26 3 0.49883882444636596 1.0374288038195667 2439
# 3 3 3
701.0000000000013 26 3 0.4988168342528418 1.0594018449111549 2439
# 3 3 3
702.0000000000013 26 3 0.49880642079281384 1.0807748036412816 2439
# 3 3 3
703.0000000000011 26 3 0.49880121928628607 1.1003057552716058 2439
# 3 3 3
704.000000000001 26 3 0.4987850535819535 1.1168129865671812 2439
# 3 3 3
705.000000000001 26 3 0.4987494879954027 1.129271120413071 2439
# 3 3 3
706.000000000001 26 3 0.49870430168558905 1.1369000158493494 2439
# 3 3 3
707.0000000000009 26 3 0.4986716068200902 1.139229763149384 2439
# 3 3 3
708.0000000000008 26 3 0.4986767085241522 1.1361330481440768 2439
# 3 3 3
709.0000000000007 26 3 0.49873971185146426 1.1278268754748304 2439
# 3 3 3
710.0000000000007 26 3 0.4988619963636335 1.1148504127670409 2439
# 3 3 3
711.0000000000006 26 3 0.4990160404628541 1.0980226263636645 2439
# 3 3 3
712.0000000000005 26 3 0.49915743460725 1.0783797664459909 2439
# 3 3 3
713.0000000000005 26 3 0.4992554708205483 1.0570958398317727 2439
# 3 3 3
714.0000000000005 26 3 0.49930904232765616 1.0353957291985891 2439
# 3 3 3
715.0000000000003 26 3 0.49933139284154743 1.0144721384685975 2439
# 3 3 3
716.0000000000002 26 3 0.4993318345435878 0.9954137112053809 2439
# 3 3 3
717.0000000000001 26 3 0.4993148790601282 0.9791487734556753 2439
# 3 3 3
718.0000000000001 26 3 0.49928514997076345 0.9664084350882027 2439
# 3 3 3
719.0 26 3 0.4992501479983217 0.9577105305740692 2439
# 3 3 3
719.9999999999999 26 3 0.49921912584660505 0.9533612672366919 2439
# 3 3 3
720.9999999999999 26 3 0.499194443761175 0.9534673952230344 2439
# 3 3 3
721.9999999999998 26 3 0.49916391704406216 0.9579504875364288 2439
# 3 3 3
722.9999999999998 26 3 0.4991182507444445 0.9665575838983607 2439
# 3 3 3
723.9999999999997 26 3 0.49906429405502634 0.9788673248176138 2439
# 3 3 3
724.9999999999997 26 3 0.4990148296597701 0.9942941593354375 2439
# 3 3 3
725.9999999999995 26 3 0.49897777805669685 1.012095369838561 2439
# 3 3 3
726.9999999999994 26 3 0.4989511257863 1.0313861044722916 2439
# 3 3 3
727.9999999999993 26 3 0.4989245068032963 1.0511657941255463 2439
# 3 3 3
728.9999999999993 26 3 0.4988872216259117 1.0703578072644337 2439
# 3 3 3
729.9999999999992 26 3 0.49883758975640435 1.0878639511656953 2439
# 3 3 3
730.9999999999992 26 3 0.4987841525903269 1.1026344434695756 2439
# 3 3 3
731.9999999999991 26 3 0.4987359151811179 1.113749921496927 2439
# 3 3 3
732.9999999999991 26 3 0.4986965991256997 1.1205049730300145 2439
# 3 3 3
733.999999999999 26 3 0.4986703675351059 1.1224764059908532 2439
# 3 3 3
734.9999999999989 26 3 0.4986635427989032 1.1195599585277214 2439
# 3 3 3
735.9999999999987 26 3 0.49867621055192046 1.111968895059531 2439
# 3 3 3
736.9999999999987 26 3 0.4986980295077247 1.100201530400496 2439
# 3 3 3
737.9999999999986 26 3 0.4987125735951155 1.0849920075945663 2439
# 3 3 3
738.9999999999986 26 3 0.49871084343329397 1.0672550709678816 2439
# 3 3 3
739.9999999999986 26 3 0.49869670686186257 1.0480274357164414 2439
# 3 3 3
740.9999999999985 26 3 0.4986800347358803 1.028404158146397 2439
# 3 3 3
741.9999999999984 26 3 0.4986692912880039 1.0094699180880193 2439
# 3 3 3
742.9999999999983 26 3 0.4986674231560771 0.992229742033168 2439
# 3 3 3
743.9999999999983 26 3 0.4986694126356405 0.9775480330514319 2439
# 3 3 3
744.9999999999982 26 3 0.49866358002689504 0.966105603030772 2439
# 3 3 3
745.9999999999981 26 3 0.4986407475019707 0.9583803222428496 2439
# 3 3 3
746.9999999999981 26 3 0.4986028942832111 0.9546492744789633 2439
# 3 3 3
747.999999999998 26 3 0.49856071068490165 0.9550027851882348 2439
# 3 3 3
748.999999999998 26 3 0.4985223964187621 0.95935882751729 2439
# 3 3 3
749.9999999999978 26 3 0.4984855333624342 0.9674715976444119 2439
# 3 3 3
750.9999999999977 26 3 0.49844423014943123 0.9789351960410174 2439
# 3 3 3
751.9999999999977 26 3 0.498398971097924 0.9931875782270269 2439
# 3 3 3
752.9999999999976 26 3 0.4983533405954939 1.0095207253887304 2439
# 3 3 3
753.9999999999975 26 3 0.4983072480848191 1.0271011605410245 2439
# 3 3 3
754.9999999999974 26 3 0.49825582425392295 1.0450019263996284 2439
# 3 3 3
755.9999999999974 26 3 0.4981941683205342 1.0622451238224133 2439
# 3 3 3
756.9999999999974 26 3 0.49812300523082004 1.0778538594368634 2439
# 3 3 3
757.9999999999973 26 3 0.49804957083173584 1.0909123784982426 2439
# 3 3 3
758.9999999999973 26 3 0.4979838605022317 1.1006313833670516 2439
# 3 3 3
759.9999999999972 26 3 0.4979337130498809 1.1064119681263844 2439
# 3 3 3
760.999999999997 26 3 0.49790034328481625 1.1078981738906968 2439
# 3 3 3
761.9999999999969 26 3 0.49787825394309954 1.1050077710560762 2439
# 3 3 3
762.9999999999969 26 3 0.4978627828462197 1.0979352327703287 2439
# 3 3 3
763.9999999999968 26 3 0.49785334819767296 1.0871284734699929 2439
# 3 3 3
764.9999999999968 26 3 0.49784734313783885 1.0732474920650246 2439
# 3 3 3
765.9999999999967 26 3 0.49784003142023087 1.0571143660367286 2439
# 3 3 3
766.9999999999967 26 3 0.49782965718354466 1.039659957380246 2439
# 3 3 3
767.9999999999966 26 3 0.4978170901175846 1.0218680292472864 2439
# 3 3 3
768.9999999999965 26 3 0.49780333926322956 1.0047163050931711 2439
# 3 3 3
769.9999999999964 26 3 0.4977898178993249 0.9891164510439748 2439
# 3 3 3
770.9999999999964 26 3 0.4977781384033583 0.975859074168266 2439
# 3 3 3
771.9999999999962 26 3 0.49776790521587105 0.9655723767455339 2439
# 3 3 3
772.9999999999962 26 3 0.49775634818140224 0.9587008316460465 2439
# 3 3 3
773.9999999999961 26 3 0.4977405168094364 0.9555033430648708 2439
# 3 3 3
774.9999999999961 26 3 0.4977186704872871 0.956063391737356 2439
# 3 3 3
775.999999999996 26 3 0.4976898492760932 0.9603015502989471 2439
# 3 3 3
776.9999999999959 26 3 0.49765376678902135 0.9679841664959026 2439
# 3 3 3
777.9999999999958 26 3 0.4976115451135964 0.9787276301900907 2439
# 3 3 3
778.9999999999958 26 3 0.4975660373675511 0.9920022851900236 2439
# 3 3 3
779.9999999999957 26 3 0.49752128193152495 1.0071421423259808 2439
# 3 3 3
780.9999999999957 26 3 0.4974805572824147 1.02336548459198 2439
# 3 3 3
781.9999999999956 26 3 0.497444161258505 1.0398081138335973 2439
# 3 3 3
782.9999999999956 26 3 0.4974096848954313 1.0555675266769544 2439
# 3 3 3
783.9999999999955 26 3 0.4973755369082106 1.069754524948174 2439
# 3 3 3
784.9999999999953 26 3 0.4973442076800576 1.081548718692145 2439
# 3 3 3
785.9999999999953 26 3 0.497320937862698 1.0902544794204205 2439
# 3 3 3
786.9999999999952 26 3 0.49730945281648714 1.09535263888499 2439
# 3 3 3
787.9999999999951 26 3 0.49730900849248727 1.0965411856218579 2439
# 3 3 3
788.999999999995 26 3 0.497313646979637 1.0937580143951624 2439
# 3 3 3
789.999999999995 26 3 0.49731488153474834 1.0871822204488935 2439
# 3 3 3
790.999999999995 26 3 0.4973077902641002 1.0772158219799781 2439
# 3 3 3
791.9999999999949 26 3 0.4972947336793582 1.0644514521125525 2439
# 3 3 3
792.9999999999949 26 3 0.49728293949555297 1.0496316322964465 2439
# 3 3 3
793.9999999999947 26 3 0.49727881344098257 1.0336028324779376 2439
# 3 3 3
794.9999999999947 26 3 0.49728320358193107 1.017265171948959 2439
# 3 3 3
795.9999999999947 26 3 0.49729055403319206 1.0015183565213392 2439
# 3 3 3
796.9999999999944 26 3 0.49729278149648615 0.9872062912739762 2439
# 3 3 3
797.9999999999944 26 3 0.49728527662888306 0.9750653887959465 2439
# 3 3 3
798.9999999999944 26 3 0.49727008758523694 0.9656835822358124 2439
# 3 3 3
799.9999999999943 26 3 0.4972529199495502 0.9594765503398491 2439
# 3 3 3
800.9999999999943 26 3 0.4972370357768457 0.9566829986942399 2439
# 3 3 3
801.9999999999941 26 3 0.4972211656577387 0.9573737591978089 2439
# 3 3 3
802.9999999999941 26 3 0.497201891958621 0.9614650397835396 2439
# 3 3 3
803.9999999999941 26 3 0.4971761066601591 0.9687282328193182 2439
# 3 3 3
804.9999999999939 26 3 0.49714288860868605 0.9787953291899488 2439
# 3 3 3
805.9999999999939 26 3 0.4971038925800925 0.9911642414938702 2439
# 3 3 3
806.9999999999939 26 3 0.49706129796543425 1.0052095087301203 2439
# 3 3 3
807.9999999999937 26 3 0.49701701930954634 1.020202346247345 2439
# 3 3 3
808.9999999999937 26 3 0.4969742857084669 1.0353416544289877 2439
# 3 3 3
809.9999999999935 26 3 0.49693815613258757 1.0497953439187806 2439
# 3 3 3
810.9999999999935 26 3 0.496913580923123 1.0627494044073684 2439
# 3 3 3
811.9999999999935 26 3 0.49690335891167753 1.0734604819656044 2439
# 3 3 3
812.9999999999933 26 3 0.49690777775306605 1.0813065530379893 2439
# 3 3 3
813.9999999999933 26 3 0.4969240682267219 1.085830134968571 2439
# 3 3 3
814.9999999999933 26 3 0.4969457495615254 1.0867695622484168 2439
# 3 3 3
815.9999999999932 26 3 0.49696521116847825 1.0840757027764172 2439
# 3 3 3
816.9999999999932 26 3 0.49697690854747284 1.077913439623454 2439
# 3 3 3
817.9999999999932 26 3 0.49697783784655764 1.0686489283044607 2439
# 3 3 3
818.999999999993 26 3 0.49696832955156217 1.0568247159864497 2439
# 3 3 3
819.999999999993 26 3 0.49695309530409343 1.0431250400720036 2439
# 3 3 3
820.9999999999927 26 3 0.49693886810972315 1.028333293930835 2439
# 3 3 3
821.9999999999927 26 3 0.4969296298870009 1.0132833919667332 2439
# 3 3 3
822.9999999999927 26 3 0.4969238588822989 0.9988073403841768 2439
# 3 3 3
823.9999999999926 26 3 0.49691626467878797 0.9856829315842057 2439
# 3 3 3
824.9999999999926 26 3 0.4969023541275812 0.9745870330261542 2439
# 3 3 3
825.9999999999926 26 3 0.49688193417048976 0.9660599519554619 2439
# 3 3 3
826.9999999999924 26 3 0.49685887234807713 0.9604844500802892 2439
# 3 3 3
827.9999999999924 26 3 0.4968375050755426 0.9580797960089015 2439
# 3 3 3
828.9999999999922 26 3 0.4968192391529782 0.9589076184028689 2439
# 3 3 3
829.9999999999922 26 3 0.49680269811720035 0.9628833776728584 2439
# 3 3 3
830.9999999999922 26 3 0.4967853014736384 0.9697867869196402 2439
# 3 3 3
831.999999999992 26 3 0.496763797488468 0.9792681335344089 2439
# 3 3 3
832.999999999992 26 3 0.4967357171808965 0.9908533420119746 2439
# 3 3 3
833.9999999999919 26 3 0.4967014458657977 1.003953797747782 2439
# 3 3 3
834.9999999999918 26 3 0.49666382595386216 1.0178857755381934 2439
# 3 3 3
835.9999999999918 26 3 0.4966264431460702 1.0319010598946217 2439
# 3 3 3
836.9999999999916 26 3 0.49659296032047795 1.0452272856205205 2439
# 3 3 3
837.9999999999916 26 3 0.4965668963296827 1.057114548463176 2439
# 3 3 3
838.9999999999916 26 3 0.49655099671745123 1.0668838051991159 2439
# 3 3 3
839.9999999999915 26 3 0.49654638362747106 1.0739721277389291 2439
# 3 3 3
840.9999999999914 26 3 0.4965515823383633 1.0779700758186586 2439
# 3 3 3
841.9999999999914 26 3 0.49656151088706435 1.0786477054024435 2439
# 3 3 3
842.9999999999912 26 3 0.49656892555087867 1.0759678557026706 2439
# 3 3 3
843.9999999999912 26 3 0.4965688662565496 1.070087264724543 2439
# 3 3 3
844.9999999999912 26 3 0.49656103925804795 1.0613467132566874 2439
# 3 3 3
845.999999999991 26 3 0.4965477716140627 1.0502509483752485 2439
# 3 3 3
846.999999999991 26 3 0.49653126252808 1.0374386802748432 2439
# 3 3 3
847.9999999999908 26 3 0.49651303879520764 1.0236432756590328 2439
# 3 3 3
848.9999999999908 26 3 0.4964940771452289 1.0096458704216948 2439
# 3 3 3
849.9999999999908 26 3 0.49647427432824576 0.9962241467770765 2439
# 3 3 3
850.9999999999907 26 3 0.49645243064205374 0.9841016660057536 2439
# 3 3 3
851.9999999999907 26 3 0.49642744541276723 0.9739037911046134 2439
# 3 3 3
852.9999999999907 26 3 0.4963995932603301 0.9661257322218594 2439
# 3 3 3
853.9999999999905 26 3 0.4963705642517781 0.9611154389143869 2439
# 3 3 3
854.9999999999905 26 3 0.4963423955928209 0.959069922040175 2439
# 3 3 3
855.9999999999902 26 3 0.49631639217816903 0.9600403302384439 2439
# 3 3 3
856.9999999999902 26 3 0.4962928102289463 0.9639404056429504 2439
# 3 3 3
857.9999999999902 26 3 0.49627120625887444 0.970554701489476 2439
# 3 3 3
858.9999999999901 26 3 0.4962507849482634 0.9795457739338603 2439
# 3 3 3
859.9999999999901 26 3 0.4962306120469907 0.9904620726782224 2439
# 3 3 3
860.9999999999901 26 3 0.49621021830894835 1.002749650253053 2439
# 3 3 3
861.9999999999899 26 3 0.4961904233178623 1.0157708040152618 2439
# 3 3 3
862.9999999999899 26 3 0.4961733653511097 1.0288314997904278 2439
# 3 3 3
863.9999999999899 26 3 0.4961614436794807 1.0412173663799584 2439
# 3 3 3
864.9999999999897 26 3 0.4961559993547158 1.0522358338797329 2439
# 3 3 3
865.9999999999897 26 3 0.49615665668941583 1.0612602701280294 2439
# 3 3 3
866.9999999999895 26 3 0.49616159794242637 1.0677712723015265 2439
# 3 3 3
867.9999999999895 26 3 0.49616821380868964 1.071390812903711 2439
# 3 3 3
868.9999999999895 26 3 0.49617343567310995 1.0719064572878756 2439
# 3 3 3
869.9999999999893 26 3 0.4961740292871641 1.069284649578643 2439
# 3 3 3
870.9999999999893 26 3 0.49616755325788964 1.0636732783004474 2439
# 3 3 3
871.9999999999893 26 3 0.4961534994049422 1.0553939555241667 2439
# 3 3 3
872.9999999999891 26 3 0.49613340767009606 1.0449240295669562 2439
# 3 3 3
873.9999999999891 26 3 0.49610974760048354 1.032868190877296 2439
# 3 3 3
874.999999999989 26 3 0.49608457740108686 1.0199202621578507 2439
# 3 3 3
875.999999999989 26 3 0.49605884826408275 1.0068173136545602 2439
# 3 3 3
876.999999999989 26 3 0.49603235863645734 0.9942900544957365 2439
# 3 3 3
877.9999999999887 26 3 0.49600420899262754 0.9830148435127829 2439
# 3 3 3
878.9999999999887 26 3 0.4959736905036105 0.9735729850135628 2439
# 3 3 3
879.9999999999887 26 3 0.495940971659241 0.966421778462675 2439
# 3 3 3
880.9999999999885 26 3 0.4959067846421762 0.961879156253026 2439
# 3 3 3
881.9999999999885 26 3 0.4958714963473726 0.960120473598774 2439
# 3 3 3
882.9999999999885 26 3 0.4958348931661535 0.9611834449123121 2439
# 3 3 3
883.9999999999884 20 3 0.4957970525666048 0.9649765381194797 2439
# 3 3 3
884.9999999999884 20 3 0.4957591622478016 0.9712875342408855 2439
# 3 3 3
885.9999999999882 20 3 0.49572318802498017 0.9797914484074919 2439
# 3 3 3
886.9999999999882 20 3 0.4956907684694885 0.9900592214493749 2439
# 3 3 3
887.9999999999882 20 3 0.4956628305962819 1.001569731912951 2439
# 3 3 3
888.999999999988 20 3 0.49564045475979196 1.013727671101153 2439
# 3 3 3
889.999999999988 20 3 0.4956255959168672 1.0258888530072416 2439
# 3 3 3
890.999999999988 20 3 0.495620409466058 1.0373928442901617 2439
# 3 3 3
891.9999999999878 20 3 0.4956257904355112 1.0476008699782327 2439
# 3 3 3
892.9999999999878 20 3 0.49564049582599823 1.0559354468631186 2439
# 3 3 3
893.9999999999876 20 3 0.4956611409790544 1.0619176410526725 2439
# 3 3 3
894.9999999999876 20 3 0.4956824284829635 1.065198342791541 2439
# 3 3 3
895.9999999999876 20 3 0.49569806874771943 1.065581160743438 2439
# 3 3 3
896.9999999999874 20 3 0.4957032651986331 1.0630358363084114 2439
# 3 3 3
897.9999999999874 20 3 0.4956970159413908 1.0577018919042394 2439
# 3 3 3
898.9999999999874 20 3 0.4956818344936841 1.0498823814050184 2439
# 3 3 3
899.9999999999873 20 3 0.4956614865554918 1.0400274285882456 2439
# 3 3 3
900.9999999999872 20 3 0.49563895606356445 1.0287073432090608 2439
# 3 3 3
901.9999999999872 20 3 0.49561566527422374 1.0165760000210708 2439
# 3 3 3
902.999999999987 20 3 0.49559177462337606 1.0043268188971712 2439
# 3 3 3
903.999999999987 20 3 0.49556710279088273 0.9926455024466275 2439
# 3 3 3
904.9999999999868 20 3 0.4955418841091403 0.9821648971546167 2439
# 3 3 3
905.9999999999868 20 3 0.4955165896930975 0.9734273207735009 2439
# 3 3 3
906.9999999999868 20 3 0.495491098961397 0.9668581439152936 2439
# 3 3 3
907.9999999999866 20 3 0.4954643897211027 0.9627516484457769 2439
# 3 3 3
908.9999999999866 20 3 0.49543520722759254 0.9612673448333405 2439
# 3 3 3
909.9999999999866 20 3 0.4954029810416277 0.9624333248830016 2439
# 3 3 3
910.9999999999865 20 3 0.49536810442848433 0.9661532840080536 2439
# 3 3 3
911.9999999999865 20 3 0.49533148594957505 0.9722150537074041 2439
# 3 3 3
912.9999999999862 20 3 0.4952940042493266 0.9803000373301726 2439
# 3 3 3
913.9999999999862 20 3 0.4952564271645254 0.9899941735817588 2439
# 3 3 3
914.9999999999862 20 3 0.49521988842333853 1.000801685231187 2439
# 3 3 3
915.999999999986 20 3 0.4951865091465739 1.0121630105713313 2439
# 3 3 3
916.999999999986 20 3 0.49515940135980757 1.0234780792639906 2439
# 3 3 3
917.999999999986 20 3 0.4951416437658404 1.0341353529302522 2439
# 3 3 3
918.9999999999859 20 3 0.4951347889161813 1.043545665009301 2439
# 3 3 3
919.9999999999859 20 3 0.49513798058818964 1.0511781774041047 2439
# 3 3 3
920.9999999999859 20 3 0.49514821044532303 1.0565945757193502 2439
# 3 3 3
921.9999999999857 20 3 0.4951611720294677 1.0594777507308881 2439
# 3 3 3
922.9999999999857 20 3 0.4951717967250313 1.0596526052147175 2439
# 3 3 3
923.9999999999854 20 3 0.4951746616057064 1.0570982563695739 2439
# 3 3 3
924.9999999999854 20 3 0.49516547180514 1.051951632864706 2439
# 3 3 3
925.9999999999854 20 3 0.4951433738012198 1.0445021015618579 2439
# 3 3 3
926.9999999999853 20 3 0.495111837258651 1.0351762400096565 2439
# 3 3 3
927.9999999999853 20 3 0.49507677050873783 1.0245122533511537 2439
# 3 3 3
928.9999999999853 20 3 0.49504320966932 1.0131249681007202 2439
# 3 3 3
929.9999999999851 20 3 0.4950130669879916 1.0016641632941155 2439
# 3 3 3
930.9999999999851 20 3 0.49498530805885876 0.9907704761220449 2439
# 3 3 3
931.9999999999849 20 3 0.49495794626623213 0.9810337850657801 2439
# 3 3 3
932.9999999999849 20 3 0.4949300562736098 0.9729586044135412 2439
# 3 3 3
933.9999999999849 20 3 0.4949023338181697 0.9669396007593261 2439
# 3 3 3
934.9999999999848 20 3 0.4948761095933351 0.9632481817639451 2439
# 3 3 3
935.9999999999848 20 3 0.4948520552428017 0.9620288406153522 2439
# 3 3 3
936.9999999999848 20 3 0.4948298245208554 0.9633022894620693 2439
# 3 3 3
937.9999999999845 20 3 0.4948085252404853 0.9669720047715907 2439
# 3 3 3
938.9999999999845 20 3 0.49478717860258303 0.972831858743808 2439
# 3 3 3
939.9999999999845 20 3 0.4947649575706767 0.9805744453979471 2439
# 3 3 3
940.9999999999843 20 3 0.49474145211437776 0.9898013583269981 2439
# 3 3 3
941.9999999999843 20 3 0.49471700573250416 1.000037189674337 2439
# 3 3 3
942.9999999999842 20 3 0.49469293960008237 1.0107484347980522 2439
# 3 3 3
943.9999999999842 20 3 0.4946713705167233 1.0213674397215713 2439
# 3 3 3
944.9999999999842 20 3 0.4946545577259418 1.0313206077414023 2439
# 3 3 3
945.999999999984 20 3 0.49464414781903127 1.040059448816842 2439
# 3 3 3
946.999999999984 20 3 0.4946405954255344 1.0470925567576441 2439
# 3 3 3
947.999999999984 20 3 0.49464265230920695 1.0520161512034605 2439
# 3 3 3
948.9999999999837 20 3 0.49464722051607296 1.054540598504333 2439
# 3 3 3
949.9999999999837 20 3 0.4946502550900278 1.0545105525419682 2439
# 3 3 3
950.9999999999836 20 3 0.4946482859939403 1.051917002683422 2439
# 3 3 3
951.9999999999836 20 3 0.4946392651552813 1.0469002691971798 2439
# 3 3 3
952.9999999999835 20 3 0.4946225218680828 1.0397435406742301 2439
# 3 3 3
953.9999999999834 20 3 0.4945986277426652 1.030856897487368 2439
# 3 3 3
954.9999999999834 20 3 0.49456929997239946 1.020752190621979 2439
# 3 3 3
955.9999999999834 20 3 0.49453686411273373 1.010009911309251 2439
# 3 3 3
956.9999999999832 20 3 0.49450338239789426 0.9992403199866974 2439
# 3 3 3
957.9999999999832 20 3 0.49447001081553993 0.9890423824848484 2439
# 3 3 3
958.9999999999832 20 3 0.49443685544178 0.9799650173929363 2439
# 3 3 3
959.9999999999831 20 3 0.49440322379192325 0.9724751436363196 2439
# 3 3 3
960.999999999983 20 3 0.4943681418683621 0.9669356226356605 2439
# 3 3 3
961.9999999999828 20 3 0.49433101380035754 0.9635937488127281 2439
# 3 3 3
962.9999999999828 20 3 0.49429213300637626 0.9625785043802199 2439
# 3 3 3
963.9999999999828 20 3 0.4942527309203966 0.9639034611462847 2439
# 3 3 3
964.9999999999826 20 3 0.4942145316770487 0.9674724230551792 2439
# 3 3 3
965.9999999999826 20 3 0.4941791550654134 0.9730862439693159 2439
# 3 3 3
966.9999999999826 20 3 0.49414781147398223 0.9804508266548166 2439
# 3 3 3
967.9999999999824 20 3 0.4941213957959779 0.9891873239811849 2439
# 3 3 3
968.9999999999824 20 3 0.4941006889257517 0.9988457672720331 2439
# 3 3 3
969.9999999999823 20 3 0.4940863495997728 1.0089229746412722 2439
# 3 3 3
970.9999999999823 20 3 0.49407865709042265 1.018884983256521 2439
# 3 3 3
971.9999999999823 20 3 0.494077239620693 1.0281935572212546 2439
# 3 3 3
972.999999999982 20 3 0.49408105320999535 1.0363355556600573 2439
# 3 3 3
973.999999999982 20 3 0.49408859256164184 1.0428531716557818 2439
# 3 3 3
974.999999999982 20 3 0.49409804252102185 1.0473725055853993 2439
# 3 3 3
975.9999999999818 20 3 0.4941072271776072 1.049627901290478 2439
# 3 3 3
976.9999999999818 20 3 0.4941136263617111 1.0494800287586394 2439
# 3 3 3
977.9999999999818 20 3 0.49411479314347007 1.046926541447276 2439
# 3 3 3
978.9999999999817 20 3 0.4941090643044523 1.0421047554064822 2439
# 3 3 3
979.9999999999817 20 3 0.49409611541135606 1.035285924347086 2439
# 3 3 3
980.9999999999815 20 3 0.49407704263208296 1.0268606138522614 2439
# 3 3 3
981.9999999999815 20 3 0.494053917956907 1.0173150197026655 2439
# 3 3 3
982.9999999999815 20 3 0.4940289173754043 1.0071991616305442 2439
# 3 3 3
983.9999999999812 20 3 0.49400335975137144 0.9970894476042036 2439
# 3 3 3
984.9999999999812 20 3 0.49397728915681266 0.9875494877236574 2439
# 3 3 3
985.9999999999812 20 3 0.493949998117528 0.9790936267596171 2439
# 3 3 3
986.9999999999811 20 3 0.49392101737615435 0.9721571813296264 2439
# 3 3 3
987.9999999999811 20 3 0.4938905991403568 0.9670759123163163 2439
# 3 3 3
988.9999999999809 20 3 0.4938593088552525 0.9640752450265792 2439
# 3 3 3
989.9999999999809 20 3 0.4938273091975031 0.9632678030698101 2439
# 3 3 3
990.9999999999809 20 3 0.4937941409276246 0.9646566158510553 2439
# 3 3 3
991.9999999999807 20 3 0.4937591741759658 0.96814129342318 2439
# 3 3 3
992.9999999999807 20 3 0.4937222961612664 0.97352543386508 2439
# 3 3 3
993.9999999999807 20 3 0.49368436338537547 0.9805249588940503 2439
# 3 3 3
994.9999999999806 20 3 0.493647217763325 0.9887782243899866 2439
# 3 3 3
995.9999999999806 20 3 0.4936133108863519 0.9978591568117535 2439
# 3 3 3
996.9999999999806 20 3 0.493585087813436 1.0072943365712432 2439
# 3 3 3
997.9999999999803 20 3 0.4935643032286136 1.0165842101068125 2439
# 3 3 3
998.9999999999803 20 3 0.4935515298870174 1.0252278058902935 2439
# 3 3 3
999.9999999999801 20 3 0.4935460783603779 1.0327496648125984 2439
# 3 3 3
