#INFO: **** input file is /project/lgagliardi/helenclifford/practice_rcc/cybertraining/workshop_work/core_mr_adc_practice.py ****
from pyscf import gto, scf, mcscf
import prism.interface
import prism.mr_adc
import numpy as np

#furan 
mol = gto.Mole()
mol.atom = """
O 1.07108 0.02372 0.29535
C 0.58811 0.11195 -0.95745
H 1.30631 0.21974 -1.73774
C -0.76328 0.04720 -0.95265
H -1.40422 0.09175 -1.80540
C -1.14074 -0.09336 0.42696
H -2.12555 -0.17687 0.83087
C 0.01847 -0.09994 1.12458
H 0.23850 -0.17769 2.16469
"""
mol.basis = "6-31g"
mol.verbose = 4
mol.charge = 0
mol.build()

mf = scf.RHF(mol).density_fit()
mf.kernel()

mc = mcscf.CASSCF(mf, 6, 6).density_fit()
emc = mc.mc1step()[0]

interface = prism.interface.PYSCF(mf, mc, backend = 'opt_einsum').density_fit()
mr_adc = prism.mr_adc.MRADC(interface)
mr_adc.method = "mr-adc(2)-x"
mr_adc.method_type = "cvs-ip"
mr_adc.ncvs = 3
mr_adc.nroots = 8

e_diff, intensity, x = mr_adc.kernel()

from prism.tools.spectrum import plot
plot(e_diff, intensity, broadening = 0.5, omega_min = 540, omega_max = 550, plot = True, x_label = "Energy, eV", y_label = "Intensity", title = "XPS spectrum", filename = "mr_adc")

n_states = 3
weights = np.ones(n_states)/n_states
mc = mcscf.CASSCF(mf, 6, 6).state_average_(weights).density_fit()
mc.fix_spin_(ss=0) 
emc = mc.mc1step()[0]

state1_ci = mc.ci[0]
state2_ci = mc.ci[1]
state3_ci = mc.ci[2]
mo = mc.mo_coeff.copy()

mc = mcscf.CASCI(mf, 6, 6).density_fit()
emc = mc.casci(mo_coeff=mo, ci0=state1_ci)[0]

interface = prism.interface.PYSCF(mf, mc, backend = 'opt_einsum').density_fit()
mr_adc = prism.mr_adc.MRADC(interface)
mr_adc.method = "mr-adc(2)-x"
mr_adc.method_type = "cvs-ip"
mr_adc.max_cycle = 100
mr_adc.ncvs = 3
mr_adc.nroots = 8

e_diff, intensity, x = mr_adc.kernel()

plot(e_diff, intensity, broadening = 0.5, omega_min = 540, omega_max = 550, plot = True, x_label = "Energy, eV", y_label = "Intensity", title = "XPS spectrum", filename = "mr_adc_S0")

mc = mcscf.CASCI(mf, 6, 6).density_fit()
emc = mc.casci(mo_coeff=mo, ci0=state2_ci)[0]

interface = prism.interface.PYSCF(mf, mc, backend = 'opt_einsum').density_fit()
mr_adc = prism.mr_adc.MRADC(interface)
mr_adc.method = "mr-adc(2)-x"
mr_adc.method_type = "cvs-ip"
mr_adc.max_cycle = 100
mr_adc.ncvs = 3
mr_adc.nroots = 8

e_diff, intensity, x = mr_adc.kernel()

plot(e_diff, intensity, broadening = 0.5, omega_min = 540, omega_max = 550, plot = True, x_label = "Energy, eV", y_label = "Intensity", title = "XPS spectrum", filename = "mr_adc_S1")


mc = mcscf.CASCI(mf, 6, 6).density_fit()
emc = mc.casci(mo_coeff=mo, ci0=state3_ci)[0]

interface = prism.interface.PYSCF(mf, mc, backend = 'opt_einsum').density_fit()
mr_adc = prism.mr_adc.MRADC(interface)
mr_adc.method = "mr-adc(2)-x"
mr_adc.method_type = "cvs-ip"
mr_adc.max_cycle = 100
mr_adc.ncvs = 3
mr_adc.nroots = 8

e_diff, intensity, x = mr_adc.kernel()

plot(e_diff, intensity, broadening = 0.5, omega_min = 540, omega_max = 550, plot = True, x_label = "Energy, eV", y_label = "Intensity", title = "XPS spectrum", filename = "mr_adc_S2")


#INFO: ******************** input file end ********************


System: uname_result(system='Linux', node='midway3-0544.rcc.local', release='4.18.0-305.3.1.el8.x86_64', version='#1 SMP Tue Jun 1 16:14:33 UTC 2021', machine='x86_64')  Threads 16
Python 3.12.2 | packaged by conda-forge | (main, Feb 16 2024, 20:50:58) [GCC 12.3.0]
numpy 2.3.4  scipy 1.16.3  h5py 3.16.0
Date: Fri Jul 10 14:47:21 2026
PySCF version 2.11.0
PySCF path  /home/helenclifford/project-lgagliardi/practice_rcc/software/pyscf
GIT ORIG_HEAD c744d505e4d4e988d4c032e9b303b73edec74169
GIT HEAD (branch dynamics-pyscf) f520f5381c0b41f716d847009817cbc64e52c0d5

[ENV] PYSCF_TMPDIR /scratch/local/jobs/51716156
[ENV] PYSCF_MAX_MEMORY 56000
[ENV] PYSCF_EXT_PATH /home/helenclifford/project-lgagliardi/practice_rcc/software/pyscf-forge:/home/helenclifford/project-lgagliardi/practice_rcc/software/pyscf-forge:
[CONFIG] conf_file None
[INPUT] verbose = 4
[INPUT] num. atoms = 9
[INPUT] num. electrons = 36
[INPUT] charge = 0
[INPUT] spin (= nelec alpha-beta = 2S) = 0
[INPUT] symmetry False subgroup None
[INPUT] Mole.unit = angstrom
[INPUT] Symbol           X                Y                Z      unit          X                Y                Z       unit  Magmom
[INPUT]  1 O      1.071080000000   0.023720000000   0.295350000000 AA    2.024047857499   0.044824303675   0.558130610890 Bohr   0.0
[INPUT]  2 C      0.588110000000   0.111950000000  -0.957450000000 AA    1.111366831118   0.211554839645  -1.809318277965 Bohr   0.0
[INPUT]  3 H      1.306310000000   0.219740000000  -1.737740000000 AA    2.468568133781   0.415248418612  -3.283852675702 Bohr   0.0
[INPUT]  4 C     -0.763280000000   0.047200000000  -0.952650000000 AA   -1.442390156358   0.089195073079  -1.800247592567 Bohr   0.0
[INPUT]  5 H     -1.404220000000   0.091750000000  -1.805400000000 AA   -2.653591218637   0.173382371929  -3.411711545290 Bohr   0.0
[INPUT]  6 C     -1.140740000000  -0.093360000000   0.426960000000 AA   -2.155686179336  -0.176424830989   0.806837466144 Bohr   0.0
[INPUT]  7 H     -2.125550000000  -0.176870000000   0.830870000000 AA   -4.016707364069  -0.334235859652   1.570116745117 Bohr   0.0
[INPUT]  8 C      0.018470000000  -0.099940000000   1.124580000000 AA    0.034903241521  -0.188859228889   2.125148205163 Bohr   0.0
[INPUT]  9 H      0.238500000000  -0.177690000000   2.164690000000 AA    0.450699680709  -0.335785435074   4.090671244585 Bohr   0.0

nuclear repulsion = 162.067457469169
number of shells = 33
number of NR pGTOs = 126
number of NR cGTOs = 53
basis = 6-31g
ecp = {}
CPU time:         2.61


******** <class 'pyscf.df.df_jk.DFRHF'> ********
method = DFRHF
initial guess = minao
damping factor = 0
level_shift factor = 0
DIIS = <class 'pyscf.scf.diis.CDIIS'>
diis_start_cycle = 1
diis_space = 8
diis_damp = 0
SCF conv_tol = 1e-09
SCF conv_tol_grad = None
SCF max_cycles = 50
direct_scf = False
chkfile to save SCF result = /scratch/local/jobs/51716156/tmpungsoa1i
max_memory 56000 MB (current use 96 MB)
Set gradient conv threshold to 3.16228e-05
Initial guess from minao.
******** <class 'pyscf.df.df.DF'> ********
auxbasis = cc-pvdz-jkfit
max_memory = 56000
init E= -230.188397246978
  HOMO = -0.186299293561204  LUMO = 0.0782886333767282
cycle= 1 E= -228.466564970652  delta_E= 1.72  |g|= 0.407  |ddm|= 2.93
  HOMO = -0.358607446211672  LUMO = 0.142117030405041
cycle= 2 E= -228.515940847591  delta_E= -0.0494  |g|= 0.172  |ddm|=  0.7
  HOMO = -0.325192366481895  LUMO = 0.162790683471003
cycle= 3 E= -228.522365541756  delta_E= -0.00642  |g|= 0.0584  |ddm|= 0.204
  HOMO = -0.323318814967718  LUMO = 0.167694646227218
cycle= 4 E= -228.523232643633  delta_E= -0.000867  |g|= 0.0127  |ddm|= 0.0911
  HOMO = -0.325956335847164  LUMO = 0.164835862964044
cycle= 5 E= -228.523281444073  delta_E= -4.88e-05  |g|= 0.00405  |ddm|= 0.0186
  HOMO = -0.326013005136533  LUMO = 0.164811790945423
cycle= 6 E= -228.52328697851  delta_E= -5.53e-06  |g|= 0.00116  |ddm|= 0.00603
  HOMO = -0.325764237501753  LUMO = 0.165008989526208
cycle= 7 E= -228.523287869615  delta_E= -8.91e-07  |g|= 0.000428  |ddm|= 0.00215
  HOMO = -0.325783065116056  LUMO = 0.164993251225655
cycle= 8 E= -228.523288027914  delta_E= -1.58e-07  |g|= 0.000106  |ddm|= 0.00122
  HOMO = -0.325785858555005  LUMO = 0.164993158290177
cycle= 9 E= -228.523288038  delta_E= -1.01e-08  |g|= 2e-05  |ddm|= 0.000312
  HOMO = -0.325786965542523  LUMO = 0.164992021243281
cycle= 10 E= -228.523288038382  delta_E= -3.82e-10  |g|= 4.1e-06  |ddm|= 6.44e-05
  HOMO = -0.32578691481465  LUMO = 0.164991983584838
Extra cycle  E= -228.523288038391  delta_E= -9.04e-12  |g|= 1.79e-06  |ddm|= 8.41e-06
converged SCF energy = -228.523288038391

******** <class 'pyscf.mcscf.df.DFCASSCF'> ********
CAS (3e+3e, 6o), ncore = 15, nvir = 32
max_cycle_macro = 50
max_cycle_micro = 4
conv_tol = 1e-07
conv_tol_grad = None
orbital rotation max_stepsize = 0.02
orbital rotation threshold for CI restart = 0.01
augmented hessian ah_max_cycle = 30
augmented hessian ah_conv_tol = 1e-12
augmented hessian ah_linear dependence = 1e-14
augmented hessian ah_level shift = 1e-08
augmented hessian ah_start_tol = 2.5
augmented hessian ah_start_cycle = 3
augmented hessian ah_grad_trust_region = 3
kf_trust_region = 3
kf_interval = 4
ci_response_space = 4
ci_grad_trust_region = 3
with_dep4 0
natorb = False
canonicalization = True
sorting_mo_energy = False
ao2mo_level = 2
chkfile = /scratch/local/jobs/51716156/tmpungsoa1i
max_memory 56000 MB (current use 187 MB)
internal_rotation = False
******** <class 'pyscf.fci.direct_spin1.FCISolver'> ********
max. cycles = 50
conv_tol = 1e-08
davidson only = False
linear dependence = 1e-12
level shift = 0.001
max iter space = 12
max_memory 56000 MB
nroots = 1
pspace_size = 400
spin = None
DFCASCI/DFCASSCF: density fitting for JK matrix and 2e integral transformation
CASCI E = -228.558947295445  S^2 = 0.0000000
Set conv_tol_grad to 0.000316228
macro iter   1 ( 21 JK    4 micro), CASSCF E = -228.571735007167  dE = -1.27877117e-02  S^2 = 0.0000000
               |grad[o]|=0.0318  |grad[c]|=0.0459  |ddm|=0.0564  |maxRot[o]|=0.204
macro iter   2 ( 21 JK    4 micro), CASSCF E = -228.574753947581  dE = -3.01894041e-03  S^2 = 0.0000000
               |grad[o]|=0.0186  |grad[c]|=0.0256  |ddm|=0.0379  |maxRot[o]|=0.176
macro iter   3 ( 21 JK    4 micro), CASSCF E = -228.576747008579  dE = -1.99306100e-03  S^2 = 0.0000000
               |grad[o]|=0.00821  |grad[c]|=0.0132  |ddm|=0.0105  |maxRot[o]|=0.309
macro iter   4 ( 21 JK    4 micro), CASSCF E = -228.582118583641  dE = -5.37157506e-03  S^2 = 0.0000000
               |grad[o]|=0.00845  |grad[c]|=0.0149  |ddm|=0.013  |maxRot[o]|=0.309
macro iter   5 ( 21 JK    4 micro), CASSCF E = -228.585943589999  dE = -3.82500636e-03  S^2 = 0.0000000
               |grad[o]|=0.0101  |grad[c]|=0.0122  |ddm|=0.00435  |maxRot[o]|=0.263
macro iter   6 ( 21 JK    4 micro), CASSCF E = -228.586487871256  dE = -5.44281257e-04  S^2 = 0.0000000
               |grad[o]|=0.00445  |grad[c]|=0.0177  |ddm|=0.00503  |maxRot[o]|=0.0757
macro iter   7 ( 21 JK    4 micro), CASSCF E = -228.586497731421  dE = -9.86016536e-06  S^2 = 0.0000000
               |grad[o]|=0.00301  |grad[c]|=0.0123  |ddm|=0.0055  |maxRot[o]|=0.00832
macro iter   8 ( 21 JK    4 micro), CASSCF E = -228.586505734673  dE = -8.00325148e-06  S^2 = 0.0000000
               |grad[o]|=0.00282  |grad[c]|=0.0124  |ddm|=0.00558  |maxRot[o]|=0.0112
macro iter   9 ( 21 JK    4 micro), CASSCF E = -228.586511621813  dE = -5.88713993e-06  S^2 = 0.0000000
               |grad[o]|=0.00279  |grad[c]|=0.0125  |ddm|=0.00563  |maxRot[o]|=0.012
macro iter  10 ( 21 JK    4 micro), CASSCF E = -228.586517420291  dE = -5.79847838e-06  S^2 = 0.0000000
               |grad[o]|=0.00286  |grad[c]|=0.0127  |ddm|=0.00567  |maxRot[o]|=0.0129
macro iter  11 ( 21 JK    4 micro), CASSCF E = -228.586524786437  dE = -7.36614584e-06  S^2 = 0.0000000
               |grad[o]|=0.00298  |grad[c]|=0.0128  |ddm|=0.0057  |maxRot[o]|=0.014
macro iter  12 ( 21 JK    4 micro), CASSCF E = -228.586535085782  dE = -1.02993452e-05  S^2 = 0.0000000
               |grad[o]|=0.00314  |grad[c]|=0.0129  |ddm|=0.00573  |maxRot[o]|=0.0153
macro iter  13 ( 21 JK    4 micro), CASSCF E = -228.586549560899  dE = -1.44751167e-05  S^2 = 0.0000000
               |grad[o]|=0.00331  |grad[c]|=0.013  |ddm|=0.00576  |maxRot[o]|=0.0168
macro iter  14 ( 21 JK    4 micro), CASSCF E = -228.586569470229  dE = -1.99093306e-05  S^2 = 0.0000000
               |grad[o]|=0.00347  |grad[c]|=0.013  |ddm|=0.00578  |maxRot[o]|=0.0186
macro iter  15 ( 21 JK    4 micro), CASSCF E = -228.586596222451  dE = -2.67522214e-05  S^2 = 0.0000000
               |grad[o]|=0.00364  |grad[c]|=0.0131  |ddm|=0.0058  |maxRot[o]|=0.0207
macro iter  16 ( 21 JK    4 micro), CASSCF E = -228.586631523651  dE = -3.53012008e-05  S^2 = 0.0000000
               |grad[o]|=0.0038  |grad[c]|=0.0132  |ddm|=0.00583  |maxRot[o]|=0.0231
macro iter  17 ( 21 JK    4 micro), CASSCF E = -228.586677589516  dE = -4.60658644e-05  S^2 = 0.0000000
               |grad[o]|=0.00396  |grad[c]|=0.0133  |ddm|=0.00587  |maxRot[o]|=0.026
macro iter  18 ( 21 JK    4 micro), CASSCF E = -228.586737282560  dE = -5.96930438e-05  S^2 = 0.0000000
               |grad[o]|=0.00413  |grad[c]|=0.0134  |ddm|=0.00592  |maxRot[o]|=0.0295
macro iter  19 ( 21 JK    4 micro), CASSCF E = -228.586814443259  dE = -7.71606992e-05  S^2 = 0.0000000
               |grad[o]|=0.00429  |grad[c]|=0.0136  |ddm|=0.006  |maxRot[o]|=0.0338
macro iter  20 ( 21 JK    4 micro), CASSCF E = -228.586913923219  dE = -9.94799605e-05  S^2 = 0.0000000
               |grad[o]|=0.00446  |grad[c]|=0.014  |ddm|=0.00617  |maxRot[o]|=0.0389
macro iter  21 ( 21 JK    4 micro), CASSCF E = -228.587039516964  dE = -1.25593745e-04  S^2 = 0.0000000
               |grad[o]|=0.00463  |grad[c]|=0.015  |ddm|=0.00656  |maxRot[o]|=0.0444
macro iter  22 ( 21 JK    4 micro), CASSCF E = -228.587143226284  dE = -1.03709320e-04  S^2 = 0.0000000
               |grad[o]|=0.0048  |grad[c]|=0.0189  |ddm|=0.00808  |maxRot[o]|=0.0469
macro iter  23 ( 21 JK    4 micro), CASSCF E = -228.587455884321  dE = -3.12658037e-04  S^2 = 0.0000000
               |grad[o]|=0.00502  |grad[c]|=0.00936  |ddm|=0.00345  |maxRot[o]|=0.0652
macro iter  24 ( 21 JK    4 micro), CASSCF E = -228.587873200431  dE = -4.17316110e-04  S^2 = 0.0000000
               |grad[o]|=0.00415  |grad[c]|=0.00657  |ddm|=0.0019  |maxRot[o]|=0.0884
macro iter  25 ( 21 JK    4 micro), CASSCF E = -228.588470363834  dE = -5.97163403e-04  S^2 = 0.0000000
               |grad[o]|=0.00379  |grad[c]|=0.00562  |ddm|=0.00217  |maxRot[o]|=0.125
macro iter  26 ( 21 JK    4 micro), CASSCF E = -228.588556284481  dE = -8.59206469e-05  S^2 = 0.0000000
               |grad[o]|=0.00417  |grad[c]|=0.0127  |ddm|=0.00472  |maxRot[o]|= 0.03
macro iter  27 ( 20 JK    4 micro), CASSCF E = -228.588672729760  dE = -1.16445279e-04  S^2 = 0.0000000
               |grad[o]|=0.00398  |grad[c]|=0.0124  |ddm|=0.0046  |maxRot[o]|=0.0206
macro iter  28 ( 11 JK    3 micro), CASSCF E = -228.588931964680  dE = -2.59234920e-04  S^2 = 0.0000000
               |grad[o]|=0.00375  |grad[c]|=0.00636  |ddm|=0.00295  |maxRot[o]|=0.0503
macro iter  29 ( 11 JK    3 micro), CASSCF E = -228.589103182967  dE = -1.71218286e-04  S^2 = 0.0000000
               |grad[o]|=0.00367  |grad[c]|=0.00133  |ddm|=0.00147  |maxRot[o]|= 0.03
macro iter  30 ( 17 JK    4 micro), CASSCF E = -228.589695744356  dE = -5.92561390e-04  S^2 = 0.0000000
               |grad[o]|=0.00351  |grad[c]|=0.0235  |ddm|=0.0109  |maxRot[o]|= 0.13
macro iter  31 ( 21 JK    4 micro), CASSCF E = -228.589752888125  dE = -5.71437692e-05  S^2 = 0.0000000
               |grad[o]|=0.0039  |grad[c]|=0.00802  |ddm|=0.00328  |maxRot[o]|=0.0501
macro iter  32 ( 11 JK    3 micro), CASSCF E = -228.589885713796  dE = -1.32825671e-04  S^2 = 0.0000000
               |grad[o]|=0.00334  |grad[c]|=0.00172  |ddm|=0.000886  |maxRot[o]|=0.0315
macro iter  33 ( 12 JK    3 micro), CASSCF E = -228.589936830081  dE = -5.11162849e-05  S^2 = 0.0000000
               |grad[o]|=0.00345  |grad[c]|=0.000661  |ddm|=0.000569  |maxRot[o]|= 0.01
macro iter  34 ( 11 JK    3 micro), CASSCF E = -228.590070952958  dE = -1.34122877e-04  S^2 = 0.0000000
               |grad[o]|=0.00337  |grad[c]|=0.00126  |ddm|=0.000848  |maxRot[o]|= 0.03
macro iter  35 ( 12 JK    3 micro), CASSCF E = -228.590118590989  dE = -4.76380306e-05  S^2 = 0.0000000
               |grad[o]|=0.00326  |grad[c]|=0.000837  |ddm|=0.000505  |maxRot[o]|=0.0156
macro iter  36 ( 12 JK    3 micro), CASSCF E = -228.590162658519  dE = -4.40675302e-05  S^2 = 0.0000000
               |grad[o]|=0.00321  |grad[c]|=0.000667  |ddm|=0.00047  |maxRot[o]|=0.00999
macro iter  37 ( 12 JK    3 micro), CASSCF E = -228.590205288136  dE = -4.26296166e-05  S^2 = 0.0000000
               |grad[o]|=0.00313  |grad[c]|=0.000604  |ddm|=0.000347  |maxRot[o]|= 0.01
macro iter  38 ( 21 JK    4 micro), CASSCF E = -228.590205731837  dE = -4.43701282e-07  S^2 = 0.0000000
               |grad[o]|=0.00308  |grad[c]|=0.00834  |ddm|=0.0034  |maxRot[o]|=0.00212
macro iter  39 ( 21 JK    4 micro), CASSCF E = -228.590204349646  dE =  1.38219113e-06  S^2 = 0.0000000
               |grad[o]|=0.0031  |grad[c]|=0.00842  |ddm|=0.00344  |maxRot[o]|=0.00292
macro iter  40 ( 19 JK    4 micro), CASSCF E = -228.590447370036  dE = -2.43020390e-04  S^2 = 0.0000000
               |grad[o]|=0.00311  |grad[c]|=0.00588  |ddm|=0.0028  |maxRot[o]|=0.063
macro iter  41 ( 21 JK    4 micro), CASSCF E = -228.590737811077  dE = -2.90441041e-04  S^2 = 0.0000000
               |grad[o]|=0.00293  |grad[c]|=0.00322  |ddm|=0.00151  |maxRot[o]|=0.0875
macro iter  42 ( 18 JK    4 micro), CASSCF E = -228.590850582228  dE = -1.12771150e-04  S^2 = 0.0000000
               |grad[o]|=0.00255  |grad[c]|=0.0046  |ddm|=0.0038  |maxRot[o]|=0.0801
macro iter  43 ( 20 JK    4 micro), CASSCF E = -228.590903771030  dE = -5.31888021e-05  S^2 = 0.0000000
               |grad[o]|=0.0022  |grad[c]|=0.0107  |ddm|=0.00552  |maxRot[o]|=0.0326
macro iter  44 ( 21 JK    4 micro), CASSCF E = -228.590906086311  dE = -2.31528131e-06  S^2 = 0.0000000
               |grad[o]|=0.00241  |grad[c]|=0.00674  |ddm|=0.00287  |maxRot[o]|=0.00817
macro iter  45 ( 21 JK    4 micro), CASSCF E = -228.590906337650  dE = -2.51338491e-07  S^2 = 0.0000000
               |grad[o]|=0.00196  |grad[c]|=0.00692  |ddm|=0.00305  |maxRot[o]|=0.000482
macro iter  46 ( 21 JK    4 micro), CASSCF E = -228.590906413678  dE = -7.60280443e-08  S^2 = 0.0000000
               |grad[o]|=0.00187  |grad[c]|=0.0072  |ddm|=0.00322  |maxRot[o]|=0.000473
macro iter  47 ( 21 JK    4 micro), CASSCF E = -228.590999254837  dE = -9.28411588e-05  S^2 = 0.0000000
               |grad[o]|=0.00186  |grad[c]|=0.00546  |ddm|=0.00263  |maxRot[o]|=0.0471
macro iter  48 ( 19 JK    4 micro), CASSCF E = -228.591085462577  dE = -8.62077407e-05  S^2 = 0.0000000
               |grad[o]|=0.00159  |grad[c]|=0.00145  |ddm|=0.001  |maxRot[o]|=0.0651
macro iter  49 ( 21 JK    4 micro), CASSCF E = -228.591082277413  dE =  3.18516393e-06  S^2 = 0.0000000
               |grad[o]|=0.00108  |grad[c]|=0.00318  |ddm|=0.00147  |maxRot[o]|=0.042
macro iter  50 ( 20 JK    4 micro), CASSCF E = -228.591109506949  dE = -2.72295359e-05  S^2 = 0.0000000
               |grad[o]|=0.00101  |grad[c]|=0.00246  |ddm|=0.00114  |maxRot[o]|=0.0317
1-step CASSCF not converged,  50 macro (960 JK 192 micro) steps
CASSCF canonicalization
Density matrix diagonal elements [1.98226843 1.9397935  1.90644519 0.09868999 0.06434395 0.00845895]
CASSCF energy = -228.591109506949
CASCI E = -228.591109506949  E(CI) = -7.60077758427312  S^2 = 0.0000000


------------------------------------------------------------------------------

            PRISM: Open-Source implementation of ab initio methods
                    for excited states and spectroscopy

                               Version 0.9

                   Copyright (C) 2026 Prism Developers
                   Contributors: Nicholas Yiching Chiang
                                 Carlos E. V. de Moura
                                 Nishshanka M. Lakshan
                                 Rajat S. Majumder
                                 Ilia M. Mazin
                                 Donna H. Odhiambo
                                 Bryce Pickett
                                 James D. Serna
                                 Alexander Yu. Sokolov

            Unless required by applicable law or agreed to in
            writing, software distributed under the GNU General
            Public License v3.0 and is distributed on an "AS IS"
            BASIS, WITHOUT WARRANTIES OR CONDITIONS OF ANY KIND,
            either express or implied.

            See the License for the specific language governing
            permissions and limitations.

            Available at https://github.com/sokolov-group/prism

------------------------------------------------------------------------------

Importing Pyscf objects...

Collecting reference wavefunction information...
Reference wavefunction: casscf
Canonicalizing molecular orbitals using reference wavefunction manifold...

Summary of reference wavefunction manifold:
Total number of reference states: 1
  State       S^2        S      (2S+1)        E(total)              E(CAS)
-----------------------------------------------------------------------------------
    1       0.00000     0.0        1     -228.591109506949      -7.600777584273
-----------------------------------------------------------------------------------


WARN: opt_einsum was requested but is not available. Falling back to auto-detection.

Importing Pyscf density-fitting objects...

Initializing MR-ADC...

Computing MR-ADC excitation energies...

Method:                                            cvs-ip-mr-adc(2)-x
Nuclear repulsion energy:                        162.067457469169
Number of electrons:                               36
Number of basis functions:                         53
Reference wavefunction type:                       casscf
Number of core orbitals:                           15
Number of active orbitals:                         6
Number of external orbitals:                       32
Number of active electrons:                        [(3, 3)]
Reference state active-space energy:              -7.600777584273
Reference state spin multiplicity:                 [1]
Number of MR-ADC roots requested:                  8
Number of CVS orbitals:                            3
Number of valence (non-CVS) orbitals:              12
Reference density fitting?                         True
Correlation density fitting?                       True
Temporary directory path:                          /scratch/local/jobs/51716156

Internal contraction:                              Full
Overlap truncation parameter (singles):            1.00e-05
Overlap truncation parameter (doubles):            1.00e-10
Projector for the semi-internal amplitudes:        gno

Einsum Backend:                                    numpy

Transforming integrals to MO basis...
******** <class 'pyscf.df.df.DF'> ********
auxbasis = None
max_memory = 56000

Computing reference wavefunction RDMs...

Computing NEVPT2 amplitudes...
Correlation energy [0']:                          -0.128291753171
Correlation energy [+1']:                         -0.000194157757
Correlation energy [-1']:                         -0.003584874978
Correlation energy [0]:                           -0.230905582251
Correlation energy [+1]:                          -0.001888932782
Correlation energy [-1]:                          -0.038641901880
Correlation energy [+2]:                          -0.002349398518
Correlation energy [-2]:                          -0.007339380081

Reference energy:                               -228.591109506949
NEVPT2 correlation energy:                        -0.413195981419
Total NEVPT2 energy:                            -229.004305488368

Transforming integrals for the CVS calculation...

Dimension of h0 excitation manifold:                       3
Dimension of h1 excitation manifold:                       6612
Total dimension of the excitation manifold:                6615
Dimension of the orthogonalized excitation manifold:       6597

tol 1e-08  toloose 1e-05
max_cycle 50  max_space 128  max_memory 4000  incore True
davidson 0 8  |r|= 0.958  e= [11.28121195 11.28151461 11.45550868 11.45592496 11.47508354 11.47525084
 11.65548246 11.67216938]  max|de|= 11.7  lindep=    1
davidson 1 16  |r|= 0.229  e= [10.79648151 10.79662202 11.28984756 11.30010576 11.33625845 11.3401519
 11.43950788 11.45262376]  max|de|= -0.485  lindep= 0.99
davidson 2 24  |r|= 0.15  e= [10.76538249 10.76549401 11.24153227 11.24677061 11.28516028 11.29102351
 11.39482694 11.40638211]  max|de|= -0.0533  lindep= 0.979
davidson 3 32  |r|= 0.231  e= [10.76041859 10.76052816 11.21159238 11.21998114 11.24226162 11.25995062
 11.31472847 11.33261169]  max|de|= -0.0801  lindep= 0.976
Old state -> New state
    6     ->     5 
    5     ->     6 
davidson 4 40  |r|= 0.144  e= [10.75942777 10.75953655 11.19946556 11.21325078 11.22510397 11.2493108
 11.25044252 11.28508137]  max|de|= -0.0654  lindep= 0.974
davidson 5 48  |r|= 0.0744  e= [10.7593088  10.7594174  11.19077149 11.21001453 11.21298724 11.22724615
 11.24248014 11.26611441]  max|de|= -0.0221  lindep= 0.987
davidson 6 56  |r|= 0.106  e= [10.75929274 10.75940071 11.18722039 11.20706117 11.20770646 11.22299065
 11.23155887 11.25453934]  max|de|= -0.0116  lindep= 0.972
Old state -> New state
    6     ->     5 
    5     ->     6 
davidson 7 64  |r|= 0.0755  e= [10.75929152 10.75939946 11.18672011 11.20068716 11.20634504 11.21921685
 11.22245937 11.24116894]  max|de|= -0.0134  lindep= 0.987
davidson 8 72  |r|= 0.0659  e= [10.75929141 10.75939934 11.18663757 11.19145877 11.20571198 11.21015677
 11.22237824 11.2273162 ]  max|de|= 11.2  lindep= 0.985
davidson 9 80  |r|= 0.031  e= [10.7592914  10.75939933 11.18662233 11.18774204 11.20526601 11.20604596
 11.22236261 11.22341062]  max|de|= -0.00411  lindep= 0.981
davidson 10 88  |r|= 0.0157  e= [10.7592914  10.75939932 11.18661876 11.18694868 11.20509216 11.20519005
 11.22235895 11.22270089]  max|de|= -0.000856  lindep= 0.976
Old state -> New state
    5     ->     4 
    4     ->     5 
root 0 converged  |r|= 4.47e-06  e= 10.759291400675226  max|de|= -9.86e-11
root 1 converged  |r|= 6.23e-06  e= 10.759399323153051  max|de|= -1.89e-10
davidson 11 96  |r|= 0.00859  e= [10.7592914  10.75939932 11.1866179  11.18671948 11.20497115 11.20504614
 11.22235765 11.22247855]  max|de|= -0.000229  lindep= 0.971
davidson 12 102  |r|= 0.00363  e= [10.7592914  10.75939932 11.18661756 11.18666094 11.20491406 11.2050343
 11.22235632 11.22241343]  max|de|= -6.51e-05  lindep= 0.943
davidson 13 108  |r|= 0.00168  e= [10.7592914  10.75939932 11.18661746 11.18665434 11.20490259 11.2050308
 11.22235589 11.22240532]  max|de|= -1.15e-05  lindep= 0.909
davidson 14 114  |r|= 0.00102  e= [10.7592914  10.75939932 11.18661744 11.18665347 11.20489975 11.20502993
 11.22235581 11.22240422]  max|de|= -2.85e-06  lindep= 0.828
davidson 15 120  |r|= 0.000764  e= [10.7592914  10.75939932 11.18661744 11.18665324 11.20489892 11.20502968
 11.22235579 11.22240391]  max|de|= -8.32e-07  lindep= 0.617
davidson 16 126  |r|= 0.00042  e= [10.7592914  10.75939932 11.18661744 11.18665316 11.20489867 11.20502957
 11.22235578 11.22240378]  max|de|= -2.44e-07  lindep= 0.337
davidson 17 8  |r|= 0.00042  e= [10.75929131 10.75939923 11.18660663 11.18665132 11.20490049 11.20501888
 11.22235712 11.222405  ]  max|de|= -1.08e-05  lindep= 0.999
root 0 converged  |r|= 1.81e-06  e= 10.759291307623206  max|de|= -9.84e-12
root 1 converged  |r|= 2.51e-06  e= 10.759399228112882  max|de|= -1.86e-11
davidson 18 16  |r|= 0.000329  e= [10.75929131 10.75939923 11.18660663 11.18665131 11.20490043 11.20501886
 11.22235712 11.22240497]  max|de|= -6.03e-08  lindep= 0.893
davidson 19 22  |r|= 0.000172  e= [10.75929131 10.75939923 11.18660663 11.1866513  11.20490039 11.20501884
 11.22235711 11.22240496]  max|de|= -4.43e-08  lindep= 0.892
root 2 converged  |r|= 4.02e-06  e= 11.186606630889047  max|de|= -1.15e-10
davidson 20 28  |r|= 9.15e-05  e= [10.75929131 10.75939923 11.18660663 11.1866513  11.20490037 11.20501883
 11.22235711 11.22240495]  max|de|= -1.99e-08  lindep= 0.943
root 6 converged  |r|= 6.85e-06  e= 11.222357113426183  max|de|= -1.6e-10
davidson 21 33  |r|= 6.69e-05  e= [10.75929131 10.75939923 11.18660663 11.1866513  11.20490036 11.20501883
 11.22235711 11.22240495]  max|de|= -7.22e-09  lindep= 0.935
root 3 converged  |r|= 6.51e-06  e= 11.186651297204204  max|de|= -1.89e-10
davidson 22 37  |r|= 4.82e-05  e= [10.75929131 10.75939923 11.18660663 11.1866513  11.20490036 11.20501883
 11.22235711 11.22240495]  max|de|= -3.36e-09  lindep= 0.879
root 7 converged  |r|= 6e-06  e= 11.222404950794884  max|de|= -1.37e-10
davidson 23 40  |r|= 3.98e-05  e= [10.75929131 10.75939923 11.18660663 11.1866513  11.20490036 11.20501883
 11.22235711 11.22240495]  max|de|= -2.03e-09  lindep= 0.84
davidson 24 42  |r|= 3.37e-05  e= [10.75929131 10.75939923 11.18660663 11.1866513  11.20490035 11.20501883
 11.22235711 11.22240495]  max|de|= -1.45e-09  lindep= 0.941
root 5 converged  |r|= 8.13e-06  e= 11.205018827364306  max|de|= -8.57e-11
davidson 25 44  |r|= 2.96e-05  e= [10.75929131 10.75939923 11.18660663 11.1866513  11.20490035 11.20501883
 11.22235711 11.22240495]  max|de|= -8.18e-10  lindep= 0.944
davidson 26 45  |r|= 2.93e-05  e= [10.75929131 10.75939923 11.18660663 11.1866513  11.20490035 11.20501883
 11.22235711 11.22240495]  max|de|= -7.07e-10  lindep= 0.93
davidson 27 46  |r|= 2.32e-05  e= [10.75929131 10.75939923 11.18660663 11.1866513  11.20490035 11.20501883
 11.22235711 11.22240495]  max|de|= -6.56e-10  lindep= 0.908
davidson 28 47  |r|= 1.59e-05  e= [10.75929131 10.75939923 11.18660663 11.1866513  11.20490035 11.20501883
 11.22235711 11.22240495]  max|de|= -3.74e-10  lindep= 0.906
davidson 29 48  |r|= 1.14e-05  e= [10.75929131 10.75939923 11.18660663 11.1866513  11.20490035 11.20501883
 11.22235711 11.22240495]  max|de|= -2.15e-10  lindep= 0.942
davidson 30 49  |r|= 1.03e-05  e= [10.75929131 10.75939923 11.18660663 11.1866513  11.20490035 11.20501883
 11.22235711 11.22240495]  max|de|= -1.37e-10  lindep= 0.953
root 4 converged  |r|= 7.23e-06  e= 11.204900351545087  max|de|= -9.6e-11
converged 31 50  |r|= 8.13e-06  e= [10.75929131 10.75939923 11.18660663 11.1866513  11.20490035 11.20501883
 11.22235711 11.22240495]  max|de|= -9.6e-11

Summary of results for the CVS-IP-MR-ADC(2)-X calculation with the CASSCF reference:
------------------------------------------------------------------------------------------------
  State        dE(a.u.)        dE(eV)      dE(nm)       dE(cm-1)       Intensity
------------------------------------------------------------------------------------------------
    1        10.75929131      292.7752     4.2348    2361391.4935      1.394800
    2        10.75939923      292.7782     4.2347    2361415.1793      1.394840
    3        11.18660663      304.4031     4.0730    2455176.3665      0.000000
    4        11.18665130      304.4043     4.0730    2455186.1696      0.000000
    5        11.20490035      304.9009     4.0664    2459191.3741      0.007442
    6        11.20501883      304.9041     4.0663    2459217.3766      0.007574
    7        11.22235711      305.3759     4.0601    2463022.6905      0.000000
    8        11.22240495      305.3772     4.0600    2463033.1896      0.000000
------------------------------------------------------------------------------------------------
> CPU time for total CVS-IP-MR-ADC(2)-X calculation   1029.73 sec, wall time    964.52 sec

******** <class 'pyscf.mcscf.addons.StateAverageDFCASSCF'> ********
CAS (3e+3e, 6o), ncore = 15, nvir = 32
max_cycle_macro = 50
max_cycle_micro = 4
conv_tol = 1e-07
conv_tol_grad = None
orbital rotation max_stepsize = 0.02
orbital rotation threshold for CI restart = 0.01
augmented hessian ah_max_cycle = 30
augmented hessian ah_conv_tol = 1e-12
augmented hessian ah_linear dependence = 1e-14
augmented hessian ah_level shift = 1e-08
augmented hessian ah_start_tol = 2.5
augmented hessian ah_start_cycle = 3
augmented hessian ah_grad_trust_region = 3
kf_trust_region = 3
kf_interval = 4
ci_response_space = 4
ci_grad_trust_region = 3
with_dep4 0
natorb = False
canonicalization = True
sorting_mo_energy = False
ao2mo_level = 2
chkfile = /scratch/local/jobs/51716156/tmpungsoa1i
max_memory 56000 MB (current use 268 MB)
internal_rotation = False
******** <class 'pyscf.fci.addons.SpinPenaltyStateAverageFCISolver'> ********
max. cycles = 50
conv_tol = 1e-08
davidson only = True
linear dependence = 1e-12
level shift = 0.001
max iter space = 12
max_memory 56000 MB
nroots = 3
pspace_size = 400
spin = None
State-average over 3 states with weights [0.33333333 0.33333333 0.33333333]
DFCASCI/DFCASSCF: density fitting for JK matrix and 2e integral transformation
CASCI E = -228.358321805312  S^2 = 0.0000000
Set conv_tol_grad to 0.000316228
macro iter   1 ( 21 JK    4 micro), CASSCF E = -228.368907887082  dE = -1.05860818e-02  S^2 = 0.0000000
               |grad[o]|=0.064  |ddm|=0.0429  |maxRot[o]|=0.208
macro iter   2 ( 21 JK    4 micro), CASSCF E = -228.372059934303  dE = -3.15204722e-03  S^2 = 0.0000000
               |grad[o]|=0.0258  |ddm|=0.0516  |maxRot[o]|=0.226
macro iter   3 ( 21 JK    4 micro), CASSCF E = -228.377301011612  dE = -5.24107731e-03  S^2 = 0.0000000
               |grad[o]|=0.013  |ddm|=0.0134  |maxRot[o]|=0.281
macro iter   4 ( 21 JK    4 micro), CASSCF E = -228.382297039999  dE = -4.99602839e-03  S^2 = 0.0000000
               |grad[o]|=0.0123  |ddm|=0.00826  |maxRot[o]|=0.229
macro iter   5 ( 21 JK    4 micro), CASSCF E = -228.383868522699  dE = -1.57148270e-03  S^2 = 0.0000000
               |grad[o]|=0.00696  |ddm|=0.0405  |maxRot[o]|=0.128
macro iter   6 ( 12 JK    3 micro), CASSCF E = -228.387637508523  dE = -3.76898582e-03  S^2 = 0.0000000
               |grad[o]|=0.00972  |ddm|=0.0354  |maxRot[o]|=0.148
macro iter   7 ( 12 JK    3 micro), CASSCF E = -228.392746691368  dE = -5.10918284e-03  S^2 = 0.0000000
               |grad[o]|=0.0123  |ddm|=0.0335  |maxRot[o]|=0.148
macro iter   8 ( 16 JK    4 micro), CASSCF E = -228.395812218577  dE = -3.06552721e-03  S^2 = 0.0000000
               |grad[o]|=0.0132  |ddm|=0.0265  |maxRot[o]|=0.128
macro iter   9 ( 21 JK    4 micro), CASSCF E = -228.395946798137  dE = -1.34579560e-04  S^2 = 0.0000000
               |grad[o]|= 0.01  |ddm|=0.00939  |maxRot[o]|=0.0211
macro iter  10 ( 21 JK    4 micro), CASSCF E = -228.395978785482  dE = -3.19873451e-05  S^2 = 0.0000000
               |grad[o]|=0.00572  |ddm|=0.00531  |maxRot[o]|=0.00482
macro iter  11 ( 21 JK    4 micro), CASSCF E = -228.395979911197  dE = -1.12571419e-06  S^2 = 0.0000000
               |grad[o]|=0.00555  |ddm|=0.00426  |maxRot[o]|=0.00533
macro iter  12 ( 21 JK    4 micro), CASSCF E = -228.395978210414  dE =  1.70078309e-06  S^2 = 0.0000000
               |grad[o]|=0.00554  |ddm|=0.00426  |maxRot[o]|=0.00514
macro iter  13 ( 17 JK    4 micro), CASSCF E = -228.396367929953  dE = -3.89719539e-04  S^2 = 0.0000000
               |grad[o]|=0.00555  |ddm|=0.0018  |maxRot[o]|=0.0472
macro iter  14 ( 13 JK    4 micro), CASSCF E = -228.396472921092  dE = -1.04991139e-04  S^2 = 0.0000000
               |grad[o]|=0.00309  |ddm|=0.00189  |maxRot[o]|=0.0233
macro iter  15 (  9 JK    3 micro), CASSCF E = -228.396499717618  dE = -2.67965258e-05  S^2 = 0.0000000
               |grad[o]|=0.0014  |ddm|=0.000953  |maxRot[o]|=0.0153
macro iter  16 (  8 JK    2 micro), CASSCF E = -228.396501530073  dE = -1.81245474e-06  S^2 = 0.0000000
               |grad[o]|=0.000383  |ddm|=0.000368  |maxRot[o]|=0.00444
macro iter  17 (  3 JK    1 micro), CASSCF E = -228.396501550981  dE = -2.09077768e-08  S^2 = 0.0000000
               |grad[o]|=5.01e-05  |ddm|=6.83e-05  |maxRot[o]|=0.000302
1-step CASSCF converged in  17 macro (279 JK  60 micro) steps
CASSCF canonicalization
Density matrix diagonal elements [1.97652344 1.76022485 1.4047815  0.61665569 0.21820962 0.0236049 ]
CASSCF energy = -228.396501550981
CASCI E = -228.396501550981  E(CI) = -8.13459603771008  S^2 = 0.0000000
CASCI state-averaged energy = -228.396501550981
CASCI energy for each state
  State 0 weight 0.333333  E = -228.59082345646 S^2 = 0.0000000
  State 1 weight 0.333333  E = -228.333251790116 S^2 = 0.0000000
  State 2 weight 0.333333  E = -228.265429406366 S^2 = 0.0000000

******** <class 'pyscf.mcscf.df.DFCASCI'> ********
CAS (3e+3e, 6o), ncore = 15, nvir = 32
natorb = False
canonicalization = True
sorting_mo_energy = False
max_memory 56000 MB (current use 289 MB)
******** <class 'pyscf.fci.direct_spin1.FCISolver'> ********
max. cycles = 200
conv_tol = 1e-08
davidson only = False
linear dependence = 1e-12
level shift = 0.001
max iter space = 12
max_memory 56000 MB
nroots = 1
pspace_size = 400
spin = None
DFCASCI/DFCASSCF: density fitting for JK matrix and 2e integral transformation
Density matrix diagonal elements [1.97994074 1.9401098  1.9113404  0.08697184 0.06152689 0.02011032]
CASCI converged
CASCI E = -228.590823456469  E(CI) = -8.32891794319787  S^2 = 0.0000000


------------------------------------------------------------------------------

            PRISM: Open-Source implementation of ab initio methods
                    for excited states and spectroscopy

                               Version 0.9

                   Copyright (C) 2026 Prism Developers
                   Contributors: Nicholas Yiching Chiang
                                 Carlos E. V. de Moura
                                 Nishshanka M. Lakshan
                                 Rajat S. Majumder
                                 Ilia M. Mazin
                                 Donna H. Odhiambo
                                 Bryce Pickett
                                 James D. Serna
                                 Alexander Yu. Sokolov

            Unless required by applicable law or agreed to in
            writing, software distributed under the GNU General
            Public License v3.0 and is distributed on an "AS IS"
            BASIS, WITHOUT WARRANTIES OR CONDITIONS OF ANY KIND,
            either express or implied.

            See the License for the specific language governing
            permissions and limitations.

            Available at https://github.com/sokolov-group/prism

------------------------------------------------------------------------------

Importing Pyscf objects...

Collecting reference wavefunction information...
Reference wavefunction: casci
Canonicalizing molecular orbitals using reference wavefunction manifold...

Summary of reference wavefunction manifold:
Total number of reference states: 1
  State       S^2        S      (2S+1)        E(total)              E(CAS)
-----------------------------------------------------------------------------------
    1       0.00000     0.0        1     -228.590823456469      -8.328917943198
-----------------------------------------------------------------------------------


WARN: opt_einsum was requested but is not available. Falling back to auto-detection.

Importing Pyscf density-fitting objects...

Initializing MR-ADC...

Computing MR-ADC excitation energies...

Method:                                            cvs-ip-mr-adc(2)-x
Nuclear repulsion energy:                        162.067457469169
Number of electrons:                               36
Number of basis functions:                         53
Reference wavefunction type:                       casci
Number of core orbitals:                           15
Number of active orbitals:                         6
Number of external orbitals:                       32
Number of active electrons:                        [(3, 3)]
Reference state active-space energy:              -8.328917943198
Reference state spin multiplicity:                 [1]
Number of MR-ADC roots requested:                  8
Number of CVS orbitals:                            3
Number of valence (non-CVS) orbitals:              12
Reference density fitting?                         True
Correlation density fitting?                       True
Temporary directory path:                          /scratch/local/jobs/51716156

Internal contraction:                              Full
Overlap truncation parameter (singles):            1.00e-05
Overlap truncation parameter (doubles):            1.00e-10
Projector for the semi-internal amplitudes:        gno

Einsum Backend:                                    numpy

Transforming integrals to MO basis...
******** <class 'pyscf.df.df.DF'> ********
auxbasis = None
max_memory = 56000

Computing reference wavefunction RDMs...

Computing NEVPT2 amplitudes...
Correlation energy [0']:                          -0.093107627234
Correlation energy [+1']:                         -0.011266638106
Correlation energy [-1']:                         -0.010777515708
Correlation energy [0]:                           -0.194864581745
Correlation energy [+1]:                          -0.024732541640
Correlation energy [-1]:                          -0.063041186731
Correlation energy [+2]:                          -0.004498762602
Correlation energy [-2]:                          -0.008337657384

Reference energy:                               -228.590823456469
NEVPT2 correlation energy:                        -0.410626511151
Total NEVPT2 energy:                            -229.001449967620

Transforming integrals for the CVS calculation...

Dimension of h0 excitation manifold:                       3
Dimension of h1 excitation manifold:                       6612
Total dimension of the excitation manifold:                6615
Dimension of the orthogonalized excitation manifold:       6606

tol 1e-08  toloose 1e-05
max_cycle 100  max_space 128  max_memory 4000  incore True
davidson 0 8  |r|= 0.965  e= [11.27446034 11.28806825 11.45039874 11.47868723 11.47970844 11.49224391
 11.52289762 11.52777314]  max|de|= 11.5  lindep=    1
Old state -> New state
    1     ->     0 
    0     ->     1 
    6     ->     5 
    5     ->     6 
davidson 1 16  |r|= 0.24  e= [10.79399265 10.80837294 11.25542017 11.3005193  11.30818261 11.34323252
 11.35006779 11.35108826]  max|de|= -0.494  lindep= 0.989
Old state -> New state
    4     ->     3 
    3     ->     4 
davidson 2 24  |r|= 0.155  e= [10.77167874 10.77780762 11.21830458 11.25589512 11.25775845 11.29738534
 11.30596634 11.31464664]  max|de|= -0.0523  lindep= 0.975
Old state -> New state
    7     ->     6 
    6     ->     7 
davidson 3 32  |r|= 0.191  e= [10.76975769 10.77191271 11.20625984 11.2351767  11.24041544 11.24760056
 11.27530326 11.27996191]  max|de|= -0.0498  lindep= 0.973
Old state -> New state
    5     ->     3 
    3     ->     5 
    4     ->     6 
davidson 4 40  |r|= 0.113  e= [10.76946147 10.77088401 11.20251045 11.20400946 11.22414308 11.23134178
 11.24393947 11.27481525]  max|de|= -0.0436  lindep= 0.931
Old state -> New state
    3     ->     2 
    2     ->     3 
davidson 5 48  |r|= 0.0693  e= [10.76943541 10.77080173 11.19469917 11.2022963  11.21562636 11.23018583
 11.2402146  11.27285195]  max|de|= -0.00931  lindep= 0.853
davidson 6 56  |r|= 0.166  e= [10.76943212 10.77079286 11.19316829 11.20225779 11.21228102 11.23002517
 11.2372906  11.25667356]  max|de|= 11.3  lindep= 0.957
Old state -> New state
    6     ->     5 
    5     ->     6 
    6     ->     7 
davidson 7 64  |r|= 0.0973  e= [10.76943184 10.77079212 11.19300656 11.20225138 11.20742306 11.22453301
 11.22996782 11.24248741]  max|de|= -0.0128  lindep= 0.942
davidson 8 72  |r|= 0.049  e= [10.76943181 10.77079207 11.19298919 11.20225077 11.20463529 11.22167762
 11.22990868 11.24191395]  max|de|= -0.00286  lindep= 0.921
davidson 9 80  |r|= 0.0181  e= [10.76943181 10.77079206 11.19298538 11.20225066 11.20389531 11.22118716
 11.22960418 11.24181426]  max|de|= -0.00074  lindep= 0.931
Old state -> New state
    6     ->     7 
root 0 converged  |r|= 9.99e-06  e= 10.769431804544709  max|de|= -6.03e-10
davidson 10 88  |r|= 0.0428  e= [10.7694318  10.77079206 11.19298443 11.20225061 11.20371055 11.22107447
 11.22734167 11.23201218]  max|de|= 0.00241  lindep= 0.933
root 1 converged  |r|= 3.29e-06  e= 10.77079206048446  max|de|= -5.66e-11
davidson 11 95  |r|= 0.0274  e= [10.7694318  10.77079206 11.19298413 11.20225059 11.20367353 11.22105069
 11.22430767 11.23086132]  max|de|= -0.00303  lindep= 0.884
davidson 12 101  |r|= 0.0115  e= [10.7694318  10.77079206 11.19298405 11.20225058 11.20366531 11.22104479
 11.22339399 11.23072084]  max|de|= -0.000914  lindep= 0.926
root 3 converged  |r|= 9.4e-06  e= 11.202250580665517  max|de|= -7.48e-10
davidson 13 107  |r|= 0.0037  e= [10.7694318  10.77079206 11.19298404 11.20225058 11.20366323 11.22104261
 11.22327014 11.23070422]  max|de|= -0.000124  lindep= 0.92
davidson 14 112  |r|= 0.00176  e= [10.7694318  10.77079206 11.19298404 11.20225058 11.20366257 11.2210414
 11.22325676 11.23070246]  max|de|= -1.34e-05  lindep= 0.883
davidson 15 117  |r|= 0.000949  e= [10.7694318  10.77079206 11.19298404 11.20225058 11.20366225 11.22104044
 11.22325364 11.23070205]  max|de|= -3.12e-06  lindep= 0.884
root 2 converged  |r|= 8.14e-06  e= 11.19298403666479  max|de|= -1.66e-10
davidson 16 122  |r|= 0.000535  e= [10.7694318  10.77079206 11.19298404 11.20225058 11.20366215 11.22104009
 11.22325263 11.23070192]  max|de|= -1.01e-06  lindep= 0.906
davidson 17 8  |r|= 0.000535  e= [10.76943184 10.77079216 11.19298495 11.20225119 11.20366227 11.22104039
 11.22325189 11.23070207]  max|de|= 9.09e-07  lindep= 0.991
root 0 converged  |r|= 4.07e-06  e= 10.769431835543932  max|de|= -5.63e-11
root 1 converged  |r|= 1.26e-06  e= 10.770792164945062  max|de|= -4.76e-12
root 2 converged  |r|= 3.53e-06  e= 11.192984946050522  max|de|= -4.93e-11
root 3 converged  |r|= 3.92e-06  e= 11.202251186794586  max|de|= -4.19e-11
davidson 18 16  |r|= 0.000334  e= [10.76943184 10.77079216 11.19298495 11.20225119 11.20366225 11.22104031
 11.22325167 11.23070204]  max|de|= -2.23e-07  lindep= 0.938
davidson 19 20  |r|= 0.000166  e= [10.76943184 10.77079216 11.19298495 11.20225119 11.20366223 11.22104027
 11.22325157 11.23070202]  max|de|= -9.17e-08  lindep= 0.925
davidson 20 24  |r|= 9.23e-05  e= [10.76943184 10.77079216 11.19298495 11.20225119 11.20366223 11.22104025
 11.22325155 11.23070202]  max|de|= -2.75e-08  lindep= 0.942
davidson 21 28  |r|= 6.32e-05  e= [10.76943184 10.77079216 11.19298495 11.20225119 11.20366223 11.22104025
 11.22325154 11.23070202]  max|de|= -6.52e-09  lindep= 0.938
root 7 converged  |r|= 9.96e-06  e= 11.230702017161951  max|de|= -3.74e-10
davidson 22 32  |r|= 4.8e-05  e= [10.76943184 10.77079216 11.19298495 11.20225119 11.20366223 11.22104025
 11.22325154 11.23070202]  max|de|= -2.99e-09  lindep= 0.918
davidson 23 35  |r|= 5.89e-05  e= [10.76943184 10.77079216 11.19298495 11.20225119 11.20366223 11.22104024
 11.22325154 11.23070202]  max|de|= -2.63e-09  lindep= 0.86
root 6 converged  |r|= 5.54e-06  e= 11.223251537417552  max|de|= -1.49e-10
davidson 24 38  |r|= 5.86e-05  e= [10.76943184 10.77079216 11.19298495 11.20225119 11.20366223 11.22104024
 11.22325154 11.23070202]  max|de|= -3.01e-09  lindep= 0.921
davidson 25 40  |r|= 5.05e-05  e= [10.76943184 10.77079216 11.19298495 11.20225119 11.20366223 11.22104024
 11.22325154 11.23070202]  max|de|= -2.9e-09  lindep= 0.893
root 4 converged  |r|= 7.97e-06  e= 11.20366222583068  max|de|= -9.25e-11
davidson 26 42  |r|= 4.4e-05  e= [10.76943184 10.77079216 11.19298495 11.20225119 11.20366223 11.22104024
 11.22325154 11.23070202]  max|de|= -1.71e-09  lindep= 0.913
davidson 27 43  |r|= 2.79e-05  e= [10.76943184 10.77079216 11.19298495 11.20225119 11.20366223 11.22104024
 11.22325154 11.23070202]  max|de|= -9.31e-10  lindep= 0.913
davidson 28 44  |r|= 1.46e-05  e= [10.76943184 10.77079216 11.19298495 11.20225119 11.20366223 11.22104023
 11.22325154 11.23070202]  max|de|= -3.03e-10  lindep=  0.9
root 5 converged  |r|= 9.73e-06  e= 11.22104023477373  max|de|= -1.25e-10
converged 29 45  |r|= 9.73e-06  e= [10.76943184 10.77079216 11.19298495 11.20225119 11.20366223 11.22104023
 11.22325154 11.23070202]  max|de|= -1.25e-10

Summary of results for the CVS-IP-MR-ADC(2)-X calculation with the CASCI reference:
------------------------------------------------------------------------------------------------
  State        dE(a.u.)        dE(eV)      dE(nm)       dE(cm-1)       Intensity
------------------------------------------------------------------------------------------------
    1        10.76943184      293.0512     4.2308    2363617.0821      1.425308
    2        10.77079216      293.0882     4.2303    2363915.6399      1.420514
    3        11.19298495      304.5766     4.0707    2456576.2449      0.000000
    4        11.20225119      304.8288     4.0673    2458609.9497      0.000000
    5        11.20366223      304.8672     4.0668    2458919.6369      0.035809
    6        11.22104023      305.3401     4.0605    2462733.6690      0.022378
    7        11.22325154      305.4002     4.0597    2463218.9939      0.000000
    8        11.23070202      305.6030     4.0570    2464854.1851      0.000000
------------------------------------------------------------------------------------------------
> CPU time for total CVS-IP-MR-ADC(2)-X calculation   1037.49 sec, wall time    967.44 sec

******** <class 'pyscf.mcscf.df.DFCASCI'> ********
CAS (3e+3e, 6o), ncore = 15, nvir = 32
natorb = False
canonicalization = True
sorting_mo_energy = False
max_memory 56000 MB (current use 278 MB)
******** <class 'pyscf.fci.direct_spin1.FCISolver'> ********
max. cycles = 200
conv_tol = 1e-08
davidson only = False
linear dependence = 1e-12
level shift = 0.001
max iter space = 12
max_memory 56000 MB
nroots = 1
pspace_size = 400
spin = None
DFCASCI/DFCASSCF: density fitting for JK matrix and 2e integral transformation
Density matrix diagonal elements [1.97928288 1.37195087 1.29304341 0.77480832 0.56015508 0.02075944]
CASCI converged
CASCI E = -228.333251791102  E(CI) = -8.07134627783131  S^2 = 0.0000000


------------------------------------------------------------------------------

            PRISM: Open-Source implementation of ab initio methods
                    for excited states and spectroscopy

                               Version 0.9

                   Copyright (C) 2026 Prism Developers
                   Contributors: Nicholas Yiching Chiang
                                 Carlos E. V. de Moura
                                 Nishshanka M. Lakshan
                                 Rajat S. Majumder
                                 Ilia M. Mazin
                                 Donna H. Odhiambo
                                 Bryce Pickett
                                 James D. Serna
                                 Alexander Yu. Sokolov

            Unless required by applicable law or agreed to in
            writing, software distributed under the GNU General
            Public License v3.0 and is distributed on an "AS IS"
            BASIS, WITHOUT WARRANTIES OR CONDITIONS OF ANY KIND,
            either express or implied.

            See the License for the specific language governing
            permissions and limitations.

            Available at https://github.com/sokolov-group/prism

------------------------------------------------------------------------------

Importing Pyscf objects...

Collecting reference wavefunction information...
Reference wavefunction: casci
Canonicalizing molecular orbitals using reference wavefunction manifold...

Summary of reference wavefunction manifold:
Total number of reference states: 1
  State       S^2        S      (2S+1)        E(total)              E(CAS)
-----------------------------------------------------------------------------------
    1       0.00000     0.0        1     -228.333251791102      -8.071346277831
-----------------------------------------------------------------------------------


WARN: opt_einsum was requested but is not available. Falling back to auto-detection.

Importing Pyscf density-fitting objects...

Initializing MR-ADC...

Computing MR-ADC excitation energies...

Method:                                            cvs-ip-mr-adc(2)-x
Nuclear repulsion energy:                        162.067457469169
Number of electrons:                               36
Number of basis functions:                         53
Reference wavefunction type:                       casci
Number of core orbitals:                           15
Number of active orbitals:                         6
Number of external orbitals:                       32
Number of active electrons:                        [(3, 3)]
Reference state active-space energy:              -8.071346277831
Reference state spin multiplicity:                 [1]
Number of MR-ADC roots requested:                  8
Number of CVS orbitals:                            3
Number of valence (non-CVS) orbitals:              12
Reference density fitting?                         True
Correlation density fitting?                       True
Temporary directory path:                          /scratch/local/jobs/51716156

Internal contraction:                              Full
Overlap truncation parameter (singles):            1.00e-05
Overlap truncation parameter (doubles):            1.00e-10
Projector for the semi-internal amplitudes:        gno

Einsum Backend:                                    numpy

Transforming integrals to MO basis...
******** <class 'pyscf.df.df.DF'> ********
auxbasis = None
max_memory = 56000

Computing reference wavefunction RDMs...

Computing NEVPT2 amplitudes...
Correlation energy [0']:                          -0.080339867252
Correlation energy [+1']:                         -0.010843380288
Correlation energy [-1']:                         -0.011463079908
Correlation energy [0]:                           -0.194890825212
Correlation energy [+1]:                          -0.026979700363
Correlation energy [-1]:                          -0.066986223654
Correlation energy [+2]:                          -0.004326075697
Correlation energy [-2]:                          -0.006685861463

Reference energy:                               -228.333251791102
NEVPT2 correlation energy:                        -0.402515013836
Total NEVPT2 energy:                            -228.735766804938

Transforming integrals for the CVS calculation...

Dimension of h0 excitation manifold:                       3
Dimension of h1 excitation manifold:                       6612
Total dimension of the excitation manifold:                6615
Dimension of the orthogonalized excitation manifold:       6606

tol 1e-08  toloose 1e-05
max_cycle 100  max_space 128  max_memory 4000  incore True
davidson 0 8  |r|= 0.929  e= [11.13744712 11.17645145 11.26387802 11.27413276 11.32581166 11.32959363
 11.34162372 11.34383273]  max|de|= 11.3  lindep=    1
Old state -> New state
    3     ->     0 
    2     ->     1 
    0     ->     2 
    1     ->     3 
davidson 1 16  |r|= 0.27  e= [10.78678675 10.80552371 10.84965199 10.90738398 11.12283898 11.14063982
 11.14300869 11.1612357 ]  max|de|= -0.487  lindep= 0.991
Old state -> New state
    2     ->     0 
    0     ->     1 
    1     ->     2 
    6     ->     5 
    5     ->     6 
davidson 2 24  |r|= 0.154  e= [10.73957747 10.74686789 10.79785597 10.82967754 11.0311965  11.05176536
 11.07333207 11.09732924]  max|de|= -0.11  lindep= 0.98
davidson 3 32  |r|= 0.15  e= [10.71812078 10.73903445 10.79218924 10.81869636 10.95183712 10.98060053
 11.00900989 11.03978232]  max|de|= -0.0794  lindep= 0.987
davidson 4 40  |r|= 0.0852  e= [10.71481812 10.73832185 10.79091121 10.81731104 10.92609809 10.95701925
 10.97208514 11.00407093]  max|de|= -0.0369  lindep= 0.973
davidson 5 48  |r|= 0.0437  e= [10.714475   10.73824269 10.79075394 10.81712003 10.91999715 10.94957895
 10.96386295 10.99539188]  max|de|= -0.00868  lindep= 0.974
davidson 6 56  |r|= 0.0311  e= [10.71444955 10.73823861 10.79073707 10.8171049  10.91813575 10.94615623
 10.96283073 10.99372878]  max|de|= -0.00342  lindep= 0.973
davidson 7 64  |r|= 0.0182  e= [10.71444769 10.73823837 10.79073547 10.81710362 10.9174068  10.94483611
 10.96267539 10.99287005]  max|de|= -0.00132  lindep= 0.972
davidson 8 72  |r|= 0.00814  e= [10.7144475  10.73823834 10.79073528 10.81710346 10.91707417 10.94443509
 10.96263341 10.99258786]  max|de|= -0.000401  lindep= 0.954
davidson 9 80  |r|= 0.0029  e= [10.71444748 10.73823834 10.79073525 10.81710345 10.91701185 10.94436779
 10.96262021 10.99255199]  max|de|= -6.73e-05  lindep= 0.861
root 1 converged  |r|= 8.65e-06  e= 10.738238340716581  max|de|= -2.47e-10
davidson 10 88  |r|= 0.00254  e= [10.71444748 10.73823834 10.79073524 10.81710344 10.91700541 10.94436002
 10.96261717 10.99254308]  max|de|= -8.91e-06  lindep= 0.632
root 3 converged  |r|= 4.7e-06  e= 10.817103444553029  max|de|= -1.1e-10
davidson 11 95  |r|= 0.00154  e= [10.71444748 10.73823834 10.79073524 10.81710344 10.91700408 10.94435849
 10.96261661 10.99254033]  max|de|= -2.75e-06  lindep= 0.258
davidson 12 101  |r|= 0.000567  e= [10.71444748 10.73823834 10.79073524 10.81710344 10.91700373 10.94435813
 10.96261642 10.9925394 ]  max|de|= -9.26e-07  lindep= 0.0786
davidson 13 107  |r|= 0.000181  e= [10.71444748 10.73823834 10.79073524 10.81710344 10.91700368 10.94435807
 10.96261632 10.99253922]  max|de|= -1.8e-07  lindep= 0.0291
davidson 14 113  |r|= 9.53e-05  e= [10.71444748 10.73823834 10.79073524 10.81710344 10.91700366 10.94435806
 10.96261631 10.99253921]  max|de|= -1.5e-08  lindep= 0.00711
davidson 15 119  |r|= 4.83e-05  e= [10.71444748 10.73823834 10.79073524 10.81710344 10.91700366 10.94435806
 10.96261631 10.9925392 ]  max|de|= -2.94e-09  lindep= 0.00576
davidson 16 125  |r|= 2.63e-05  e= [10.71444748 10.73823834 10.79073524 10.81710344 10.91700366 10.94435806
 10.96261631 10.9925392 ]  max|de|= -6.42e-10  lindep= 0.00589
davidson 17 8  |r|= 2.44e-05  e= [10.7144437  10.73823568 10.79073344 10.81710291 10.91699928 10.944354
 10.96262444 10.99254884]  max|de|= 9.63e-06  lindep= 0.623
root 0 converged  |r|= 4.19e-06  e= 10.714443697076558  max|de|= -8.79e-11
root 1 converged  |r|= 2.4e-06  e= 10.738235682816095  max|de|= -2.71e-11
root 2 converged  |r|= 3.77e-06  e= 10.790733443865802  max|de|= -1.38e-10
root 3 converged  |r|= 3.47e-06  e= 10.817102910881149  max|de|= -7.9e-12
root 4 converged  |r|= 3.37e-06  e= 10.916999281794462  max|de|= -1.23e-10
root 5 converged  |r|= 5.82e-06  e= 10.9443540043171  max|de|= -2.22e-10
root 6 converged  |r|= 5.33e-06  e= 10.962624444024224  max|de|= -3.58e-10
root 7 converged  |r|= 7.56e-06  e= 10.992548835899715  max|de|= -4.62e-10
converged 18 16  |r|= 7.56e-06  e= [10.7144437  10.73823568 10.79073344 10.81710291 10.91699928 10.944354
 10.96262444 10.99254884]  max|de|= -4.62e-10

Summary of results for the CVS-IP-MR-ADC(2)-X calculation with the CASCI reference:
------------------------------------------------------------------------------------------------
  State        dE(a.u.)        dE(eV)      dE(nm)       dE(cm-1)       Intensity
------------------------------------------------------------------------------------------------
    1        10.71444370      291.5549     4.2525    2351548.5807      0.138886
    2        10.73823568      292.2023     4.2431    2356770.3180      0.757775
    3        10.79073344      293.6308     4.2225    2368292.2447      1.327957
    4        10.81710291      294.3484     4.2122    2374079.6738      0.716389
    5        10.91699928      297.0667     4.1736    2396004.3930      0.000000
    6        10.94435400      297.8110     4.1632    2402008.0606      0.004209
    7        10.96262444      298.3082     4.1562    2406017.9586      0.000000
    8        10.99254884      299.1225     4.1449    2412585.6035      0.002322
------------------------------------------------------------------------------------------------
> CPU time for total CVS-IP-MR-ADC(2)-X calculation    902.33 sec, wall time    837.26 sec

******** <class 'pyscf.mcscf.df.DFCASCI'> ********
CAS (3e+3e, 6o), ncore = 15, nvir = 32
natorb = False
canonicalization = True
sorting_mo_energy = False
max_memory 56000 MB (current use 279 MB)
******** <class 'pyscf.fci.direct_spin1.FCISolver'> ********
max. cycles = 200
conv_tol = 1e-08
davidson only = False
linear dependence = 1e-12
level shift = 0.001
max iter space = 12
max_memory 56000 MB
nroots = 1
pspace_size = 400
spin = None
DFCASCI/DFCASSCF: density fitting for JK matrix and 2e integral transformation
Density matrix diagonal elements [1.97034395 1.96865526 1.0098771  0.98820666 0.03296934 0.02994768]
CASCI converged
CASCI E = -228.265429406948  E(CI) = -8.00352389367683  S^2 = 0.0000000


------------------------------------------------------------------------------

            PRISM: Open-Source implementation of ab initio methods
                    for excited states and spectroscopy

                               Version 0.9

                   Copyright (C) 2026 Prism Developers
                   Contributors: Nicholas Yiching Chiang
                                 Carlos E. V. de Moura
                                 Nishshanka M. Lakshan
                                 Rajat S. Majumder
                                 Ilia M. Mazin
                                 Donna H. Odhiambo
                                 Bryce Pickett
                                 James D. Serna
                                 Alexander Yu. Sokolov

            Unless required by applicable law or agreed to in
            writing, software distributed under the GNU General
            Public License v3.0 and is distributed on an "AS IS"
            BASIS, WITHOUT WARRANTIES OR CONDITIONS OF ANY KIND,
            either express or implied.

            See the License for the specific language governing
            permissions and limitations.

            Available at https://github.com/sokolov-group/prism

------------------------------------------------------------------------------

Importing Pyscf objects...

Collecting reference wavefunction information...
Reference wavefunction: casci
Canonicalizing molecular orbitals using reference wavefunction manifold...

Summary of reference wavefunction manifold:
Total number of reference states: 1
  State       S^2        S      (2S+1)        E(total)              E(CAS)
-----------------------------------------------------------------------------------
    1       0.00000     0.0        1     -228.265429406948      -8.003523893677
-----------------------------------------------------------------------------------


WARN: opt_einsum was requested but is not available. Falling back to auto-detection.

Importing Pyscf density-fitting objects...

Initializing MR-ADC...

Computing MR-ADC excitation energies...

Method:                                            cvs-ip-mr-adc(2)-x
Nuclear repulsion energy:                        162.067457469169
Number of electrons:                               36
Number of basis functions:                         53
Reference wavefunction type:                       casci
Number of core orbitals:                           15
Number of active orbitals:                         6
Number of external orbitals:                       32
Number of active electrons:                        [(3, 3)]
Reference state active-space energy:              -8.003523893677
Reference state spin multiplicity:                 [1]
Number of MR-ADC roots requested:                  8
Number of CVS orbitals:                            3
Number of valence (non-CVS) orbitals:              12
Reference density fitting?                         True
Correlation density fitting?                       True
Temporary directory path:                          /scratch/local/jobs/51716156

Internal contraction:                              Full
Overlap truncation parameter (singles):            1.00e-05
Overlap truncation parameter (doubles):            1.00e-10
Projector for the semi-internal amplitudes:        gno

Einsum Backend:                                    numpy

Transforming integrals to MO basis...
******** <class 'pyscf.df.df.DF'> ********
auxbasis = None
max_memory = 56000

Computing reference wavefunction RDMs...

Computing NEVPT2 amplitudes...
Correlation energy [0']:                          -0.128945494557
Correlation energy [+1']:                         -0.015015295393
Correlation energy [-1']:                         -0.021043053048
Correlation energy [0]:                           -0.195031106600
Correlation energy [+1]:                          -0.023356774894
Correlation energy [-1]:                          -0.067490351808
Correlation energy [+2]:                          -0.005571485680
Correlation energy [-2]:                          -0.012429652294

Reference energy:                               -228.265429406948
NEVPT2 correlation energy:                        -0.468883214274
Total NEVPT2 energy:                            -228.734312621222

Transforming integrals for the CVS calculation...

Dimension of h0 excitation manifold:                       3
Dimension of h1 excitation manifold:                       6612
Total dimension of the excitation manifold:                6615
Dimension of the orthogonalized excitation manifold:       6606

tol 1e-08  toloose 1e-05
max_cycle 100  max_space 128  max_memory 4000  incore True
davidson 0 8  |r|=    1  e= [11.22975705 11.24461138 11.29842041 11.30606872 11.31675936 11.31836784
 11.42801512 11.44140836]  max|de|= 11.4  lindep=    1
Old state -> New state
    5     ->     0 
    3     ->     1 
    4     ->     3 
    0     ->     4 
    1     ->     5 
davidson 1 16  |r|= 0.535  e= [10.65179861 10.81103402 11.01907557 11.02320782 11.08822443 11.09668555
 11.10723821 11.13557751]  max|de|= -0.667  lindep= 0.985
Old state -> New state
    6     ->     4 
    7     ->     5 
    4     ->     6 
    5     ->     7 
davidson 2 24  |r|= 0.231  e= [10.58491944 10.64153657 10.94423439 10.95573358 10.98070132 11.01932493
 11.02145376 11.03290013]  max|de|= -0.169  lindep= 0.988
davidson 3 32  |r|= 0.212  e= [10.56276172 10.59672838 10.86071876 10.89782454 10.97060045 10.9935653
 11.00591145 11.0144588 ]  max|de|= -0.0835  lindep= 0.974
Old state -> New state
    5     ->     4 
    4     ->     5 
    7     ->     6 
    6     ->     7 
davidson 4 40  |r|= 0.24  e= [10.55597044 10.57862492 10.80836961 10.85020347 10.94820588 10.96860273
 10.97790868 10.98131803]  max|de|= -0.0523  lindep= 0.98
Old state -> New state
    7     ->     5 
    5     ->     7 
davidson 5 48  |r|= 0.145  e= [10.55499134 10.57595799 10.79896633 10.83805324 10.89603659 10.94599248
 10.95005393 10.96806492]  max|de|= -0.0522  lindep= 0.978
davidson 6 56  |r|= 0.124  e= [10.55481896 10.57549239 10.79795206 10.83510526 10.88018147 10.90299667
 10.91955843 10.96091397]  max|de|=   11  lindep= 0.979
davidson 7 64  |r|= 0.0661  e= [10.55479096 10.57541098 10.79787007 10.83426194 10.87557309 10.8861302
 10.90726135 10.94342723]  max|de|= -0.0175  lindep= 0.973
davidson 8 72  |r|= 0.0426  e= [10.55478807 10.57540178 10.79786455 10.83406906 10.87439764 10.88027121
 10.90413645 10.9399756 ]  max|de|= -0.00586  lindep= 0.951
davidson 9 80  |r|= 0.0235  e= [10.55478779 10.57540106 10.79786379 10.83403518 10.87416583 10.87811415
 10.90324648 10.93875554]  max|de|= -0.00216  lindep= 0.947
davidson 10 88  |r|= 0.00852  e= [10.55478777 10.575401   10.79786368 10.83402993 10.87412923 10.87774086
 10.90307573 10.93845822]  max|de|= -0.000373  lindep= 0.775
davidson 11 96  |r|= 0.00391  e= [10.55478777 10.575401   10.79786366 10.83402933 10.87412468 10.87767243
 10.90303841 10.93843009]  max|de|= -6.84e-05  lindep= 0.561
root 0 converged  |r|= 3.99e-06  e= 10.554787766770415  max|de|= -1.62e-10
root 1 converged  |r|= 9.67e-06  e= 10.575400997550378  max|de|= -3.24e-10
davidson 12 104  |r|= 0.00128  e= [10.55478777 10.575401   10.79786366 10.83402925 10.87412405 10.87766697
 10.90303339 10.93842623]  max|de|= -5.46e-06  lindep= 0.347
davidson 13 110  |r|= 0.000322  e= [10.55478777 10.575401   10.79786366 10.83402924 10.87412399 10.87766654
 10.90303273 10.93842576]  max|de|= -6.61e-07  lindep= 0.142
davidson 14 116  |r|= 0.00012  e= [10.55478777 10.575401   10.79786366 10.83402924 10.87412398 10.87766647
 10.90303267 10.93842571]  max|de|= -7.57e-08  lindep= 0.0564
davidson 15 122  |r|= 6.54e-05  e= [10.55478777 10.575401   10.79786366 10.83402924 10.87412398 10.87766646
 10.90303266 10.9384257 ]  max|de|= -6.37e-09  lindep= 0.0269
davidson 16 8  |r|= 6.44e-05  e= [10.5547875  10.57540276 10.79788163 10.83404112 10.87412241 10.87766643
 10.90303315 10.93842948]  max|de|= 1.8e-05  lindep= 0.983
root 0 converged  |r|= 1.27e-06  e= 10.554787503513412  max|de|= -6.44e-12
root 1 converged  |r|= 3.01e-06  e= 10.575402760523783  max|de|= -2.45e-11
davidson 17 16  |r|= 4.85e-05  e= [10.5547875  10.57540276 10.79788162 10.83404112 10.87412241 10.87766643
 10.90303315 10.93842947]  max|de|= -5.42e-09  lindep= 0.961
davidson 18 22  |r|= 3.25e-05  e= [10.5547875  10.57540276 10.79788162 10.83404111 10.87412241 10.87766643
 10.90303315 10.93842947]  max|de|= -4.74e-09  lindep= 0.964
root 6 converged  |r|= 8.55e-06  e= 10.903033148826045  max|de|= -1.67e-10
davidson 19 28  |r|= 1.53e-05  e= [10.5547875  10.57540276 10.79788162 10.83404111 10.87412241 10.87766643
 10.90303315 10.93842947]  max|de|= -1.01e-09  lindep= 0.911
root 2 converged  |r|= 7.33e-06  e= 10.797881615829326  max|de|= -2.27e-10
root 3 converged  |r|= 8.68e-06  e= 10.834041112086744  max|de|= -2.12e-10
root 4 converged  |r|= 6.23e-06  e= 10.87412240554144  max|de|= -1.02e-10
root 5 converged  |r|= 7.64e-06  e= 10.87766642931708  max|de|= -2.3e-10
davidson 20 33  |r|= 1.02e-05  e= [10.5547875  10.57540276 10.79788162 10.83404111 10.87412241 10.87766643
 10.90303315 10.93842947]  max|de|= -2.3e-10  lindep= 0.948
root 7 converged  |r|= 9.2e-06  e= 10.93842947291557  max|de|= -9.64e-11
converged 21 34  |r|= 9.94e-06  e= [10.5547875  10.57540276 10.79788162 10.83404111 10.87412241 10.87766643
 10.90303315 10.93842947]  max|de|= -9.64e-11

Summary of results for the CVS-IP-MR-ADC(2)-X calculation with the CASCI reference:
------------------------------------------------------------------------------------------------
  State        dE(a.u.)        dE(eV)      dE(nm)       dE(cm-1)       Intensity
------------------------------------------------------------------------------------------------
    1        10.55478750      287.2104     4.3168    2316508.0964      0.817033
    2        10.57540276      287.7714     4.3084    2321032.6224      0.689708
    3        10.79788162      293.8253     4.2197    2369861.0871      0.000000
    4        10.83404111      294.8093     4.2056    2377797.1792      0.114314
    5        10.87412241      295.8999     4.1901    2386594.0064      0.401999
    6        10.87766643      295.9964     4.1887    2387371.8297      0.000000
    7        10.90303315      296.6866     4.1790    2392939.1811      0.196783
    8        10.93842947      297.6498     4.1654    2400707.7763      0.147497
------------------------------------------------------------------------------------------------
> CPU time for total CVS-IP-MR-ADC(2)-X calculation    906.49 sec, wall time    831.21 sec
