# vmf_atol: 1e-07 | ps2_atol: 1e-07 | ps2_ratio: 2.0 | ode_method: dopri5 | ode_atol: 1e-07 | ode_rtol: 1e-05 | vmf_reg_method: extend | vmf_reg_type: ip | cache_svd_info: True
# frame = {Node('[H]0'): [End('[H]i'), End('[H]j'), Node('[H]3')], Node('[H]3'): [Node('[H]0'), Node('[H]2'), Node('[H]1')], Node('[H]2'): [Node('[H]3'), End('[H]0-2'), End('[H]0-3')], Node('[H]1'): [Node('[H]3'), End('[H]0-0'), End('[H]0-1')]}
# time ode_steps max_rank tr norm
# # ([H]0)-([H]3) ([H]3)-([H]1) ([H]3)-([H]2)
0.0 0 3 1.0 1.0 5439
# 3 3 3
0.05000000000000001 80 6 1.0000000000000089 1.0000091467299868 10960
# 4 6 6
0.10000000000000002 80 6 1.00000000000001 1.000036582089335 10960
# 4 6 6
0.15000000000000005 80 6 1.000000000000011 1.0000822977095247 10960
# 4 6 6
0.20000000000000004 80 6 1.0000000000000107 1.0001462837092543 10960
# 4 6 6
0.25000000000000006 80 6 1.0000000000000133 1.0002285286715689 10960
# 4 6 6
0.3000000000000001 80 6 1.000000000000012 1.000329019616967 10960
# 4 6 6
0.3500000000000001 80 6 1.000000000000011 1.0004477419720557 10960
# 4 6 6
0.4000000000000001 80 6 1.0000000000000138 1.0005846795332083 10960
# 4 6 6
0.45000000000000007 80 6 1.000000000000014 1.000739814424659 10960
# 4 6 6
0.5000000000000001 80 6 1.0000000000000164 1.000913127050469 10960
# 4 6 6
0.5500000000000002 80 6 1.0000000000000175 1.0011045960395057 10960
# 4 6 6
0.6000000000000002 80 8 1.0000000000000158 1.0013141981832643 12808
# 4 8 6
0.6500000000000001 80 8 1.0000000000000147 1.001541908364966 12808
# 4 8 6
0.7000000000000002 80 8 1.0000000000000173 1.0017876994800234 14672
# 4 8 8
0.7500000000000002 80 8 1.0000000000000184 1.00205154234635 14672
# 4 8 8
0.8000000000000002 80 10 1.0000000000000202 1.002333405604204 18416
# 4 10 10
0.8500000000000002 80 10 1.0000000000000195 1.0026332556040904 18416
# 4 10 10
0.9000000000000001 80 12 1.000000000000021 1.0029510562824206 20296
# 4 12 10
0.9500000000000002 80 12 1.0000000000000249 1.0032867690233922 20296
# 4 12 10
1.0000000000000002 80 12 1.0000000000000264 1.0036403525066142 20296
# 4 12 10
1.0500000000000003 80 12 1.000000000000028 1.0040117625391187 20296
# 4 12 10
1.1000000000000003 80 12 1.0000000000000295 1.0044009518712342 22192
# 4 12 12
1.1500000000000004 80 12 1.0000000000000298 1.0048078699949383 22192
# 4 12 12
1.2000000000000004 80 12 1.00000000000003 1.005232462923693 22192
# 4 12 12
1.2500000000000004 80 12 1.0000000000000289 1.0056746729538923 22192
# 4 12 12
1.3000000000000003 80 12 1.0000000000000293 1.006134438405763 22192
# 4 12 12
1.3500000000000003 80 12 1.000000000000028 1.0066116933437161 22192
# 4 12 12
1.4000000000000004 80 12 1.0000000000000324 1.0071063672758982 22192
# 4 12 12
1.4500000000000004 80 12 1.0000000000000315 1.007618384831716 22192
# 4 12 12
1.5000000000000004 80 12 1.0000000000000306 1.0081476654172496 22192
# 4 12 12
1.5500000000000005 80 12 1.0000000000000293 1.0086941228491517 22192
# 4 12 12
1.6000000000000003 80 12 1.0000000000000269 1.0092576649655973 22192
# 4 12 12
1.6500000000000004 80 12 1.0000000000000302 1.0098381932162448 22192
# 4 12 12
1.7000000000000004 80 12 1.0000000000000293 1.0104356022307652 22192
# 4 12 12
1.7500000000000004 80 12 1.000000000000029 1.0110497793671442 22192
# 4 12 12
1.8000000000000003 80 12 1.0000000000000295 1.0116806042408333 22192
# 4 12 12
1.8500000000000005 80 12 1.0000000000000289 1.0123279482370644 22192
# 4 12 12
1.9000000000000004 80 12 1.000000000000029 1.0129916740065952 22192
# 4 12 12
1.9500000000000006 80 12 1.000000000000032 1.0136716349493793 22192
# 4 12 12
2.0000000000000004 80 14 1.0000000000000302 1.0143676746876888 24088
# 4 14 12
2.0500000000000003 80 14 1.0000000000000275 1.0150796265326236 24088
# 4 14 12
2.1000000000000005 80 14 1.0000000000000258 1.0158073129455596 24088
# 4 14 12
2.1500000000000004 80 14 1.0000000000000238 1.01655054500436 24088
# 4 14 12
2.2000000000000006 80 14 1.0000000000000218 1.0173091218722912 24088
# 4 14 12
2.2500000000000004 80 14 1.000000000000023 1.0180828302797746 24088
# 4 14 12
2.3000000000000007 80 14 1.000000000000021 1.0188714440227056 24088
# 4 14 12
2.3500000000000005 80 14 1.0000000000000202 1.0196747234853507 24088
# 4 14 12
2.400000000000001 80 14 1.000000000000019 1.0204924151922055 26000
# 4 14 14
2.4500000000000006 80 14 1.0000000000000207 1.0213242513964569 26000
# 4 14 14
2.500000000000001 80 16 1.0000000000000213 1.0221699497159076 27912
# 4 16 14
2.5500000000000007 80 16 1.0000000000000229 1.0230292128220675 27912
# 4 16 14
2.6000000000000005 80 16 1.00000000000002 1.0239017281873461 27912
# 4 16 14
2.650000000000001 80 16 1.0000000000000233 1.0247871679058582 29840
# 4 16 16
2.7000000000000006 80 16 1.0000000000000255 1.0256851885894573 29840
# 4 16 16
2.750000000000001 80 16 1.0000000000000258 1.02659543135407 29840
# 4 16 16
2.8000000000000007 80 16 1.0000000000000273 1.0275175218991728 29840
# 4 16 16
2.850000000000001 80 16 1.000000000000027 1.0284510706929548 29840
# 4 16 16
2.900000000000001 80 18 1.0000000000000286 1.0293956732663485 31768
# 4 16 18
2.950000000000001 80 18 1.0000000000000293 1.0303509106316018 31768
# 4 16 18
3.000000000000001 80 18 1.0000000000000298 1.0313163498190439 33712
# 4 18 18
3.0500000000000007 80 18 1.0000000000000304 1.0322915445523775 33712
# 4 18 18
3.100000000000001 80 18 1.0000000000000266 1.0332760360593747 33712
# 4 18 18
3.150000000000001 80 18 1.0000000000000224 1.03426935402173 33712
# 4 18 18
3.2000000000000006 80 18 1.0000000000000218 1.0352710176705855 33712
# 4 18 18
3.250000000000001 80 18 1.0000000000000222 1.0362805370204005 33712
# 4 18 18
3.3000000000000007 80 20 1.000000000000021 1.0372974142726779 35656
# 4 20 18
3.3500000000000005 80 20 1.0000000000000213 1.0383211453140468 35656
# 4 20 18
3.400000000000001 80 20 1.0000000000000235 1.0393512213937068 35656
# 4 20 18
3.450000000000001 80 20 1.0000000000000262 1.0403871309320982 35656
# 4 20 18
3.500000000000001 80 20 1.000000000000027 1.0414283614368482 35656
# 4 20 18
3.5500000000000007 80 20 1.0000000000000278 1.0424744015413976 35656
# 4 20 18
3.6000000000000005 80 20 1.0000000000000282 1.0435247431627082 35656
# 4 20 18
3.650000000000001 80 20 1.0000000000000306 1.0445788837228918 35656
# 4 20 18
3.700000000000001 80 20 1.0000000000000318 1.0456363284783181 35656
# 4 20 18
3.750000000000001 80 20 1.0000000000000357 1.0466965929060805 35656
# 4 20 18
3.8000000000000007 80 20 1.000000000000036 1.0477592051004117 35656
# 4 20 18
3.8500000000000005 80 20 1.0000000000000373 1.0488237082347196 35656
# 4 20 18
3.9000000000000012 80 22 1.000000000000038 1.0498896629926742 37600
# 4 22 18
3.950000000000001 80 22 1.0000000000000395 1.0509566499872025 37600
# 4 22 18
4.000000000000001 80 22 1.0000000000000369 1.0520242721561832 37600
# 4 22 18
4.050000000000001 80 22 1.000000000000035 1.0530921570666356 37600
# 4 22 18
4.1000000000000005 80 22 1.000000000000033 1.0541599591406468 37600
# 4 22 18
4.150000000000001 80 22 1.0000000000000335 1.055227361759071 37600
# 4 22 18
4.200000000000001 80 22 1.0000000000000346 1.056294079257329 37600
# 4 22 18
4.250000000000001 80 22 1.0000000000000324 1.0573598587336324 37600
# 4 22 18
4.300000000000001 80 22 1.0000000000000284 1.058424481687521 37600
# 4 22 18
4.350000000000001 80 22 1.0000000000000282 1.0594877654533414 37600
# 4 22 18
4.400000000000001 80 22 1.0000000000000286 1.0605495644507237 39576
# 4 22 20
4.450000000000001 80 22 1.0000000000000315 1.0616097711357035 39576
# 4 22 20
4.500000000000001 80 22 1.000000000000033 1.0626683167679218 39576
# 4 22 20
4.550000000000001 80 22 1.000000000000035 1.063725171907032 39576
# 4 22 20
4.600000000000001 80 22 1.000000000000034 1.0647803466042989 39576
# 4 22 20
4.650000000000001 80 22 1.0000000000000315 1.0658338903503206 41552
# 4 22 22
4.700000000000001 80 24 1.0000000000000284 1.0668858917245307 43528
# 4 24 22
4.750000000000001 80 24 1.0000000000000298 1.0679364777650941 43528
# 4 24 22
4.800000000000002 80 24 1.000000000000028 1.0689858130521703 43528
# 4 24 22
4.850000000000001 80 24 1.0000000000000266 1.070034098514194 43528
# 4 24 22
4.900000000000001 80 24 1.0000000000000255 1.071081569953828 43528
# 4 24 22
4.950000000000001 80 24 1.0000000000000213 1.072128496304083 43528
# 4 24 22
5.000000000000002 80 24 1.0000000000000187 1.0731751776209626 43528
# 4 24 22
5.050000000000002 80 24 1.0000000000000198 1.0742219428317612 43528
# 4 24 22
5.100000000000001 80 24 1.0000000000000184 1.075269147248509 43528
# 4 24 22
5.150000000000001 80 24 1.0000000000000187 1.0763171698600706 45520
# 4 24 24
5.200000000000001 80 26 1.000000000000021 1.0773664104102036 47512
# 4 26 24
5.250000000000002 80 26 1.0000000000000218 1.0784172863046277 47512
# 4 26 24
5.300000000000002 80 26 1.0000000000000218 1.0794702293410205 47512
# 4 26 24
5.350000000000001 80 26 1.0000000000000209 1.0805256822960176 47512
# 4 26 24
5.400000000000001 80 26 1.0000000000000202 1.081584095382039 47512
# 4 26 24
5.450000000000002 80 26 1.0000000000000222 1.0826459226094245 47512
# 4 26 24
5.500000000000002 80 26 1.0000000000000235 1.0837116180424962 47512
# 4 26 24
5.550000000000002 80 26 1.0000000000000233 1.0847816320302794 47512
# 4 26 24
5.600000000000001 80 26 1.000000000000023 1.085856407368927 47512
# 4 26 24
5.650000000000001 80 26 1.0000000000000204 1.086936375475058 49520
# 4 26 26
5.700000000000002 80 26 1.000000000000019 1.0880219525548724 49520
# 4 26 26
5.750000000000002 80 26 1.0000000000000189 1.089113535815056 49520
# 4 26 26
5.800000000000002 80 26 1.0000000000000164 1.09021149974175 49520
# 4 26 26
5.850000000000001 80 26 1.000000000000015 1.0913161924651291 49520
# 4 26 26
5.900000000000002 80 26 1.0000000000000167 1.0924279322129467 49520
# 4 26 26
5.950000000000002 80 26 1.0000000000000184 1.0935470039173893 49520
# 4 26 26
6.000000000000002 80 26 1.0000000000000175 1.094673655997806 49520
# 4 26 26
6.050000000000002 80 26 1.000000000000016 1.0958080972998572 49520
# 4 26 26
6.100000000000001 80 26 1.0000000000000147 1.0969504942613262 49520
# 4 26 26
6.150000000000002 80 28 1.0000000000000153 1.098100968314063 51528
# 4 28 26
6.200000000000002 80 28 1.0000000000000144 1.0992595935315814 51528
# 4 28 26
6.250000000000002 80 30 1.000000000000014 1.100426394593268 53536
# 4 30 26
6.300000000000002 80 30 1.0000000000000147 1.1016013449976807 53536
# 4 30 26
6.350000000000001 80 30 1.0000000000000155 1.1027843656639484 53536
# 4 30 26
6.400000000000001 80 30 1.000000000000013 1.1039753238504941 53536
# 4 30 26
6.450000000000002 80 30 1.0000000000000129 1.105174032425057 53536
# 4 30 26
6.500000000000002 80 30 1.0000000000000102 1.1063802495470014 53536
# 4 30 26
6.550000000000002 80 30 1.0000000000000084 1.10759367871121 53536
# 4 30 26
6.600000000000001 80 30 1.0000000000000109 1.108813969223998 53536
# 4 30 26
6.650000000000001 80 30 1.0000000000000129 1.110040717072521 53536
# 4 30 26
6.700000000000001 80 32 1.000000000000008 1.1112734662407597 57600
# 4 32 28
6.750000000000002 80 32 1.000000000000005 1.1125117103974096 57600
# 4 32 28
6.800000000000002 80 32 1.0000000000000047 1.1137548949960678 57600
# 4 32 28
6.850000000000001 80 32 1.0000000000000044 1.1150024198644026 57600
# 4 32 28
6.900000000000002 80 32 1.0000000000000067 1.1162536421135634 57600
# 4 32 28
6.950000000000001 80 32 1.0000000000000084 1.1175078793424005 57600
# 4 32 28
7.000000000000002 80 32 1.0000000000000098 1.1187644137171042 57600
# 4 32 28
7.050000000000002 80 32 1.0000000000000127 1.1200224951922542 57600
# 4 32 28
7.100000000000001 80 32 1.000000000000011 1.1212813469262843 57600
# 4 32 28
7.150000000000002 80 32 1.0000000000000129 1.122540168715367 57600
# 4 32 28
7.200000000000001 80 32 1.0000000000000127 1.1237981424876444 57600
# 4 32 28
7.250000000000002 80 32 1.000000000000015 1.125054437151655 57600
# 4 32 28
7.300000000000002 80 32 1.0000000000000155 1.1263082137812657 57600
# 4 32 28
7.350000000000001 80 32 1.0000000000000187 1.127558630859973 57600
# 4 32 28
7.400000000000002 80 32 1.000000000000019 1.1288048494200862 59656
# 4 32 30
7.450000000000001 80 32 1.000000000000018 1.130046039164443 59656
# 4 32 30
7.500000000000002 80 32 1.000000000000017 1.131281382459972 59656
# 4 32 30
7.5500000000000025 80 32 1.000000000000019 1.1325100807201198 59656
# 4 32 30
7.600000000000001 80 34 1.0000000000000182 1.1337313587266398 61696
# 4 34 30
7.650000000000002 8 34 1.0000000000854627 1.1349444689100379 61696
# 4 34 30
7.700000000000001 8 34 1.0000000001653415 1.1361486964323044 61696
# 4 34 30
7.750000000000002 8 34 1.0000000002357328 1.1373433653401255 61696
# 4 34 30
7.8000000000000025 8 34 1.0000000002937761 1.1385278412104085 61696
# 4 34 30
7.850000000000001 8 34 1.0000000003369882 1.1397015348602801 61696
# 4 34 30
7.900000000000002 8 34 1.0000000003631468 1.1408639057240417 61696
# 4 34 30
7.950000000000001 8 34 1.0000000003706488 1.142014464588268 61696
# 4 34 30
8.000000000000002 8 34 1.0000000003577891 1.1431527759987365 61696
# 4 34 30
8.050000000000002 8 34 1.0000000003233924 1.1442784607301268 61696
# 4 34 30
8.100000000000001 8 34 1.0000000002664244 1.1453911969298933 61696
# 4 34 30
8.150000000000002 8 34 1.0000000001879257 1.146490721733321 61696
# 4 34 30
8.200000000000001 8 34 1.0000000000894937 1.1475768314494639 61696
# 4 34 30
8.250000000000002 8 34 0.9999999999731859 1.1486493818221313 61696
# 4 34 30
8.300000000000002 8 34 0.9999999998411513 1.14970828776385 61696
# 4 34 30
8.350000000000001 8 34 0.9999999996965951 1.1507535228401924 61696
# 4 34 30
8.400000000000002 8 34 0.9999999995431683 1.1517851181035288 61696
# 4 34 30
8.450000000000003 8 34 0.9999999993847077 1.1528031606125084 61696
# 4 34 30
8.500000000000002 8 34 0.9999999992229255 1.1538077913554412 61696
# 4 34 30
8.550000000000002 8 34 0.9999999990599404 1.154799203415413 61696
# 4 34 30
8.600000000000001 8 34 0.9999999988990971 1.1557776396158617 61696
# 4 34 30
8.650000000000002 8 34 0.9999999987496356 1.1567433903965492 61696
# 4 34 30
8.700000000000003 8 34 0.9999999986147476 1.157696789495741 61696
# 4 34 30
8.750000000000002 8 34 0.9999999984947407 1.1586382111601734 61696
# 4 34 30
8.800000000000002 8 34 0.9999999983919226 1.1595680674905484 61696
# 4 34 30
8.850000000000001 8 34 0.9999999983076513 1.16048680466861 61696
# 4 34 30
8.900000000000002 8 34 0.9999999982429552 1.161394899562736 61696
# 4 34 30
8.950000000000003 8 34 0.9999999981980482 1.1622928560837993 61696
# 4 34 30
9.000000000000002 8 34 0.999999998173184 1.1631812018718044 61696
# 4 34 30
9.050000000000002 8 34 0.9999999981675637 1.1640604843376963 61696
# 4 34 30
9.100000000000001 8 34 0.9999999981804104 1.1649312674950425 61696
# 4 34 30
9.150000000000002 8 34 0.9999999982106955 1.1657941284179145 61696
# 4 34 30
9.200000000000003 8 34 0.9999999982571901 1.1666496538834448 61696
# 4 34 30
9.250000000000002 8 34 0.9999999983185481 1.167498437127185 61696
# 4 34 30
9.300000000000002 8 34 0.9999999983933827 1.1683410747295735 61696
# 4 34 30
9.350000000000003 8 34 0.999999998480485 1.1691781636428302 61696
# 4 34 30
9.400000000000002 8 34 0.9999999985791844 1.1700102983816745 61696
# 4 34 30
9.450000000000003 8 34 0.9999999986895871 1.170838068396071 61696
# 4 34 30
9.500000000000002 8 34 0.9999999988132452 1.1716620556185644 61696
# 4 34 30
9.550000000000002 8 34 0.9999999989523514 1.1724828322207888 61696
# 4 34 30
9.600000000000003 8 34 0.9999999990973947 1.173300958554763 61696
# 4 34 30
9.650000000000002 8 34 0.9999999992318833 1.1741169810850165 61696
# 4 34 30
9.700000000000003 8 34 0.9999999993559784 1.1749314307556644 61696
# 4 34 30
9.750000000000002 8 34 0.9999999994733044 1.1757448216134088 61696
# 4 34 30
9.800000000000002 8 34 0.999999999584199 1.176557649461006 61696
# 4 34 30
9.850000000000003 8 34 0.9999999996894169 1.1773703907423354 61696
# 4 34 30
9.900000000000002 8 34 0.999999999789414 1.178183501593904 61696
# 4 34 30
9.950000000000003 8 34 0.9999999998845024 1.1789974170791648 61696
# 4 34 30
10.000000000000004 8 34 0.9999999999749601 1.179812550592508 61696
# 4 34 30
10.050000000000002 8 34 1.000000000060845 1.1806292934186895 61696
# 4 34 30
10.100000000000003 8 34 1.0000000001423497 1.181448014453831 61696
# 4 34 30
10.150000000000002 8 34 1.0000000002196672 1.182269060059969 61696
# 4 34 30
10.200000000000003 8 34 1.0000000002930038 1.18309275405447 61696
# 4 34 30
10.250000000000004 8 34 1.0000000003626375 1.183919397822998 61696
# 4 34 30
10.300000000000002 8 34 1.000000000428911 1.1847492705434188 61696
# 4 34 30
10.350000000000003 8 34 1.0000000004921181 1.1855826295088048 61696
# 4 34 30
10.400000000000002 8 34 1.000000000552684 1.186419710550348 61696
# 4 34 30
10.450000000000003 8 34 1.0000000006110414 1.1872607285344094 61696
# 4 34 30
10.500000000000004 8 34 1.0000000006676766 1.1881058779364642 61696
# 4 34 30
10.550000000000002 8 34 1.0000000007231582 1.1889553334779661 61696
# 4 34 30
10.600000000000003 8 34 1.000000000778067 1.189809250813605 61696
# 4 34 30
10.650000000000004 8 34 1.0000000008301284 1.190667767171765 61696
# 4 34 30
10.700000000000005 8 34 1.0000000008762142 1.1915310021852081 61696
# 4 34 30
10.750000000000005 8 34 1.000000000917447 1.1923990588631286 61696
# 4 34 30
10.800000000000008 8 34 1.0000000009558407 1.1932720243057375 61696
# 4 34 30
10.850000000000009 8 34 1.0000000009921552 1.1941499704668406 61696
# 4 34 30
10.900000000000011 8 34 1.0000000010253542 1.195032954975532 61696
# 4 34 30
10.95000000000001 8 34 1.0000000010556118 1.195921022084454 61696
# 4 34 30
11.000000000000012 8 34 1.0000000010831187 1.1968142034700617 61696
# 4 34 30
11.050000000000013 8 34 1.000000001108021 1.1977125190626163 61696
# 4 34 30
11.100000000000016 8 34 1.0000000011305192 1.1986159778686167 61696
# 4 34 30
11.150000000000016 8 34 1.0000000011508248 1.199524578770881 61696
# 4 34 30
11.200000000000017 8 34 1.0000000011691563 1.2004383113093737 61696
# 4 34 30
11.250000000000018 8 34 1.0000000011857404 1.2013571564383005 61696
# 4 34 30
11.300000000000018 8 34 1.000000001200796 1.202281087256024 61696
# 4 34 30
11.350000000000021 8 34 1.0000000012137826 1.2032100696785408 61696
# 4 34 30
11.400000000000022 8 34 1.000000001224603 1.204144063155925 61696
# 4 34 30
11.450000000000022 8 34 1.0000000012335954 1.2050830213121104 61696
# 4 34 30
11.500000000000023 8 34 1.0000000012410175 1.206026892532139 61696
# 4 34 30
11.550000000000026 8 34 1.0000000012470691 1.2069756205363391 61696
# 4 34 30
11.600000000000026 8 34 1.0000000012519155 1.2079291449201701 61696
# 4 34 30
11.650000000000029 8 34 1.0000000012556929 1.2088874016597284 61696
# 4 34 30
11.700000000000028 8 34 1.0000000012585089 1.2098503235826106 61696
# 4 34 30
11.75000000000003 8 34 1.0000000012604677 1.2108178408064754 61696
# 4 34 30
11.800000000000031 8 34 1.0000000012616614 1.2117898811431025 61696
# 4 34 30
11.850000000000033 8 34 1.0000000012621708 1.2127663704704554 61696
# 4 34 30
11.900000000000034 8 34 1.0000000012620678 1.2137472330733432 61696
# 4 34 30
11.950000000000035 8 34 1.0000000012614128 1.2147323919536082 61696
# 4 34 30
12.000000000000036 8 34 1.0000000012602683 1.2157217691113558 61696
# 4 34 30
12.050000000000036 8 34 1.0000000012587642 1.2167152857992973 61696
# 4 34 30
12.100000000000039 8 34 1.0000000012569923 1.2177128627465894 61696
# 4 34 30
12.15000000000004 8 34 1.0000000012549959 1.2187144203591227 61696
# 4 34 30
12.20000000000004 8 34 1.0000000012528176 1.2197198788972843 61696
# 4 34 30
12.25000000000004 8 34 1.000000001250481 1.220729158629933 61696
# 4 34 30
12.300000000000043 8 34 1.0000000012479886 1.2217421799670491 61696
# 4 34 30
12.350000000000044 8 34 1.0000000012453696 1.2227588635741387 61696
# 4 34 30
12.400000000000045 8 34 1.0000000012426518 1.2237791304661163 61696
# 4 34 30
12.450000000000045 8 34 1.0000000012398569 1.2248029020851205 61696
# 4 34 30
12.500000000000048 8 34 1.0000000012370056 1.225830100362533 61696
# 4 34 30
12.55000000000005 8 34 1.0000000012341124 1.2268606477665054 61696
# 4 34 30
12.60000000000005 8 34 1.0000000012311887 1.2278944673364867 61696
# 4 34 30
12.650000000000052 8 34 1.0000000012282437 1.2289314827056308 61696
# 4 34 30
12.700000000000053 8 34 1.0000000012252812 1.2299716181123423 61696
# 4 34 30
12.750000000000055 8 34 1.0000000012223023 1.2310147984021393 61696
# 4 34 30
12.800000000000054 8 34 1.0000000012193082 1.2320609490206185 61696
# 4 34 30
12.850000000000056 8 34 1.0000000012163286 1.233109995999083 61696
# 4 34 30
12.900000000000057 8 34 1.0000000012134052 1.2341618659323697 61696
# 4 34 30
12.950000000000058 8 34 1.0000000012105246 1.235216485949668 61696
# 4 34 30
13.000000000000059 8 34 1.0000000012076795 1.2362737836821418 61696
# 4 34 30
13.050000000000061 8 34 1.00000000120487 1.2373336872247054 61696
# 4 34 30
13.100000000000064 8 34 1.0000000012020946 1.2383961250935862 61696
# 4 34 30
13.150000000000063 8 34 1.0000000011993513 1.2394610261804835 61696
# 4 34 30
13.200000000000063 8 34 1.0000000011966401 1.2405283197036947 61696
# 4 34 30
13.250000000000066 8 34 1.000000001193961 1.2415979351566404 61696
# 4 34 30
13.300000000000068 8 34 1.000000001191301 1.2426698022540403 61696
# 4 34 30
13.350000000000067 8 34 1.0000000011886359 1.2437438508765462 61696
# 4 34 30
13.40000000000007 8 34 1.0000000011859695 1.2448200110144283 61696
# 4 34 30
13.45000000000007 8 34 1.0000000011833043 1.2458982127090379 61696
# 4 34 30
13.500000000000073 8 34 1.0000000011806418 1.24697838599383 61696
# 4 34 30
13.550000000000072 8 34 1.0000000011779715 1.2480604608344295 61696
# 4 34 30
13.600000000000074 8 34 1.000000001175287 1.2491443670685092 61696
# 4 34 30
13.650000000000077 8 34 1.0000000011725798 1.250230034345078 61696
# 4 34 30
13.700000000000077 8 34 1.000000001169828 1.2513173920632212 61696
# 4 34 30
13.750000000000076 8 34 1.0000000011670032 1.252406369311115 61696
# 4 34 30
13.800000000000079 8 34 1.000000001164056 1.2534968948045526 61696
# 4 34 30
13.850000000000081 8 34 1.000000001160812 1.2545888968242176 61696
# 4 34 30
13.90000000000008 8 34 1.0000000011578862 1.2556823031675917 61696
# 4 34 30
13.950000000000081 8 34 1.0000000011550958 1.2567770410652124 61696
# 4 34 30
14.000000000000083 8 34 1.0000000011523285 1.2578730371318934 61696
# 4 34 30
14.050000000000086 8 34 1.0000000011496928 1.25897021730834 61696
# 4 34 30
14.100000000000085 8 34 1.00000000114715 1.2600685067950212 61696
# 4 34 30
14.150000000000087 8 34 1.000000001144667 1.2611678299939024 61696
# 4 34 30
14.200000000000088 8 34 1.000000001142225 1.26226811044841 61696
# 4 34 30
14.25000000000009 8 34 1.000000001139819 1.2633692707833006 61696
# 4 34 30
14.30000000000009 8 34 1.0000000011374437 1.264471232644713 61696
# 4 34 30
14.350000000000092 8 34 1.0000000011350685 1.2655739166400992 61696
# 4 34 30
14.400000000000095 8 34 1.0000000011326535 1.266677242279084 61696
# 4 34 30
14.450000000000095 8 34 1.0000000011301178 1.2677811279138658 61696
# 4 34 30
14.500000000000094 8 34 1.0000000011277699 1.2688854906877347 61696
# 4 34 30
14.550000000000097 8 34 1.000000001125564 1.2699902464638275 61696
# 4 34 30
14.6000000000001 8 34 1.000000001123435 1.2710953097724234 61696
# 4 34 30
14.650000000000098 8 34 1.0000000011213626 1.2722005937540637 61696
# 4 34 30
14.7000000000001 8 34 1.0000000011193297 1.27330601010118 61696
# 4 34 30
14.750000000000101 8 34 1.0000000011173142 1.2744114690006163 61696
# 4 34 30
14.800000000000104 8 34 1.0000000011152785 1.2755168790765525 61696
# 4 34 30
14.850000000000103 8 34 1.0000000011131331 1.276622147333113 61696
# 4 34 30
14.900000000000105 8 34 1.0000000011106147 1.2777271790959293 61696
# 4 34 30
14.950000000000106 8 34 1.0000000011086323 1.2788318779840873 61696
# 4 34 30
15.000000000000108 8 34 1.0000000011068981 1.2799361458070706 61696
# 4 34 30
15.050000000000107 8 34 1.000000001105327 1.2810398825381117 61696
# 4 34 30
15.10000000000011 8 34 1.0000000011038768 1.2821429862574787 61696
# 4 34 30
15.150000000000112 8 34 1.00000000110253 1.2832453530987356 61696
# 4 34 30
15.200000000000113 8 34 1.000000001101271 1.2843468771959745 61696
# 4 34 30
15.250000000000112 8 34 1.0000000011000933 1.2854474506323015 61696
# 4 34 30
15.300000000000114 8 34 1.0000000010990027 1.286546963389096 61696
# 4 34 30
15.350000000000117 8 34 1.0000000010980088 1.287645303295909 61696
# 4 34 30
15.400000000000116 8 34 1.0000000010971213 1.2887423559813576 61696
# 4 34 30
15.450000000000118 8 34 1.0000000010963381 1.2898380048247282 61696
# 4 34 30
15.500000000000119 8 34 1.0000000010956565 1.290932130909536 61696
# 4 34 30
15.550000000000122 8 34 1.0000000010950756 1.2920246129777293 61696
# 4 34 30
15.60000000000012 8 34 1.0000000010945969 1.2931153273851188 61696
# 4 34 30
15.650000000000123 8 34 1.000000001094219 1.2942041480581887 61696
# 4 34 30
15.700000000000124 8 34 1.000000001093944 1.2952909464521427 61696
# 4 34 30
15.750000000000126 8 34 1.0000000010937748 1.2963755915105075 61696
# 4 34 30
15.800000000000125 8 34 1.0000000010937118 1.2974579496257967 61696
# 4 34 30
15.850000000000128 8 34 1.0000000010937549 1.298537884602125 61696
# 4 34 30
15.90000000000013 8 34 1.0000000010939005 1.2996152576190263 61696
# 4 34 30
15.95000000000013 8 34 1.0000000010941514 1.3006899271980228 61696
# 4 34 30
16.00000000000013 8 34 1.0000000010945056 1.30176174916922 61696
# 4 34 30
16.050000000000132 8 34 1.0000000010949623 1.3028305766409567 61696
# 4 34 30
16.100000000000133 8 34 1.0000000010955206 1.3038962599709636 61696
# 4 34 30
16.150000000000137 8 34 1.0000000010961787 1.3049586467402572 61696
# 4 34 30
16.200000000000134 8 34 1.0000000010969354 1.3060175817267372 61696
# 4 34 30
16.25000000000014 8 34 1.0000000010977868 1.3070729068828804 61696
# 4 34 30
16.30000000000014 8 34 1.000000001098738 1.3081244613151075 61696
# 4 34 30
16.35000000000014 8 34 1.0000000010997896 1.30917208126532 61696
# 4 34 30
16.40000000000014 8 34 1.000000001100938 1.3102156000940977 61696
# 4 34 30
16.45000000000014 8 34 1.000000001102178 1.3112548482670152 61696
# 4 34 30
16.500000000000146 8 34 1.000000001103505 1.3122896533424497 61696
# 4 34 30
16.550000000000143 8 34 1.000000001104914 1.3133198399621737 61696
# 4 34 30
16.600000000000144 8 34 1.0000000011064019 1.314345229844728 61696
# 4 34 30
16.650000000000148 8 34 1.0000000011079664 1.3153656417804325 61696
# 4 34 30
16.70000000000015 8 34 1.0000000011095898 1.3163808916303392 61696
# 4 34 30
16.75000000000015 8 34 1.0000000011112629 1.3173907923255561 61696
# 4 34 30
16.80000000000015 8 34 1.0000000011129853 1.3183951538706629 61696
# 4 34 30
16.85000000000015 8 34 1.0000000011147563 1.3193937833498108 61696
# 4 34 30
16.900000000000155 8 34 1.0000000011165735 1.320386484935217 61696
# 4 34 30
16.950000000000152 8 34 1.0000000011184376 1.3213730598982698 61696
# 4 34 30
17.000000000000156 8 34 1.0000000011203527 1.3223533066234032 61696
# 4 34 30
17.050000000000157 8 34 1.0000000011222956 1.3233270206258987 61696
# 4 34 30
17.100000000000158 8 34 1.0000000011242303 1.3242939945712562 61696
# 4 34 30
17.15000000000016 8 34 1.0000000011261647 1.3252540182950305 61696
# 4 34 30
17.20000000000016 8 34 1.0000000011280892 1.3262068788305807 61696
# 4 34 30
17.250000000000163 8 34 1.0000000011300023 1.3271523604361852 61696
# 4 34 30
17.30000000000016 8 34 1.0000000011319021 1.3280902446263751 61696
# 4 34 30
17.35000000000016 8 34 1.0000000011337824 1.3290203102058353 61696
# 4 34 30
17.400000000000166 8 34 1.0000000011356378 1.3299423333062539 61696
# 4 34 30
17.450000000000166 8 34 1.0000000011374648 1.3308560874258848 61696
# 4 34 30
17.500000000000167 8 34 1.0000000011392571 1.3317613434723354 61696
# 4 34 30
17.550000000000168 8 34 1.0000000011410082 1.3326578698081462 61696
# 4 34 30
17.60000000000017 8 34 1.0000000011427028 1.3335454322992917 61696
# 4 34 30
17.650000000000173 8 34 1.0000000011443149 1.3344237943671255 61696
# 4 34 30
17.70000000000017 14 34 1.0000000011458443 1.3352927170507023 61696
# 4 34 30
17.750000000000174 8 34 1.0000000011472707 1.3361519590331743 61696
# 4 34 30
17.800000000000175 8 34 1.000000001148672 1.3370012767488104 61696
# 4 34 30
17.850000000000176 8 34 1.000000001150011 1.33784042441236 61696
# 4 34 30
17.900000000000176 8 34 1.000000001151273 1.338669154095747 61696
# 4 34 30
17.950000000000177 8 34 1.0000000011524453 1.3394872157965134 61696
# 4 34 30
18.00000000000018 8 34 1.0000000011535117 1.3402943575095754 61696
# 4 34 30
18.05000000000018 8 34 1.000000001154453 1.3410903253019204 61696
# 4 34 30
18.10000000000018 8 34 1.0000000011552515 1.341874863390021 61696
# 4 34 30
18.150000000000183 8 34 1.000000001155906 1.342647714220258 61696
# 4 34 30
18.200000000000184 8 34 1.00000000115641 1.3434086185515781 61696
# 4 34 30
18.250000000000185 8 34 1.0000000011567394 1.3441573155411726 61696
# 4 34 30
18.300000000000185 8 34 1.0000000011569012 1.3448935428330946 61696
# 4 34 30
18.350000000000186 8 34 1.0000000011568768 1.3456170366488935 61696
# 4 34 30
18.40000000000019 8 34 1.0000000011566401 1.3463275318813006 61696
# 4 34 30
18.450000000000188 8 34 1.0000000011562191 1.347024762190549 61696
# 4 34 30
18.500000000000192 8 34 1.0000000011555996 1.3477084601025209 61696
# 4 34 30
18.550000000000193 8 34 1.000000001154723 1.3483783571098145 61696
# 4 34 30
18.600000000000193 8 34 1.000000001153499 1.3490341837751987 61696
# 4 34 30
18.650000000000194 14 34 1.0000000011534038 1.3496756698427212 61696
# 4 34 30
18.700000000000195 14 34 1.0000000011531187 1.350302544330261 61696
# 4 34 30
18.7500000000002 8 34 1.0000000011510697 1.350914535650453 61696
# 4 34 30
18.800000000000196 8 34 1.0000000011489998 1.351511371731831 61696
# 4 34 30
18.850000000000197 8 34 1.0000000011467909 1.3520927801182872 61696
# 4 34 30
18.9000000000002 8 34 1.000000001144367 1.3526584880910477 61696
# 4 34 30
18.950000000000202 8 34 1.0000000011415837 1.3532082227869096 61696
# 4 34 30
19.000000000000203 8 34 1.0000000011383507 1.3537417113184758 61696
# 4 34 30
19.050000000000203 8 34 1.0000000011346684 1.3542586808960924 61696
# 4 34 30
19.100000000000204 8 34 1.0000000011305223 1.3547588589514559 61696
# 4 34 30
19.150000000000208 8 34 1.000000001125936 1.3552419732629164 61696
# 4 34 30
19.200000000000205 8 34 1.0000000011209043 1.3557077520823677 61696
# 4 34 30
19.25000000000021 8 34 1.000000001115382 1.35615592426353 61696
# 4 34 30
19.30000000000021 8 34 1.0000000011093282 1.3565862193916685 61696
# 4 34 30
19.35000000000021 8 34 1.0000000011026682 1.3569983679145488 61696
# 4 34 30
19.40000000000021 8 34 1.00000000109555 1.3573921012748118 61696
# 4 34 30
19.450000000000212 8 34 1.000000001087993 1.3577671520429933 61696
# 4 34 30
19.500000000000217 8 34 1.000000001079659 1.3581232540517258 61696
# 4 34 30
19.550000000000214 8 34 1.0000000010705485 1.3584601425314606 61696
# 4 34 30
19.600000000000215 8 34 1.0000000010606558 1.3587775542463034 61696
# 4 34 30
19.65000000000022 8 34 1.0000000010501036 1.3590752276309055 61696
# 4 34 30
19.70000000000022 8 34 1.000000001038833 1.3593529029277687 61696
# 4 34 30
19.75000000000022 8 34 1.0000000010267494 1.359610322325343 61696
# 4 34 30
19.80000000000022 8 34 1.0000000010137247 1.3598472300964886 61696
# 4 34 30
19.85000000000022 8 34 1.0000000009997532 1.3600633727373468 61696
# 4 34 30
19.900000000000226 8 34 1.0000000009849528 1.360258499106381 61696
# 4 34 30
19.950000000000223 8 34 1.0000000009693912 1.360432360563503 61696
# 4 34 30
20.000000000000227 8 34 1.0000000009530412 1.3605847111093121 61696
# 4 34 30
20.050000000000228 8 34 1.0000000009358285 1.3607153075243024 61696
# 4 34 30
20.10000000000023 8 34 1.000000000917722 1.3608239095079226 61696
# 4 34 30
20.15000000000023 8 34 1.0000000008986965 1.3609102798173311 61696
# 4 34 30
20.20000000000023 8 34 1.0000000008787813 1.3609741844058127 61696
# 4 34 30
20.250000000000234 8 34 1.0000000008583438 1.3610153925606976 61696
# 4 34 30
20.300000000000235 8 34 1.0000000008373116 1.36103367704069 61696
# 4 34 30
20.350000000000232 8 34 1.0000000008158825 1.3610288142127018 61696
# 4 34 30
20.400000000000237 8 34 1.0000000007939605 1.3610005841876185 61696
# 4 34 30
20.450000000000237 14 34 1.0000000007833432 1.3609487709584611 61696
# 4 34 30
20.500000000000238 14 34 1.0000000007726242 1.360873162525395 61696
# 4 34 30
20.55000000000024 14 34 1.0000000007617391 1.3607735510376395 61696
# 4 34 30
20.60000000000024 14 34 1.000000000750655 1.3606497329223362 61696
# 4 34 30
20.650000000000244 14 34 1.0000000007393886 1.3605015090150856 61696
# 4 34 30
20.70000000000024 14 34 1.0000000007279581 1.3603286846890732 61696
# 4 34 30
20.750000000000245 14 34 1.0000000007163912 1.3601310699827287 61696
# 4 34 30
20.800000000000246 14 34 1.0000000007046577 1.3599084797257923 61696
# 4 34 30
20.850000000000247 14 34 1.0000000006927654 1.3596607336637458 61696
# 4 34 30
20.900000000000247 14 34 1.0000000006807122 1.3593876565804377 61696
# 4 34 30
20.950000000000248 14 34 1.0000000006685572 1.359089078418874 61696
# 4 34 30
21.000000000000252 14 34 1.000000000656362 1.3587648344000218 61696
# 4 34 30
21.050000000000253 14 34 1.0000000006441176 1.35841476513956 61696
# 4 34 30
21.100000000000254 14 34 1.0000000006318377 1.3580387167625305 61696
# 4 34 30
21.150000000000254 14 34 1.0000000006195213 1.3576365410157305 61696
# 4 34 30
21.200000000000255 14 34 1.0000000006071805 1.357208095377804 61696
# 4 34 30
21.250000000000256 14 34 1.000000000594818 1.356753243166926 61696
# 4 34 30
21.300000000000257 14 34 1.000000000582454 1.3562718536460079 61696
# 4 34 30
21.350000000000257 14 34 1.0000000005700616 1.3557638021253255 61696
# 4 34 30
21.40000000000026 14 34 1.000000000557614 1.355228970062517 61696
# 4 34 30
21.45000000000026 14 34 1.0000000005450889 1.3546672451598525 61696
# 4 34 30
21.500000000000263 14 34 1.0000000005325171 1.354078521458717 61696
# 4 34 30
21.550000000000264 14 34 1.0000000005199277 1.353462699431206 61696
# 4 34 30
21.600000000000264 14 34 1.0000000005073306 1.3528196860687762 61696
# 4 34 30
21.650000000000265 14 34 1.0000000004947327 1.3521493949678889 61696
# 4 34 30
21.700000000000266 14 34 1.0000000004821452 1.3514517464125784 61696
# 4 34 30
21.75000000000027 14 34 1.0000000004695797 1.3507266674538703 61696
# 4 34 30
21.80000000000027 14 34 1.000000000457049 1.3499740919860028 61696
# 4 34 30
21.85000000000027 14 34 1.000000000444547 1.3491939608193726 61696
# 4 34 30
21.900000000000272 14 34 1.0000000004320708 1.3483862217501719 61696
# 4 34 30
21.950000000000273 14 34 1.0000000004196328 1.347550829626648 61696
# 4 34 30
22.000000000000277 14 34 1.0000000004071694 1.346687746411927 61696
# 4 34 30
22.050000000000274 14 34 1.0000000003946656 1.3457969412433668 61696
# 4 34 30
22.100000000000275 14 34 1.0000000003820795 1.3448783904883899 61696
# 4 34 30
22.15000000000028 14 34 1.000000000369428 1.3439320777967707 61696
# 4 34 30
22.200000000000276 14 34 1.0000000003566645 1.342957994149273 61696
# 4 34 30
22.25000000000028 14 34 1.000000000343782 1.3419561379026925 61696
# 4 34 30
22.30000000000028 14 34 1.0000000003307565 1.340926514831192 61696
# 4 34 30
22.350000000000282 14 34 1.000000000317569 1.3398691381639398 61696
# 4 34 30
22.400000000000283 14 34 1.0000000003042122 1.3387840286190078 61696
# 4 34 30
22.450000000000284 14 34 1.0000000002907636 1.3376712144335254 61696
# 4 34 30
22.500000000000288 14 34 1.0000000002772214 1.3365307313899883 61696
# 4 34 30
22.55000000000029 14 34 1.0000000002635812 1.3353626228388187 61696
# 4 34 30
22.60000000000029 14 34 1.0000000002498348 1.3341669397170801 61696
# 4 34 30
22.65000000000029 14 34 1.0000000002360063 1.3329437405633684 61696
# 4 34 30
22.70000000000029 14 34 1.0000000002221194 1.3316930915288387 61696
# 4 34 30
22.750000000000295 14 34 1.0000000002080554 1.3304150663843448 61696
# 4 34 30
22.800000000000292 14 34 1.0000000001937903 1.3291097465238164 61696
# 4 34 30
22.850000000000293 14 34 1.0000000001794604 1.3277772209637249 61696
# 4 34 30
22.900000000000297 14 34 1.0000000001650864 1.326417586338613 61696
# 4 34 30
22.950000000000294 14 34 1.0000000001506832 1.325030946892856 61696
# 4 34 30
23.0000000000003 14 34 1.0000000001362654 1.323617414468548 61696
# 4 34 30
23.0500000000003 14 34 1.0000000001218623 1.3221771084895528 61696
# 4 34 30
23.1000000000003 14 34 1.0000000001073732 1.3207101559416858 61696
# 4 34 30
23.1500000000003 14 34 1.0000000000928095 1.3192166913491847 61696
# 4 34 30
23.2000000000003 14 34 1.0000000000782086 1.3176968567473029 61696
# 4 34 30
23.250000000000306 14 34 1.0000000000636016 1.3161508016511478 61696
# 4 34 30
23.300000000000306 14 34 1.0000000000489857 1.3145786830207893 61696
# 4 34 30
23.350000000000307 14 34 1.0000000000343698 1.3129806652226577 61696
# 4 34 30
23.400000000000308 14 34 1.000000000019765 1.311356919987232 61696
# 4 34 30
23.45000000000031 14 34 1.0000000000051792 1.3097076263630847 61696
# 4 34 30
23.500000000000313 14 34 0.9999999999906249 1.3080329706673033 61696
# 4 34 30
23.55000000000031 14 34 0.99999999997603 1.3063331464323527 61696
# 4 34 30
23.60000000000031 14 34 0.9999999999614122 1.3046083543493907 61696
# 4 34 30
23.650000000000315 14 34 0.9999999999467893 1.3028588022080771 61696
# 4 34 30
23.700000000000312 14 34 0.9999999999321794 1.3010847048329421 61696
# 4 34 30
23.750000000000316 14 34 0.9999999999176012 1.2992862840163553 61696
# 4 34 30
23.800000000000317 14 34 0.9999999999030161 1.297463768448131 61696
# 4 34 30
23.850000000000318 14 34 0.9999999998884076 1.2956173936418778 61696
# 4 34 30
23.90000000000032 14 34 0.9999999998737896 1.2937474018580903 61696
# 4 34 30
23.95000000000032 14 34 0.9999999998591601 1.2918540420240436 61696
# 4 34 30
24.000000000000323 14 34 0.9999999998445146 1.289937569650584 61696
# 4 34 30
24.050000000000324 14 34 0.999999999829841 1.2879982467458566 61696
# 4 34 30
24.100000000000325 14 34 0.9999999998151508 1.286036341726053 61696
# 4 34 30
24.150000000000325 14 34 0.9999999998004643 1.2840521293232168 61696
# 4 34 30
24.200000000000326 14 34 0.9999999997857505 1.2820458904901721 61696
# 4 34 30
24.25000000000033 14 34 0.9999999997709826 1.2800179123027078 61696
# 4 34 30
24.300000000000328 14 34 0.9999999997561402 1.2779684878590216 61696
# 4 34 30
24.35000000000033 14 34 0.9999999997412352 1.2758979161765363 61696
# 4 34 30
24.400000000000333 14 34 0.9999999997262786 1.2738065020861196 61696
# 4 34 30
24.450000000000333 14 34 0.9999999997112943 1.271694556123838 61696
# 4 34 30
24.500000000000334 14 34 0.9999999996963018 1.2695623944202827 61696
# 4 34 30
24.550000000000335 14 34 0.9999999996812942 1.2674103385875621 61696
# 4 34 30
24.600000000000335 14 34 0.9999999996662816 1.2652387156040648 61696
# 4 34 30
24.650000000000336 14 34 0.9999999996512786 1.2630478576970332 61696
# 4 34 30
24.700000000000337 14 34 0.9999999996362816 1.2608381022230488 61696
# 4 34 30
24.75000000000034 14 34 0.9999999996212666 1.2586097915465193 61696
# 4 34 30
24.80000000000034 14 34 0.9999999996062248 1.2563632729162642 61696
# 4 34 30
24.850000000000342 14 34 0.9999999995911604 1.2540988983402575 61696
# 4 34 30
24.900000000000347 14 34 0.9999999995760832 1.2518170244586184 61696
# 4 34 30
24.95000000000034 14 34 0.9999999995610257 1.2495180124149605 61696
# 4 34 30
25.000000000000345 14 34 0.9999999995460254 1.247202227726158 61696
# 4 34 30
25.050000000000345 14 34 0.9999999995311101 1.2448700401506363 61696
# 4 34 30
25.100000000000346 14 34 0.9999999995163126 1.242521823555276 61696
# 4 34 30
25.15000000000035 14 34 0.9999999995016801 1.240157955781023 61696
# 4 34 30
25.20000000000035 14 34 0.9999999994872427 1.2377788185072665 61696
# 4 34 30
25.250000000000355 14 34 0.9999999994730229 1.2353847971151157 61696
# 4 34 30
25.300000000000356 14 34 0.9999999994590713 1.2329762805496494 61696
# 4 34 30
25.350000000000353 14 34 0.9999999994454283 1.2305536611812053 61696
# 4 34 30
25.400000000000354 14 34 0.9999999994319203 1.2281173346657626 61696
# 4 34 30
25.450000000000355 14 34 0.9999999994186376 1.2256676998047855 61696
# 4 34 30
25.50000000000036 14 34 0.9999999994053499 1.2232051584040515 61696
# 4 34 30
25.55000000000036 14 34 0.9999999993920069 1.2207301151322516 61696
# 4 34 30
25.60000000000036 14 34 0.9999999993786067 1.21824297737889 61696
# 4 34 30
25.650000000000365 14 34 0.9999999993651821 1.2157441551118195 61696
# 4 34 30
25.700000000000358 14 34 0.9999999993516375 1.2132340607344105 61696
# 4 34 30
25.750000000000362 14 34 0.999999999337995 1.2107131089426302 61696
# 4 34 30
25.800000000000363 14 34 0.9999999993242861 1.208181716581857 61696
# 4 34 30
25.850000000000364 14 34 0.9999999993105261 1.2056403025036717 61696
# 4 34 30
25.900000000000368 14 34 0.9999999992967425 1.2030892874226908 61696
# 4 34 30
25.95000000000037 14 34 0.9999999992829498 1.200529093773499 61696
# 4 34 30
26.000000000000373 14 34 0.9999999992692177 1.1979601455678064 61696
# 4 34 30
26.050000000000374 14 34 0.9999999992555477 1.1953828682518222 61696
# 4 34 30
26.10000000000037 14 34 0.9999999992419499 1.1927976885640488 61696
# 4 34 30
26.15000000000037 14 34 0.99999999922849 1.190205034393515 61696
# 4 34 30
26.200000000000372 14 34 0.9999999992152262 1.1876053346384818 61696
# 4 34 30
26.250000000000377 14 34 0.9999999992021972 1.1849990190657582 61696
# 4 34 30
26.300000000000377 14 34 0.9999999991894543 1.18238651817071 61696
# 4 34 30
26.350000000000378 14 34 0.9999999991770608 1.1797682630379973 61696
# 4 34 30
26.400000000000382 14 34 0.9999999991650647 1.1771446852031215 61696
# 4 34 30
26.450000000000376 14 34 0.9999999991535282 1.1745162165148808 61696
# 4 34 30
26.50000000000038 14 34 0.9999999991425143 1.1718832889987696 61696
# 4 34 30
26.55000000000038 14 34 0.9999999991320614 1.1692463347213995 61696
# 4 34 30
26.60000000000038 14 34 0.9999999991221924 1.166605785656026 61696
# 4 34 30
26.650000000000386 14 34 0.9999999991129502 1.16396207354925 61696
# 4 34 30
26.700000000000387 14 34 0.9999999991043911 1.1613156297889184 61696
# 4 34 30
26.75000000000039 14 34 0.9999999990965427 1.1586668852732906 61696
# 4 34 30
26.80000000000039 14 34 0.9999999990894172 1.1560162702815693 61696
# 4 34 30
26.85000000000039 14 34 0.9999999990830668 1.153364214345868 61696
# 4 34 30
26.90000000000039 14 34 0.999999999077531 1.1507111461245632 61696
# 4 34 30
26.95000000000039 14 34 0.9999999990728352 1.148057493277178 61696
# 4 34 30
27.000000000000394 14 34 0.9999999990690258 1.1454036823408744 61696
# 4 34 30
27.050000000000395 14 34 0.999999999066121 1.1427501386084604 61696
# 4 34 30
27.100000000000396 14 34 0.9999999990641693 1.1400972860081953 61696
# 4 34 30
27.1500000000004 14 34 0.9999999990632096 1.1374455469851676 61696
# 4 34 30
27.200000000000394 14 34 0.9999999990632549 1.134795342384414 61696
# 4 34 30
27.250000000000398 14 34 0.9999999990642962 1.132147091335982 61696
# 4 34 30
27.3000000000004 14 34 0.9999999990662117 1.129501211141651 61696
# 4 34 30
27.350000000000403 14 34 0.9999999990689713 1.1268581171636958 61696
# 4 34 30
27.400000000000404 14 34 0.9999999990725319 1.1242182227153996 61696
# 4 34 30
27.450000000000404 8 34 0.9999999990808308 1.1215819389470516 61696
# 4 34 30
27.50000000000041 8 34 0.9999999990903646 1.1189496747605996 61696
# 4 34 30
27.55000000000041 8 34 0.9999999991009129 1.1163218366851098 61696
# 4 34 30
27.600000000000406 8 34 0.9999999991123142 1.1136988287826555 61696
# 4 34 30
27.650000000000407 8 34 0.9999999991244628 1.1110810525487693 61696
# 4 34 30
27.700000000000408 8 34 0.9999999991371825 1.1084689068151738 61696
# 4 34 30
27.750000000000412 8 34 0.9999999991504525 1.1058627876544038 61696
# 4 34 30
27.800000000000413 8 34 0.9999999991643875 1.1032630882867107 61696
# 4 34 30
27.850000000000414 8 34 0.9999999991788356 1.1006701989889398 61696
# 4 34 30
27.900000000000418 8 34 0.9999999991939075 1.0980845070056728 61696
# 4 34 30
27.95000000000041 8 34 0.9999999992098574 1.0955063964624008 61696
# 4 34 30
28.000000000000416 8 34 0.999999999226731 1.092936248281096 61696
# 4 34 30
28.050000000000416 8 34 0.9999999992445674 1.0903744400978375 61696
# 4 34 30
28.10000000000042 8 34 0.9999999992634563 1.0878213461825994 61696
# 4 34 30
28.15000000000042 8 34 0.9999999992831923 1.0852773373614386 61696
# 4 34 30
28.200000000000422 8 34 0.9999999993033878 1.082742780940615 61696
# 4 34 30
28.250000000000426 8 34 0.9999999993243192 1.080218040632707 61696
# 4 34 30
28.300000000000427 8 34 0.9999999993458819 1.0777034764855773 61696
# 4 34 30
28.350000000000424 8 34 0.999999999368011 1.0751994448130935 61696
# 4 34 30
28.400000000000425 8 34 0.9999999993907889 1.0727062981281403 61696
# 4 34 30
28.450000000000426 8 34 0.9999999994141304 1.070224385077905 61696
# 4 34 30
28.50000000000043 8 34 0.9999999994382233 1.067754050381207 61696
# 4 34 30
28.55000000000043 8 34 0.999999999462728 1.0652956347682379 61696
# 4 34 30
28.60000000000043 8 34 0.9999999994876343 1.0628494749221722 61696
# 4 34 30
28.650000000000436 8 34 0.9999999995129698 1.0604159034231582 61696
# 4 34 30
28.700000000000433 8 34 0.9999999995389999 1.0579952486943702 61696
# 4 34 30
28.750000000000433 8 34 0.9999999995658154 1.0555878349503143 61696
# 4 34 30
28.800000000000434 8 34 0.9999999995936458 1.0531939821471092 61696
# 4 34 30
28.85000000000044 8 34 0.9999999996223311 1.0508140059350501 61696
# 4 34 30
28.90000000000044 8 34 0.9999999996520026 1.0484482176129568 61696
# 4 34 30
28.95000000000044 8 34 0.9999999996829481 1.046096924084852 61696
# 4 34 30
29.000000000000444 8 34 0.9999999997151667 1.04376042781876 61696
# 4 34 30
29.050000000000445 8 34 0.9999999997489479 1.0414390268072398 61696
# 4 34 30
29.100000000000442 8 34 0.9999999997845094 1.0391330145302116 61696
# 4 34 30
29.150000000000443 8 34 0.9999999998219907 1.0368426799196528 61696
# 4 34 30
29.200000000000443 8 34 0.9999999998613915 1.0345683073262755 61696
# 4 34 30
29.250000000000448 8 34 0.9999999999034628 1.0323101764879672 61696
# 4 34 30
29.30000000000045 8 34 0.9999999999477345 1.030068562500717 61696
# 4 34 30
29.35000000000045 8 34 0.9999999999941167 1.0278437357906998 61696
# 4 34 30
29.400000000000453 8 34 1.0000000000429505 1.0256359620885955 61696
# 4 34 30
29.450000000000454 8 34 1.0000000000950184 1.023445502405751 61696
# 4 34 30
29.50000000000045 8 34 1.000000000150883 1.0212726130122325 61696
# 4 34 30
29.550000000000452 8 34 1.000000000210185 1.0191175454166252 61696
# 4 34 30
29.600000000000456 8 34 1.0000000002734177 1.0169805463472712 61696
# 4 34 30
29.650000000000457 8 34 1.0000000003414407 1.014861857735572 61696
# 4 34 30
29.700000000000458 8 34 1.000000000412773 1.012761716701155 61696
# 4 34 30
29.750000000000462 8 34 1.0000000004889316 1.010680355537964 61696
# 4 34 30
29.800000000000463 8 34 1.0000000005707446 1.0086180017027488 61696
# 4 34 30
29.85000000000046 8 34 1.0000000006595247 1.0065748778048198 61696
# 4 34 30
29.90000000000046 8 34 1.0000000007545156 1.0045512015977174 61696
# 4 34 30
29.95000000000046 8 34 1.0000000008562948 1.0025471859718211 61696
# 4 34 30
30.000000000000465 8 34 1.0000000009641168 1.0005630389490403 61696
# 4 34 30
30.050000000000466 8 34 1.000000001079408 0.9985989636785161 61696
# 4 34 30
30.100000000000467 8 34 1.0000000012029413 0.9966551584342596 61696
# 4 34 30
30.15000000000047 8 34 1.0000000013348496 0.9947318166139708 61696
# 4 34 30
30.200000000000472 8 34 1.000000001476657 0.992829126739157 61696
# 4 34 30
30.25000000000047 8 34 1.0000000016314397 0.9909472724567583 61696
# 4 34 30
30.30000000000047 8 34 1.0000000017917803 0.9890864325426515 61696
# 4 34 30
30.350000000000474 8 34 1.0000000019588424 0.9872467809049026 61696
# 4 34 30
30.400000000000475 8 34 1.0000000021334512 0.9854284865898064 61696
# 4 34 30
30.450000000000475 8 34 1.0000000023154707 0.9836317137886762 61696
# 4 34 30
30.50000000000048 8 34 1.0000000025031546 0.9818566218458461 61696
# 4 34 30
30.55000000000048 8 34 1.0000000027027407 0.980103365267478 61696
# 4 34 30
30.600000000000477 8 34 1.000000002915262 0.9783720937324647 61696
# 4 34 30
30.650000000000478 8 34 1.000000003143122 0.9766629521036161 61696
# 4 34 30
30.70000000000048 8 34 1.000000003384721 0.9749760804404382 61696
# 4 34 30
30.750000000000483 8 34 1.000000003624867 0.973311614013075 61696
# 4 34 30
30.800000000000484 8 34 1.0000000038645576 0.9716696833161182 61696
# 4 34 30
30.850000000000485 8 34 1.0000000041040182 0.9700504140848769 61696
# 4 34 30
30.90000000000049 8 34 1.0000000043443726 0.9684539273121072 61696
# 4 34 30
30.95000000000049 8 34 1.0000000045855324 0.966880339265832 61696
# 4 34 30
31.000000000000487 8 34 1.0000000048275273 0.9653297615079892 61696
# 4 34 30
31.050000000000487 8 34 1.0000000050708993 0.9638023009140514 61696
# 4 34 30
31.10000000000049 8 34 1.0000000053205291 0.962298059693397 61696
# 4 34 30
31.150000000000492 8 34 1.0000000055609415 0.9608171354119032 61696
# 4 34 30
31.200000000000493 8 34 1.000000005805974 0.9593596210122957 61696
# 4 34 30
31.250000000000497 8 34 1.0000000060674112 0.9579256048376974 61696
# 4 34 30
31.300000000000498 8 34 1.0000000063118022 0.9565151706582208 61696
# 4 34 30
31.350000000000495 8 34 1.000000006548614 0.9551283976915432 61696
# 4 34 30
31.400000000000496 8 34 1.000000006778666 0.9537653606309582 61696
# 4 34 30
31.450000000000497 8 34 1.0000000070015014 0.9524261296711953 61696
# 4 34 30
31.5000000000005 8 34 1.0000000072207889 0.9511107705351693 61696
# 4 34 30
31.5500000000005 8 34 1.0000000074386388 0.9498193445020248 61696
# 4 34 30
31.600000000000502 8 34 1.00000000765825 0.9485519084353798 61696
# 4 34 30
31.650000000000507 8 34 1.0000000078772073 0.9473085148130737 61696
# 4 34 30
31.700000000000507 8 34 1.000000008095599 0.9460892117563833 61696
# 4 34 30
31.750000000000504 8 34 1.0000000083159128 0.9448940430605082 61696
# 4 34 30
31.800000000000505 8 34 1.000000008528996 0.9437230482271606 61696
# 4 34 30
31.85000000000051 8 34 1.0000000087371723 0.94257626249414 61696
# 4 34 30
31.90000000000051 8 34 1.0000000089420364 0.941453716868877 61696
# 4 34 30
31.95000000000051 8 34 1.0000000091433088 0.9403554381616334 61696
# 4 34 30
32.00000000000051 8 34 1.0000000093417691 0.9392814490188016 61696
# 4 34 30
32.050000000000516 8 34 1.000000009543066 0.9382317679565818 61696
# 4 34 30
32.10000000000051 8 34 1.0000000097593083 0.9372064093954902 61696
# 4 34 30
32.15000000000052 8 34 1.000000009977977 0.9362053836998305 61696
# 4 34 30
32.200000000000514 8 34 1.0000000101871434 0.9352286972103672 61696
# 4 34 30
32.25000000000052 8 34 1.0000000103972007 0.9342763522777446 61696
# 4 34 30
32.30000000000052 8 34 1.0000000106123461 0.9333483473031976 61696
# 4 34 30
32.35000000000052 8 34 1.0000000108372635 0.932444676775199 61696
# 4 34 30
32.400000000000524 8 34 1.0000000110780807 0.931565331307394 61696
# 4 34 30
32.45000000000053 8 34 1.0000000113290852 0.9307102976786303 61696
# 4 34 30
32.50000000000052 8 34 1.0000000115788816 0.929879558870951 61696
# 4 34 30
32.55000000000052 8 34 1.0000000118318964 0.9290730941068248 61696
# 4 34 30
32.60000000000053 8 34 1.0000000120864776 0.9282908788915334 61696
# 4 34 30
32.650000000000524 8 34 1.0000000123432509 0.927532885052762 61696
# 4 34 30
32.70000000000053 8 34 1.0000000126027206 0.9267990807817758 61696
# 4 34 30
32.75000000000053 8 34 1.0000000128648527 0.9260894306748255 61696
# 4 34 30
32.80000000000053 8 34 1.0000000131281856 0.9254038957749997 61696
# 4 34 30
32.85000000000053 8 34 1.0000000133907854 0.9247424336144044 61696
# 4 34 30
32.90000000000053 8 34 1.000000013649934 0.9241049982568632 61696
# 4 34 30
32.950000000000536 8 34 1.0000000139040321 0.9234915403410108 61696
# 4 34 30
33.00000000000053 8 34 1.0000000141511673 0.9229020071239333 61696
# 4 34 30
33.05000000000054 8 34 1.0000000143890166 0.9223363425251517 61696
# 4 34 30
33.10000000000054 8 34 1.000000014615974 0.9217944871710451 61696
# 4 34 30
33.15000000000054 8 34 1.00000001483022 0.9212763784396826 61696
# 4 34 30
33.20000000000054 8 34 1.0000000150324229 0.9207819505062048 61696
# 4 34 30
33.25000000000054 8 34 1.0000000152297428 0.9203111343890027 61696
# 4 34 30
33.300000000000544 8 34 1.0000000154153947 0.9198638579942805 61696
# 4 34 30
33.35000000000054 8 34 1.0000000155568043 0.9194400461596115 61696
# 4 34 30
33.400000000000546 8 34 1.0000000156723288 0.9190396207090635 61696
# 4 34 30
33.45000000000055 8 34 1.0000000157682247 0.9186625004951428 61696
# 4 34 30
33.50000000000055 8 34 1.0000000158428657 0.9183086014457806 61696
# 4 34 30
33.55000000000055 8 34 1.0000000158929043 0.9179778366122335 61696
# 4 34 30
33.600000000000556 8 34 1.0000000159238684 0.9176701162206029 61696
# 4 34 30
33.65000000000055 8 34 1.0000000159386588 0.917385347717934 61696
# 4 34 30
33.70000000000055 8 34 1.0000000159391313 0.9171234358212325 61696
# 4 34 30
33.750000000000554 8 34 1.0000000159265652 0.9168842825672918 61696
# 4 34 30
33.80000000000056 8 34 1.0000000159021365 0.9166677873607862 61696
# 4 34 30
33.850000000000556 8 34 1.0000000158678377 0.9164738470257123 61696
# 4 34 30
33.90000000000056 8 34 1.0000000158251974 0.9163023558547796 61696
# 4 34 30
33.950000000000564 8 34 1.0000000157770943 0.9161532056601288 61696
# 4 34 30
34.000000000000554 8 34 1.0000000157237028 0.9160262858250603 61696
# 4 34 30
34.05000000000056 8 34 1.0000000156653832 0.9159214833538236 61696
# 4 34 30
34.10000000000056 8 34 1.0000000156027875 0.9158386829230801 61696
# 4 34 30
34.15000000000056 8 34 1.000000015537546 0.9157777669334745 61696
# 4 34 30
34.200000000000564 8 34 1.000000015470239 0.9157386155616924 61696
# 4 34 30
34.25000000000057 8 34 1.0000000154011088 0.915721106812364 61696
# 4 34 30
34.300000000000566 8 34 1.0000000153301378 0.9157251165703025 61696
# 4 34 30
34.35000000000057 8 34 1.0000000152575885 0.9157505186529599 61696
# 4 34 30
34.40000000000057 8 34 1.0000000151830195 0.9157971848631256 61696
# 4 34 30
34.45000000000057 8 34 1.0000000151070578 0.9158649850417656 61696
# 4 34 30
34.50000000000057 8 34 1.0000000150302129 0.9159537871210839 61696
# 4 34 30
34.55000000000057 8 34 1.0000000149521067 0.916063457177682 61696
# 4 34 30
34.60000000000058 8 34 1.000000014874499 0.9161938594859766 61696
# 4 34 30
34.650000000000574 8 34 1.0000000147955739 0.9163448565714734 61696
# 4 34 30
34.70000000000058 8 34 1.000000014716378 0.9165163092645929 61696
# 4 34 30
34.750000000000576 8 34 1.000000014636235 0.9167080767541602 61696
# 4 34 30
34.80000000000058 8 34 1.0000000145543793 0.9169200166412536 61696
# 4 34 30
34.85000000000058 8 34 1.000000014471055 0.9171519849931187 61696
# 4 34 30
34.90000000000058 8 34 1.0000000143859702 0.9174038363969775 61696
# 4 34 30
34.950000000000585 8 34 1.0000000142988006 0.9176754240140025 61696
# 4 34 30
35.00000000000058 8 34 1.0000000142092653 0.9179665996332851 61696
# 4 34 30
35.05000000000059 8 34 1.0000000141161942 0.9182772137257487 61696
# 4 34 30
35.10000000000059 8 34 1.000000014018251 0.9186071154981619 61696
# 4 34 30
35.15000000000059 8 34 1.0000000139136846 0.9189561529470562 61696
# 4 34 30
35.200000000000585 8 34 1.0000000137948204 0.9193241729122665 61696
# 4 34 30
35.25000000000059 8 34 1.0000000136815477 0.9197110211329118 61696
# 4 34 30
35.300000000000594 8 34 1.0000000135712557 0.9201165422977025 61696
# 4 34 30
35.35000000000059 8 34 1.0000000134613105 0.920540580100159 61696
# 4 34 30
35.400000000000595 8 34 1.0000000133498925 0.9209829772921532 61696
# 4 34 30
35.4500000000006 8 34 1.0000000132360092 0.9214435757372373 61696
# 4 34 30
35.50000000000059 8 34 1.0000000131184383 0.9219222164637306 61696
# 4 34 30
35.550000000000594 8 34 1.0000000129969375 0.9224187397177739 61696
# 4 34 30
35.6000000000006 8 34 1.0000000128708413 0.922932985015983 61696
# 4 34 30
35.650000000000595 8 34 1.0000000127450415 0.9234647911983733 61696
# 4 34 30
35.7000000000006 8 34 1.0000000126179056 0.9240139964797383 61696
# 4 34 30
35.750000000000604 8 34 1.0000000124874033 0.9245804385021286 61696
# 4 34 30
35.8000000000006 8 34 1.0000000123542796 0.9251639543867524 61696
# 4 34 30
35.850000000000605 8 34 1.0000000122235284 0.9257643807853797 61696
# 4 34 30
35.9000000000006 8 34 1.0000000120928179 0.9263815539305134 61696
# 4 34 30
35.95000000000061 8 34 1.0000000119630972 0.9270153096868377 61696
# 4 34 30
36.000000000000604 8 34 1.0000000118361654 0.9276654836012371 61696
# 4 34 30
36.05000000000061 8 34 1.0000000117119225 0.9283319109524174 61696
# 4 34 30
36.10000000000061 8 34 1.0000000115899061 0.9290144268004136 61696
# 4 34 30
36.15000000000061 8 34 1.0000000114700844 0.9297128660355495 61696
# 4 34 30
36.200000000000614 8 34 1.0000000113525704 0.9304270634268205 61696
# 4 34 30
36.25000000000061 8 34 1.000000011237291 0.9311568536697611 61696
# 4 34 30
36.300000000000615 8 34 1.000000011124154 0.9319020714338069 61696
# 4 34 30
36.35000000000061 8 34 1.0000000110143346 0.9326625514090571 61696
# 4 34 30
36.40000000000062 8 34 1.000000010908632 0.9334381283525405 61696
# 4 34 30
36.45000000000062 8 34 1.0000000108087486 0.9342286371337291 61696
# 4 34 30
36.50000000000062 8 34 1.00000001071342 0.9350339127794619 61696
# 4 34 30
36.55000000000062 8 34 1.0000000106215532 0.9358537905180464 61696
# 4 34 30
36.60000000000063 8 34 1.0000000105329356 0.9366881058229403 61696
# 4 34 30
36.650000000000624 8 34 1.0000000104470574 0.9375366944555524 61696
# 4 34 30
36.70000000000062 8 34 1.000000010363518 0.938399392507357 61696
# 4 34 30
36.750000000000625 8 34 1.0000000102824367 0.9392760364412313 61696
# 4 34 30
36.80000000000063 8 34 1.0000000102051874 0.9401664631320086 61696
# 4 34 30
36.85000000000063 8 34 1.000000010131303 0.9410705099059585 61696
# 4 34 30
36.90000000000063 8 34 1.0000000100605342 0.9419880145797813 61696
# 4 34 30
36.950000000000635 8 34 1.0000000099927278 0.9429188154985402 61696
# 4 34 30
37.000000000000625 8 34 1.0000000099276398 0.9438627515727633 61696
# 4 34 30
37.05000000000063 8 34 1.0000000098654451 0.9448196623145512 61696
# 4 34 30
37.100000000000634 8 34 1.0000000098060924 0.9457893878727428 61696
# 4 34 30
37.15000000000063 8 34 1.0000000097496549 0.94677176906714 61696
# 4 34 30
37.200000000000635 8 34 1.0000000096959336 0.9477666474217341 61696
# 4 34 30
37.25000000000064 8 34 1.000000009648321 0.948773865197136 61696
# 4 34 30
37.30000000000064 8 34 1.0000000096059596 0.9497932654212063 61696
# 4 34 30
37.35000000000064 8 34 1.000000009568426 0.9508246919194202 61696
# 4 34 30
37.40000000000064 8 34 1.0000000095354502 0.9518679893438164 61696
# 4 34 30
37.45000000000064 8 34 1.0000000095067652 0.952923003200835 61696
# 4 34 30
37.50000000000064 8 34 1.0000000094822084 0.9539895798780277 61696
# 4 34 30
37.550000000000644 8 34 1.000000009461679 0.9550675666695956 61696
# 4 34 30
37.60000000000065 8 34 1.000000009445234 0.9561568118007548 61696
# 4 34 30
37.650000000000645 8 34 1.0000000094330002 0.9572571644508983 61696
# 4 34 30
37.70000000000065 8 34 1.000000009424787 0.9583684747754452 61696
# 4 34 30
37.750000000000654 8 34 1.0000000094204546 0.9594905939265405 61696
# 4 34 30
37.80000000000065 8 34 1.0000000094198387 0.9606233740724381 61696
# 4 34 30
37.85000000000065 8 34 1.0000000094228199 0.9617666684155924 61696
# 4 34 30
37.90000000000065 8 34 1.0000000094293313 0.9629203312094414 61696
# 4 34 30
37.95000000000066 8 34 1.000000009439321 0.9640842177738576 61696
# 4 34 30
38.000000000000654 8 34 1.0000000094527364 0.9652581845092479 61696
# 4 34 30
38.05000000000066 8 34 1.0000000094696246 0.9664420889092912 61696
# 4 34 30
38.10000000000066 8 34 1.000000009490057 0.9676357895722836 61696
# 4 34 30
38.15000000000066 8 34 1.000000009514105 0.9688391462110877 61696
# 4 34 30
38.20000000000066 8 34 1.000000009541811 0.970052019661663 61696
# 4 34 30
38.25000000000066 8 34 1.000000009573046 0.971274271890161 61696
# 4 34 30
38.300000000000665 8 34 1.0000000096076875 0.9725057659985837 61696
# 4 34 30
38.35000000000066 8 34 1.0000000096455082 0.9737463662289725 61696
# 4 34 30
38.40000000000067 8 34 1.0000000096858712 0.9749959379661222 61696
# 4 34 30
38.45000000000067 8 34 1.0000000097289239 0.976254347738855 61696
# 4 34 30
38.50000000000067 8 34 1.0000000097749 0.977521463219751 61696
# 4 34 30
38.550000000000665 8 34 1.0000000098237547 0.97879715322338 61696
# 4 34 30
38.60000000000067 8 34 1.000000009875155 0.9800812877030285 61696
# 4 34 30
38.65000000000067 8 34 1.0000000099290056 0.9813737377459222 61696
# 4 34 30
38.70000000000067 8 34 1.0000000099850586 0.982674375566895 61696
# 4 34 30
38.750000000000675 8 34 1.0000000100433444 0.9839830745005482 61696
# 4 34 30
38.80000000000068 8 34 1.0000000101037205 0.9852997089918443 61696
# 4 34 30
38.850000000000676 8 34 1.0000000101662025 0.9866241545851768 61696
# 4 34 30
38.900000000000674 8 34 1.0000000102304276 0.9879562879118741 61696
# 4 34 30
38.95000000000068 8 34 1.000000010296143 0.9892959866761781 61696
# 4 34 30
39.000000000000675 8 34 1.0000000103634035 0.9906431296396703 61696
# 4 34 30
39.05000000000068 8 34 1.0000000104322118 0.9919975966041341 61696
# 4 34 30
39.10000000000068 8 34 1.0000000105025166 0.9933592683928798 61696
# 4 34 30
39.15000000000068 8 34 1.000000010574348 0.994728026830529 61696
# 4 34 30
39.200000000000685 8 34 1.000000010647911 0.9961037547212587 61696
# 4 34 30
39.25000000000069 8 34 1.0000000107233395 0.9974863358255048 61696
# 4 34 30
39.300000000000686 8 34 1.0000000108008533 0.9988756548351487 61696
# 4 34 30
39.35000000000068 8 34 1.0000000108806635 1.0002715973471772 61696
# 4 34 30
39.40000000000069 8 34 1.000000010962467 1.0016740498358288 61696
# 4 34 30
39.45000000000069 8 34 1.0000000110456502 1.0030828996232564 61696
# 4 34 30
39.50000000000069 8 34 1.0000000111303096 1.0044980348487182 61696
# 4 34 30
39.55000000000069 8 34 1.0000000112162741 1.0059193444362589 61696
# 4 34 30
39.6000000000007 8 34 1.0000000113023484 1.0073467180609395 61696
# 4 34 30
39.650000000000695 8 34 1.000000011388419 1.008780046113681 61696
# 4 34 30
39.70000000000069 8 34 1.0000000114744316 1.0102192196646216 61696
# 4 34 30
39.750000000000696 8 34 1.000000011560688 1.0116641304250973 61696
# 4 34 30
39.8000000000007 8 34 1.000000011647304 1.0131146707082277 61696
# 4 34 30
39.8500000000007 8 34 1.00000001173461 1.014570733388154 61696
# 4 34 30
39.9000000000007 8 34 1.0000000118226429 1.0160322118579321 61696
# 4 34 30
39.950000000000706 8 34 1.0000000119117602 1.0174989999861306 61696
# 4 34 30
