# time rdo00 rdo01 rdo10 rdo11
0.0 0.00000000+0.00000000j 0.00000000+0.00000000j 0.00000000+0.00000000j 1.00000000+0.00000000j
0.05000000000000001 0.00000032+0.00000000j 0.00000398+0.00056296j 0.00000398-0.00056296j 0.99999968+0.00000000j
0.10000000000000002 0.00000136+0.00000000j 0.00001618+0.00116406j 0.00001618-0.00116406j 0.99999864+0.00000000j
0.15000000000000005 0.00000326+0.00000000j 0.00003716+0.00180528j 0.00003716-0.00180528j 0.99999674-0.00000000j
0.20000000000000004 0.00000620+0.00000000j 0.00006750+0.00248866j 0.00006750-0.00248866j 0.99999380-0.00000000j
0.25000000000000006 0.00001036+0.00000000j 0.00010782+0.00321631j 0.00010782-0.00321631j 0.99998964-0.00000000j
0.3000000000000001 0.00001595+0.00000000j 0.00015875+0.00399040j 0.00015875-0.00399040j 0.99998405-0.00000000j
0.3500000000000001 0.00002323+0.00000000j 0.00022096+0.00481319j 0.00022096-0.00481319j 0.99997677-0.00000000j
0.4000000000000001 0.00003245+0.00000000j 0.00029518+0.00568699j 0.00029518-0.00568699j 0.99996755-0.00000000j
0.45000000000000007 0.00004393+0.00000000j 0.00038212+0.00661416j 0.00038212-0.00661416j 0.99995607-0.00000000j
0.5000000000000001 0.00005800+0.00000000j 0.00048257+0.00759715j 0.00048257-0.00759715j 0.99994200-0.00000000j
0.5500000000000002 0.00007506+0.00000000j 0.00059734+0.00863844j 0.00059734-0.00863844j 0.99992494-0.00000000j
0.6000000000000002 0.00009553+0.00000000j 0.00072726+0.00974059j 0.00072726-0.00974059j 0.99990447-0.00000000j
0.6500000000000001 0.00011988+0.00000000j 0.00087321+0.01090619j 0.00087321-0.01090619j 0.99988012+0.00000000j
0.7000000000000002 0.00014865+0.00000000j 0.00103612+0.01213790j 0.00103612-0.01213790j 0.99985135+0.00000000j
0.7500000000000002 0.00018241+0.00000000j 0.00121693+0.01343841j 0.00121693-0.01343841j 0.99981759+0.00000000j
0.8000000000000002 0.00022182+0.00000000j 0.00141664+0.01481045j 0.00141664-0.01481045j 0.99977818+0.00000000j
0.8500000000000002 0.00026759+0.00000000j 0.00163629+0.01625678j 0.00163629-0.01625678j 0.99973241+0.00000000j
0.9000000000000001 0.00032049+0.00000000j 0.00187695+0.01778018j 0.00187695-0.01778018j 0.99967951+0.00000000j
0.9500000000000002 0.00038139+0.00000000j 0.00213972+0.01938348j 0.00213972-0.01938348j 0.99961861+0.00000000j
1.0000000000000002 0.00045123+0.00000000j 0.00242577+0.02106948j 0.00242577-0.02106948j 0.99954877+0.00000000j
1.0500000000000003 0.00053103+0.00000000j 0.00273628+0.02284101j 0.00273628-0.02284101j 0.99946897+0.00000000j
1.1000000000000003 0.00062192+0.00000000j 0.00307250+0.02470089j 0.00307250-0.02470089j 0.99937808+0.00000000j
1.1500000000000004 0.00072510+0.00000000j 0.00343569+0.02665192j 0.00343569-0.02665192j 0.99927490+0.00000000j
1.2000000000000004 0.00084190+0.00000000j 0.00382717+0.02869689j 0.00382717-0.02869689j 0.99915810+0.00000000j
1.2500000000000004 0.00097374-0.00000000j 0.00424829+0.03083853j 0.00424829-0.03083853j 0.99902626+0.00000000j
1.3000000000000003 0.00112218-0.00000000j 0.00470046+0.03307954j 0.00470046-0.03307954j 0.99887782+0.00000000j
1.3500000000000003 0.00128886-0.00000000j 0.00518510+0.03542255j 0.00518510-0.03542255j 0.99871114+0.00000000j
1.4000000000000004 0.00147557-0.00000000j 0.00570369+0.03787013j 0.00570369-0.03787013j 0.99852443+0.00000000j
1.4500000000000004 0.00168424-0.00000000j 0.00625773+0.04042475j 0.00625773-0.04042475j 0.99831576+0.00000000j
1.5000000000000004 0.00191689-0.00000000j 0.00684877+0.04308879j 0.00684877-0.04308879j 0.99808311+0.00000000j
1.5500000000000005 0.00217573-0.00000000j 0.00747839+0.04586449j 0.00747839-0.04586449j 0.99782427+0.00000000j
1.6000000000000003 0.00246308-0.00000000j 0.00814820+0.04875399j 0.00814820-0.04875399j 0.99753692+0.00000000j
1.6500000000000004 0.00278140-0.00000000j 0.00885984+0.05175925j 0.00885984-0.05175925j 0.99721860+0.00000000j
1.7000000000000004 0.00313331-0.00000000j 0.00961497+0.05488209j 0.00961497-0.05488209j 0.99686669+0.00000000j
1.7500000000000004 0.00352157-0.00000000j 0.01041530+0.05812410j 0.01041530-0.05812410j 0.99647843+0.00000000j
1.8000000000000003 0.00394909-0.00000000j 0.01126255+0.06148672j 0.01126255-0.06148672j 0.99605091+0.00000000j
1.8500000000000005 0.00441891-0.00000000j 0.01215844+0.06497113j 0.01215844-0.06497113j 0.99558109+0.00000000j
1.9000000000000004 0.00493424-0.00000000j 0.01310475+0.06857828j 0.01310475-0.06857828j 0.99506576+0.00000000j
1.9500000000000006 0.00549842-0.00000000j 0.01410323+0.07230885j 0.01410323-0.07230885j 0.99450158+0.00000000j
2.0000000000000004 0.00611490-0.00000000j 0.01515567+0.07616324j 0.01515567-0.07616324j 0.99388510+0.00000000j
2.0500000000000003 0.00678730-0.00000000j 0.01626386+0.08014155j 0.01626386-0.08014155j 0.99321270+0.00000000j
2.1000000000000005 0.00751933-0.00000000j 0.01742956+0.08424356j 0.01742956-0.08424356j 0.99248067+0.00000000j
2.1500000000000004 0.00831482-0.00000000j 0.01865458+0.08846868j 0.01865458-0.08846868j 0.99168518+0.00000000j
2.2000000000000006 0.00917770-0.00000000j 0.01994067+0.09281598j 0.01994067-0.09281598j 0.99082230+0.00000000j
2.2500000000000004 0.01011199-0.00000000j 0.02128960+0.09728414j 0.02128960-0.09728414j 0.98988801+0.00000000j
2.3000000000000007 0.01112177-0.00000000j 0.02270311+0.10187144j 0.02270311-0.10187144j 0.98887823+0.00000000j
2.3500000000000005 0.01221117-0.00000000j 0.02418290+0.10657572j 0.02418290-0.10657572j 0.98778883+0.00000000j
2.400000000000001 0.01338436-0.00000000j 0.02573065+0.11139439j 0.02573065-0.11139439j 0.98661564+0.00000000j
2.4500000000000006 0.01464550-0.00000000j 0.02734801+0.11632442j 0.02734801-0.11632442j 0.98535450+0.00000000j
2.500000000000001 0.01599877-0.00000000j 0.02903657+0.12136228j 0.02903657-0.12136228j 0.98400123+0.00000000j
2.5500000000000007 0.01744828-0.00000000j 0.03079787+0.12650397j 0.03079787-0.12650397j 0.98255172+0.00000000j
2.6000000000000005 0.01899806-0.00000000j 0.03263339+0.13174501j 0.03263339-0.13174501j 0.98100194+0.00000000j
2.650000000000001 0.02065206-0.00000000j 0.03454455+0.13708038j 0.03454455-0.13708038j 0.97934794+0.00000000j
2.7000000000000006 0.02241410-0.00000000j 0.03653269+0.14250457j 0.03653269-0.14250457j 0.97758590+0.00000000j
2.750000000000001 0.02428779-0.00000000j 0.03859907+0.14801154j 0.03859907-0.14801154j 0.97571221+0.00000000j
2.8000000000000007 0.02627659-0.00000000j 0.04074484+0.15359476j 0.04074484-0.15359476j 0.97372341+0.00000000j
2.850000000000001 0.02838367-0.00000000j 0.04297110+0.15924713j 0.04297110-0.15924713j 0.97161633+0.00000000j
2.900000000000001 0.03061194-0.00000000j 0.04527879+0.16496109j 0.04527879-0.16496109j 0.96938806+0.00000000j
2.950000000000001 0.03296399-0.00000000j 0.04766876+0.17072853j 0.04766876-0.17072853j 0.96703601+0.00000000j
3.000000000000001 0.03544203-0.00000000j 0.05014176+0.17654087j 0.05014176-0.17654087j 0.96455797+0.00000000j
3.0500000000000007 0.03804789-0.00000000j 0.05269837+0.18238905j 0.05269837-0.18238905j 0.96195211+0.00000000j
3.100000000000001 0.04078293-0.00000000j 0.05533907+0.18826352j 0.05533907-0.18826352j 0.95921707+0.00000000j
3.150000000000001 0.04364804-0.00000000j 0.05806418+0.19415433j 0.05806418-0.19415433j 0.95635196+0.00000000j
3.2000000000000006 0.04664361-0.00000000j 0.06087387+0.20005108j 0.06087387-0.20005108j 0.95335639+0.00000000j
3.250000000000001 0.04976943-0.00000000j 0.06376816+0.20594301j 0.06376816-0.20594301j 0.95023057+0.00000000j
3.3000000000000007 0.05302471-0.00000000j 0.06674690+0.21181900j 0.06674690-0.21181900j 0.94697529+0.00000000j
3.3500000000000005 0.05640806-0.00000000j 0.06980979+0.21766763j 0.06980979-0.21766763j 0.94359194+0.00000000j
3.400000000000001 0.05991738-0.00000000j 0.07295634+0.22347718j 0.07295634-0.22347718j 0.94008262+0.00000000j
3.450000000000001 0.06354994-0.00000000j 0.07618590+0.22923572j 0.07618590-0.22923572j 0.93645006+0.00000000j
3.500000000000001 0.06730226-0.00000000j 0.07949763+0.23493115j 0.07949763-0.23493115j 0.93269774+0.00000000j
3.5500000000000007 0.07117015-0.00000000j 0.08289051+0.24055121j 0.08289051-0.24055121j 0.92882985+0.00000000j
3.6000000000000005 0.07514869-0.00000000j 0.08636332+0.24608359j 0.08636332-0.24608359j 0.92485131+0.00000000j
3.650000000000001 0.07923219-0.00000000j 0.08991469+0.25151593j 0.08991469-0.25151593j 0.92076781+0.00000000j
3.700000000000001 0.08341423-0.00000000j 0.09354303+0.25683589j 0.09354303-0.25683589j 0.91658577+0.00000000j
3.750000000000001 0.08768763-0.00000000j 0.09724658+0.26203125j 0.09724658-0.26203125j 0.91231237+0.00000000j
3.8000000000000007 0.09204448-0.00000000j 0.10102338+0.26708989j 0.10102338-0.26708989j 0.90795552+0.00000000j
3.8500000000000005 0.09647613-0.00000000j 0.10487130+0.27199989j 0.10487130-0.27199989j 0.90352387+0.00000000j
3.9000000000000012 0.10097324-0.00000000j 0.10878803+0.27674957j 0.10878803-0.27674957j 0.89902676+0.00000000j
3.950000000000001 0.10552578-0.00000000j 0.11277105+0.28132757j 0.11277105-0.28132757j 0.89447422+0.00000000j
4.000000000000001 0.11012310-0.00000000j 0.11681770+0.28572285j 0.11681770-0.28572285j 0.88987690+0.00000000j
4.050000000000001 0.11475394-0.00000000j 0.12092513+0.28992476j 0.12092513-0.28992476j 0.88524606+0.00000000j
4.1000000000000005 0.11940648-0.00000000j 0.12509034+0.29392310j 0.12509034-0.29392310j 0.88059352+0.00000000j
4.150000000000001 0.12406840-0.00000000j 0.12931015+0.29770813j 0.12931015-0.29770813j 0.87593160+0.00000000j
4.200000000000001 0.12872694-0.00000000j 0.13358124+0.30127061j 0.13358124-0.30127061j 0.87127306+0.00000000j
4.250000000000001 0.13336895-0.00000000j 0.13790015+0.30460184j 0.13790015-0.30460184j 0.86663105+0.00000000j
4.300000000000001 0.13798099-0.00000000j 0.14226326+0.30769368j 0.14226326-0.30769368j 0.86201901+0.00000000j
4.350000000000001 0.14254936-0.00000000j 0.14666683+0.31053855j 0.14666683-0.31053855j 0.85745064+0.00000000j
4.400000000000001 0.14706019-0.00000000j 0.15110700+0.31312945j 0.15110700-0.31312945j 0.85293981+0.00000000j
4.450000000000001 0.15149954-0.00000000j 0.15557980+0.31546000j 0.15557980-0.31546000j 0.84850046+0.00000000j
4.500000000000001 0.15585344-0.00000000j 0.16008112+0.31752435j 0.16008112-0.31752435j 0.84414656+0.00000000j
4.550000000000001 0.16010801-0.00000000j 0.16460679+0.31931728j 0.16460679-0.31931728j 0.83989199+0.00000000j
4.600000000000001 0.16424954-0.00000000j 0.16915252+0.32083410j 0.16915252-0.32083410j 0.83575046+0.00000000j
4.650000000000001 0.16826454-0.00000000j 0.17371394+0.32207069j 0.17371394-0.32207069j 0.83173546+0.00000000j
4.700000000000001 0.17213986-0.00000000j 0.17828663+0.32302342j 0.17828663-0.32302342j 0.82786014+0.00000000j
4.750000000000001 0.17586276-0.00000000j 0.18286605+0.32368917j 0.18286605-0.32368917j 0.82413724+0.00000000j
4.800000000000002 0.17942098-0.00000000j 0.18744764+0.32406526j 0.18744764-0.32406526j 0.82057902+0.00000000j
4.850000000000001 0.18280284-0.00000000j 0.19202676+0.32414944j 0.19202676-0.32414944j 0.81719716+0.00000000j
4.900000000000001 0.18599731-0.00000000j 0.19659873+0.32393982j 0.19659873-0.32393982j 0.81400269+0.00000000j
4.950000000000001 0.18899408-0.00000000j 0.20115882+0.32343486j 0.20115882-0.32343486j 0.81100592+0.00000000j
5.000000000000002 0.19178361-0.00000000j 0.20570225+0.32263329j 0.20570225-0.32263329j 0.80821639+0.00000000j
5.050000000000002 0.19435726+0.00000000j 0.21022420+0.32153407j 0.21022420-0.32153407j 0.80564274+0.00000000j
5.100000000000001 0.19670727+0.00000000j 0.21471985+0.32013638j 0.21471985-0.32013638j 0.80329273+0.00000000j
5.150000000000001 0.19882688+0.00000000j 0.21918429+0.31843954j 0.21918429-0.31843954j 0.80117312+0.00000000j
5.200000000000001 0.20071036+0.00000000j 0.22361263+0.31644298j 0.22361263-0.31644298j 0.79928964+0.00000000j
5.250000000000002 0.20235307+0.00000000j 0.22799993+0.31414617j 0.22799993-0.31414617j 0.79764693+0.00000000j
5.300000000000002 0.20375146+0.00000000j 0.23234122+0.31154866j 0.23234122-0.31154866j 0.79624854+0.00000000j
5.350000000000001 0.20490318+0.00000000j 0.23663152+0.30864996j 0.23663152-0.30864996j 0.79509682+0.00000000j
5.400000000000001 0.20580706+0.00000000j 0.24086581+0.30544957j 0.24086581-0.30544957j 0.79419294+0.00000000j
5.450000000000002 0.20646315+0.00000000j 0.24503906+0.30194694j 0.24503906-0.30194694j 0.79353685+0.00000000j
5.500000000000002 0.20687276+0.00000000j 0.24914620+0.29814148j 0.24914620-0.29814148j 0.79312724+0.00000000j
5.550000000000002 0.20703844+0.00000000j 0.25318214+0.29403249j 0.25318214-0.29403249j 0.79296156+0.00000000j
5.600000000000001 0.20696403+0.00000000j 0.25714177+0.28961924j 0.25714177-0.28961924j 0.79303597+0.00000000j
5.650000000000001 0.20665463+0.00000000j 0.26101997+0.28490093j 0.26101997-0.28490093j 0.79334537+0.00000000j
5.700000000000002 0.20611663+0.00000000j 0.26481157+0.27987670j 0.26481157-0.27987670j 0.79388337+0.00000000j
5.750000000000002 0.20535768-0.00000000j 0.26851140+0.27454569j 0.26851140-0.27454569j 0.79464232+0.00000000j
5.800000000000002 0.20438668-0.00000000j 0.27211427+0.26890704j 0.27211427-0.26890704j 0.79561332+0.00000000j
5.850000000000001 0.20321377-0.00000000j 0.27561496+0.26295994j 0.27561496-0.26295994j 0.79678623+0.00000000j
5.900000000000002 0.20185030-0.00000000j 0.27900824+0.25670368j 0.27900824-0.25670368j 0.79814970+0.00000000j
5.950000000000002 0.20030877-0.00000000j 0.28228890+0.25013769j 0.28228890-0.25013769j 0.79969123+0.00000000j
6.000000000000002 0.19860284-0.00000000j 0.28545168+0.24326159j 0.28545168-0.24326159j 0.80139716+0.00000000j
6.050000000000002 0.19674722-0.00000000j 0.28849137+0.23607531j 0.28849137-0.23607531j 0.80325278+0.00000000j
6.100000000000001 0.19475768-0.00000000j 0.29140273+0.22857906j 0.29140273-0.22857906j 0.80524232+0.00000000j
6.150000000000002 0.19265094-0.00000000j 0.29418056+0.22077350j 0.29418056-0.22077350j 0.80734906+0.00000000j
6.200000000000002 0.19044460-0.00000000j 0.29681969+0.21265976j 0.29681969-0.21265976j 0.80955540+0.00000000j
6.250000000000002 0.18815709-0.00000000j 0.29931498+0.20423952j 0.29931498-0.20423952j 0.81184291+0.00000000j
6.300000000000002 0.18580758-0.00000000j 0.30166135+0.19551510j 0.30166135-0.19551510j 0.81419242+0.00000000j
6.350000000000001 0.18341586-0.00000000j 0.30385377+0.18648951j 0.30385377-0.18648951j 0.81658414+0.00000000j
6.400000000000001 0.18100226-0.00000000j 0.30588731+0.17716657j 0.30588731-0.17716657j 0.81899774+0.00000000j
6.450000000000002 0.17858756-0.00000000j 0.30775712+0.16755092j 0.30775712-0.16755092j 0.82141244+0.00000000j
6.500000000000002 0.17619285-0.00000000j 0.30945846+0.15764812j 0.30945846-0.15764812j 0.82380715+0.00000000j
6.550000000000002 0.17383941-0.00000000j 0.31098673+0.14746471j 0.31098673-0.14746471j 0.82616059+0.00000000j
6.600000000000001 0.17154863-0.00000000j 0.31233746+0.13700824j 0.31233746-0.13700824j 0.82845137+0.00000000j
6.650000000000001 0.16934182-0.00000000j 0.31350636+0.12628732j 0.31350636-0.12628732j 0.83065818+0.00000000j
6.700000000000001 0.16724015-0.00000000j 0.31448931+0.11531166j 0.31448931-0.11531166j 0.83275985+0.00000000j
6.750000000000002 0.16526446-0.00000000j 0.31528241+0.10409209j 0.31528241-0.10409209j 0.83473554+0.00000000j
6.800000000000002 0.16343515-0.00000000j 0.31588196+0.09264057j 0.31588196-0.09264057j 0.83656485+0.00000000j
6.850000000000001 0.16177206-0.00000000j 0.31628453+0.08097018j 0.31628453-0.08097018j 0.83822794+0.00000000j
6.900000000000002 0.16029432-0.00000000j 0.31648691+0.06909512j 0.31648691-0.06909512j 0.83970568+0.00000000j
6.950000000000001 0.15902022-0.00000000j 0.31648622+0.05703069j 0.31648622-0.05703069j 0.84097978+0.00000000j
7.000000000000002 0.15796711-0.00000000j 0.31627983+0.04479324j 0.31627983-0.04479324j 0.84203289+0.00000000j
7.050000000000002 0.15715125-0.00000000j 0.31586545+0.03240013j 0.31586545-0.03240013j 0.84284875+0.00000000j
7.100000000000001 0.15658773-0.00000000j 0.31524110+0.01986964j 0.31524110-0.01986964j 0.84341227+0.00000000j
7.150000000000002 0.15629034-0.00000000j 0.31440516+0.00722095j 0.31440516-0.00722095j 0.84370966+0.00000000j
7.200000000000001 0.15627148-0.00000000j 0.31335636-0.00552598j 0.31335636+0.00552598j 0.84372852+0.00000000j
7.250000000000002 0.15654210-0.00000000j 0.31209379-0.01835051j 0.31209379+0.01835051j 0.84345790+0.00000000j
7.300000000000002 0.15711159-0.00000000j 0.31061692-0.03123139j 0.31061692+0.03123139j 0.84288841+0.00000000j
7.350000000000001 0.15798775-0.00000000j 0.30892559-0.04414691j 0.30892559+0.04414691j 0.84201225+0.00000000j
7.400000000000002 0.15917675-0.00000000j 0.30702005-0.05707497j 0.30702005+0.05707497j 0.84082325+0.00000000j
7.450000000000001 0.16068304-0.00000000j 0.30490092-0.06999325j 0.30490092+0.06999325j 0.83931696+0.00000000j
7.500000000000002 0.16250940-0.00000000j 0.30256923-0.08287932j 0.30256923+0.08287932j 0.83749060+0.00000000j
7.5500000000000025 0.16465691-0.00000000j 0.30002637-0.09571073j 0.30002637+0.09571073j 0.83534309+0.00000000j
7.600000000000001 0.16712493-0.00000000j 0.29727415-0.10846519j 0.29727415+0.10846519j 0.83287507+0.00000000j
7.650000000000002 0.16991106-0.00000000j 0.29431477-0.12112029j 0.29431477+0.12112029j 0.83008894+0.00000000j
7.700000000000001 0.17301143-0.00000000j 0.29115074-0.13365478j 0.29115074+0.13365478j 0.82698857+0.00000000j
7.750000000000002 0.17642054-0.00000000j 0.28778496-0.14604753j 0.28778496+0.14604753j 0.82357946+0.00000000j
7.8000000000000025 0.18013132-0.00000000j 0.28422070-0.15827804j 0.28422070+0.15827804j 0.81986868+0.00000000j
7.850000000000001 0.18413529-0.00000000j 0.28046155-0.17032650j 0.28046155+0.17032650j 0.81586471+0.00000000j
7.900000000000002 0.18842259-0.00000000j 0.27651143-0.18217399j 0.27651143+0.18217399j 0.81157741+0.00000000j
7.950000000000001 0.19298208-0.00000000j 0.27237456-0.19380245j 0.27237456+0.19380245j 0.80701792+0.00000000j
8.000000000000002 0.19780147-0.00000000j 0.26805545-0.20519486j 0.26805545+0.20519486j 0.80219853+0.00000000j
8.050000000000002 0.20286738-0.00000000j 0.26355887-0.21633527j 0.26355887+0.21633527j 0.79713262+0.00000000j
8.100000000000001 0.20816549-0.00000000j 0.25888985-0.22720883j 0.25888985+0.22720883j 0.79183451+0.00000000j
8.150000000000002 0.21368065-0.00000000j 0.25405364-0.23780190j 0.25405364+0.23780190j 0.78631935+0.00000000j
8.200000000000001 0.21939700-0.00000000j 0.24905568-0.24810204j 0.24905568+0.24810204j 0.78060300+0.00000000j
8.250000000000002 0.22529810-0.00000000j 0.24390162-0.25809807j 0.24390162+0.25809807j 0.77470190+0.00000000j
8.300000000000002 0.23136700-0.00000000j 0.23859724-0.26778005j 0.23859724+0.26778005j 0.76863300+0.00000000j
8.350000000000001 0.23758646-0.00000000j 0.23314849-0.27713931j 0.23314849+0.27713931j 0.76241354+0.00000000j
8.400000000000002 0.24393896-0.00000000j 0.22756140-0.28616844j 0.22756140+0.28616844j 0.75606104+0.00000000j
8.450000000000003 0.25040690-0.00000000j 0.22184213-0.29486126j 0.22184213+0.29486126j 0.74959310+0.00000000j
8.500000000000002 0.25697265-0.00000000j 0.21599688-0.30321281j 0.21599688+0.30321281j 0.74302735+0.00000000j
8.550000000000002 0.26361871-0.00000000j 0.21003193-0.31121930j 0.21003193+0.31121930j 0.73638129+0.00000000j
8.600000000000001 0.27032775-0.00000000j 0.20395358-0.31887811j 0.20395358+0.31887811j 0.72967225+0.00000000j
8.650000000000002 0.27708275-0.00000000j 0.19776815-0.32618769j 0.19776815+0.32618769j 0.72291724+0.00000000j
8.700000000000003 0.28386708-0.00000000j 0.19148196-0.33314751j 0.19148196+0.33314751j 0.71613292+0.00000000j
8.750000000000002 0.29066454-0.00000000j 0.18510129-0.33975806j 0.18510129+0.33975806j 0.70933546+0.00000000j
8.800000000000002 0.29745947-0.00000000j 0.17863240-0.34602073j 0.17863240+0.34602073j 0.70254052+0.00000000j
8.850000000000001 0.30423682-0.00000000j 0.17208152-0.35193775j 0.17208152+0.35193775j 0.69576318+0.00000000j
8.900000000000002 0.31098214-0.00000000j 0.16545477-0.35751216j 0.16545477+0.35751216j 0.68901785+0.00000000j
8.950000000000003 0.31768172-0.00000000j 0.15875825-0.36274769j 0.15875825+0.36274769j 0.68231827+0.00000000j
9.000000000000002 0.32432256-0.00000000j 0.15199792-0.36764875j 0.15199792+0.36764875j 0.67567744+0.00000000j
9.050000000000002 0.33089240-0.00000000j 0.14517969-0.37222030j 0.14517969+0.37222030j 0.66910760+0.00000000j
9.100000000000001 0.33737981-0.00000000j 0.13830934-0.37646784j 0.13830934+0.37646784j 0.66262019+0.00000000j
9.150000000000002 0.34377413-0.00000000j 0.13139255-0.38039727j 0.13139255+0.38039727j 0.65622587+0.00000000j
9.200000000000003 0.35006552-0.00000000j 0.12443488-0.38401492j 0.12443488+0.38401492j 0.64993448+0.00000000j
9.250000000000002 0.35624498-0.00000000j 0.11744178-0.38732742j 0.11744178+0.38732742j 0.64375502+0.00000000j
9.300000000000002 0.36230429-0.00000000j 0.11041855-0.39034164j 0.11041855+0.39034164j 0.63769571+0.00000000j
9.350000000000003 0.36823608-0.00000000j 0.10337038-0.39306467j 0.10337038+0.39306467j 0.63176392+0.00000000j
9.400000000000002 0.37403374-0.00000000j 0.09630232-0.39550377j 0.09630232+0.39550377j 0.62596625+0.00000000j
9.450000000000003 0.37969149-0.00000000j 0.08921931-0.39766628j 0.08921931+0.39766628j 0.62030851+0.00000000j
9.500000000000002 0.38520427-0.00000000j 0.08212612-0.39955960j 0.08212612+0.39955960j 0.61479573+0.00000000j
9.550000000000002 0.39056778-0.00000000j 0.07502743-0.40119115j 0.07502743+0.40119115j 0.60943221+0.00000000j
9.600000000000003 0.39577846-0.00000000j 0.06792774-0.40256835j 0.06792774+0.40256835j 0.60422154+0.00000000j
9.650000000000002 0.40083339-0.00000000j 0.06083147-0.40369854j 0.06083147+0.40369854j 0.59916661+0.00000000j
9.700000000000003 0.40573036-0.00000000j 0.05374286-0.40458900j 0.05374286+0.40458900j 0.59426964+0.00000000j
9.750000000000002 0.41046774-0.00000000j 0.04666607-0.40524691j 0.04666607+0.40524691j 0.58953226+0.00000000j
9.800000000000002 0.41504453-0.00000000j 0.03960511-0.40567929j 0.03960511+0.40567929j 0.58495547+0.00000000j
9.850000000000003 0.41946027-0.00000000j 0.03256387-0.40589304j 0.03256387+0.40589304j 0.58053973+0.00000000j
9.900000000000002 0.42371504-0.00000000j 0.02554612-0.40589490j 0.02554612+0.40589490j 0.57628496+0.00000000j
9.950000000000003 0.42780939-0.00000000j 0.01855551-0.40569143j 0.01855551+0.40569143j 0.57219061+0.00000000j
10.000000000000004 0.43174435-0.00000000j 0.01159560-0.40528900j 0.01159560+0.40528900j 0.56825565+0.00000000j
10.050000000000002 0.43552136-0.00000000j 0.00466981-0.40469381j 0.00466981+0.40469381j 0.56447864+0.00000000j
10.100000000000003 0.43914225-0.00000000j -0.00221853-0.40391186j -0.00221853+0.40391186j 0.56085775+0.00000000j
10.150000000000002 0.44260920-0.00000000j -0.00906619-0.40294893j -0.00906619+0.40294893j 0.55739080+0.00000000j
10.200000000000003 0.44592472-0.00000000j -0.01587005-0.40181065j -0.01587005+0.40181065j 0.55407528+0.00000000j
10.250000000000004 0.44909159-0.00000000j -0.02262709-0.40050242j -0.02262709+0.40050242j 0.55090841+0.00000000j
10.300000000000002 0.45211287-0.00000000j -0.02933438-0.39902946j -0.02933438+0.39902946j 0.54788713+0.00000000j
10.350000000000003 0.45499184-0.00000000j -0.03598907-0.39739680j -0.03598907+0.39739680j 0.54500816+0.00000000j
10.400000000000002 0.45773198-0.00000000j -0.04258841-0.39560931j -0.04258841+0.39560931j 0.54226802+0.00000000j
10.450000000000003 0.46033693-0.00000000j -0.04912974-0.39367165j -0.04912974+0.39367165j 0.53966307+0.00000000j
10.500000000000004 0.46281050-0.00000000j -0.05561048-0.39158833j -0.05561048+0.39158833j 0.53718950+0.00000000j
10.550000000000002 0.46515660-0.00000000j -0.06202812-0.38936372j -0.06202812+0.38936372j 0.53484341+0.00000000j
10.600000000000003 0.46737924-0.00000000j -0.06838024-0.38700199j -0.06838024+0.38700199j 0.53262076+0.00000000j
10.650000000000004 0.46948251-0.00000000j -0.07466450-0.38450720j -0.07466450+0.38450720j 0.53051749+0.00000000j
10.700000000000005 0.47147057-0.00000000j -0.08087862-0.38188328j -0.08087862+0.38188328j 0.52852943+0.00000000j
10.750000000000005 0.47334758-0.00000000j -0.08702040-0.37913400j -0.08702040+0.37913400j 0.52665242+0.00000000j
10.800000000000008 0.47511774-0.00000000j -0.09308773-0.37626305j -0.09308773+0.37626305j 0.52488226+0.00000000j
10.850000000000009 0.47678525-0.00000000j -0.09907853-0.37327397j -0.09907853+0.37327397j 0.52321475+0.00000000j
10.900000000000011 0.47835428-0.00000000j -0.10499084-0.37017023j -0.10499084+0.37017023j 0.52164572+0.00000000j
10.95000000000001 0.47982899-0.00000000j -0.11082272-0.36695520j -0.11082272+0.36695520j 0.52017101+0.00000000j
11.000000000000012 0.48121348-0.00000000j -0.11657233-0.36363215j -0.11657233+0.36363215j 0.51878652+0.00000000j
11.050000000000013 0.48251181-0.00000000j -0.12223787-0.36020428j -0.12223787+0.36020428j 0.51748819+0.00000000j
11.100000000000016 0.48372797-0.00000000j -0.12781763-0.35667471j -0.12781763+0.35667471j 0.51627203+0.00000000j
11.150000000000016 0.48486586-0.00000000j -0.13330995-0.35304652j -0.13330995+0.35304652j 0.51513414+0.00000000j
11.200000000000017 0.48592933-0.00000000j -0.13871323-0.34932270j -0.13871323+0.34932270j 0.51407068+0.00000000j
11.250000000000018 0.48692210-0.00000000j -0.14402594-0.34550621j -0.14402594+0.34550621j 0.51307790+0.00000000j
11.300000000000018 0.48784783-0.00000000j -0.14924662-0.34159994j -0.14924662+0.34159994j 0.51215217+0.00000000j
11.350000000000021 0.48871007-0.00000000j -0.15437386-0.33760675j -0.15437386+0.33760675j 0.51128993+0.00000000j
11.400000000000022 0.48951224-0.00000000j -0.15940632-0.33352947j -0.15940632+0.33352947j 0.51048776+0.00000000j
11.450000000000022 0.49025767-0.00000000j -0.16434271-0.32937087j -0.16434271+0.32937087j 0.50974233+0.00000000j
11.500000000000023 0.49094958-0.00000000j -0.16918182-0.32513372j -0.16918182+0.32513372j 0.50905042+0.00000000j
11.550000000000026 0.49159107-0.00000000j -0.17392249-0.32082073j -0.17392249+0.32082073j 0.50840893+0.00000000j
11.600000000000026 0.49218512-0.00000000j -0.17856361-0.31643461j -0.17856361+0.31643461j 0.50781488+0.00000000j
11.650000000000029 0.49273459-0.00000000j -0.18310416-0.31197805j -0.18310416+0.31197805j 0.50726541+0.00000000j
11.700000000000028 0.49324223-0.00000000j -0.18754316-0.30745369j -0.18754316+0.30745369j 0.50675777+0.00000000j
11.75000000000003 0.49371066-0.00000000j -0.19187968-0.30286418j -0.19187968+0.30286418j 0.50628934+0.00000000j
11.800000000000031 0.49414240-0.00000000j -0.19611288-0.29821214j -0.19611288+0.29821214j 0.50585760+0.00000000j
11.850000000000033 0.49453985-0.00000000j -0.20024197-0.29350019j -0.20024197+0.29350019j 0.50546015+0.00000000j
11.900000000000034 0.49490528-0.00000000j -0.20426620-0.28873091j -0.20426620+0.28873091j 0.50509472+0.00000000j
11.950000000000035 0.49524086-0.00000000j -0.20818490-0.28390689j -0.20818490+0.28390689j 0.50475914+0.00000000j
12.000000000000036 0.49554865-0.00000000j -0.21199747-0.27903070j -0.21199747+0.27903070j 0.50445135+0.00000000j
12.050000000000036 0.49583060-0.00000000j -0.21570333-0.27410489j -0.21570333+0.27410489j 0.50416940+0.00000000j
12.100000000000039 0.49608855-0.00000000j -0.21930200-0.26913201j -0.21930200+0.26913201j 0.50391145+0.00000000j
12.15000000000004 0.49632425-0.00000000j -0.22279304-0.26411458j -0.22279304+0.26411458j 0.50367575+0.00000000j
12.20000000000004 0.49653934-0.00000000j -0.22617606-0.25905512j -0.22617606+0.25905512j 0.50346066+0.00000000j
12.25000000000004 0.49673536-0.00000000j -0.22945076-0.25395615j -0.22945076+0.25395615j 0.50326464+0.00000000j
12.300000000000043 0.49691377-0.00000000j -0.23261685-0.24882014j -0.23261685+0.24882014j 0.50308623+0.00000000j
12.350000000000044 0.49707594-0.00000000j -0.23567415-0.24364958j -0.23567415+0.24364958j 0.50292407+0.00000000j
12.400000000000045 0.49722314-0.00000000j -0.23862249-0.23844693j -0.23862249+0.23844693j 0.50277686+0.00000000j
12.450000000000045 0.49735657-0.00000000j -0.24146178-0.23321464j -0.24146178+0.23321464j 0.50264343+0.00000000j
12.500000000000048 0.49747735-0.00000000j -0.24419199-0.22795515j -0.24419199+0.22795515j 0.50252265+0.00000000j
12.55000000000005 0.49758653-0.00000000j -0.24681314-0.22267086j -0.24681314+0.22267086j 0.50241347+0.00000000j
12.60000000000005 0.49768507-0.00000000j -0.24932530-0.21736418j -0.24932530+0.21736418j 0.50231493+0.00000000j
12.650000000000052 0.49777389-0.00000000j -0.25172859-0.21203749j -0.25172859+0.21203749j 0.50222611+0.00000000j
12.700000000000053 0.49785382-0.00000000j -0.25402319-0.20669314j -0.25402319+0.20669314j 0.50214618+0.00000000j
12.750000000000055 0.49792565-0.00000000j -0.25620933-0.20133349j -0.25620933+0.20133349j 0.50207436+0.00000000j
12.800000000000054 0.49799008-0.00000000j -0.25828731-0.19596085j -0.25828731+0.19596085j 0.50200992+0.00000000j
12.850000000000056 0.49804780-0.00000000j -0.26025745-0.19057751j -0.26025745+0.19057751j 0.50195220+0.00000000j
12.900000000000057 0.49809942-0.00000000j -0.26212014-0.18518576j -0.26212014+0.18518576j 0.50190059+0.00000000j
12.950000000000058 0.49814550-0.00000000j -0.26387582-0.17978783j -0.26387582+0.17978783j 0.50185451+0.00000000j
13.000000000000059 0.49818656-0.00000000j -0.26552496-0.17438597j -0.26552496+0.17438597j 0.50181344+0.00000000j
13.050000000000061 0.49822310-0.00000000j -0.26706810-0.16898237j -0.26706810+0.16898237j 0.50177690+0.00000000j
13.100000000000064 0.49825555-0.00000000j -0.26850581-0.16357920j -0.26850581+0.16357920j 0.50174445+0.00000000j
13.150000000000063 0.49828431-0.00000000j -0.26983872-0.15817860j -0.26983872+0.15817860j 0.50171569+0.00000000j
13.200000000000063 0.49830975-0.00000000j -0.27106750-0.15278271j -0.27106750+0.15278271j 0.50169025+0.00000000j
13.250000000000066 0.49833222-0.00000000j -0.27219286-0.14739359j -0.27219286+0.14739359j 0.50166778+0.00000000j
13.300000000000068 0.49835201-0.00000000j -0.27321554-0.14201331j -0.27321554+0.14201331j 0.50164799+0.00000000j
13.350000000000067 0.49836941-0.00000000j -0.27413636-0.13664390j -0.27413636+0.13664390j 0.50163059+0.00000000j
13.40000000000007 0.49838467-0.00000000j -0.27495614-0.13128735j -0.27495614+0.13128735j 0.50161533+0.00000000j
13.45000000000007 0.49839803-0.00000000j -0.27567576-0.12594562j -0.27567576+0.12594562j 0.50160197+0.00000000j
13.500000000000073 0.49840969-0.00000000j -0.27629613-0.12062064j -0.27629613+0.12062064j 0.50159031+0.00000000j
13.550000000000072 0.49841984-0.00000000j -0.27681821-0.11531430j -0.27681821+0.11531430j 0.50158016+0.00000000j
13.600000000000074 0.49842866-0.00000000j -0.27724298-0.11002846j -0.27724298+0.11002846j 0.50157135+0.00000000j
13.650000000000077 0.49843629-0.00000000j -0.27757147-0.10476495j -0.27757147+0.10476495j 0.50156371+0.00000000j
13.700000000000077 0.49844287-0.00000000j -0.27780474-0.09952555j -0.27780474+0.09952555j 0.50155713+0.00000000j
13.750000000000076 0.49844854-0.00000000j -0.27794387-0.09431202j -0.27794387+0.09431202j 0.50155146+0.00000000j
13.800000000000079 0.49845340-0.00000000j -0.27798998-0.08912606j -0.27798998+0.08912606j 0.50154660+0.00000000j
13.850000000000081 0.49845755-0.00000000j -0.27794424-0.08396936j -0.27794424+0.08396936j 0.50154246+0.00000000j
13.90000000000008 0.49846107-0.00000000j -0.27780781-0.07884354j -0.27780781+0.07884354j 0.50153893+0.00000000j
13.950000000000081 0.49846406-0.00000000j -0.27758191-0.07375023j -0.27758191+0.07375023j 0.50153594+0.00000000j
14.000000000000083 0.49846657-0.00000000j -0.27726777-0.06869096j -0.27726777+0.06869096j 0.50153343+0.00000000j
14.050000000000086 0.49846868-0.00000000j -0.27686666-0.06366727j -0.27686666+0.06366727j 0.50153132+0.00000000j
14.100000000000085 0.49847044-0.00000000j -0.27637987-0.05868063j -0.27637987+0.05868063j 0.50152956+0.00000000j
14.150000000000087 0.49847189-0.00000000j -0.27580869-0.05373249j -0.27580869+0.05373249j 0.50152811-0.00000000j
14.200000000000088 0.49847308-0.00000000j -0.27515446-0.04882425j -0.27515446+0.04882425j 0.50152692-0.00000000j
14.25000000000009 0.49847404-0.00000000j -0.27441855-0.04395728j -0.27441855+0.04395728j 0.50152596-0.00000000j
14.30000000000009 0.49847482-0.00000000j -0.27360231-0.03913288j -0.27360231+0.03913288j 0.50152518-0.00000000j
14.350000000000092 0.49847544-0.00000000j -0.27270713-0.03435235j -0.27270713+0.03435235j 0.50152457-0.00000000j
14.400000000000095 0.49847591-0.00000000j -0.27173444-0.02961692j -0.27173444+0.02961692j 0.50152409-0.00000000j
14.450000000000095 0.49847628-0.00000000j -0.27068565-0.02492779j -0.27068565+0.02492779j 0.50152372-0.00000000j
14.500000000000094 0.49847655-0.00000000j -0.26956220-0.02028612j -0.26956220+0.02028612j 0.50152345-0.00000000j
14.550000000000097 0.49847674-0.00000000j -0.26836555-0.01569303j -0.26836555+0.01569303j 0.50152326-0.00000000j
14.6000000000001 0.49847687-0.00000000j -0.26709716-0.01114959j -0.26709716+0.01114959j 0.50152313-0.00000000j
14.650000000000098 0.49847695-0.00000000j -0.26575851-0.00665684j -0.26575851+0.00665684j 0.50152305-0.00000000j
14.7000000000001 0.49847698-0.00000000j -0.26435109-0.00221576j -0.26435109+0.00221576j 0.50152302-0.00000000j
14.750000000000101 0.49847698-0.00000000j -0.26287640+0.00217267j -0.26287640-0.00217267j 0.50152302-0.00000000j
14.800000000000104 0.49847696-0.00000000j -0.26133595+0.00650756j -0.26133595-0.00650756j 0.50152305-0.00000000j
14.850000000000103 0.49847691-0.00000000j -0.25973125+0.01078803j -0.25973125-0.01078803j 0.50152309-0.00000000j
14.900000000000105 0.49847685-0.00000000j -0.25806382+0.01501325j -0.25806382-0.01501325j 0.50152315-0.00000000j
14.950000000000106 0.49847678-0.00000000j -0.25633518+0.01918242j -0.25633518-0.01918242j 0.50152322-0.00000000j
15.000000000000108 0.49847670-0.00000000j -0.25454687+0.02329479j -0.25454687-0.02329479j 0.50152330-0.00000000j
15.050000000000107 0.49847662-0.00000000j -0.25270043+0.02734965j -0.25270043-0.02734965j 0.50152338-0.00000000j
15.10000000000011 0.49847654-0.00000000j -0.25079738+0.03134633j -0.25079738-0.03134633j 0.50152346-0.00000000j
15.150000000000112 0.49847646-0.00000000j -0.24883926+0.03528419j -0.24883926-0.03528419j 0.50152354-0.00000000j
15.200000000000113 0.49847638-0.00000000j -0.24682761+0.03916263j -0.24682761-0.03916263j 0.50152362-0.00000000j
15.250000000000112 0.49847630-0.00000000j -0.24476397+0.04298109j -0.24476397-0.04298109j 0.50152370-0.00000000j
15.300000000000114 0.49847623-0.00000000j -0.24264987+0.04673906j -0.24264987-0.04673906j 0.50152377-0.00000000j
15.350000000000117 0.49847616-0.00000000j -0.24048684+0.05043605j -0.24048684-0.05043605j 0.50152384-0.00000000j
15.400000000000116 0.49847610-0.00000000j -0.23827642+0.05407162j -0.23827642-0.05407162j 0.50152390-0.00000000j
15.450000000000118 0.49847604+0.00000000j -0.23602013+0.05764536j -0.23602013-0.05764536j 0.50152397-0.00000000j
15.500000000000119 0.49847598+0.00000000j -0.23371948+0.06115689j -0.23371948-0.06115689j 0.50152402-0.00000000j
15.550000000000122 0.49847593+0.00000000j -0.23137600+0.06460587j -0.23137600-0.06460587j 0.50152407-0.00000000j
15.60000000000012 0.49847588+0.00000000j -0.22899119+0.06799200j -0.22899119-0.06799200j 0.50152412-0.00000000j
15.650000000000123 0.49847584+0.00000000j -0.22656655+0.07131502j -0.22656655-0.07131502j 0.50152416-0.00000000j
15.700000000000124 0.49847580+0.00000000j -0.22410357+0.07457470j -0.22410357-0.07457470j 0.50152420-0.00000000j
15.750000000000126 0.49847577+0.00000000j -0.22160373+0.07777082j -0.22160373-0.07777082j 0.50152423-0.00000000j
15.800000000000125 0.49847574+0.00000000j -0.21906852+0.08090322j -0.21906852-0.08090322j 0.50152426-0.00000000j
15.850000000000128 0.49847572+0.00000000j -0.21649939+0.08397178j -0.21649939-0.08397178j 0.50152429-0.00000000j
15.90000000000013 0.49847569+0.00000000j -0.21389779+0.08697638j -0.21389779-0.08697638j 0.50152431-0.00000000j
15.95000000000013 0.49847567+0.00000000j -0.21126516+0.08991695j -0.21126516-0.08991695j 0.50152433-0.00000000j
16.00000000000013 0.49847566+0.00000000j -0.20860294+0.09279346j -0.20860294-0.09279346j 0.50152435-0.00000000j
16.050000000000132 0.49847564+0.00000000j -0.20591254+0.09560588j -0.20591254-0.09560588j 0.50152436-0.00000000j
16.100000000000133 0.49847563+0.00000000j -0.20319536+0.09835425j -0.20319536-0.09835425j 0.50152437-0.00000000j
16.150000000000137 0.49847562+0.00000000j -0.20045280+0.10103861j -0.20045280-0.10103861j 0.50152438-0.00000000j
16.200000000000134 0.49847561+0.00000000j -0.19768621+0.10365903j -0.19768621-0.10365903j 0.50152439-0.00000000j
16.25000000000014 0.49847560+0.00000000j -0.19489697+0.10621561j -0.19489697-0.10621561j 0.50152440-0.00000000j
16.30000000000014 0.49847560+0.00000000j -0.19208641+0.10870849j -0.19208641-0.10870849j 0.50152441-0.00000000j
16.35000000000014 0.49847559+0.00000000j -0.18925587+0.11113782j -0.18925587-0.11113782j 0.50152441-0.00000000j
16.40000000000014 0.49847559+0.00000000j -0.18640665+0.11350379j -0.18640665-0.11350379j 0.50152441-0.00000000j
16.45000000000014 0.49847558+0.00000000j -0.18354005+0.11580659j -0.18354005-0.11580659j 0.50152442-0.00000000j
16.500000000000146 0.49847558+0.00000000j -0.18065735+0.11804647j -0.18065735-0.11804647j 0.50152442-0.00000000j
16.550000000000143 0.49847558+0.00000000j -0.17775981+0.12022368j -0.17775981-0.12022368j 0.50152442-0.00000000j
16.600000000000144 0.49847558+0.00000000j -0.17484867+0.12233848j -0.17484867-0.12233848j 0.50152442-0.00000000j
16.650000000000148 0.49847558+0.00000000j -0.17192515+0.12439120j -0.17192515-0.12439120j 0.50152442-0.00000000j
16.70000000000015 0.49847558+0.00000000j -0.16899045+0.12638213j -0.16899045-0.12638213j 0.50152442-0.00000000j
16.75000000000015 0.49847558+0.00000000j -0.16604577+0.12831164j -0.16604577-0.12831164j 0.50152442-0.00000000j
16.80000000000015 0.49847558+0.00000000j -0.16309228+0.13018008j -0.16309228-0.13018008j 0.50152442-0.00000000j
16.85000000000015 0.49847558+0.00000000j -0.16013111+0.13198783j -0.16013111-0.13198783j 0.50152442-0.00000000j
16.900000000000155 0.49847558+0.00000000j -0.15716341+0.13373529j -0.15716341-0.13373529j 0.50152442-0.00000000j
16.950000000000152 0.49847558+0.00000000j -0.15419027+0.13542289j -0.15419027-0.13542289j 0.50152442-0.00000000j
17.000000000000156 0.49847558+0.00000000j -0.15121279+0.13705106j -0.15121279-0.13705106j 0.50152442-0.00000000j
17.050000000000157 0.49847559+0.00000000j -0.14823203+0.13862025j -0.14823203-0.13862025j 0.50152442-0.00000000j
17.100000000000158 0.49847559+0.00000000j -0.14524905+0.14013094j -0.14524905-0.14013094j 0.50152441-0.00000000j
17.15000000000016 0.49847559+0.00000000j -0.14226487+0.14158362j -0.14226487-0.14158362j 0.50152441-0.00000000j
17.20000000000016 0.49847559+0.00000000j -0.13928051+0.14297877j -0.13928051-0.14297877j 0.50152441-0.00000000j
17.250000000000163 0.49847559+0.00000000j -0.13629694+0.14431693j -0.13629694-0.14431693j 0.50152441-0.00000000j
17.30000000000016 0.49847559+0.00000000j -0.13331513+0.14559862j -0.13331513-0.14559862j 0.50152441-0.00000000j
17.35000000000016 0.49847559+0.00000000j -0.13033603+0.14682437j -0.13033603-0.14682437j 0.50152441-0.00000000j
17.400000000000166 0.49847559+0.00000000j -0.12736057+0.14799476j -0.12736057-0.14799476j 0.50152441-0.00000000j
17.450000000000166 0.49847559+0.00000000j -0.12438965+0.14911033j -0.12438965-0.14911033j 0.50152441-0.00000000j
17.500000000000167 0.49847559+0.00000000j -0.12142415+0.15017168j -0.12142415-0.15017168j 0.50152441-0.00000000j
17.550000000000168 0.49847560+0.00000000j -0.11846493+0.15117939j -0.11846493-0.15117939j 0.50152441-0.00000000j
17.60000000000017 0.49847560+0.00000000j -0.11551285+0.15213406j -0.11551285-0.15213406j 0.50152440-0.00000000j
17.650000000000173 0.49847560+0.00000000j -0.11256871+0.15303630j -0.11256871-0.15303630j 0.50152440-0.00000000j
17.70000000000017 0.49847560+0.00000000j -0.10963331+0.15388672j -0.10963331-0.15388672j 0.50152440-0.00000000j
17.750000000000174 0.49847560+0.00000000j -0.10670745+0.15468596j -0.10670745-0.15468596j 0.50152440-0.00000000j
17.800000000000175 0.49847560+0.00000000j -0.10379187+0.15543464j -0.10379187-0.15543464j 0.50152440-0.00000000j
17.850000000000176 0.49847560+0.00000000j -0.10088732+0.15613341j -0.10088732-0.15613341j 0.50152440-0.00000000j
17.900000000000176 0.49847560+0.00000000j -0.09799451+0.15678292j -0.09799451-0.15678292j 0.50152440-0.00000000j
17.950000000000177 0.49847560+0.00000000j -0.09511414+0.15738381j -0.09511414-0.15738381j 0.50152440-0.00000000j
18.00000000000018 0.49847560+0.00000000j -0.09224689+0.15793675j -0.09224689-0.15793675j 0.50152440-0.00000000j
18.05000000000018 0.49847560+0.00000000j -0.08939342+0.15844241j -0.08939342-0.15844241j 0.50152440-0.00000000j
18.10000000000018 0.49847560+0.00000000j -0.08655436+0.15890145j -0.08655436-0.15890145j 0.50152440-0.00000000j
18.150000000000183 0.49847560+0.00000000j -0.08373034+0.15931455j -0.08373034-0.15931455j 0.50152440-0.00000000j
18.200000000000184 0.49847560+0.00000000j -0.08092195+0.15968238j -0.08092195-0.15968238j 0.50152440-0.00000000j
18.250000000000185 0.49847560+0.00000000j -0.07812976+0.16000562j -0.07812976-0.16000562j 0.50152440-0.00000000j
18.300000000000185 0.49847560+0.00000000j -0.07535435+0.16028497j -0.07535435-0.16028497j 0.50152440-0.00000000j
18.350000000000186 0.49847560+0.00000000j -0.07259624+0.16052109j -0.07259624-0.16052109j 0.50152440-0.00000000j
18.40000000000019 0.49847560+0.00000000j -0.06985597+0.16071470j -0.06985597-0.16071470j 0.50152440-0.00000000j
18.450000000000188 0.49847560+0.00000000j -0.06713404+0.16086646j -0.06713404-0.16086646j 0.50152440-0.00000000j
18.500000000000192 0.49847560+0.00000000j -0.06443092+0.16097707j -0.06443092-0.16097707j 0.50152440-0.00000000j
18.550000000000193 0.49847560+0.00000000j -0.06174709+0.16104723j -0.06174709-0.16104723j 0.50152440-0.00000000j
18.600000000000193 0.49847560+0.00000000j -0.05908300+0.16107762j -0.05908300-0.16107762j 0.50152440-0.00000000j
18.650000000000194 0.49847560+0.00000000j -0.05643908+0.16106894j -0.05643908-0.16106894j 0.50152440-0.00000000j
18.700000000000195 0.49847560+0.00000000j -0.05381574+0.16102187j -0.05381574-0.16102187j 0.50152440-0.00000000j
18.7500000000002 0.49847560+0.00000000j -0.05121337+0.16093710j -0.05121337-0.16093710j 0.50152440-0.00000000j
18.800000000000196 0.49847560+0.00000000j -0.04863236+0.16081534j -0.04863236-0.16081534j 0.50152440-0.00000000j
18.850000000000197 0.49847560+0.00000000j -0.04607307+0.16065725j -0.04607307-0.16065725j 0.50152440-0.00000000j
18.9000000000002 0.49847560+0.00000000j -0.04353584+0.16046352j -0.04353584-0.16046352j 0.50152440-0.00000000j
18.950000000000202 0.49847560+0.00000000j -0.04102100+0.16023485j -0.04102100-0.16023485j 0.50152440-0.00000000j
19.000000000000203 0.49847560+0.00000000j -0.03852888+0.15997191j -0.03852888-0.15997191j 0.50152440-0.00000000j
19.050000000000203 0.49847560+0.00000000j -0.03605976+0.15967537j -0.03605976-0.15967537j 0.50152440-0.00000000j
19.100000000000204 0.49847560+0.00000000j -0.03361393+0.15934592j -0.03361393-0.15934592j 0.50152440-0.00000000j
19.150000000000208 0.49847560+0.00000000j -0.03119166+0.15898421j -0.03119166-0.15898421j 0.50152440-0.00000000j
19.200000000000205 0.49847560+0.00000000j -0.02879320+0.15859093j -0.02879320-0.15859093j 0.50152440-0.00000000j
19.25000000000021 0.49847560+0.00000000j -0.02641878+0.15816674j -0.02641878-0.15816674j 0.50152440-0.00000000j
19.30000000000021 0.49847560+0.00000000j -0.02406864+0.15771228j -0.02406864-0.15771228j 0.50152440-0.00000000j
19.35000000000021 0.49847560+0.00000000j -0.02174298+0.15722823j -0.02174298-0.15722823j 0.50152440-0.00000000j
19.40000000000021 0.49847560+0.00000000j -0.01944200+0.15671523j -0.01944200-0.15671523j 0.50152440-0.00000000j
19.450000000000212 0.49847560+0.00000000j -0.01716587+0.15617392j -0.01716587-0.15617392j 0.50152440-0.00000000j
19.500000000000217 0.49847560+0.00000000j -0.01491478+0.15560495j -0.01491478-0.15560495j 0.50152440-0.00000000j
19.550000000000214 0.49847560+0.00000000j -0.01268888+0.15500895j -0.01268888-0.15500895j 0.50152440-0.00000000j
19.600000000000215 0.49847560+0.00000000j -0.01048831+0.15438656j -0.01048831-0.15438656j 0.50152440-0.00000000j
19.65000000000022 0.49847560+0.00000000j -0.00831320+0.15373840j -0.00831320-0.15373840j 0.50152440-0.00000000j
19.70000000000022 0.49847560+0.00000000j -0.00616367+0.15306508j -0.00616367-0.15306508j 0.50152440-0.00000000j
19.75000000000022 0.49847560+0.00000000j -0.00403984+0.15236722j -0.00403984-0.15236722j 0.50152440-0.00000000j
19.80000000000022 0.49847560+0.00000000j -0.00194179+0.15164544j -0.00194179-0.15164544j 0.50152440-0.00000000j
19.85000000000022 0.49847560+0.00000000j 0.00013038+0.15090032j 0.00013038-0.15090032j 0.50152440-0.00000000j
19.900000000000226 0.49847560+0.00000000j 0.00217660+0.15013247j 0.00217660-0.15013247j 0.50152440-0.00000000j
19.950000000000223 0.49847560+0.00000000j 0.00419681+0.14934247j 0.00419681-0.14934247j 0.50152440-0.00000000j
20.000000000000227 0.49847560+0.00000000j 0.00619095+0.14853091j 0.00619095-0.14853091j 0.50152440-0.00000000j
20.050000000000228 0.49847560+0.00000000j 0.00815898+0.14769836j 0.00815898-0.14769836j 0.50152440-0.00000000j
20.10000000000023 0.49847560+0.00000000j 0.01010086+0.14684539j 0.01010086-0.14684539j 0.50152440-0.00000000j
20.15000000000023 0.49847560+0.00000000j 0.01201657+0.14597256j 0.01201657-0.14597256j 0.50152440-0.00000000j
20.20000000000023 0.49847560+0.00000000j 0.01390609+0.14508042j 0.01390609-0.14508042j 0.50152440-0.00000000j
20.250000000000234 0.49847560+0.00000000j 0.01576942+0.14416954j 0.01576942-0.14416954j 0.50152440-0.00000000j
20.300000000000235 0.49847560+0.00000000j 0.01760656+0.14324044j 0.01760656-0.14324044j 0.50152440-0.00000000j
20.350000000000232 0.49847560+0.00000000j 0.01941752+0.14229366j 0.01941752-0.14229366j 0.50152440-0.00000000j
20.400000000000237 0.49847560+0.00000000j 0.02120231+0.14132973j 0.02120231-0.14132973j 0.50152440-0.00000000j
20.450000000000237 0.49847560+0.00000000j 0.02296097+0.14034916j 0.02296097-0.14034916j 0.50152440-0.00000000j
20.500000000000238 0.49847560+0.00000000j 0.02469352+0.13935248j 0.02469352-0.13935248j 0.50152440-0.00000000j
20.55000000000024 0.49847560+0.00000000j 0.02640002+0.13834018j 0.02640002-0.13834018j 0.50152440-0.00000000j
20.60000000000024 0.49847560+0.00000000j 0.02808049+0.13731277j 0.02808049-0.13731277j 0.50152440-0.00000000j
20.650000000000244 0.49847560+0.00000000j 0.02973501+0.13627073j 0.02973501-0.13627073j 0.50152440-0.00000000j
20.70000000000024 0.49847560+0.00000000j 0.03136362+0.13521455j 0.03136362-0.13521455j 0.50152440-0.00000000j
20.750000000000245 0.49847560+0.00000000j 0.03296641+0.13414470j 0.03296641-0.13414470j 0.50152440-0.00000000j
20.800000000000246 0.49847560+0.00000000j 0.03454344+0.13306165j 0.03454344-0.13306165j 0.50152440-0.00000000j
20.850000000000247 0.49847560+0.00000000j 0.03609480+0.13196587j 0.03609480-0.13196587j 0.50152440-0.00000000j
20.900000000000247 0.49847560+0.00000000j 0.03762056+0.13085781j 0.03762056-0.13085781j 0.50152440-0.00000000j
20.950000000000248 0.49847560+0.00000000j 0.03912082+0.12973792j 0.03912082-0.12973792j 0.50152440-0.00000000j
21.000000000000252 0.49847560+0.00000000j 0.04059568+0.12860663j 0.04059568-0.12860663j 0.50152440-0.00000000j
21.050000000000253 0.49847560+0.00000000j 0.04204523+0.12746438j 0.04204523-0.12746438j 0.50152440-0.00000000j
21.100000000000254 0.49847560+0.00000000j 0.04346959+0.12631159j 0.04346959-0.12631159j 0.50152440-0.00000000j
21.150000000000254 0.49847560+0.00000000j 0.04486886+0.12514868j 0.04486886-0.12514868j 0.50152440-0.00000000j
21.200000000000255 0.49847560+0.00000000j 0.04624315+0.12397606j 0.04624315-0.12397606j 0.50152440-0.00000000j
21.250000000000256 0.49847560+0.00000000j 0.04759259+0.12279414j 0.04759259-0.12279415j 0.50152440-0.00000000j
21.300000000000257 0.49847560+0.00000000j 0.04891730+0.12160332j 0.04891730-0.12160332j 0.50152440-0.00000000j
21.350000000000257 0.49847560+0.00000000j 0.05021741+0.12040397j 0.05021741-0.12040397j 0.50152440-0.00000000j
21.40000000000026 0.49847560+0.00000000j 0.05149304+0.11919649j 0.05149304-0.11919649j 0.50152440-0.00000000j
21.45000000000026 0.49847560+0.00000000j 0.05274433+0.11798125j 0.05274433-0.11798125j 0.50152440-0.00000000j
21.500000000000263 0.49847560+0.00000000j 0.05397141+0.11675862j 0.05397141-0.11675862j 0.50152440-0.00000000j
21.550000000000264 0.49847560+0.00000000j 0.05517443+0.11552896j 0.05517443-0.11552896j 0.50152440-0.00000000j
21.600000000000264 0.49847560+0.00000000j 0.05635352+0.11429262j 0.05635352-0.11429262j 0.50152440-0.00000000j
21.650000000000265 0.49847560+0.00000000j 0.05750884+0.11304996j 0.05750884-0.11304996j 0.50152440-0.00000000j
21.700000000000266 0.49847560+0.00000000j 0.05864053+0.11180132j 0.05864053-0.11180132j 0.50152440-0.00000000j
21.75000000000027 0.49847560+0.00000000j 0.05974873+0.11054703j 0.05974873-0.11054703j 0.50152440-0.00000000j
21.80000000000027 0.49847560+0.00000000j 0.06083361+0.10928742j 0.06083361-0.10928742j 0.50152440-0.00000000j
21.85000000000027 0.49847560+0.00000000j 0.06189532+0.10802281j 0.06189532-0.10802281j 0.50152440-0.00000000j
21.900000000000272 0.49847560+0.00000000j 0.06293400+0.10675352j 0.06293400-0.10675352j 0.50152440-0.00000000j
21.950000000000273 0.49847560+0.00000000j 0.06394983+0.10547986j 0.06394983-0.10547986j 0.50152440-0.00000000j
22.000000000000277 0.49847560+0.00000000j 0.06494296+0.10420214j 0.06494296-0.10420214j 0.50152440-0.00000000j
22.050000000000274 0.49847560+0.00000000j 0.06591354+0.10292064j 0.06591354-0.10292064j 0.50152440-0.00000000j
22.100000000000275 0.49847560+0.00000000j 0.06686175+0.10163567j 0.06686175-0.10163567j 0.50152440-0.00000000j
22.15000000000028 0.49847560+0.00000000j 0.06778775+0.10034751j 0.06778775-0.10034751j 0.50152440-0.00000000j
22.200000000000276 0.49847560+0.00000000j 0.06869170+0.09905643j 0.06869170-0.09905643j 0.50152440-0.00000000j
22.25000000000028 0.49847560+0.00000000j 0.06957376+0.09776272j 0.06957376-0.09776272j 0.50152440-0.00000000j
22.30000000000028 0.49847560+0.00000000j 0.07043411+0.09646663j 0.07043411-0.09646663j 0.50152440-0.00000000j
22.350000000000282 0.49847560+0.00000000j 0.07127290+0.09516844j 0.07127290-0.09516844j 0.50152440-0.00000000j
22.400000000000283 0.49847560+0.00000000j 0.07209032+0.09386840j 0.07209032-0.09386840j 0.50152440-0.00000000j
22.450000000000284 0.49847560+0.00000000j 0.07288652+0.09256677j 0.07288652-0.09256677j 0.50152440-0.00000000j
22.500000000000288 0.49847560+0.00000000j 0.07366167+0.09126378j 0.07366167-0.09126378j 0.50152440-0.00000000j
22.55000000000029 0.49847560+0.00000000j 0.07441596+0.08995969j 0.07441596-0.08995969j 0.50152440-0.00000000j
22.60000000000029 0.49847560+0.00000000j 0.07514953+0.08865472j 0.07514953-0.08865473j 0.50152440-0.00000000j
22.65000000000029 0.49847560+0.00000000j 0.07586257+0.08734912j 0.07586257-0.08734912j 0.50152440-0.00000000j
22.70000000000029 0.49847560+0.00000000j 0.07655524+0.08604310j 0.07655524-0.08604310j 0.50152440-0.00000000j
22.750000000000295 0.49847560+0.00000000j 0.07722772+0.08473689j 0.07722772-0.08473689j 0.50152440-0.00000000j
22.800000000000292 0.49847560+0.00000000j 0.07788016+0.08343070j 0.07788016-0.08343070j 0.50152440-0.00000000j
22.850000000000293 0.49847560+0.00000000j 0.07851275+0.08212476j 0.07851276-0.08212476j 0.50152440-0.00000000j
22.900000000000297 0.49847560+0.00000000j 0.07912566+0.08081925j 0.07912566-0.08081925j 0.50152440-0.00000000j
22.950000000000294 0.49847560+0.00000000j 0.07971904+0.07951440j 0.07971904-0.07951440j 0.50152440-0.00000000j
23.0000000000003 0.49847560+0.00000000j 0.08029307+0.07821040j 0.08029307-0.07821040j 0.50152440-0.00000000j
23.0500000000003 0.49847560+0.00000000j 0.08084792+0.07690743j 0.08084792-0.07690743j 0.50152440-0.00000000j
23.1000000000003 0.49847560+0.00000000j 0.08138376+0.07560571j 0.08138376-0.07560571j 0.50152440-0.00000000j
23.1500000000003 0.49847560+0.00000000j 0.08190075+0.07430540j 0.08190075-0.07430540j 0.50152440-0.00000000j
23.2000000000003 0.49847560+0.00000000j 0.08239905+0.07300669j 0.08239905-0.07300669j 0.50152440-0.00000000j
23.250000000000306 0.49847560+0.00000000j 0.08287885+0.07170977j 0.08287885-0.07170977j 0.50152440-0.00000000j
23.300000000000306 0.49847560+0.00000000j 0.08334029+0.07041481j 0.08334029-0.07041481j 0.50152440-0.00000000j
23.350000000000307 0.49847560+0.00000000j 0.08378355+0.06912197j 0.08378355-0.06912197j 0.50152440-0.00000000j
23.400000000000308 0.49847560+0.00000000j 0.08420879+0.06783143j 0.08420879-0.06783143j 0.50152440-0.00000000j
23.45000000000031 0.49847560+0.00000000j 0.08461618+0.06654335j 0.08461618-0.06654335j 0.50152440-0.00000000j
23.500000000000313 0.49847560+0.00000000j 0.08500586+0.06525789j 0.08500587-0.06525790j 0.50152440-0.00000000j
23.55000000000031 0.49847560+0.00000000j 0.08537802+0.06397522j 0.08537802-0.06397522j 0.50152440-0.00000000j
23.60000000000031 0.49847560+0.00000000j 0.08573281+0.06269547j 0.08573281-0.06269547j 0.50152440-0.00000000j
23.650000000000315 0.49847560+0.00000000j 0.08607038+0.06141881j 0.08607038-0.06141881j 0.50152440-0.00000000j
23.700000000000312 0.49847560+0.00000000j 0.08639090+0.06014538j 0.08639090-0.06014538j 0.50152440-0.00000000j
23.750000000000316 0.49847560+0.00000000j 0.08669452+0.05887533j 0.08669452-0.05887533j 0.50152440-0.00000000j
23.800000000000317 0.49847560+0.00000000j 0.08698141+0.05760880j 0.08698141-0.05760880j 0.50152440-0.00000000j
23.850000000000318 0.49847560+0.00000000j 0.08725172+0.05634592j 0.08725172-0.05634592j 0.50152440-0.00000000j
23.90000000000032 0.49847560+0.00000000j 0.08750559+0.05508685j 0.08750559-0.05508685j 0.50152440-0.00000000j
23.95000000000032 0.49847560+0.00000000j 0.08774320+0.05383170j 0.08774320-0.05383170j 0.50152440-0.00000000j
24.000000000000323 0.49847560+0.00000000j 0.08796468+0.05258061j 0.08796469-0.05258061j 0.50152440-0.00000000j
24.050000000000324 0.49847560+0.00000000j 0.08817020+0.05133371j 0.08817020-0.05133371j 0.50152440-0.00000000j
24.100000000000325 0.49847560+0.00000000j 0.08835990+0.05009113j 0.08835991-0.05009113j 0.50152440-0.00000000j
24.150000000000325 0.49847560+0.00000000j 0.08853394+0.04885299j 0.08853394-0.04885299j 0.50152440-0.00000000j
24.200000000000326 0.49847560+0.00000000j 0.08869246+0.04761940j 0.08869246-0.04761940j 0.50152440-0.00000000j
24.25000000000033 0.49847560+0.00000000j 0.08883561+0.04639050j 0.08883561-0.04639050j 0.50152440-0.00000000j
24.300000000000328 0.49847560+0.00000000j 0.08896354+0.04516640j 0.08896354-0.04516640j 0.50152440-0.00000000j
24.35000000000033 0.49847560+0.00000000j 0.08907639+0.04394721j 0.08907639-0.04394721j 0.50152440-0.00000000j
24.400000000000333 0.49847560+0.00000000j 0.08917431+0.04273305j 0.08917431-0.04273305j 0.50152440-0.00000000j
24.450000000000333 0.49847560+0.00000000j 0.08925744+0.04152403j 0.08925744-0.04152403j 0.50152440-0.00000000j
24.500000000000334 0.49847560+0.00000000j 0.08932593+0.04032025j 0.08932593-0.04032025j 0.50152440-0.00000000j
24.550000000000335 0.49847560+0.00000000j 0.08937992+0.03912183j 0.08937992-0.03912183j 0.50152440-0.00000000j
24.600000000000335 0.49847560+0.00000000j 0.08941955+0.03792887j 0.08941955-0.03792887j 0.50152440-0.00000000j
24.650000000000336 0.49847560+0.00000000j 0.08944495+0.03674148j 0.08944495-0.03674148j 0.50152440-0.00000000j
24.700000000000337 0.49847560+0.00000000j 0.08945628+0.03555975j 0.08945628-0.03555975j 0.50152439-0.00000000j
24.75000000000034 0.49847560+0.00000000j 0.08945366+0.03438380j 0.08945366-0.03438380j 0.50152439-0.00000000j
24.80000000000034 0.49847560+0.00000000j 0.08943724+0.03321371j 0.08943724-0.03321371j 0.50152439-0.00000000j
24.850000000000342 0.49847560+0.00000000j 0.08940715+0.03204959j 0.08940715-0.03204959j 0.50152439-0.00000000j
24.900000000000347 0.49847560+0.00000000j 0.08936352+0.03089153j 0.08936352-0.03089153j 0.50152439-0.00000000j
24.95000000000034 0.49847560+0.00000000j 0.08930650+0.02973963j 0.08930650-0.02973963j 0.50152439-0.00000000j
25.000000000000345 0.49847560+0.00000000j 0.08923621+0.02859398j 0.08923621-0.02859398j 0.50152439-0.00000000j
25.050000000000345 0.49847560+0.00000000j 0.08915279+0.02745468j 0.08915279-0.02745468j 0.50152439-0.00000000j
25.100000000000346 0.49847560+0.00000000j 0.08905637+0.02632181j 0.08905637-0.02632181j 0.50152439-0.00000000j
25.15000000000035 0.49847560+0.00000000j 0.08894709+0.02519547j 0.08894709-0.02519547j 0.50152439-0.00000000j
25.20000000000035 0.49847560+0.00000000j 0.08882506+0.02407574j 0.08882507-0.02407574j 0.50152439-0.00000000j
25.250000000000355 0.49847560+0.00000000j 0.08869044+0.02296272j 0.08869044-0.02296272j 0.50152439-0.00000000j
25.300000000000356 0.49847560+0.00000000j 0.08854334+0.02185649j 0.08854334-0.02185649j 0.50152439-0.00000000j
25.350000000000353 0.49847560+0.00000000j 0.08838389+0.02075713j 0.08838389-0.02075713j 0.50152439-0.00000000j
25.400000000000354 0.49847560+0.00000000j 0.08821222+0.01966474j 0.08821222-0.01966474j 0.50152439-0.00000000j
25.450000000000355 0.49847560+0.00000000j 0.08802846+0.01857938j 0.08802846-0.01857938j 0.50152439-0.00000000j
25.50000000000036 0.49847560+0.00000000j 0.08783274+0.01750116j 0.08783274-0.01750116j 0.50152439-0.00000000j
25.55000000000036 0.49847560+0.00000000j 0.08762518+0.01643015j 0.08762518-0.01643015j 0.50152439-0.00000000j
25.60000000000036 0.49847560+0.00000000j 0.08740591+0.01536642j 0.08740591-0.01536642j 0.50152439-0.00000000j
25.650000000000365 0.49847560+0.00000000j 0.08717506+0.01431007j 0.08717506-0.01431007j 0.50152439-0.00000000j
25.700000000000358 0.49847560+0.00000000j 0.08693275+0.01326117j 0.08693275-0.01326117j 0.50152439-0.00000000j
25.750000000000362 0.49847560+0.00000000j 0.08667910+0.01221980j 0.08667910-0.01221980j 0.50152439-0.00000000j
25.800000000000363 0.49847560+0.00000000j 0.08641424+0.01118604j 0.08641425-0.01118604j 0.50152439-0.00000000j
25.850000000000364 0.49847560+0.00000000j 0.08613830+0.01015996j 0.08613831-0.01015996j 0.50152439-0.00000000j
25.900000000000368 0.49847560+0.00000000j 0.08585140+0.00914165j 0.08585140-0.00914165j 0.50152439-0.00000000j
25.95000000000037 0.49847560+0.00000000j 0.08555366+0.00813117j 0.08555366-0.00813117j 0.50152439-0.00000000j
26.000000000000373 0.49847560+0.00000000j 0.08524521+0.00712860j 0.08524521-0.00712860j 0.50152439-0.00000000j
26.050000000000374 0.49847560+0.00000000j 0.08492616+0.00613402j 0.08492617-0.00613402j 0.50152439-0.00000000j
26.10000000000037 0.49847560+0.00000000j 0.08459665+0.00514750j 0.08459666-0.00514750j 0.50152439-0.00000000j
26.15000000000037 0.49847560+0.00000000j 0.08425680+0.00416911j 0.08425680-0.00416911j 0.50152439-0.00000000j
26.200000000000372 0.49847560+0.00000000j 0.08390672+0.00319893j 0.08390672-0.00319893j 0.50152439-0.00000000j
26.250000000000377 0.49847560+0.00000000j 0.08354654+0.00223703j 0.08354655-0.00223703j 0.50152439-0.00000000j
26.300000000000377 0.49847560+0.00000000j 0.08317639+0.00128348j 0.08317639-0.00128348j 0.50152439-0.00000000j
26.350000000000378 0.49847560+0.00000000j 0.08279639+0.00033834j 0.08279639-0.00033834j 0.50152439-0.00000000j
26.400000000000382 0.49847560+0.00000000j 0.08240665-0.00059830j 0.08240665+0.00059830j 0.50152439-0.00000000j
26.450000000000376 0.49847560+0.00000000j 0.08200731-0.00152639j 0.08200731+0.00152639j 0.50152439-0.00000000j
26.50000000000038 0.49847560+0.00000000j 0.08159848-0.00244584j 0.08159848+0.00244585j 0.50152439-0.00000000j
26.55000000000038 0.49847560+0.00000000j 0.08118029-0.00335661j 0.08118029+0.00335661j 0.50152439-0.00000000j
26.60000000000038 0.49847560+0.00000000j 0.08075286-0.00425861j 0.08075286+0.00425861j 0.50152439-0.00000000j
26.650000000000386 0.49847560+0.00000000j 0.08031632-0.00515178j 0.08031632+0.00515178j 0.50152439-0.00000000j
26.700000000000387 0.49847560+0.00000000j 0.07987078-0.00603605j 0.07987078+0.00603605j 0.50152439-0.00000000j
26.75000000000039 0.49847560+0.00000000j 0.07941638-0.00691136j 0.07941638+0.00691137j 0.50152439-0.00000000j
26.80000000000039 0.49847560+0.00000000j 0.07895323-0.00777765j 0.07895323+0.00777765j 0.50152439-0.00000000j
26.85000000000039 0.49847560+0.00000000j 0.07848146-0.00863485j 0.07848147+0.00863485j 0.50152439-0.00000000j
26.90000000000039 0.49847560+0.00000000j 0.07800120-0.00948289j 0.07800120+0.00948289j 0.50152439-0.00000000j
26.95000000000039 0.49847560+0.00000000j 0.07751257-0.01032171j 0.07751257+0.01032172j 0.50152439-0.00000000j
27.000000000000394 0.49847560+0.00000000j 0.07701569-0.01115126j 0.07701570+0.01115126j 0.50152439-0.00000000j
27.050000000000395 0.49847560+0.00000000j 0.07651070-0.01197147j 0.07651070+0.01197147j 0.50152439-0.00000000j
27.100000000000396 0.49847560+0.00000000j 0.07599771-0.01278227j 0.07599771+0.01278227j 0.50152439-0.00000000j
27.1500000000004 0.49847560+0.00000000j 0.07547685-0.01358361j 0.07547686+0.01358361j 0.50152439-0.00000000j
27.200000000000394 0.49847560+0.00000000j 0.07494826-0.01437543j 0.07494826+0.01437543j 0.50152439-0.00000000j
27.250000000000398 0.49847560+0.00000000j 0.07441205-0.01515767j 0.07441206+0.01515768j 0.50152439-0.00000000j
27.3000000000004 0.49847560+0.00000000j 0.07386836-0.01593028j 0.07386837+0.01593028j 0.50152439-0.00000000j
27.350000000000403 0.49847560+0.00000000j 0.07331732-0.01669319j 0.07331732+0.01669319j 0.50152439-0.00000000j
27.400000000000404 0.49847560+0.00000000j 0.07275905-0.01744635j 0.07275905+0.01744635j 0.50152439-0.00000000j
27.450000000000404 0.49847560+0.00000000j 0.07219368-0.01818970j 0.07219368+0.01818970j 0.50152439-0.00000000j
27.50000000000041 0.49847560+0.00000000j 0.07162134-0.01892319j 0.07162135+0.01892320j 0.50152439-0.00000000j
27.55000000000041 0.49847560+0.00000000j 0.07104217-0.01964677j 0.07104218+0.01964678j 0.50152439-0.00000000j
27.600000000000406 0.49847560+0.00000000j 0.07045630-0.02036039j 0.07045630+0.02036039j 0.50152439-0.00000000j
27.650000000000407 0.49847560+0.00000000j 0.06986385-0.02106398j 0.06986385+0.02106398j 0.50152439-0.00000000j
27.700000000000408 0.49847560+0.00000000j 0.06926496-0.02175751j 0.06926496+0.02175751j 0.50152439-0.00000000j
27.750000000000412 0.49847560+0.00000000j 0.06865976-0.02244091j 0.06865977+0.02244092j 0.50152439-0.00000000j
27.800000000000413 0.49847560+0.00000000j 0.06804839-0.02311415j 0.06804840+0.02311415j 0.50152439-0.00000000j
27.850000000000414 0.49847560+0.00000000j 0.06743098-0.02377717j 0.06743099+0.02377718j 0.50152439-0.00000000j
27.900000000000418 0.49847560+0.00000000j 0.06680767-0.02442993j 0.06680768+0.02442994j 0.50152439-0.00000000j
27.95000000000041 0.49847560+0.00000000j 0.06617859-0.02507239j 0.06617860+0.02507239j 0.50152439-0.00000000j
28.000000000000416 0.49847560+0.00000000j 0.06554388-0.02570449j 0.06554389+0.02570449j 0.50152439-0.00000000j
28.050000000000416 0.49847560+0.00000000j 0.06490368-0.02632619j 0.06490368+0.02632620j 0.50152439-0.00000000j
28.10000000000042 0.49847560+0.00000000j 0.06425812-0.02693746j 0.06425812+0.02693747j 0.50152439-0.00000000j
28.15000000000042 0.49847560+0.00000000j 0.06360734-0.02753825j 0.06360734+0.02753825j 0.50152439-0.00000000j
28.200000000000422 0.49847560+0.00000000j 0.06295149-0.02812852j 0.06295149+0.02812853j 0.50152439-0.00000000j
28.250000000000426 0.49847560+0.00000000j 0.06229069-0.02870824j 0.06229069+0.02870824j 0.50152439-0.00000000j
28.300000000000427 0.49847560+0.00000000j 0.06162510-0.02927736j 0.06162510+0.02927736j 0.50152439-0.00000000j
28.350000000000424 0.49847560+0.00000000j 0.06095485-0.02983585j 0.06095485+0.02983585j 0.50152439-0.00000000j
28.400000000000425 0.49847560+0.00000000j 0.06028009-0.03038367j 0.06028009+0.03038368j 0.50152439-0.00000000j
28.450000000000426 0.49847560+0.00000000j 0.05960095-0.03092080j 0.05960096+0.03092081j 0.50152439-0.00000000j
28.50000000000043 0.49847560+0.00000000j 0.05891759-0.03144721j 0.05891759+0.03144721j 0.50152439-0.00000000j
28.55000000000043 0.49847560+0.00000000j 0.05823014-0.03196285j 0.05823015+0.03196286j 0.50152439-0.00000000j
28.60000000000043 0.49847560+0.00000000j 0.05753876-0.03246771j 0.05753876+0.03246771j 0.50152439-0.00000000j
28.650000000000436 0.49847560+0.00000000j 0.05684358-0.03296175j 0.05684358+0.03296175j 0.50152439-0.00000000j
28.700000000000433 0.49847560+0.00000000j 0.05614475-0.03344495j 0.05614475+0.03344496j 0.50152439-0.00000000j
28.750000000000433 0.49847561+0.00000000j 0.05544242-0.03391729j 0.05544242+0.03391730j 0.50152439-0.00000000j
28.800000000000434 0.49847561+0.00000000j 0.05473673-0.03437875j 0.05473674+0.03437875j 0.50152439-0.00000000j
28.85000000000044 0.49847561+0.00000000j 0.05402784-0.03482929j 0.05402784+0.03482930j 0.50152439-0.00000000j
28.90000000000044 0.49847561+0.00000000j 0.05331589-0.03526892j 0.05331589+0.03526892j 0.50152439-0.00000000j
28.95000000000044 0.49847561+0.00000000j 0.05260103-0.03569760j 0.05260103+0.03569761j 0.50152439-0.00000000j
29.000000000000444 0.49847561+0.00000000j 0.05188341-0.03611532j 0.05188341+0.03611533j 0.50152439-0.00000000j
29.050000000000445 0.49847561+0.00000000j 0.05116318-0.03652208j 0.05116318+0.03652208j 0.50152439-0.00000000j
29.100000000000442 0.49847561+0.00000000j 0.05044049-0.03691785j 0.05044049+0.03691785j 0.50152439-0.00000000j
29.150000000000443 0.49847561+0.00000000j 0.04971549-0.03730262j 0.04971550+0.03730263j 0.50152439-0.00000000j
29.200000000000443 0.49847561+0.00000000j 0.04898834-0.03767640j 0.04898834+0.03767641j 0.50152439-0.00000000j
29.250000000000448 0.49847561+0.00000000j 0.04825918-0.03803917j 0.04825918+0.03803918j 0.50152439-0.00000000j
29.30000000000045 0.49847561+0.00000000j 0.04752816-0.03839093j 0.04752817+0.03839094j 0.50152439-0.00000000j
29.35000000000045 0.49847561+0.00000000j 0.04679545-0.03873168j 0.04679545+0.03873168j 0.50152439-0.00000000j
29.400000000000453 0.49847561+0.00000000j 0.04606119-0.03906141j 0.04606119+0.03906142j 0.50152439-0.00000000j
29.450000000000454 0.49847561+0.00000000j 0.04532553-0.03938013j 0.04532553+0.03938014j 0.50152439-0.00000000j
29.50000000000045 0.49847561+0.00000000j 0.04458863-0.03968785j 0.04458863+0.03968785j 0.50152439-0.00000000j
29.550000000000452 0.49847561+0.00000000j 0.04385064-0.03998456j 0.04385064+0.03998457j 0.50152439-0.00000000j
29.600000000000456 0.49847561+0.00000000j 0.04311172-0.04027028j 0.04311172+0.04027029j 0.50152439-0.00000000j
29.650000000000457 0.49847561+0.00000000j 0.04237202-0.04054501j 0.04237202+0.04054502j 0.50152439-0.00000000j
29.700000000000458 0.49847561+0.00000000j 0.04163170-0.04080878j 0.04163170+0.04080879j 0.50152439-0.00000000j
29.750000000000462 0.49847561+0.00000000j 0.04089090-0.04106159j 0.04089090+0.04106160j 0.50152439-0.00000000j
29.800000000000463 0.49847561+0.00000000j 0.04014979-0.04130346j 0.04014979+0.04130346j 0.50152439-0.00000000j
29.85000000000046 0.49847561+0.00000000j 0.03940851-0.04153441j 0.03940851+0.04153441j 0.50152439-0.00000000j
29.90000000000046 0.49847561+0.00000000j 0.03866723-0.04175445j 0.03866723+0.04175446j 0.50152439-0.00000000j
29.95000000000046 0.49847561+0.00000000j 0.03792610-0.04196363j 0.03792610+0.04196364j 0.50152439-0.00000000j
30.000000000000465 0.49847561+0.00000000j 0.03718526-0.04216195j 0.03718526+0.04216196j 0.50152439-0.00000000j
30.050000000000466 0.49847561+0.00000000j 0.03644489-0.04234945j 0.03644489+0.04234946j 0.50152439-0.00000000j
30.100000000000467 0.49847561+0.00000000j 0.03570512-0.04252616j 0.03570512+0.04252617j 0.50152439-0.00000000j
30.15000000000047 0.49847561+0.00000000j 0.03496611-0.04269212j 0.03496611+0.04269212j 0.50152439-0.00000000j
30.200000000000472 0.49847561+0.00000000j 0.03422802-0.04284734j 0.03422802+0.04284735j 0.50152439-0.00000000j
30.25000000000047 0.49847561+0.00000000j 0.03349100-0.04299188j 0.03349100+0.04299189j 0.50152439-0.00000000j
30.30000000000047 0.49847561+0.00000000j 0.03275520-0.04312578j 0.03275520+0.04312579j 0.50152439-0.00000000j
30.350000000000474 0.49847561+0.00000000j 0.03202078-0.04324907j 0.03202078+0.04324908j 0.50152439-0.00000000j
30.400000000000475 0.49847561+0.00000000j 0.03128788-0.04336180j 0.03128788+0.04336181j 0.50152439-0.00000000j
30.450000000000475 0.49847561+0.00000000j 0.03055667-0.04346402j 0.03055667+0.04346402j 0.50152439-0.00000000j
30.50000000000048 0.49847561+0.00000000j 0.02982728-0.04355577j 0.02982728+0.04355578j 0.50152439-0.00000000j
30.55000000000048 0.49847561+0.00000000j 0.02909987-0.04363711j 0.02909987+0.04363712j 0.50152439-0.00000000j
30.600000000000477 0.49847561+0.00000000j 0.02837459-0.04370810j 0.02837459+0.04370810j 0.50152439-0.00000000j
30.650000000000478 0.49847561+0.00000001j 0.02765158-0.04376878j 0.02765158+0.04376879j 0.50152439-0.00000000j
30.70000000000048 0.49847561+0.00000001j 0.02693100-0.04381922j 0.02693100+0.04381923j 0.50152439-0.00000000j
30.750000000000483 0.49847561+0.00000001j 0.02621300-0.04385948j 0.02621300+0.04385949j 0.50152439-0.00000000j
30.800000000000484 0.49847561+0.00000001j 0.02549772-0.04388962j 0.02549771+0.04388963j 0.50152439-0.00000000j
30.850000000000485 0.49847561+0.00000001j 0.02478530-0.04390972j 0.02478529+0.04390972j 0.50152439-0.00000000j
30.90000000000049 0.49847561+0.00000001j 0.02407588-0.04391983j 0.02407588+0.04391984j 0.50152440-0.00000001j
30.95000000000049 0.49847561+0.00000001j 0.02336963-0.04392003j 0.02336963+0.04392004j 0.50152440-0.00000001j
31.000000000000487 0.49847561+0.00000001j 0.02266667-0.04391039j 0.02266667+0.04391040j 0.50152440-0.00000001j
31.050000000000487 0.49847561+0.00000001j 0.02196714-0.04389099j 0.02196714+0.04389100j 0.50152440-0.00000001j
31.10000000000049 0.49847561+0.00000001j 0.02127119-0.04386191j 0.02127119+0.04386192j 0.50152440-0.00000001j
31.150000000000492 0.49847561+0.00000001j 0.02057896-0.04382323j 0.02057896+0.04382323j 0.50152440-0.00000001j
31.200000000000493 0.49847561+0.00000001j 0.01989058-0.04377502j 0.01989058+0.04377503j 0.50152440-0.00000001j
31.250000000000497 0.49847561+0.00000001j 0.01920619-0.04371738j 0.01920619+0.04371739j 0.50152440-0.00000001j
31.300000000000498 0.49847561+0.00000001j 0.01852593-0.04365040j 0.01852593+0.04365040j 0.50152440-0.00000001j
31.350000000000495 0.49847561+0.00000001j 0.01784992-0.04357416j 0.01784992+0.04357416j 0.50152440-0.00000001j
31.400000000000496 0.49847561+0.00000001j 0.01717830-0.04348875j 0.01717831+0.04348875j 0.50152440-0.00000001j
31.450000000000497 0.49847561+0.00000001j 0.01651121-0.04339427j 0.01651121+0.04339427j 0.50152440-0.00000001j
31.5000000000005 0.49847561+0.00000001j 0.01584876-0.04329082j 0.01584876+0.04329082j 0.50152440-0.00000001j
31.5500000000005 0.49847561+0.00000001j 0.01519109-0.04317849j 0.01519109+0.04317849j 0.50152440-0.00000001j
31.600000000000502 0.49847561+0.00000001j 0.01453832-0.04305739j 0.01453832+0.04305739j 0.50152440-0.00000001j
31.650000000000507 0.49847561+0.00000001j 0.01389057-0.04292762j 0.01389058+0.04292762j 0.50152440-0.00000001j
31.700000000000507 0.49847561+0.00000001j 0.01324798-0.04278928j 0.01324798+0.04278928j 0.50152440-0.00000001j
31.750000000000504 0.49847561+0.00000001j 0.01261064-0.04264248j 0.01261065+0.04264249j 0.50152440-0.00000001j
31.800000000000505 0.49847561+0.00000001j 0.01197870-0.04248734j 0.01197870+0.04248734j 0.50152440-0.00000001j
31.85000000000051 0.49847561+0.00000001j 0.01135225-0.04232396j 0.01135226+0.04232396j 0.50152440-0.00000001j
31.90000000000051 0.49847561+0.00000001j 0.01073142-0.04215245j 0.01073142+0.04215246j 0.50152440-0.00000001j
31.95000000000051 0.49847561+0.00000001j 0.01011632-0.04197294j 0.01011632+0.04197294j 0.50152440-0.00000001j
32.00000000000051 0.49847561+0.00000001j 0.00950705-0.04178554j 0.00950705+0.04178554j 0.50152440-0.00000001j
32.050000000000516 0.49847561+0.00000001j 0.00890372-0.04159037j 0.00890373+0.04159037j 0.50152440-0.00000001j
32.10000000000051 0.49847561+0.00000001j 0.00830645-0.04138754j 0.00830645+0.04138754j 0.50152440-0.00000001j
32.15000000000052 0.49847561+0.00000001j 0.00771533-0.04117719j 0.00771533+0.04117719j 0.50152440-0.00000001j
32.200000000000514 0.49847561+0.00000001j 0.00713046-0.04095944j 0.00713046+0.04095944j 0.50152440-0.00000001j
32.25000000000052 0.49847561+0.00000001j 0.00655194-0.04073441j 0.00655195+0.04073441j 0.50152440-0.00000001j
32.30000000000052 0.49847561+0.00000001j 0.00597988-0.04050223j 0.00597988+0.04050224j 0.50152440-0.00000001j
32.35000000000052 0.49847561+0.00000001j 0.00541435-0.04026304j 0.00541436+0.04026304j 0.50152440-0.00000001j
32.400000000000524 0.49847561+0.00000001j 0.00485546-0.04001696j 0.00485547+0.04001696j 0.50152440-0.00000001j
32.45000000000053 0.49847561+0.00000001j 0.00430329-0.03976413j 0.00430330+0.03976413j 0.50152440-0.00000001j
32.50000000000052 0.49847561+0.00000001j 0.00375793-0.03950467j 0.00375794+0.03950468j 0.50152440-0.00000001j
32.55000000000052 0.49847562+0.00000001j 0.00321947-0.03923874j 0.00321947+0.03923874j 0.50152440-0.00000001j
32.60000000000053 0.49847562+0.00000001j 0.00268797-0.03896645j 0.00268798+0.03896646j 0.50152440-0.00000001j
32.650000000000524 0.49847562+0.00000001j 0.00216353-0.03868796j 0.00216354+0.03868796j 0.50152440-0.00000001j
32.70000000000053 0.49847562+0.00000001j 0.00164622-0.03840340j 0.00164623+0.03840341j 0.50152440-0.00000001j
32.75000000000053 0.49847562+0.00000001j 0.00113611-0.03811292j 0.00113611+0.03811292j 0.50152440-0.00000001j
32.80000000000053 0.49847562+0.00000001j 0.00063327-0.03781665j 0.00063328+0.03781665j 0.50152440-0.00000001j
32.85000000000053 0.49847562+0.00000001j 0.00013777-0.03751473j 0.00013777+0.03751473j 0.50152440-0.00000001j
32.90000000000053 0.49847562+0.00000001j -0.00035032-0.03720732j -0.00035032+0.03720732j 0.50152440-0.00000001j
32.950000000000536 0.49847562+0.00000001j -0.00083095-0.03689456j -0.00083095+0.03689456j 0.50152440-0.00000001j
33.00000000000053 0.49847562+0.00000001j -0.00130406-0.03657659j -0.00130406+0.03657659j 0.50152440-0.00000001j
33.05000000000054 0.49847562+0.00000001j -0.00176958-0.03625356j -0.00176958+0.03625356j 0.50152440-0.00000001j
33.10000000000054 0.49847562+0.00000001j -0.00222747-0.03592562j -0.00222747+0.03592562j 0.50152440-0.00000001j
33.15000000000054 0.49847562+0.00000001j -0.00267767-0.03559292j -0.00267767+0.03559292j 0.50152440-0.00000001j
33.20000000000054 0.49847562+0.00000001j -0.00312014-0.03525560j -0.00312014+0.03525560j 0.50152440-0.00000001j
33.25000000000054 0.49847562+0.00000001j -0.00355483-0.03491382j -0.00355483+0.03491382j 0.50152440-0.00000001j
33.300000000000544 0.49847562+0.00000001j -0.00398170-0.03456772j -0.00398170+0.03456772j 0.50152440-0.00000001j
33.35000000000054 0.49847562+0.00000001j -0.00440071-0.03421746j -0.00440071+0.03421746j 0.50152440-0.00000001j
33.400000000000546 0.49847562+0.00000001j -0.00481183-0.03386319j -0.00481183+0.03386319j 0.50152440-0.00000001j
33.45000000000055 0.49847562+0.00000001j -0.00521502-0.03350506j -0.00521502+0.03350506j 0.50152440-0.00000001j
33.50000000000055 0.49847562+0.00000001j -0.00561026-0.03314322j -0.00561025+0.03314322j 0.50152440-0.00000001j
33.55000000000055 0.49847562+0.00000001j -0.00599750-0.03277782j -0.00599750+0.03277782j 0.50152440-0.00000001j
33.600000000000556 0.49847562+0.00000001j -0.00637675-0.03240902j -0.00637675+0.03240902j 0.50152440-0.00000001j
33.65000000000055 0.49847562+0.00000001j -0.00674796-0.03203697j -0.00674796+0.03203696j 0.50152440-0.00000001j
33.70000000000055 0.49847562+0.00000001j -0.00711112-0.03166181j -0.00711112+0.03166181j 0.50152440-0.00000001j
33.750000000000554 0.49847562+0.00000001j -0.00746623-0.03128371j -0.00746623+0.03128371j 0.50152440-0.00000001j
33.80000000000056 0.49847562+0.00000001j -0.00781326-0.03090281j -0.00781326+0.03090281j 0.50152440-0.00000001j
33.850000000000556 0.49847562+0.00000001j -0.00815221-0.03051927j -0.00815221+0.03051926j 0.50152440-0.00000001j
33.90000000000056 0.49847562+0.00000001j -0.00848307-0.03013323j -0.00848307+0.03013323j 0.50152440-0.00000001j
33.950000000000564 0.49847562+0.00000001j -0.00880583-0.02974485j -0.00880583+0.02974485j 0.50152440-0.00000001j
34.000000000000554 0.49847562+0.00000001j -0.00912051-0.02935429j -0.00912051+0.02935428j 0.50152440-0.00000001j
34.05000000000056 0.49847562+0.00000001j -0.00942710-0.02896168j -0.00942710+0.02896167j 0.50152440-0.00000001j
34.10000000000056 0.49847562+0.00000001j -0.00972560-0.02856718j -0.00972560+0.02856717j 0.50152439-0.00000001j
34.15000000000056 0.49847562+0.00000001j -0.01001604-0.02817094j -0.01001604+0.02817093j 0.50152439-0.00000001j
34.200000000000564 0.49847562+0.00000001j -0.01029841-0.02777311j -0.01029841+0.02777310j 0.50152439-0.00000001j
34.25000000000057 0.49847562+0.00000001j -0.01057273-0.02737383j -0.01057273+0.02737382j 0.50152439-0.00000001j
34.300000000000566 0.49847562+0.00000001j -0.01083902-0.02697326j -0.01083902+0.02697325j 0.50152439-0.00000001j
34.35000000000057 0.49847562+0.00000001j -0.01109731-0.02657153j -0.01109731+0.02657152j 0.50152439-0.00000001j
34.40000000000057 0.49847562+0.00000001j -0.01134760-0.02616880j -0.01134761+0.02616879j 0.50152439-0.00000001j
34.45000000000057 0.49847562+0.00000001j -0.01158994-0.02576521j -0.01158994+0.02576520j 0.50152439-0.00000001j
34.50000000000057 0.49847562+0.00000001j -0.01182435-0.02536090j -0.01182435+0.02536089j 0.50152439-0.00000001j
34.55000000000057 0.49847562+0.00000001j -0.01205085-0.02495601j -0.01205085+0.02495600j 0.50152439-0.00000001j
34.60000000000058 0.49847562+0.00000001j -0.01226949-0.02455069j -0.01226949+0.02455068j 0.50152439-0.00000001j
34.650000000000574 0.49847562+0.00000001j -0.01248030-0.02414507j -0.01248030+0.02414506j 0.50152439-0.00000001j
34.70000000000058 0.49847562+0.00000001j -0.01268332-0.02373930j -0.01268332+0.02373928j 0.50152439-0.00000001j
34.750000000000576 0.49847562+0.00000001j -0.01287859-0.02333350j -0.01287860+0.02333349j 0.50152439-0.00000001j
34.80000000000058 0.49847562+0.00000001j -0.01306616-0.02292783j -0.01306616+0.02292781j 0.50152439-0.00000001j
34.85000000000058 0.49847562+0.00000001j -0.01324608-0.02252240j -0.01324608+0.02252239j 0.50152439-0.00000001j
34.90000000000058 0.49847562+0.00000001j -0.01341839-0.02211736j -0.01341839+0.02211734j 0.50152439-0.00000001j
34.950000000000585 0.49847562+0.00000001j -0.01358314-0.02171283j -0.01358314+0.02171282j 0.50152439-0.00000001j
35.00000000000058 0.49847562+0.00000001j -0.01374039-0.02130895j -0.01374039+0.02130893j 0.50152439-0.00000001j
35.05000000000059 0.49847562+0.00000001j -0.01389020-0.02090584j -0.01389020+0.02090583j 0.50152439-0.00000001j
35.10000000000059 0.49847562+0.00000001j -0.01403263-0.02050363j -0.01403263+0.02050361j 0.50152439-0.00000001j
35.15000000000059 0.49847562+0.00000001j -0.01416774-0.02010244j -0.01416774+0.02010243j 0.50152439-0.00000001j
35.200000000000585 0.49847562+0.00000001j -0.01429559-0.01970240j -0.01429559+0.01970239j 0.50152439-0.00000001j
35.25000000000059 0.49847562+0.00000001j -0.01441624-0.01930363j -0.01441624+0.01930362j 0.50152439-0.00000001j
35.300000000000594 0.49847562+0.00000001j -0.01452978-0.01890625j -0.01452978+0.01890623j 0.50152439-0.00000001j
35.35000000000059 0.49847562+0.00000001j -0.01463626-0.01851037j -0.01463626+0.01851035j 0.50152439-0.00000001j
35.400000000000595 0.49847562+0.00000001j -0.01473575-0.01811610j -0.01473575+0.01811609j 0.50152439-0.00000001j
35.4500000000006 0.49847562+0.00000001j -0.01482834-0.01772357j -0.01482834+0.01772356j 0.50152439-0.00000001j
35.50000000000059 0.49847562+0.00000001j -0.01491410-0.01733289j -0.01491410+0.01733287j 0.50152439-0.00000001j
35.550000000000594 0.49847562+0.00000001j -0.01499310-0.01694415j -0.01499310+0.01694413j 0.50152439-0.00000001j
35.6000000000006 0.49847562+0.00000001j -0.01506543-0.01655747j -0.01506543+0.01655746j 0.50152439-0.00000001j
35.650000000000595 0.49847562+0.00000001j -0.01513117-0.01617296j -0.01513117+0.01617294j 0.50152439-0.00000001j
35.7000000000006 0.49847562+0.00000001j -0.01519040-0.01579071j -0.01519040+0.01579069j 0.50152439-0.00000001j
35.750000000000604 0.49847562+0.00000001j -0.01524321-0.01541083j -0.01524320+0.01541081j 0.50152439-0.00000001j
35.8000000000006 0.49847562+0.00000001j -0.01528967-0.01503342j -0.01528967+0.01503340j 0.50152439-0.00000001j
35.850000000000605 0.49847562+0.00000001j -0.01532989-0.01465856j -0.01532989+0.01465854j 0.50152439-0.00000001j
35.9000000000006 0.49847562+0.00000001j -0.01536395-0.01428635j -0.01536394+0.01428633j 0.50152439-0.00000001j
35.95000000000061 0.49847562+0.00000001j -0.01539193-0.01391690j -0.01539193+0.01391687j 0.50152439-0.00000001j
36.000000000000604 0.49847562+0.00000001j -0.01541394-0.01355027j -0.01541394+0.01355025j 0.50152439-0.00000001j
36.05000000000061 0.49847562+0.00000001j -0.01543007-0.01318656j -0.01543006+0.01318654j 0.50152439-0.00000001j
36.10000000000061 0.49847562+0.00000001j -0.01544041-0.01282585j -0.01544040+0.01282583j 0.50152439-0.00000001j
36.15000000000061 0.49847562+0.00000001j -0.01544505-0.01246823j -0.01544504+0.01246821j 0.50152439-0.00000001j
36.200000000000614 0.49847562+0.00000001j -0.01544409-0.01211378j -0.01544409+0.01211375j 0.50152439-0.00000001j
36.25000000000061 0.49847562+0.00000001j -0.01543764-0.01176256j -0.01543764+0.01176254j 0.50152439-0.00000001j
36.300000000000615 0.49847562+0.00000001j -0.01542579-0.01141466j -0.01542578+0.01141463j 0.50152439-0.00000001j
36.35000000000061 0.49847562+0.00000001j -0.01540864-0.01107014j -0.01540863+0.01107012j 0.50152439-0.00000001j
36.40000000000062 0.49847562+0.00000001j -0.01538629-0.01072908j -0.01538628+0.01072905j 0.50152439-0.00000001j
36.45000000000062 0.49847562+0.00000001j -0.01535884-0.01039154j -0.01535883+0.01039151j 0.50152439-0.00000001j
36.50000000000062 0.49847562+0.00000001j -0.01532640-0.01005758j -0.01532639+0.01005756j 0.50152439-0.00000001j
36.55000000000062 0.49847562+0.00000001j -0.01528906-0.00972727j -0.01528905+0.00972725j 0.50152439-0.00000001j
36.60000000000063 0.49847562+0.00000001j -0.01524694-0.00940067j -0.01524693+0.00940065j 0.50152439-0.00000001j
36.650000000000624 0.49847562+0.00000001j -0.01520013-0.00907783j -0.01520012+0.00907781j 0.50152439-0.00000001j
36.70000000000062 0.49847562+0.00000001j -0.01514874-0.00875881j -0.01514873+0.00875879j 0.50152439-0.00000001j
36.750000000000625 0.49847562+0.00000001j -0.01509288-0.00844366j -0.01509287+0.00844364j 0.50152439-0.00000001j
36.80000000000063 0.49847562+0.00000001j -0.01503264-0.00813243j -0.01503263+0.00813240j 0.50152439-0.00000001j
36.85000000000063 0.49847562+0.00000001j -0.01496814-0.00782516j -0.01496813+0.00782513j 0.50152439-0.00000001j
36.90000000000063 0.49847562+0.00000001j -0.01489949-0.00752190j -0.01489947+0.00752187j 0.50152439-0.00000001j
36.950000000000635 0.49847562+0.00000001j -0.01482678-0.00722269j -0.01482676+0.00722266j 0.50152439-0.00000001j
37.000000000000625 0.49847562+0.00000001j -0.01475012-0.00692757j -0.01475011+0.00692754j 0.50152439-0.00000001j
37.05000000000063 0.49847562+0.00000001j -0.01466962-0.00663658j -0.01466961+0.00663655j 0.50152439-0.00000001j
37.100000000000634 0.49847562+0.00000001j -0.01458539-0.00634974j -0.01458538+0.00634972j 0.50152439-0.00000001j
37.15000000000063 0.49847562+0.00000001j -0.01449754-0.00606710j -0.01449752+0.00606708j 0.50152439-0.00000001j
37.200000000000635 0.49847562+0.00000001j -0.01440616-0.00578869j -0.01440614+0.00578866j 0.50152439-0.00000001j
37.25000000000064 0.49847562+0.00000001j -0.01431136-0.00551452j -0.01431135+0.00551450j 0.50152439-0.00000001j
37.30000000000064 0.49847562+0.00000001j -0.01421326-0.00524463j -0.01421324+0.00524460j 0.50152439-0.00000001j
37.35000000000064 0.49847562+0.00000001j -0.01411195-0.00497903j -0.01411193+0.00497901j 0.50152439-0.00000001j
37.40000000000064 0.49847562+0.00000001j -0.01400754-0.00471775j -0.01400752+0.00471772j 0.50152439-0.00000001j
37.45000000000064 0.49847562+0.00000001j -0.01390013-0.00446080j -0.01390011+0.00446078j 0.50152439-0.00000001j
37.50000000000064 0.49847562+0.00000001j -0.01378983-0.00420821j -0.01378981+0.00420818j 0.50152439-0.00000001j
37.550000000000644 0.49847562+0.00000001j -0.01367675-0.00395997j -0.01367673+0.00395995j 0.50152439-0.00000001j
37.60000000000065 0.49847562+0.00000001j -0.01356098-0.00371611j -0.01356096+0.00371609j 0.50152439-0.00000001j
37.650000000000645 0.49847562+0.00000001j -0.01344263-0.00347663j -0.01344261+0.00347661j 0.50152439-0.00000001j
37.70000000000065 0.49847562+0.00000001j -0.01332181-0.00324155j -0.01332178+0.00324152j 0.50152439-0.00000001j
37.750000000000654 0.49847562+0.00000001j -0.01319860-0.00301085j -0.01319857+0.00301083j 0.50152439-0.00000001j
37.80000000000065 0.49847562+0.00000001j -0.01307312-0.00278455j -0.01307309+0.00278453j 0.50152439-0.00000001j
37.85000000000065 0.49847562+0.00000001j -0.01294545-0.00256265j -0.01294543+0.00256263j 0.50152439-0.00000001j
37.90000000000065 0.49847562+0.00000001j -0.01281571-0.00234514j -0.01281569+0.00234512j 0.50152439-0.00000001j
37.95000000000066 0.49847562+0.00000001j -0.01268399-0.00213202j -0.01268397+0.00213200j 0.50152439-0.00000001j
38.000000000000654 0.49847562+0.00000001j -0.01255039-0.00192329j -0.01255036+0.00192327j 0.50152439-0.00000001j
38.05000000000066 0.49847562+0.00000001j -0.01241500-0.00171893j -0.01241497+0.00171891j 0.50152439-0.00000001j
38.10000000000066 0.49847562+0.00000001j -0.01227792-0.00151894j -0.01227789+0.00151892j 0.50152439-0.00000001j
38.15000000000066 0.49847562+0.00000001j -0.01213924-0.00132330j -0.01213921+0.00132328j 0.50152439-0.00000001j
38.20000000000066 0.49847562+0.00000001j -0.01199905-0.00113201j -0.01199902+0.00113199j 0.50152439-0.00000001j
38.25000000000066 0.49847562+0.00000001j -0.01185746-0.00094504j -0.01185743+0.00094502j 0.50152439-0.00000001j
38.300000000000665 0.49847562+0.00000001j -0.01171454-0.00076238j -0.01171451+0.00076237j 0.50152439-0.00000001j
38.35000000000066 0.49847562+0.00000001j -0.01157040-0.00058402j -0.01157036+0.00058400j 0.50152439-0.00000001j
38.40000000000067 0.49847562+0.00000001j -0.01142511-0.00040992j -0.01142507+0.00040991j 0.50152439-0.00000001j
38.45000000000067 0.49847562+0.00000001j -0.01127877-0.00024007j -0.01127873+0.00024006j 0.50152439-0.00000001j
38.50000000000067 0.49847562+0.00000001j -0.01113146-0.00007445j -0.01113142+0.00007444j 0.50152439-0.00000001j
38.550000000000665 0.49847562+0.00000001j -0.01098327+0.00008697j -0.01098323-0.00008698j 0.50152439-0.00000001j
38.60000000000067 0.49847562+0.00000001j -0.01083428+0.00024422j -0.01083424-0.00024423j 0.50152439-0.00000001j
38.65000000000067 0.49847562+0.00000001j -0.01068457+0.00039732j -0.01068453-0.00039733j 0.50152439-0.00000001j
38.70000000000067 0.49847562+0.00000001j -0.01053423+0.00054631j -0.01053418-0.00054632j 0.50152439-0.00000001j
38.750000000000675 0.49847562+0.00000001j -0.01038333+0.00069121j -0.01038329-0.00069123j 0.50152439-0.00000001j
38.80000000000068 0.49847562+0.00000001j -0.01023195+0.00083207j -0.01023191-0.00083208j 0.50152439-0.00000001j
38.850000000000676 0.49847562+0.00000001j -0.01008018+0.00096890j -0.01008013-0.00096891j 0.50152439-0.00000001j
38.900000000000674 0.49847562+0.00000001j -0.00992808+0.00110175j -0.00992803-0.00110176j 0.50152439-0.00000001j
38.95000000000068 0.49847562+0.00000001j -0.00977573+0.00123065j -0.00977568-0.00123066j 0.50152439-0.00000001j
39.000000000000675 0.49847562+0.00000001j -0.00962320+0.00135564j -0.00962315-0.00135565j 0.50152439-0.00000001j
39.05000000000068 0.49847562+0.00000001j -0.00947057+0.00147676j -0.00947052-0.00147677j 0.50152439-0.00000001j
39.10000000000068 0.49847562+0.00000001j -0.00931790+0.00159405j -0.00931785-0.00159405j 0.50152439-0.00000001j
39.15000000000068 0.49847562+0.00000001j -0.00916526+0.00170754j -0.00916521-0.00170755j 0.50152439-0.00000001j
39.200000000000685 0.49847562+0.00000001j -0.00901272+0.00181729j -0.00901267-0.00181729j 0.50152439-0.00000001j
39.25000000000069 0.49847562+0.00000001j -0.00886034+0.00192332j -0.00886029-0.00192332j 0.50152439-0.00000001j
39.300000000000686 0.49847562+0.00000001j -0.00870819+0.00202569j -0.00870814-0.00202569j 0.50152439-0.00000001j
39.35000000000068 0.49847562+0.00000001j -0.00855633+0.00212444j -0.00855628-0.00212444j 0.50152439-0.00000001j
39.40000000000069 0.49847562+0.00000001j -0.00840483+0.00221962j -0.00840477-0.00221962j 0.50152439-0.00000001j
39.45000000000069 0.49847562+0.00000001j -0.00825373+0.00231126j -0.00825367-0.00231126j 0.50152439-0.00000001j
39.50000000000069 0.49847562+0.00000001j -0.00810310+0.00239942j -0.00810304-0.00239942j 0.50152439-0.00000001j
39.55000000000069 0.49847562+0.00000001j -0.00795299+0.00248414j -0.00795293-0.00248414j 0.50152439-0.00000001j
39.6000000000007 0.49847562+0.00000001j -0.00780346+0.00256548j -0.00780340-0.00256547j 0.50152439-0.00000001j
39.650000000000695 0.49847562+0.00000001j -0.00765457+0.00264347j -0.00765451-0.00264347j 0.50152439-0.00000001j
39.70000000000069 0.49847562+0.00000001j -0.00750635+0.00271818j -0.00750629-0.00271817j 0.50152439-0.00000001j
39.750000000000696 0.49847562+0.00000001j -0.00735887+0.00278964j -0.00735881-0.00278963j 0.50152439-0.00000001j
39.8000000000007 0.49847562+0.00000001j -0.00721217+0.00285791j -0.00721211-0.00285790j 0.50152439-0.00000001j
39.8500000000007 0.49847562+0.00000001j -0.00706630+0.00292304j -0.00706623-0.00292303j 0.50152439-0.00000001j
39.9000000000007 0.49847562+0.00000001j -0.00692130+0.00298508j -0.00692123-0.00298506j 0.50152439-0.00000001j
39.950000000000706 0.49847562+0.00000001j -0.00677722+0.00304408j -0.00677715-0.00304406j 0.50152439-0.00000001j
