# vmf_atol: 1e-07 | ps2_atol: 1e-07 | ps2_ratio: 2.0 | ode_method: dopri5 | ode_atol: 1e-07 | ode_rtol: 1e-05 | vmf_reg_method: extend | vmf_reg_type: ip | cache_svd_info: True
# frame = {Node('[H]0'): [End('[H]i'), End('[H]j'), Node('[H]7')], Node('[H]7'): [Node('[H]0'), Node('[H]6'), Node('[H]5')], Node('[H]6'): [Node('[H]7'), Node('[H]2'), Node('[H]1')], Node('[H]5'): [Node('[H]7'), Node('[H]4'), Node('[H]3')], Node('[H]2'): [Node('[H]6'), End('[H]0-2'), End('[H]0-3')], Node('[H]1'): [Node('[H]6'), End('[H]0-0'), End('[H]0-1')], Node('[H]4'): [Node('[H]5'), End('[H]1-2'), End('[H]1-3')], Node('[H]3'): [Node('[H]5'), End('[H]1-0'), End('[H]1-1')]}
# time ode_steps max_rank tr norm
# # ([H]0)-([H]7) ([H]7)-([H]5) ([H]5)-([H]3) ([H]5)-([H]4) ([H]7)-([H]6) ([H]6)-([H]1) ([H]6)-([H]2)
0.0 0 3 1.0 1.0 10893
# 3 3 3 3 3 3 3
1.0 364 16 0.9991800502472946 1.0036410170995866 49212
# 4 3 14 6 8 16 16
2.0 364 60 0.999180120654093 1.0159094876913084 251104
# 4 60 30 26 58 36 36
3.0 68 60 0.9991801206533749 1.0372772261380052 251104
# 4 60 30 26 58 36 36
4.0 56 60 0.999180120653125 1.0662205152229272 251104
# 4 60 30 26 58 36 36
5.000000000000001 50 60 0.9991801206531123 1.1011874026761896 251104
# 4 60 30 26 58 36 36
6.0 50 60 0.9991801206543831 1.1406746360284499 251104
# 4 60 30 26 58 36 36
7.000000000000001 44 60 0.9991801206558184 1.1831929891191246 251104
# 4 60 30 26 58 36 36
8.0 44 60 0.9991801206605574 1.2272267226891609 251104
# 4 60 30 26 58 36 36
9.0 44 60 0.9991801206526496 1.2712679621739384 251104
# 4 60 30 26 58 36 36
10.000000000000002 38 60 0.9991801206291073 1.3139396530104346 251104
# 4 60 30 26 58 36 36
11.0 38 60 0.999180120383238 1.3541677954086198 251104
# 4 60 30 26 58 36 36
12.0 38 60 0.9991801195947809 1.3913463525248253 251104
# 4 60 30 26 58 36 36
13.000000000000002 32 60 0.999180120071705 1.4254448223138614 251104
# 4 60 30 26 58 36 36
14.000000000000002 32 60 0.9991801264350488 1.457023544342559 251104
# 4 60 30 26 58 36 36
15.000000000000002 32 60 0.999180140209572 1.4871394127513544 251104
# 4 60 30 26 58 36 36
16.0 32 60 0.9991801583531945 1.5171449832464778 251104
# 4 60 30 26 58 36 36
17.0 32 60 0.9991801805512082 1.5484065106241405 251104
# 4 60 30 26 58 36 36
18.0 26 60 0.9991802150554494 1.5819871187362633 251104
# 4 60 30 26 58 36 36
19.000000000000004 26 60 0.9991802664711545 1.6183537274434256 251104
# 4 60 30 26 58 36 36
20.000000000000004 26 60 0.9991803302650419 1.6571655579768179 251104
# 4 60 30 26 58 36 36
21.000000000000004 26 60 0.9991804042279306 1.6971878398280908 251104
# 4 60 30 26 58 36 36
22.0 26 60 0.9991804598540918 1.7363518815020216 251104
# 4 60 30 26 58 36 36
23.0 26 60 0.9991804595918873 1.7719588174636405 251104
# 4 60 30 26 58 36 36
24.0 26 60 0.9991803886874702 1.8010031461364406 251104
# 4 60 30 26 58 36 36
25.000000000000004 26 60 0.9991802442570328 1.8205738000301972 251104
# 4 60 30 26 58 36 36
26.000000000000004 26 60 0.9991800310283458 1.8282744291472326 251104
# 4 60 30 26 58 36 36
27.000000000000004 26 60 0.9991797681478929 1.8225937420245977 251104
# 4 60 30 26 58 36 36
28.000000000000004 26 60 0.9991795212461694 1.8031577079689556 251104
# 4 60 30 26 58 36 36
29.000000000000004 26 60 0.9991793494571359 1.7708134516791025 251104
# 4 60 30 26 58 36 36
30.000000000000004 26 60 0.9991792594319264 1.727528374017352 251104
# 4 60 30 26 58 36 36
31.000000000000004 26 60 0.9991792239145086 1.676128190926857 251104
# 4 60 30 26 58 36 36
32.0 26 60 0.9991792018654857 1.6199310530720954 251104
# 4 60 30 26 58 36 36
33.0 26 60 0.9991791525298399 1.5623512565180948 251104
# 4 60 30 26 58 36 36
34.0 26 60 0.9991790276351296 1.5065423167972372 251104
# 4 60 30 26 58 36 36
35.0 26 60 0.9991787639120556 1.455130514598492 251104
# 4 60 30 26 58 36 36
36.0 26 60 0.9991783183768974 1.41006524199459 251104
# 4 60 30 26 58 36 36
37.0 26 60 0.9991777019508163 1.3725886179361786 251104
# 4 60 30 26 58 36 36
38.00000000000001 26 60 0.9991770032342266 1.3433069362242895 251104
# 4 60 30 26 58 36 36
39.00000000000001 26 60 0.9991763863869649 1.3223315218370935 251104
# 4 60 30 26 58 36 36
40.00000000000001 26 60 0.9991759693883497 1.3094477765484598 251104
# 4 60 30 26 58 36 36
41.00000000000001 26 60 0.999175709682185 1.3042702451401889 251104
# 4 60 30 26 58 36 36
42.00000000000001 26 60 0.9991754659771221 1.30634899075463 251104
# 4 60 30 26 58 36 36
43.00000000000001 26 60 0.9991751241239752 1.3152070253757822 251104
# 4 60 30 26 58 36 36
44.0 26 60 0.9991746799166128 1.3303064789291317 251104
# 4 60 30 26 58 36 36
44.99999999999999 26 60 0.9991742555627248 1.3509583567118832 251104
# 4 60 30 26 58 36 36
45.99999999999999 26 60 0.9991739472370098 1.3762041221005579 251104
# 4 60 30 26 58 36 36
46.99999999999999 26 60 0.9991737438567858 1.4047058343068257 251104
# 4 60 30 26 58 36 36
47.999999999999986 26 60 0.999173576526236 1.4346841057279627 251104
# 4 60 30 26 58 36 36
48.99999999999998 26 60 0.9991732880925233 1.4639386987228828 251104
# 4 60 30 26 58 36 36
49.99999999999997 26 60 0.9991727920707232 1.4899739221798958 251104
# 4 60 30 26 58 36 36
50.999999999999964 26 60 0.9991721518782597 1.5102273017827699 251104
# 4 60 30 26 58 36 36
51.999999999999964 26 60 0.9991714873000535 1.5223705354831871 251104
# 4 60 30 26 58 36 36
52.99999999999996 26 60 0.9991708930230181 1.5246279739208852 251104
# 4 60 30 26 58 36 36
53.999999999999964 26 60 0.9991703610204317 1.5160476159981822 251104
# 4 60 30 26 58 36 36
54.99999999999996 26 60 0.9991697982909065 1.4966661742563625 251104
# 4 60 30 26 58 36 36
55.99999999999995 26 60 0.9991692318195804 1.4675321551506415 251104
# 4 60 30 26 58 36 36
56.99999999999994 26 60 0.9991688398480605 1.4305834831152346 251104
# 4 60 30 26 58 36 36
57.999999999999936 26 60 0.9991687087636327 1.388408685854191 251104
# 4 60 30 26 58 36 36
58.999999999999936 26 60 0.9991687632285728 1.343941104242651 251104
# 4 60 30 26 58 36 36
59.99999999999993 26 60 0.9991688555707176 1.300140049886844 251104
# 4 60 30 26 58 36 36
60.99999999999992 26 60 0.9991688286505401 1.2597062075990066 251104
# 4 60 30 26 58 36 36
61.999999999999915 26 60 0.9991686049553758 1.2248669169704156 251104
# 4 60 30 26 58 36 36
62.99999999999991 32 60 0.9991682494230508 1.1972527151650545 251104
# 4 60 30 26 58 36 36
63.999999999999915 32 60 0.999167894937778 1.1778697787341397 251104
# 4 60 30 26 58 36 36
64.99999999999991 32 60 0.9991676881374816 1.1671552226577613 251104
# 4 60 30 26 58 36 36
65.9999999999999 32 60 0.9991677107371996 1.1650876586923806 251104
# 4 60 30 26 58 36 36
66.9999999999999 32 60 0.9991678673932675 1.171318087031712 251104
# 4 60 30 26 58 36 36
67.9999999999999 32 60 0.9991679874918117 1.1852874316794701 251104
# 4 60 30 26 58 36 36
68.99999999999989 32 60 0.9991680137930857 1.2063057410618834 251104
# 4 60 30 26 58 36 36
69.99999999999989 32 60 0.9991679885044541 1.2335818078118082 251104
# 4 60 30 26 58 36 36
70.99999999999987 32 60 0.9991679719111453 1.2662063445156937 251104
# 4 60 30 26 58 36 36
71.99999999999987 32 60 0.9991679753546685 1.3031028921109606 251104
# 4 60 30 26 58 36 36
72.99999999999987 32 60 0.9991679644818275 1.342967212625245 251104
# 4 60 30 26 58 36 36
73.99999999999987 32 60 0.9991678868377947 1.3842192065624357 251104
# 4 60 30 26 58 36 36
74.99999999999987 32 60 0.9991677001328638 1.424992025214011 251104
# 4 60 30 26 58 36 36
75.99999999999986 32 60 0.9991673831673291 1.4631799029695889 251104
# 4 60 30 26 58 36 36
76.99999999999986 32 60 0.9991669389031523 1.4965570639551469 251104
# 4 60 30 26 58 36 36
77.99999999999984 32 60 0.9991664321588289 1.5229638972287434 251104
# 4 60 30 26 58 36 36
78.99999999999984 32 60 0.9991659491040024 1.5405369559887585 251104
# 4 60 30 26 58 36 36
79.99999999999984 32 60 0.9991655413766326 1.5479429727149983 251104
# 4 60 30 26 58 36 36
80.99999999999983 32 60 0.9991652180674933 1.5445704892764343 251104
# 4 60 30 26 58 36 36
81.99999999999983 32 60 0.9991650254410842 1.5306388556243455 251104
# 4 60 30 26 58 36 36
82.99999999999983 32 60 0.9991650404125031 1.507201330342754 251104
# 4 60 30 26 58 36 36
83.99999999999983 32 60 0.999165194561766 1.476041719137673 251104
# 4 60 30 26 58 36 36
84.99999999999982 32 60 0.999165320911291 1.4394856614794134 251104
# 4 60 30 26 58 36 36
85.99999999999983 32 60 0.9991653647053708 1.400161948681002 251104
# 4 60 30 26 58 36 36
86.99999999999983 32 60 0.999165365959304 1.3607536625347358 251104
# 4 60 30 26 58 36 36
87.99999999999984 32 60 0.9991653485187777 1.3237751351415563 251104
# 4 60 30 26 58 36 36
88.99999999999984 32 60 0.9991653168442471 1.29140063298521 251104
# 4 60 30 26 58 36 36
89.99999999999984 32 60 0.9991652779460024 1.2653564255824132 251104
# 4 60 30 26 58 36 36
90.99999999999986 32 60 0.9991652289400461 1.2468741650648196 251104
# 4 60 30 26 58 36 36
91.99999999999984 32 60 0.9991651586337156 1.2366944900800099 251104
# 4 60 30 26 58 36 36
92.99999999999986 32 60 0.9991650824213905 1.2351057162021335 251104
# 4 60 30 26 58 36 36
93.99999999999986 32 60 0.9991650473561511 1.2420016099418 251104
# 4 60 30 26 58 36 36
94.99999999999986 32 60 0.9991651042770644 1.2569433906619167 251104
# 4 60 30 26 58 36 36
95.99999999999987 32 60 0.9991652637430823 1.2792137731112938 251104
# 4 60 30 26 58 36 36
96.99999999999987 32 60 0.9991654571789489 1.3078551770066142 251104
# 4 60 30 26 58 36 36
97.99999999999989 32 60 0.9991655851744963 1.3416900041126514 251104
# 4 60 30 26 58 36 36
98.99999999999989 32 60 0.9991656390214603 1.3793273535139166 251104
# 4 60 30 26 58 36 36
99.9999999999999 32 60 0.999165644721414 1.4191664734530116 251104
# 4 60 30 26 58 36 36
100.9999999999999 32 60 0.9991655903741179 1.4594105435751168 251104
# 4 60 30 26 58 36 36
101.99999999999991 32 60 0.999165450031066 1.4981044386937379 251104
# 4 60 30 26 58 36 36
102.9999999999999 32 60 0.9991652201576824 1.5332079138658123 251104
# 4 60 30 26 58 36 36
103.9999999999999 32 60 0.9991649113952473 1.5627105980909446 251104
# 4 60 30 26 58 36 36
104.99999999999991 32 60 0.9991645648290344 1.5847854641805055 251104
# 4 60 30 26 58 36 36
105.99999999999991 32 60 0.9991642367786541 1.5979639017384688 251104
# 4 60 30 26 58 36 36
106.99999999999993 32 60 0.9991639524288398 1.6013038603436311 251104
# 4 60 30 26 58 36 36
107.99999999999993 32 60 0.9991637333853132 1.5945187678378878 251104
# 4 60 30 26 58 36 36
108.99999999999994 32 60 0.9991636128057814 1.5780402145022314 251104
# 4 60 30 26 58 36 36
109.99999999999993 32 60 0.999163576598077 1.5529994289065476 251104
# 4 60 30 26 58 36 36
110.99999999999994 32 60 0.9991635843748418 1.5211282762971248 251104
# 4 60 30 26 58 36 36
111.99999999999994 32 60 0.9991636199880791 1.4845962658622571 251104
# 4 60 30 26 58 36 36
112.99999999999996 32 60 0.9991637174632377 1.445811689817145 251104
# 4 60 30 26 58 36 36
113.99999999999996 32 60 0.9991639133752971 1.407219004203911 251104
# 4 60 30 26 58 36 36
114.99999999999997 38 60 0.9991641681638799 1.371120117503767 251104
# 4 60 30 26 58 36 36
115.99999999999997 38 60 0.9991643789288674 1.3395368565640893 251104
# 4 60 30 26 58 36 36
116.99999999999999 38 60 0.9991644864708691 1.3141200262344666 251104
# 4 60 30 26 58 36 36
117.99999999999997 38 60 0.9991645146041773 1.2961012452283942 251104
# 4 60 30 26 58 36 36
119.0 38 60 0.9991645220344434 1.2862787713146933 251104
# 4 60 30 26 58 36 36
119.99999999999999 38 60 0.9991645461678631 1.2850272861359455 251104
# 4 60 30 26 58 36 36
121.0 38 60 0.999164594788276 1.292322589687982 251104
# 4 60 30 26 58 36 36
122.0 32 60 0.9991646481788707 1.3077738197801756 251104
# 4 60 30 26 58 36 36
123.00000000000001 32 60 0.9991646783142439 1.3306574132026026 251104
# 4 60 30 26 58 36 36
124.00000000000001 32 60 0.9991646799846254 1.359948981659115 251104
# 4 60 30 26 58 36 36
125.00000000000003 32 60 0.9991646761285862 1.39435241649651 251104
# 4 60 30 26 58 36 36
126.00000000000001 32 60 0.9991646844077877 1.432329332071655 251104
# 4 60 30 26 58 36 36
127.00000000000004 32 60 0.9991647033460078 1.4721348021815441 251104
# 4 60 30 26 58 36 36
128.00000000000003 32 60 0.9991647281742408 1.5118664101061987 251104
# 4 60 30 26 58 36 36
129.00000000000003 32 60 0.9991647423346922 1.5495333554357045 251104
# 4 60 30 26 58 36 36
130.00000000000003 32 60 0.99916471628007 1.5831506097900805 251104
# 4 60 30 26 58 36 36
131.00000000000003 32 60 0.999164635571917 1.61085864755606 251104
# 4 60 30 26 58 36 36
132.00000000000006 32 60 0.9991645179073938 1.6310618472043068 251104
# 4 60 30 26 58 36 36
133.00000000000006 32 60 0.999164395743485 1.6425702823758586 251104
# 4 60 30 26 58 36 36
134.00000000000006 32 60 0.9991642598726564 1.6447236178797462 251104
# 4 60 30 26 58 36 36
135.00000000000006 32 60 0.9991640744336879 1.6374747429136118 251104
# 4 60 30 26 58 36 36
136.00000000000009 38 60 0.9991638756251026 1.6214152576555563 251104
# 4 60 30 26 58 36 36
137.00000000000006 38 60 0.9991637488747528 1.597734374579012 251104
# 4 60 30 26 58 36 36
138.00000000000009 38 60 0.9991637291826272 1.5681154349591377 251104
# 4 60 30 26 58 36 36
139.00000000000009 38 60 0.9991637992793575 1.5345864723676028 251104
# 4 60 30 26 58 36 36
140.00000000000009 38 60 0.9991639364616727 1.4993489166791598 251104
# 4 60 30 26 58 36 36
141.00000000000009 38 60 0.9991640991494185 1.4646096138566669 251104
# 4 60 30 26 58 36 36
142.0000000000001 38 60 0.9991642289474469 1.4324363641778637 251104
# 4 60 30 26 58 36 36
143.0000000000001 38 60 0.9991642702733727 1.4046482511551237 251104
# 4 60 30 26 58 36 36
144.0000000000001 38 60 0.9991642022240632 1.382742424934868 251104
# 4 60 30 26 58 36 36
145.0000000000001 38 60 0.9991640676107887 1.3678522466287324 251104
# 4 60 30 26 58 36 36
146.0000000000001 38 60 0.9991639448975198 1.3607292452621467 251104
# 4 60 30 26 58 36 36
147.0000000000001 38 60 0.9991639032405908 1.3617418374571453 251104
# 4 60 30 26 58 36 36
148.00000000000014 38 60 0.9991639702452213 1.370884992235895 251104
# 4 60 30 26 58 36 36
149.00000000000014 38 60 0.9991640957978064 1.3877959840714391 251104
# 4 60 30 26 58 36 36
150.00000000000014 38 60 0.9991642007059087 1.4117728569104215 251104
# 4 60 30 26 58 36 36
151.00000000000014 38 60 0.999164251938464 1.441795197907526 251104
# 4 60 30 26 58 36 36
152.00000000000017 38 60 0.9991642573195794 1.4765501094053757 251104
# 4 60 30 26 58 36 36
153.00000000000014 38 60 0.9991642359190301 1.514467744714713 251104
# 4 60 30 26 58 36 36
154.00000000000014 38 60 0.999164210609885 1.553770511315498 251104
# 4 60 30 26 58 36 36
155.00000000000017 38 60 0.9991642067776323 1.5925397657437035 251104
# 4 60 30 26 58 36 36
156.00000000000017 38 60 0.999164225226592 1.6288033265979853 251104
# 4 60 30 26 58 36 36
157.00000000000017 38 60 0.9991642196013162 1.6606444121945863 251104
# 4 60 30 26 58 36 36
158.00000000000017 38 60 0.9991641259382 1.6863272983323512 251104
# 4 60 30 26 58 36 36
159.0000000000002 38 60 0.9991639161547502 1.7044291339938655 251104
# 4 60 30 26 58 36 36
160.00000000000017 38 60 0.9991636092497529 1.7139628461194505 251104
# 4 60 30 26 58 36 36
161.0000000000002 38 60 0.9991632542954951 1.714473606833558 251104
# 4 60 30 26 58 36 36
162.0000000000002 38 60 0.999162906192486 1.7060920415310128 251104
# 4 60 30 26 58 36 36
163.0000000000002 38 60 0.9991626069169788 1.6895326482714632 251104
# 4 60 30 26 58 36 36
164.0000000000002 38 60 0.9991623787997148 1.666035132534573 251104
# 4 60 30 26 58 36 36
165.00000000000023 38 60 0.9991622377268838 1.6372565501091156 251104
# 4 60 30 26 58 36 36
166.00000000000023 38 60 0.9991621960235922 1.6051304333616885 251104
# 4 60 30 26 58 36 36
167.00000000000023 38 60 0.9991622412040067 1.5717137133915298 251104
# 4 60 30 26 58 36 36
168.00000000000023 38 60 0.999162336227741 1.5390419019157973 251104
# 4 60 30 26 58 36 36
169.00000000000023 38 60 0.9991624489763271 1.5090076950726499 251104
# 4 60 30 26 58 36 36
170.00000000000023 38 60 0.999162556276262 1.483270202897928 251104
# 4 60 30 26 58 36 36
171.00000000000026 38 60 0.9991626501291331 1.4631945776610893 251104
# 4 60 30 26 58 36 36
172.00000000000026 38 60 0.9991627430964591 1.4498171710242724 251104
# 4 60 30 26 58 36 36
173.00000000000026 38 60 0.999162851768611 1.4438297002459026 251104
# 4 60 30 26 58 36 36
174.00000000000026 38 60 0.9991629890668279 1.4455757761290908 251104
# 4 60 30 26 58 36 36
175.00000000000028 38 60 0.9991631693692927 1.455053749911075 251104
# 4 60 30 26 58 36 36
176.00000000000026 38 60 0.9991633886099245 1.4719219089378521 251104
# 4 60 30 26 58 36 36
177.00000000000028 38 60 0.9991636237954745 1.4955056395651343 251104
# 4 60 30 26 58 36 36
178.00000000000028 38 60 0.9991638508969545 1.5248095698096427 251104
# 4 60 30 26 58 36 36
179.00000000000028 38 60 0.999164040002064 1.5585394306290958 251104
# 4 60 30 26 58 36 36
180.00000000000028 38 60 0.9991641574198178 1.5951385456265135 251104
# 4 60 30 26 58 36 36
181.00000000000028 38 60 0.9991641994531548 1.632843095950633 251104
# 4 60 30 26 58 36 36
182.0000000000003 38 60 0.9991641891015673 1.6697587870929858 251104
# 4 60 30 26 58 36 36
183.00000000000028 38 60 0.9991641438208336 1.7039592059426474 251104
# 4 60 30 26 58 36 36
184.0000000000003 38 60 0.9991640686156473 1.7336027963322571 251104
# 4 60 30 26 58 36 36
185.0000000000003 38 60 0.9991639524689611 1.7570609194423323 251104
# 4 60 30 26 58 36 36
186.0000000000003 38 60 0.9991637770249305 1.7730447682104153 251104
# 4 60 30 26 58 36 36
187.0000000000003 38 60 0.9991635449000404 1.780715672715136 251104
# 4 60 30 26 58 36 36
188.00000000000034 38 60 0.9991632954815042 1.779762987035872 251104
# 4 60 30 26 58 36 36
189.00000000000034 38 60 0.9991630793383058 1.7704368018502727 251104
# 4 60 30 26 58 36 36
190.00000000000034 38 60 0.9991629147421595 1.7535288969506375 251104
# 4 60 30 26 58 36 36
191.00000000000034 38 60 0.9991628039563115 1.730303501872298 251104
# 4 60 30 26 58 36 36
192.00000000000034 38 60 0.9991627584531075 1.702387445001765 251104
# 4 60 30 26 58 36 36
193.00000000000034 38 60 0.9991627650746158 1.6716351293243903 251104
# 4 60 30 26 58 36 36
194.00000000000037 38 60 0.9991627815824726 1.6399866800520524 251104
# 4 60 30 26 58 36 36
195.00000000000037 38 60 0.9991627962938547 1.6093370166032743 251104
# 4 60 30 26 58 36 36
196.00000000000037 38 60 0.9991628513012281 1.5814289035289955 251104
# 4 60 30 26 58 36 36
197.00000000000037 38 60 0.9991629808296448 1.5577755015942891 251104
# 4 60 30 26 58 36 36
198.0000000000004 38 60 0.999163155254213 1.5396109496901687 251104
# 4 60 30 26 58 36 36
199.00000000000037 38 60 0.9991633115155072 1.5278634648798342 251104
# 4 60 30 26 58 36 36
200.00000000000037 38 60 0.9991634282142376 1.5231440586547107 251104
# 4 60 30 26 58 36 36
201.00000000000043 38 60 0.9991635355231288 1.5257441271031054 251104
# 4 60 30 26 58 36 36
202.0000000000004 38 60 0.9991636580329271 1.5356365114862391 251104
# 4 60 30 26 58 36 36
203.0000000000004 38 60 0.9991637876160533 1.5524771089292055 251104
# 4 60 30 26 58 36 36
204.0000000000004 38 60 0.999163896025642 1.5756074497935837 251104
# 4 60 30 26 58 36 36
205.0000000000004 38 60 0.9991639550945963 1.6040619677336783 251104
# 4 60 30 26 58 36 36
206.00000000000043 38 60 0.9991639654962023 1.6365856456456187 251104
# 4 60 30 26 58 36 36
207.00000000000043 38 60 0.9991639581060395 1.6716678791628075 251104
# 4 60 30 26 58 36 36
208.00000000000043 38 60 0.9991639583547348 1.7075974220981247 251104
# 4 60 30 26 58 36 36
209.00000000000043 38 60 0.9991639586871104 1.7425413625896193 251104
# 4 60 30 26 58 36 36
210.00000000000045 38 60 0.9991639220067192 1.7746475620638027 251104
# 4 60 30 26 58 36 36
211.00000000000045 38 60 0.99916381291583 1.8021649158483044 251104
# 4 60 30 26 58 36 36
212.00000000000043 38 60 0.9991636374896551 1.8235708502204349 251104
# 4 60 30 26 58 36 36
213.00000000000043 38 60 0.9991634396348461 1.8376924090334643 251104
# 4 60 30 26 58 36 36
214.00000000000048 38 60 0.9991632508648264 1.8438063826357505 251104
# 4 60 30 26 58 36 36
215.00000000000045 38 60 0.9991630865056855 1.8417048590556053 251104
# 4 60 30 26 58 36 36
216.00000000000045 38 60 0.9991629743718075 1.8317157778225173 251104
# 4 60 30 26 58 36 36
217.00000000000045 38 60 0.9991629316401616 1.8146740454257841 251104
# 4 60 30 26 58 36 36
218.00000000000048 38 60 0.9991629400801878 1.7918464708074937 251104
# 4 60 30 26 58 36 36
219.00000000000048 38 60 0.9991629847373293 1.764821066926028 251104
# 4 60 30 26 58 36 36
220.00000000000048 38 60 0.9991630641897222 1.7353764228680684 251104
# 4 60 30 26 58 36 36
221.00000000000048 38 60 0.9991631368061846 1.705348781848384 251104
# 4 60 30 26 58 36 36
222.0000000000005 38 60 0.9991631420511291 1.6765124518819188 251104
# 4 60 30 26 58 36 36
223.0000000000005 38 60 0.9991630802759506 1.650483788603559 251104
# 4 60 30 26 58 36 36
224.0000000000005 38 60 0.9991630147645658 1.6286525298483059 251104
# 4 60 30 26 58 36 36
225.0000000000005 38 60 0.9991629892944475 1.6121390317442457 251104
# 4 60 30 26 58 36 36
226.00000000000054 38 60 0.9991630021804461 1.601772597332974 251104
# 4 60 30 26 58 36 36
227.00000000000054 38 60 0.9991630443848939 1.5980842714813845 251104
# 4 60 30 26 58 36 36
228.00000000000054 38 60 0.9991631094377229 1.6013071258126796 251104
# 4 60 30 26 58 36 36
229.0000000000005 38 60 0.9991631825571128 1.6113784142886964 251104
# 4 60 30 26 58 36 36
230.0000000000005 38 60 0.9991632485773441 1.6279408761946779 251104
# 4 60 30 26 58 36 36
231.00000000000054 38 60 0.9991633008841445 1.6503440882794742 251104
# 4 60 30 26 58 36 36
232.00000000000054 38 60 0.9991633427203276 1.6776499654802266 251104
# 4 60 30 26 58 36 36
233.00000000000054 38 60 0.9991633825221692 1.7086483957900076 251104
# 4 60 30 26 58 36 36
234.00000000000054 38 60 0.9991634203003086 1.7418893380775495 251104
# 4 60 30 26 58 36 36
235.00000000000057 38 60 0.9991634454846813 1.7757365130140899 251104
# 4 60 30 26 58 36 36
236.00000000000057 38 60 0.9991634456406691 1.80844509753066 251104
# 4 60 30 26 58 36 36
237.00000000000057 38 60 0.9991634128515912 1.8382619085570242 251104
# 4 60 30 26 58 36 36
238.00000000000057 38 60 0.9991633501486956 1.8635420522169999 251104
# 4 60 30 26 58 36 36
239.0000000000006 38 60 0.9991632848417158 1.8828716851634004 251104
# 4 60 30 26 58 36 36
240.0000000000006 38 60 0.9991632575249006 1.8951832724148956 251104
# 4 60 30 26 58 36 36
241.0000000000006 38 60 0.9991632854763044 1.8998484565014344 251104
# 4 60 30 26 58 36 36
242.00000000000057 38 60 0.9991633498662853 1.8967351253298725 251104
# 4 60 30 26 58 36 36
243.00000000000063 38 60 0.9991634238027918 1.8862197069930242 251104
# 4 60 30 26 58 36 36
244.00000000000063 38 60 0.999163496444246 1.8691523676213224 251104
# 4 60 30 26 58 36 36
245.0000000000006 38 60 0.9991635694133388 1.8467800305323523 251104
# 4 60 30 26 58 36 36
246.0000000000006 38 60 0.9991636451091523 1.820638331842092 251104
# 4 60 30 26 58 36 36
247.00000000000065 38 60 0.9991637250842682 1.7924275518093655 251104
# 4 60 30 26 58 36 36
248.00000000000063 38 60 0.999163809844905 1.7638883416798075 251104
# 4 60 30 26 58 36 36
249.00000000000063 38 60 0.9991638946852393 1.7366905420112213 251104
# 4 60 30 26 58 36 36
250.00000000000063 38 60 0.9991639731336817 1.712343741962901 251104
# 4 60 30 26 58 36 36
251.00000000000065 38 60 0.9991640365753053 1.6921333237364782 251104
# 4 60 30 26 58 36 36
252.00000000000065 38 60 0.9991640797580232 1.6770814772002036 251104
# 4 60 30 26 58 36 36
253.00000000000065 38 60 0.999164110396479 1.667929037955041 251104
# 4 60 30 26 58 36 36
254.00000000000065 38 60 0.999164146277269 1.6651314615188864 251104
# 4 60 30 26 58 36 36
255.00000000000063 38 60 0.9991641983690596 1.668861742846346 251104
# 4 60 30 26 58 36 36
256.0000000000007 38 60 0.9991642574052466 1.6790147756331886 251104
# 4 60 30 26 58 36 36
257.0000000000007 38 60 0.999164310087602 1.6952106729342777 251104
# 4 60 30 26 58 36 36
258.0000000000007 38 60 0.9991643622539739 1.7167979192985952 251104
# 4 60 30 26 58 36 36
259.0000000000007 38 60 0.9991644245251796 1.7428600879604004 251104
# 4 60 30 26 58 36 36
260.0000000000007 38 60 0.9991644919927243 1.7722316543908474 251104
# 4 60 30 26 58 36 36
261.0000000000007 38 60 0.9991645524422074 1.803528915291992 251104
# 4 60 30 26 58 36 36
262.0000000000007 38 60 0.9991646017897803 1.8352011077641117 251104
# 4 60 30 26 58 36 36
263.0000000000007 38 60 0.9991646440350562 1.8656043864219414 251104
# 4 60 30 26 58 36 36
264.00000000000074 38 60 0.9991646753604604 1.8930973681832015 251104
# 4 60 30 26 58 36 36
265.00000000000074 38 60 0.9991646789248589 1.9161521141673754 251104
# 4 60 30 26 58 36 36
266.0000000000007 38 60 0.9991646449273703 1.9334699188578939 251104
# 4 60 30 26 58 36 36
267.0000000000007 38 60 0.9991645851700806 1.944088353333182 251104
# 4 60 30 26 58 36 36
268.00000000000074 38 60 0.9991645208470474 1.947465416686662 251104
# 4 60 30 26 58 36 36
269.00000000000074 38 60 0.9991644657673042 1.9435287153126968 251104
# 4 60 30 26 58 36 36
270.00000000000074 38 60 0.9991644186295614 1.9326822504044385 251104
# 4 60 30 26 58 36 36
271.00000000000074 38 60 0.9991643733623015 1.915769744687028 251104
# 4 60 30 26 58 36 36
272.00000000000074 38 60 0.9991643361008569 1.8939998598444183 251104
# 4 60 30 26 58 36 36
273.00000000000074 38 60 0.9991643245719837 1.8688437758692724 251104
# 4 60 30 26 58 36 36
274.00000000000074 38 60 0.9991643521063944 1.8419186326431303 251104
# 4 60 30 26 58 36 36
275.00000000000074 38 60 0.9991644069024284 1.8148708729367082 251104
# 4 60 30 26 58 36 36
276.0000000000008 38 60 0.9991644657429587 1.7892716474639727 251104
# 4 60 30 26 58 36 36
277.0000000000008 38 60 0.9991645197638049 1.7665327290600898 251104
# 4 60 30 26 58 36 36
278.0000000000008 38 60 0.9991645707902425 1.747846709174418 251104
# 4 60 30 26 58 36 36
279.0000000000008 38 60 0.999164621351424 1.7341507286216178 251104
# 4 60 30 26 58 36 36
280.00000000000074 38 60 0.9991646687569299 1.726109655693622 251104
# 4 60 30 26 58 36 36
281.0000000000008 38 60 0.9991647147802226 1.7241128635477523 251104
# 4 60 30 26 58 36 36
282.0000000000008 38 60 0.9991647697331862 1.7282784547441228 251104
# 4 60 30 26 58 36 36
283.0000000000008 38 60 0.9991648437671702 1.7384598349549476 251104
# 4 60 30 26 58 36 36
284.0000000000008 38 60 0.9991649395984374 1.7542519197242883 251104
# 4 60 30 26 58 36 36
285.0000000000008 38 60 0.9991650428843561 1.7749974197530172 251104
# 4 60 30 26 58 36 36
286.0000000000008 38 60 0.9991651320422764 1.7997964165007478 251104
# 4 60 30 26 58 36 36
287.0000000000008 38 60 0.9991651972420489 1.8275240676103663 251104
# 4 60 30 26 58 36 36
288.0000000000008 38 60 0.9991652461003594 1.8568618034295543 251104
# 4 60 30 26 58 36 36
289.00000000000085 38 60 0.9991652962497332 1.886346723721319 251104
# 4 60 30 26 58 36 36
290.00000000000085 38 60 0.9991653513042903 1.914441680818137 251104
# 4 60 30 26 58 36 36
291.00000000000085 38 60 0.9991654035257455 1.9396247610730513 251104
# 4 60 30 26 58 36 36
292.00000000000085 38 60 0.9991654487955074 1.9604923128477079 251104
# 4 60 30 26 58 36 36
293.00000000000085 38 60 0.9991654835838375 1.9758654543484084 251104
# 4 60 30 26 58 36 36
294.00000000000085 38 60 0.9991655015723634 1.9848872697718296 251104
# 4 60 30 26 58 36 36
295.00000000000085 38 60 0.9991655115175893 1.9870975824863149 251104
# 4 60 30 26 58 36 36
296.00000000000085 38 60 0.9991655360450917 1.9824746563958364 251104
# 4 60 30 26 58 36 36
297.0000000000009 38 60 0.9991655820430654 1.9714379068873522 251104
# 4 60 30 26 58 36 36
298.0000000000009 38 60 0.9991656374766987 1.9548114096423128 251104
# 4 60 30 26 58 36 36
299.00000000000085 38 60 0.9991656867207492 1.9337533401973004 251104
# 4 60 30 26 58 36 36
300.00000000000085 38 60 0.9991657221294964 1.9096606531207496 251104
# 4 60 30 26 58 36 36
301.0000000000009 38 60 0.9991657546868626 1.884060919131957 251104
# 4 60 30 26 58 36 36
302.0000000000009 38 60 0.9991657981378204 1.8585039233181335 251104
# 4 60 30 26 58 36 36
303.0000000000009 38 60 0.9991658506327066 1.8344641516252378 251104
# 4 60 30 26 58 36 36
304.0000000000009 38 60 0.9991659042889123 1.8132619347417527 251104
# 4 60 30 26 58 36 36
305.0000000000009 38 60 0.9991659627604205 1.7960067087351057 251104
# 4 60 30 26 58 36 36
306.0000000000009 38 60 0.9991660340914817 1.7835618256031787 251104
# 4 60 30 26 58 36 36
307.0000000000009 38 60 0.9991661122098952 1.7765274929363595 251104
# 4 60 30 26 58 36 36
308.0000000000009 38 60 0.9991661846292083 1.7752369743714123 251104
# 4 60 30 26 58 36 36
309.0000000000009 38 60 0.9991662557801461 1.779760961770462 251104
# 4 60 30 26 58 36 36
310.00000000000097 38 60 0.9991663423814587 1.7899157847397429 251104
# 4 60 30 26 58 36 36
311.00000000000097 38 60 0.9991664489177492 1.8052727231406918 251104
# 4 60 30 26 58 36 36
312.0000000000009 38 60 0.9991665742750183 1.8251680302506783 251104
# 4 60 30 26 58 36 36
313.0000000000009 38 60 0.9991667117722565 1.8487158870958897 251104
# 4 60 30 26 58 36 36
314.00000000000097 38 60 0.9991668441867253 1.8748285648694432 251104
# 4 60 30 26 58 36 36
315.00000000000097 38 60 0.9991669510073101 1.9022488477705324 251104
# 4 60 30 26 58 36 36
316.00000000000097 38 60 0.9991670286890021 1.9295989000484193 251104
# 4 60 30 26 58 36 36
317.00000000000097 38 60 0.9991670971756595 1.9554472903520168 251104
# 4 60 30 26 58 36 36
318.00000000000097 38 60 0.9991671738167852 1.9783923289919867 251104
# 4 60 30 26 58 36 36
319.00000000000097 38 60 0.9991672534862326 1.9971560721237556 251104
# 4 60 30 26 58 36 36
320.00000000000097 38 60 0.9991673151106369 2.0106800233697246 251104
# 4 60 30 26 58 36 36
321.00000000000097 38 60 0.9991673472245921 2.018211332975521 251104
# 4 60 30 26 58 36 36
322.000000000001 38 60 0.9991673572226164 2.019367975663993 251104
# 4 60 30 26 58 36 36
323.000000000001 38 60 0.9991673512996456 2.0141735841041193 251104
# 4 60 30 26 58 36 36
324.000000000001 38 60 0.9991673298291669 2.0030569569544294 251104
# 4 60 30 26 58 36 36
325.00000000000097 38 60 0.9991673054377492 1.9868164161686803 251104
# 4 60 30 26 58 36 36
326.000000000001 38 60 0.9991672995596936 1.9665538158501663 251104
# 4 60 30 26 58 36 36
327.000000000001 38 60 0.9991673201930544 1.9435865642546128 251104
# 4 60 30 26 58 36 36
328.000000000001 38 60 0.9991673587484408 1.9193483414152461 251104
# 4 60 30 26 58 36 36
329.000000000001 38 60 0.9991674096860319 1.8952897686385741 251104
# 4 60 30 26 58 36 36
330.000000000001 38 60 0.9991674794812405 1.8727887455622327 251104
# 4 60 30 26 58 36 36
331.000000000001 38 60 0.9991675751775538 1.853077067787724 251104
# 4 60 30 26 58 36 36
332.000000000001 38 60 0.9991676929708913 1.8371863913129354 251104
# 4 60 30 26 58 36 36
333.000000000001 38 60 0.9991678189819427 1.825913475359367 251104
# 4 60 30 26 58 36 36
334.000000000001 38 60 0.999167935715421 1.819802272529856 251104
# 4 60 30 26 58 36 36
335.0000000000011 38 60 0.9991680287307066 1.8191389890563348 251104
# 4 60 30 26 58 36 36
336.0000000000011 38 60 0.9991680912239239 1.823955799786376 251104
# 4 60 30 26 58 36 36
337.0000000000011 38 60 0.9991681251937106 1.834039460547741 251104
# 4 60 30 26 58 36 36
338.0000000000011 38 60 0.9991681348084207 1.8489424593469612 251104
# 4 60 30 26 58 36 36
339.0000000000011 38 60 0.9991681320484365 1.8679962627486977 251104
# 4 60 30 26 58 36 36
340.0000000000011 38 60 0.9991681335941954 1.8903282230916023 251104
# 4 60 30 26 58 36 36
341.0000000000011 38 60 0.9991681479938527 1.9148853399435044 251104
# 4 60 30 26 58 36 36
342.0000000000011 38 60 0.9991681841735005 1.9404687482882645 251104
# 4 60 30 26 58 36 36
343.00000000000114 38 60 0.9991682478878409 1.965782186652119 251104
# 4 60 30 26 58 36 36
344.0000000000011 38 60 0.9991683299311656 1.989495776295036 251104
# 4 60 30 26 58 36 36
345.0000000000011 38 60 0.9991684157186337 2.010323380788042 251104
# 4 60 30 26 58 36 36
346.0000000000011 38 60 0.9991684997523868 2.027108181773231 251104
# 4 60 30 26 58 36 36
347.00000000000114 38 60 0.9991685791510114 2.03890798836622 251104
# 4 60 30 26 58 36 36
348.00000000000114 38 60 0.9991686453586378 2.0450702879095064 251104
# 4 60 30 26 58 36 36
349.00000000000114 38 60 0.9991686922525764 2.045287527416879 251104
# 4 60 30 26 58 36 36
350.00000000000114 38 60 0.9991687279905255 2.0396252035049103 251104
# 4 60 30 26 58 36 36
351.00000000000114 38 60 0.9991687697384855 2.02851859931392 251104
# 4 60 30 26 58 36 36
352.00000000000114 38 60 0.9991688206916705 2.012738161568822 251104
# 4 60 30 26 58 36 36
353.00000000000114 38 60 0.9991688668649448 1.9933278757658515 251104
# 4 60 30 26 58 36 36
354.00000000000114 38 60 0.9991688970312611 1.971524479662658 251104
# 4 60 30 26 58 36 36
355.00000000000114 38 60 0.9991689117186515 1.9486671562230244 251104
# 4 60 30 26 58 36 36
356.0000000000012 38 60 0.9991689236115222 1.9261073527341668 251104
# 4 60 30 26 58 36 36
357.0000000000012 38 60 0.9991689514984775 1.9051268940936847 251104
# 4 60 30 26 58 36 36
358.00000000000114 38 60 0.9991690026559364 1.8868700892641492 251104
# 4 60 30 26 58 36 36
359.00000000000114 38 60 0.9991690720512337 1.8722927131698623 251104
# 4 60 30 26 58 36 36
360.0000000000012 38 60 0.9991691508217492 1.8621281607802949 251104
# 4 60 30 26 58 36 36
361.0000000000012 38 60 0.9991692294141922 1.8568690284077567 251104
# 4 60 30 26 58 36 36
362.0000000000012 38 60 0.9991692974848427 1.8567610260369856 251104
# 4 60 30 26 58 36 36
363.0000000000012 38 60 0.9991693438943929 1.8618056176297377 251104
# 4 60 30 26 58 36 36
364.0000000000012 38 60 0.9991693654710728 1.8717682221066727 251104
# 4 60 30 26 58 36 36
365.0000000000012 38 60 0.999169376417115 1.8861900592381675 251104
# 4 60 30 26 58 36 36
366.0000000000012 38 60 0.999169395096104 1.9044034060669686 251104
# 4 60 30 26 58 36 36
367.0000000000012 38 60 0.9991694247871878 1.9255516095138212 251104
# 4 60 30 26 58 36 36
368.00000000000125 38 60 0.9991694603547135 1.9486162326200918 251104
# 4 60 30 26 58 36 36
369.00000000000125 38 60 0.9991694986225911 1.9724539685548048 251104
# 4 60 30 26 58 36 36
370.00000000000125 38 60 0.999169538350007 1.9958453681517263 251104
# 4 60 30 26 58 36 36
371.0000000000012 38 60 0.9991695825039499 2.0175559372400027 251104
# 4 60 30 26 58 36 36
372.00000000000125 38 60 0.9991696312535208 2.03640778614894 251104
# 4 60 30 26 58 36 36
373.00000000000125 38 60 0.9991696822451083 2.051357103629413 251104
# 4 60 30 26 58 36 36
374.00000000000125 38 60 0.9991697368773078 2.061570014148892 251104
# 4 60 30 26 58 36 36
375.00000000000125 38 60 0.9991697990206271 2.066487865485974 251104
# 4 60 30 26 58 36 36
376.0000000000013 38 60 0.9991698616383522 2.065873460687981 251104
# 4 60 30 26 58 36 36
377.00000000000125 38 60 0.9991699069675102 2.0598320987957752 251104
# 4 60 30 26 58 36 36
378.00000000000125 38 60 0.9991699238148958 2.0488046573252903 251104
# 4 60 30 26 58 36 36
379.00000000000125 38 60 0.999169919986129 2.0335335059503565 251104
# 4 60 30 26 58 36 36
380.00000000000125 38 60 0.9991699149842969 2.015005314654931 251104
# 4 60 30 26 58 36 36
381.0000000000013 38 60 0.9991699254733458 1.9943774588151753 251104
# 4 60 30 26 58 36 36
382.0000000000013 38 60 0.9991699556758248 1.9728962914906318 251104
# 4 60 30 26 58 36 36
383.0000000000013 38 60 0.9991699975370365 1.9518156586838111 251104
# 4 60 30 26 58 36 36
384.0000000000013 38 60 0.999170042544004 1.9323227071438485 251104
# 4 60 30 26 58 36 36
385.0000000000013 38 60 0.9991700867679936 1.9154758216190815 251104
# 4 60 30 26 58 36 36
386.0000000000013 38 60 0.9991701241495909 1.9021571245864697 251104
# 4 60 30 26 58 36 36
387.0000000000013 38 60 0.9991701460658441 1.8930398701792228 251104
# 4 60 30 26 58 36 36
388.0000000000013 38 60 0.9991701515740364 1.8885694966879127 251104
# 4 60 30 26 58 36 36
389.00000000000136 38 60 0.9991701482664613 1.8889561185634542 251104
# 4 60 30 26 58 36 36
390.0000000000013 38 60 0.9991701415469904 1.8941758326470919 251104
# 4 60 30 26 58 36 36
391.0000000000013 38 60 0.9991701346343067 1.9039784071664776 251104
# 4 60 30 26 58 36 36
392.0000000000013 38 60 0.9991701338504171 1.917899715589614 251104
# 4 60 30 26 58 36 36
393.00000000000136 38 60 0.999170149682823 1.9352785295459078 251104
# 4 60 30 26 58 36 36
394.00000000000136 38 60 0.9991701888810376 1.9552786384091119 251104
# 4 60 30 26 58 36 36
395.00000000000136 38 60 0.9991702503877883 1.9769181930262818 251104
# 4 60 30 26 58 36 36
396.00000000000136 38 60 0.9991703312413702 1.9991082625069954 251104
# 4 60 30 26 58 36 36
397.00000000000136 38 60 0.9991704277374075 2.020701805548662 251104
# 4 60 30 26 58 36 36
398.00000000000136 38 60 0.9991705327125889 2.0405527965648402 251104
# 4 60 30 26 58 36 36
399.00000000000136 38 60 0.999170639551915 2.0575832415448954 251104
# 4 60 30 26 58 36 36
400.00000000000136 38 60 0.9991707433201062 2.07085346371714 251104
# 4 60 30 26 58 36 36
401.00000000000136 38 60 0.9991708394466052 2.0796290081410063 251104
# 4 60 30 26 58 36 36
402.00000000000136 38 60 0.9991709234024007 2.083436625194293 251104
# 4 60 30 26 58 36 36
403.0000000000014 38 60 0.9991709930877722 2.082102373748925 251104
# 4 60 30 26 58 36 36
404.0000000000014 38 60 0.999171051934523 2.0757667953335 251104
# 4 60 30 26 58 36 36
405.0000000000014 38 60 0.999171105666095 2.0648749970529168 251104
# 4 60 30 26 58 36 36
406.0000000000014 38 60 0.9991711562379992 2.050142768267427 251104
# 4 60 30 26 58 36 36
407.0000000000014 38 60 0.999171201961532 2.0325028327431496 251104
# 4 60 30 26 58 36 36
408.0000000000014 38 60 0.9991712400221194 2.0130374489073537 251104
# 4 60 30 26 58 36 36
409.0000000000014 38 60 0.9991712708987166 1.9929045485497825 251104
# 4 60 30 26 58 36 36
410.0000000000014 38 60 0.9991713002572502 1.9732644157634243 251104
# 4 60 30 26 58 36 36
411.0000000000014 38 60 0.9991713342111805 1.9552127541508293 251104
# 4 60 30 26 58 36 36
412.0000000000015 38 60 0.9991713733629533 1.9397242535945796 251104
# 4 60 30 26 58 36 36
413.0000000000015 38 60 0.9991714110626538 1.9276088427669853 251104
# 4 60 30 26 58 36 36
414.0000000000015 38 60 0.9991714388601284 1.9194810106338145 251104
# 4 60 30 26 58 36 36
415.0000000000015 38 60 0.9991714521573858 1.9157411749681987 251104
# 4 60 30 26 58 36 36
416.0000000000015 38 60 0.9991714506439248 1.9165673021341383 251104
# 4 60 30 26 58 36 36
417.0000000000014 38 60 0.999171442197785 1.9219148614813435 251104
# 4 60 30 26 58 36 36
418.0000000000014 38 60 0.999171439067785 1.9315235052432642 251104
# 4 60 30 26 58 36 36
419.0000000000014 38 60 0.9991714475526711 1.9449294022030672 251104
# 4 60 30 26 58 36 36
420.00000000000153 38 60 0.9991714694219341 1.961482901100368 251104
# 4 60 30 26 58 36 36
421.00000000000153 38 60 0.999171506897944 1.9803721030446166 251104
# 4 60 30 26 58 36 36
422.00000000000153 38 60 0.9991715570947645 2.0006536821619383 251104
# 4 60 30 26 58 36 36
423.0000000000015 38 60 0.9991716117067311 2.0212924390467912 251104
# 4 60 30 26 58 36 36
424.0000000000015 38 60 0.9991716651961493 2.041210263715708 251104
# 4 60 30 26 58 36 36
425.0000000000015 38 60 0.9991717115721354 2.059343538599281 251104
# 4 60 30 26 58 36 36
426.0000000000015 38 60 0.9991717500579658 2.0747060554961685 251104
# 4 60 30 26 58 36 36
427.0000000000015 38 60 0.9991717915097892 2.0864528135076537 251104
# 4 60 30 26 58 36 36
428.00000000000153 38 60 0.9991718461861835 2.093938925410492 251104
# 4 60 30 26 58 36 36
429.00000000000153 38 60 0.9991719107114362 2.09676742172033 251104
# 4 60 30 26 58 36 36
430.00000000000153 38 60 0.9991719731556613 2.0948202186356304 251104
# 4 60 30 26 58 36 36
431.00000000000153 38 60 0.9991720265516119 2.088268134992896 251104
# 4 60 30 26 58 36 36
432.00000000000153 38 60 0.9991720720436984 2.077558436762144 251104
# 4 60 30 26 58 36 36
433.00000000000153 38 60 0.9991721160246554 2.0633813035684523 251104
# 4 60 30 26 58 36 36
434.00000000000153 38 60 0.9991721588226592 2.0466191589753864 251104
# 4 60 30 26 58 36 36
435.00000000000153 38 60 0.9991721950781894 2.0282845633966953 251104
# 4 60 30 26 58 36 36
436.00000000000153 38 60 0.9991722223195454 2.0094530818870653 251104
# 4 60 30 26 58 36 36
437.0000000000016 38 60 0.9991722432388904 1.991197157328081 251104
# 4 60 30 26 58 36 36
438.0000000000016 38 60 0.999172261886549 1.9745258524899503 251104
# 4 60 30 26 58 36 36
439.0000000000016 38 60 0.9991722794792978 1.9603338279385016 251104
# 4 60 30 26 58 36 36
440.0000000000016 38 60 0.9991722963361589 1.949361376684942 251104
# 4 60 30 26 58 36 36
441.0000000000016 38 60 0.9991723146229768 1.9421658846693257 251104
# 4 60 30 26 58 36 36
442.0000000000016 38 60 0.9991723343868207 1.9391039612975516 251104
# 4 60 30 26 58 36 36
443.0000000000016 38 60 0.9991723491006834 1.9403228889685193 251104
# 4 60 30 26 58 36 36
444.00000000000153 38 60 0.9991723554654931 1.9457599295708876 251104
# 4 60 30 26 58 36 36
445.00000000000165 38 60 0.999172359924286 1.9551482536702294 251104
# 4 60 30 26 58 36 36
446.00000000000165 38 60 0.9991723705679488 1.9680287647118906 251104
# 4 60 30 26 58 36 36
447.00000000000165 38 60 0.9991723924992665 1.9837678070027842 251104
# 4 60 30 26 58 36 36
448.00000000000165 38 60 0.9991724283436405 2.0015814379948664 251104
# 4 60 30 26 58 36 36
449.0000000000016 38 60 0.9991724742027872 2.0205672598154076 251104
# 4 60 30 26 58 36 36
450.0000000000016 38 60 0.9991725190641441 2.0397445108333834 251104
# 4 60 30 26 58 36 36
451.0000000000016 38 60 0.9991725568911763 2.0581022625972625 251104
# 4 60 30 26 58 36 36
452.0000000000016 38 60 0.9991725907090272 2.074654346597973 251104
# 4 60 30 26 58 36 36
453.0000000000017 38 60 0.9991726273718153 2.0884981928709387 251104
# 4 60 30 26 58 36 36
454.0000000000017 38 60 0.9991726774526798 2.098873281602063 251104
# 4 60 30 26 58 36 36
455.00000000000165 38 60 0.9991727475760731 2.1052137837484555 251104
# 4 60 30 26 58 36 36
456.00000000000165 38 60 0.9991728363934621 2.1071896726859913 251104
# 4 60 30 26 58 36 36
457.00000000000165 38 60 0.9991729359186762 2.1047314252571296 251104
# 4 60 30 26 58 36 36
458.00000000000165 38 60 0.9991730299159094 2.0980352901507504 251104
# 4 60 30 26 58 36 36
459.00000000000165 38 60 0.9991730997909606 2.0875484953674945 251104
# 4 60 30 26 58 36 36
460.00000000000165 38 60 0.999173140291302 2.073936135253097 251104
# 4 60 30 26 58 36 36
461.00000000000165 38 60 0.9991731662061317 2.0580334450949915 251104
# 4 60 30 26 58 36 36
462.0000000000017 38 60 0.9991731937321459 2.0407885122546747 251104
# 4 60 30 26 58 36 36
463.0000000000017 38 60 0.9991732266547275 2.0232009961670454 251104
# 4 60 30 26 58 36 36
464.0000000000017 38 60 0.9991732637773256 2.0062620982396866 251104
# 4 60 30 26 58 36 36
465.0000000000017 38 60 0.9991733064105106 1.9909000345423706 251104
# 4 60 30 26 58 36 36
466.0000000000017 38 60 0.9991733540710968 1.9779339191353267 251104
# 4 60 30 26 58 36 36
467.0000000000017 38 60 0.9991734023935112 1.9680375520432236 251104
# 4 60 30 26 58 36 36
468.0000000000017 38 60 0.9991734474993389 1.961713363877217 251104
# 4 60 30 26 58 36 36
469.0000000000017 38 60 0.9991734889680077 1.9592758564112347 251104
# 4 60 30 26 58 36 36
470.00000000000176 38 60 0.999173525544401 1.9608433789645385 251104
# 4 60 30 26 58 36 36
471.00000000000176 38 60 0.999173554728206 1.9663370408716556 251104
# 4 60 30 26 58 36 36
472.00000000000176 38 60 0.9991735782319583 1.9754859330017807 251104
# 4 60 30 26 58 36 36
473.00000000000176 38 60 0.9991736032189966 1.987838418036661 251104
# 4 60 30 26 58 36 36
474.00000000000176 38 60 0.9991736373824673 2.0027797845159987 251104
# 4 60 30 26 58 36 36
475.00000000000176 38 60 0.9991736808103925 2.019556847295074 251104
# 4 60 30 26 58 36 36
476.0000000000017 38 60 0.9991737274314642 2.037310039039974 251104
# 4 60 30 26 58 36 36
477.0000000000017 38 60 0.999173777558197 2.0551131638712885 251104
# 4 60 30 26 58 36 36
478.0000000000018 38 60 0.999173836431498 2.072020276576869 251104
# 4 60 30 26 58 36 36
479.0000000000018 38 60 0.9991738998253983 2.087118104654124 251104
# 4 60 30 26 58 36 36
480.0000000000018 38 60 0.9991739553276413 2.099581121550789 251104
# 4 60 30 26 58 36 36
481.0000000000018 38 60 0.9991739954122792 2.10872509363287 251104
# 4 60 30 26 58 36 36
482.00000000000176 38 60 0.9991740202406602 2.1140540795759577 251104
# 4 60 30 26 58 36 36
483.00000000000176 44 60 0.9991740339251856 2.1152958196378737 251104
# 4 60 30 26 58 36 36
484.00000000000176 44 60 0.9991740411441634 2.1124213995533654 251104
# 4 60 30 26 58 36 36
485.00000000000176 44 60 0.9991740494695693 2.105646894612331 251104
# 4 60 30 26 58 36 36
486.00000000000176 44 60 0.9991740669376512 2.095416923417453 251104
# 4 60 30 26 58 36 36
487.0000000000018 38 60 0.9991740919082894 2.0823720668025163 251104
# 4 60 30 26 58 36 36
488.0000000000018 38 60 0.9991741148633969 2.0673036567645773 251104
# 4 60 30 26 58 36 36
489.0000000000018 38 60 0.9991741315066965 2.051100502563687 251104
# 4 60 30 26 58 36 36
490.0000000000018 38 60 0.9991741475280569 2.0346925620059797 251104
# 4 60 30 26 58 36 36
491.0000000000018 44 60 0.999174170007691 2.0189962327955366 251104
# 4 60 30 26 58 36 36
492.0000000000018 50 60 0.9991742030566048 2.0048649698994923 251104
# 4 60 30 26 58 36 36
493.0000000000018 56 60 0.9991742454465687 1.9930476681105607 251104
# 4 60 30 26 58 36 36
494.0000000000018 56 60 0.999174290059261 1.9841559734626681 251104
# 4 60 30 26 58 36 36
495.0000000000019 62 60 0.9991743301150667 1.9786406113751855 251104
# 4 60 30 26 58 36 36
496.0000000000019 62 60 0.9991743640608577 1.976776125236905 251104
# 4 60 30 26 58 36 36
497.0000000000019 56 60 0.9991743920489362 1.9786531583629328 251104
# 4 60 30 26 58 36 36
498.0000000000019 50 60 0.9991744127853845 1.9841774684328168 251104
# 4 60 30 26 58 36 36
499.0000000000019 50 60 0.9991744269359475 1.9930751081391793 251104
# 4 60 30 26 58 36 36
