# time rdo00 rdo01 rdo10 rdo11
0.0 0.00000000+0.00000000j 0.00000000+0.00000000j 0.00000000+0.00000000j 1.00000000+0.00000000j
1.0 0.00316184+0.00000124j 0.00788204-0.05545221j 0.00783864+0.05545183j 0.99601821-0.00000439j
2.0 0.01930379-0.00002118j 0.03016291-0.10351161j 0.02996601+0.10355641j 0.97987633+0.00001722j
3.0 0.04671627-0.00009261j 0.06270656-0.13719729j 0.06241057+0.13738433j 0.95246385+0.00008865j
4.0 0.08164972-0.00020805j 0.09973411-0.15265982j 0.09944522+0.15309020j 0.91753040+0.00020409j
5.000000000000001 0.12000304-0.00036411j 0.13513614-0.14948308j 0.13499475+0.15020132j 0.87917708+0.00036016j
6.0 0.15808592-0.00055411j 0.16369928-0.13030692j 0.16383106+0.13126424j 0.84109421+0.00055015j
7.000000000000001 0.19314463-0.00076315j 0.18193482-0.09985153j 0.18239771+0.10091248j 0.80603549+0.00075920j
8.0 0.22358208-0.00096817j 0.18838414-0.06372458j 0.18913951+0.06471209j 0.77559804+0.00096421j
9.0 0.24890818-0.00114338j 0.18346249-0.02733717j 0.18438328+0.02809331j 0.75027194+0.00113942j
10.000000000000002 0.26951373-0.00126810j 0.16900472+0.00487277j 0.16991456-0.00443636j 0.72966639+0.00126414j
11.0 0.28637106-0.00133278j 0.14769506+0.02985330j 0.14842050-0.02973267j 0.71280906+0.00132882j
12.0 0.30074126-0.00134046j 0.12252336+0.04603426j 0.12293958-0.04614172j 0.69843886+0.00133651j
13.000000000000002 0.31393276-0.00130383j 0.09634857+0.05319964j 0.09640548-0.05339609j 0.68524736+0.00129987j
14.000000000000002 0.32712463-0.00123979j 0.07159525+0.05223178j 0.07131962-0.05236915j 0.67205549+0.00123583j
15.000000000000002 0.34124872-0.00116435j 0.05007443+0.04480008j 0.04955157-0.04476002j 0.65793142+0.00116039j
16.0 0.35691870-0.00108938j 0.03290519+0.03303978j 0.03224862-0.03275846j 0.64226146+0.00108542j
17.0 0.37439626-0.00102181j 0.02051385+0.01924599j 0.01983288-0.01872029j 0.62478392+0.00101783j
18.0 0.39359034-0.00096448j 0.01269408+0.00559740j 0.01206821-0.00487362j 0.60558988+0.00096047j
19.000000000000004 0.41409034-0.00091759j 0.00871784-0.00607779j 0.00818382+0.00692714j 0.58508992+0.00091355j
20.000000000000004 0.43523441-0.00088001j 0.00748957-0.01447960j 0.00704284+0.01538236j 0.56394592+0.00087597j
21.000000000000004 0.45620999-0.00085007j 0.00773250-0.01894075j 0.00734065+0.01984681j 0.54297042+0.00084605j
22.0 0.47617609-0.00082598j 0.00818840-0.01944339j 0.00781076+0.02033517j 0.52300437+0.00082201j
23.0 0.49438884-0.00080601j 0.00780326-0.01654249j 0.00740965+0.01743236j 0.50479162+0.00080204j
24.0 0.51030698-0.00078848j 0.00586795-0.01120584j 0.00545046+0.01212310j 0.48887341+0.00078451j
25.000000000000004 0.52365583-0.00077185j 0.00208753-0.00460024j 0.00166214+0.00557346j 0.47552442+0.00076789j
26.000000000000004 0.53443743-0.00075464j -0.00343203+0.00213234j -0.00383341-0.00109052j 0.46474260+0.00075071j
27.000000000000004 0.54288824-0.00073534j -0.01027113+0.00806108j -0.01061399-0.00696109j 0.45629152+0.00073141j
28.000000000000004 0.54939956-0.00071246j -0.01783021+0.01257844j -0.01809056-0.01145117j 0.44977996+0.00070852j
29.000000000000004 0.55442381-0.00068491j -0.02547217+0.01542392j -0.02564479-0.01431038j 0.44475554+0.00068095j
30.000000000000004 0.55839074-0.00065244j -0.03263914+0.01663098j -0.03273860-0.01556867j 0.44078852+0.00064847j
31.000000000000004 0.56165015-0.00061601j -0.03892203+0.01642686j -0.03897700-0.01543799j 0.43752907+0.00061206j
32.0 0.56444728-0.00057779j -0.04407887+0.01512194j -0.04412237-0.01420701j 0.43473192+0.00057387j
33.0 0.56692720-0.00054086j -0.04801256+0.01301889j -0.04807181-0.01215694j 0.43225195+0.00053700j
34.0 0.56915887-0.00050870j -0.05072643+0.01035902j -0.05081509-0.00951376j 0.43002016+0.00050490j
35.0 0.57116803-0.00048458j -0.05227661+0.00730854j -0.05239131-0.00643809j 0.42801074+0.00048079j
36.0 0.57296961-0.00047084j -0.05273489+0.00397663j -0.05285646-0.00304436j 0.42620870+0.00046702j
37.0 0.57459282-0.00046837j -0.05216901+0.00045179j -0.05226778+0.00056413j 0.42458488+0.00046448j
38.00000000000001 0.57609483-0.00047622j -0.05064127-0.00315788j -0.05068524+0.00425831j 0.42308217+0.00047225j
39.00000000000001 0.57756124-0.00049157j -0.04822217-0.00669343j -0.04818629+0.00785695j 0.42161515+0.00048755j
40.00000000000001 0.57909360-0.00051024j -0.04501327-0.00993252j -0.04488761+0.01111946j 0.42008237+0.00050623j
41.00000000000001 0.58078713-0.00052756j -0.04117138-0.01260069j -0.04096606+0.01376211j 0.41838858+0.00052357j
42.00000000000001 0.58270403-0.00053928j -0.03692599-0.01440627j -0.03667112+0.01549615j 0.41647143+0.00053532j
43.00000000000001 0.58484990-0.00054254j -0.03258247-0.01509279j -0.03232234+0.01608070j 0.41432522+0.00053861j
44.0 0.58716084-0.00053645j -0.02850578-0.01449801j -0.02828813+0.01537868j 0.41201384+0.00053259j
44.99999999999999 0.58950748-0.00052221j -0.02508362-0.01260496j -0.02494629+0.01340145j 0.40966678+0.00051847j
45.99999999999999 0.59171775-0.00050269j -0.02267295-0.00957017j -0.02263166+0.01032884j 0.40745620+0.00049911j
46.99999999999999 0.59361498-0.00048169j -0.02154008-0.00571772j -0.02158112+0.00649531j 0.40555876+0.00047826j
47.999999999999986 0.59506210-0.00046311j -0.02180875-0.00149509j -0.02188998+0.00234099j 0.40411148+0.00045976j
48.99999999999998 0.59599906-0.00044998j -0.02343169+0.00260309j -0.02349269-0.00166356j 0.40317423+0.00044668j
49.99999999999997 0.59646191-0.00044390j -0.02619612+0.00612638j -0.02617524-0.00510196j 0.40271088+0.00044060j
50.999999999999964 0.59657679-0.00044465j -0.02976515+0.00875190j -0.02961841-0.00768431j 0.40259536+0.00044126j
51.999999999999964 0.59653005-0.00045014j -0.03374565+0.01033710j -0.03346124-0.00928850j 0.40264144+0.00044658j
52.99999999999996 0.59652405-0.00045694j -0.03776448+0.01092732j -0.03736730-0.00996088j 0.40264684+0.00045318j
53.999999999999964 0.59673246-0.00046108j -0.04153242+0.01071841j -0.04107720-0.00987923j 0.40243790+0.00045721j
54.99999999999996 0.59726797-0.00045917j -0.04487958+0.00998824j -0.04443561-0.00929085j 0.40190182+0.00045534j
55.99999999999995 0.59817057-0.00044924j -0.04775691+0.00901900j -0.04738949-0.00844501j 0.40099866+0.00044558j
56.99999999999994 0.59941552-0.00043100j -0.05020897+0.00803258j -0.04996353-0.00753761j 0.39975332+0.00042756j
57.999999999999936 0.60093459-0.00040576j -0.05233066+0.00715232j -0.05222410-0.00667943j 0.39823412+0.00040254j
58.999999999999936 0.60264250-0.00037633j -0.05422206+0.00639516j -0.05424267-0.00588963j 0.39652627+0.00037328j
59.99999999999993 0.60446110-0.00034654j -0.05595238+0.00568984j -0.05606708-0.00511058j 0.39470776+0.00034357j
60.99999999999992 0.60633669-0.00032034j -0.05753961+0.00491194j -0.05770466-0.00423666j 0.39283214+0.00031733j
61.999999999999915 0.60824884-0.00030087j -0.05894713+0.00392488j -0.05911779-0.00314944j 0.39091976+0.00029780j
62.99999999999991 0.61021205-0.00028999j -0.06009345+0.00261774j -0.06023057-0.00175260j 0.38895620+0.00028691j
63.999999999999915 0.61227224-0.00028827j -0.06087067+0.00093539j -0.06094400-0.00000156j 0.38689566+0.00028523j
64.99999999999991 0.61450001-0.00029522j -0.06116759-0.00110101j -0.06115754+0.00207528j 0.38466768+0.00029223j
65.9999999999999 0.61698104-0.00030951j -0.06089538-0.00338485j -0.06079449+0.00436666j 0.38218667+0.00030654j
66.9999999999999 0.61980316-0.00032903j -0.06001368-0.00572827j -0.05982831+0.00668298j 0.37936471+0.00032602j
67.9999999999999 0.62304047-0.00035088j -0.05855404-0.00788162j -0.05830514+0.00877738j 0.37612752+0.00034783j
68.99999999999989 0.62673655-0.00037169j -0.05663581-0.00956864j -0.05635679+0.01038255j 0.37243146+0.00036866j
69.99999999999989 0.63089020-0.00038838j -0.05446858-0.01053418j -0.05419903+0.01125847j 0.36827779+0.00038542j
70.99999999999987 0.63544774-0.00039907j -0.05233665-0.01059611j -0.05211253+0.01124170j 0.36372023+0.00039619j
71.99999999999987 0.64030573-0.00040366j -0.05056447-0.00969002j -0.05040741+0.01028484j 0.35886224+0.00040085j
72.99999999999987 0.64532525-0.00040376j -0.04946705-0.00789431j -0.04937669+0.00847599j 0.35384271+0.00040099j
73.99999999999987 0.65035610-0.00040205j -0.04929477-0.00542674j -0.04924719+0.00603124j 0.34881179+0.00039934j
74.99999999999987 0.65526545-0.00040153j -0.05018548-0.00260951j -0.05013892+0.00325920j 0.34390225+0.00039887j
75.99999999999986 0.65996325-0.00040453j -0.05213682+0.00019155j -0.05204356+0.00050342j 0.33920413+0.00040192j
76.99999999999986 0.66441636-0.00041220j -0.05500805+0.00264009j -0.05482920-0.00192399j 0.33475058+0.00040959j
77.99999999999984 0.66864709-0.00042420j -0.05855233+0.00449552j -0.05827118-0.00380085j 0.33051934+0.00042155j
78.99999999999984 0.67271652-0.00043871j -0.06247151+0.00565466j -0.06210122-0.00503013j 0.32644943+0.00043602j
79.99999999999984 0.67669831-0.00045266j -0.06647828+0.00615774j -0.06606128-0.00564313j 0.32246723+0.00044994j
80.99999999999983 0.68065209-0.00046213j -0.07034877+0.00615904j -0.06994736-0.00577202j 0.31851312+0.00045937j
81.99999999999983 0.68460435-0.00046318j -0.07395233+0.00587283j -0.07363302-0.00560204j 0.31456067+0.00046037j
82.99999999999983 0.68854128-0.00045297j -0.07725335+0.00551206j -0.07706972-0.00531901j 0.31062376+0.00045016j
83.99999999999983 0.69241363-0.00043085j -0.08028904+0.00523697j -0.08026874-0.00506564j 0.30675156+0.00042811j
84.99999999999982 0.69615019-0.00039871j -0.08313337+0.00512479j -0.08327296-0.00491528j 0.30301513+0.00039613j
85.99999999999983 0.69967470-0.00036059j -0.08585917+0.00516396j -0.08612743-0.00486534j 0.29949066+0.00035820j
86.99999999999983 0.70292185-0.00032151j -0.08850851+0.00526869j -0.08885567-0.00484768j 0.29624352+0.00031931j
87.99999999999984 0.70584931-0.00028625j -0.09107593+0.00530599j -0.09144529-0.00475006j 0.29331604+0.00028421j
88.99999999999984 0.70844512-0.00025846j -0.09350493+0.00512784j -0.09384316-0.00444361j 0.29072020+0.00025652j
89.99999999999984 0.71073057-0.00024028j -0.09569522+0.00460280j -0.09595958-0.00381165j 0.28843471+0.00023837j
90.99999999999986 0.71275940-0.00023232j -0.09751767+0.00364385j -0.09768003-0.00277706j 0.28640582+0.00023045j
91.99999999999984 0.71461391-0.00023400j -0.09883509+0.00223019j -0.09888338-0.00132468j 0.28455125+0.00023218j
92.99999999999986 0.71639748-0.00024380j -0.09952687+0.00042035j -0.09946498+0.00048512j 0.28276760+0.00024198j
93.99999999999986 0.71822343-0.00025948j -0.09951489-0.00164649j -0.09936139+0.00251510j 0.28094162+0.00025760j
94.99999999999986 0.72020033-0.00027828j -0.09878702-0.00376341j -0.09857266+0.00456467j 0.27896478+0.00027630j
95.99999999999987 0.72241552-0.00029714j -0.09741353-0.00568364j -0.09717703+0.00639805j 0.27674974+0.00029502j
96.99999999999987 0.72491990-0.00031298j -0.09555153-0.00716035j -0.09533325+0.00778363j 0.27424556+0.00031071j
97.99999999999989 0.72771746-0.00032326j -0.09343392-0.00799192j -0.09326765+0.00853707j 0.27144812+0.00032089j
98.99999999999989 0.73076326-0.00032668j -0.09134183-0.00806322j -0.09124627+0.00855867j 0.26840238+0.00032424j
99.9999999999999 0.73397137-0.00032371j -0.08956404-0.00737252j -0.08953633+0.00785565j 0.26519427+0.00032122j
100.9999999999999 0.73723220-0.00031670j -0.08835043-0.00603580j -0.08836461+0.00654254j 0.26193339+0.00031419j
101.99999999999991 0.74043506-0.00030933j -0.08786999-0.00426540j -0.08788211+0.00481850j 0.25873039+0.00030683j
102.9999999999999 0.74349031-0.00030551j -0.08818356-0.00232613j -0.08814325+0.00292616j 0.25567491+0.00030304j
103.9999999999999 0.74634456-0.00030805j -0.08923925-0.00047925j -0.08910491+0.00110212j 0.25282035+0.00030560j
104.99999999999991 0.74898483-0.00031759j -0.09089254+0.00107142j -0.09064529-0.00046857j 0.25017973+0.00031511j
105.99999999999991 0.75143059-0.00033229j -0.09294588+0.00221649j -0.09259712-0.00168256j 0.24773365+0.00032976j
106.99999999999993 0.75371708-0.00034840j -0.09519615+0.00295159j -0.09478608-0.00252641j 0.24544687+0.00034583j
107.99999999999993 0.75587604-0.00036153j -0.09747658+0.00336033j -0.09706425-0.00306234j 0.24328770+0.00035896j
108.99999999999994 0.75792039-0.00036784j -0.09968248+0.00357693j -0.09933111-0.00339756j 0.24124323+0.00036533j
109.99999999999993 0.75983761-0.00036498j -0.10177624+0.00374119j -0.10153838-0.00364704j 0.23932596+0.00036255j
110.99999999999994 0.76159288-0.00035241j -0.10377373+0.00395885j -0.10368041-0.00390008j 0.23757070+0.00035004j
111.99999999999994 0.76313963-0.00033133j -0.10571925+0.00427670j -0.10577524-0.00419828j 0.23602399+0.00032898j
112.99999999999996 0.76443346-0.00030427j -0.10765774+0.00467563j -0.10784293-0.00452808j 0.23473026+0.00030190j
113.99999999999996 0.76544490-0.00027446j -0.10961174+0.00507970j -0.10988725-0.00482718j 0.23371902+0.00027208j
114.99999999999997 0.76616818-0.00024526j -0.11156728+0.00537597j -0.11188403-0.00500060j 0.23299598+0.00024289j
115.99999999999997 0.76662493-0.00021971j -0.11346952+0.00543953j -0.11377713-0.00494197j 0.23253945+0.00021734j
116.99999999999999 0.76686336-0.00020020j -0.11522680+0.00515870j -0.11548120-0.00455591j 0.23230112+0.00019784j
117.99999999999997 0.76695459-0.00018825j -0.11672131+0.00445763j -0.11689059-0.00377883j 0.23220992+0.00018593j
119.0 0.76698714-0.00018434j -0.11782480+0.00331404j -0.11789295-0.00259571j 0.23217738+0.00018207j
119.99999999999999 0.76706041-0.00018779j -0.11841814+0.00177078j -0.11838647-0.00105084j 0.23210414+0.00018558j
121.0 0.76727671-0.00019683j -0.11841324-0.00006164j -0.11829901+0.00074956j 0.23188789+0.00019469j
122.0 0.76773183-0.00020907j -0.11777437-0.00201367j -0.11760660+0.00264498j 0.23143281+0.00020700j
123.00000000000001 0.76850423-0.00022201j -0.11653482-0.00387722j -0.11634811+0.00443943j 0.23066045+0.00021999j
124.00000000000001 0.76964435-0.00023356j -0.11480424-0.00543656j -0.11463192+0.00593035j 0.22952033+0.00023157j
125.00000000000003 0.77116669-0.00024226j -0.11276299-0.00650490j -0.11263070+0.00694318j 0.22799799+0.00024030j
126.00000000000001 0.77304699-0.00024740j -0.11064231-0.00695927j -0.11056267+0.00736432j 0.22611770+0.00024552j
127.00000000000004 0.77522637-0.00024911j -0.10869225-0.00676566j -0.10866136+0.00716403j 0.22393833+0.00024729j
128.00000000000003 0.77762207-0.00024839j -0.10714291-0.00598711j -0.10713992+0.00640260j 0.22154266+0.00024661j
129.00000000000003 0.78014260-0.00024704j -0.10616704-0.00477155j -0.10615820+0.00521720j 0.21902215+0.00024526j
130.00000000000003 0.78270362-0.00024722j -0.10585309-0.00332039j -0.10580040+0.00379233j 0.21646109+0.00024541j
131.00000000000003 0.78524018-0.00025079j -0.10619577-0.00184505j -0.10606861+0.00232107j 0.21392446+0.00024895j
132.00000000000006 0.78771197-0.00025856j -0.10710741-0.00052251j -0.10689320+0.00096691j 0.21145255+0.00025672j
133.00000000000006 0.79010071-0.00026989j -0.10844666+0.00053811j -0.10815669-0.00016441j 0.20906369+0.00026806j
134.00000000000006 0.79240128-0.00028281j -0.11005601+0.00130904j -0.10972427-0.00103656j 0.20676298+0.00028098j
135.00000000000006 0.79461030-0.00029448j -0.11179722+0.00183550j -0.11147234-0.00167624j 0.20455378+0.00029267j
136.00000000000009 0.79671659-0.00030207j -0.11357551+0.00220961j -0.11330852-0.00215270j 0.20244728+0.00030029j
137.00000000000006 0.79869658-0.00030342j -0.11534766+0.00253597j -0.11517959-0.00255007j 0.20046717+0.00030164j
138.00000000000009 0.80051577-0.00029751j -0.11711452+0.00289924j -0.11706775-0.00294031j 0.19864796+0.00029566j
139.00000000000009 0.80213523-0.00028446j -0.11890330+0.00334155j -0.11897848-0.00336289j 0.19702857+0.00028249j
140.00000000000009 0.80352063-0.00026547j -0.12074599+0.00385345j -0.12092421-0.00381483j 0.19564331+0.00026336j
141.00000000000009 0.80465063-0.00024263j -0.12265997+0.00437794j -0.12290846-0.00425169j 0.19451347+0.00024037j
142.0000000000001 0.80552280-0.00021857j -0.12463463+0.00482403j -0.12491385-0.00459751j 0.19364143+0.00021619j
143.0000000000001 0.80615609-0.00019600j -0.12662539+0.00508537j -0.12689580-0.00476056j 0.19300818+0.00019356j
144.0000000000001 0.80659041-0.00017715j -0.12855464+0.00506031j -0.12878245-0.00465150j 0.19257379+0.00017473j
145.0000000000001 0.80688441-0.00016355j -0.13031853+0.00467089j -0.13047984-0.00420134j 0.19227966+0.00016119j
146.0000000000001 0.80711204-0.00015593j -0.13179830+0.00387912j -0.13188181-0.00337728j 0.19205191+0.00015363j
147.0000000000001 0.80735794-0.00015435j -0.13287570+0.00269936j -0.13288383-0.00219452j 0.19180597+0.00015212j
148.00000000000014 0.80771124-0.00015836j -0.13345158+0.00120414j -0.13339970-0.00072197j 0.19145273+0.00015617j
149.00000000000014 0.80825770-0.00016693j -0.13346546-0.00047887j -0.13337900+0.00092048j 0.19090640+0.00016473j
150.00000000000014 0.80907059-0.00017831j -0.13291258-0.00218070j -0.13282206+0.00257466j 0.19009361+0.00017610j
151.00000000000014 0.81020146-0.00019016j -0.13185419-0.00371486j -0.13178875+0.00406607j 0.18896279+0.00018794j
152.00000000000017 0.81167252-0.00019985j -0.13041733-0.00490783j -0.13039780+0.00523190j 0.18749174+0.00019769j
153.00000000000014 0.81347262-0.00020520j -0.12878188-0.00563032j -0.12881496+0.00594972j 0.18569162+0.00020310j
154.00000000000014 0.81555862-0.00020510j -0.12715570-0.00582212j -0.12723086+0.00616015j 0.18360559+0.00020305j
155.00000000000017 0.81786256-0.00020005j -0.12574199-0.00550383j -0.12583258+0.00587732j 0.18130164+0.00019802j
156.00000000000017 0.82030336-0.00019216j -0.12470583-0.00477114j -0.12477490+0.00518385j 0.17886087+0.00019013j
157.00000000000017 0.82280002-0.00018467j -0.12414823-0.00377197j -0.12415838+0.00421099j 0.17636420+0.00018262j
158.00000000000017 0.82528273-0.00018096j -0.12409465-0.00267201j -0.12401909+0.00310918j 0.17388140+0.00017889j
159.0000000000002 0.82769880-0.00018339j -0.12450078-0.00161826j -0.12433210+0.00201643j 0.17146511+0.00018134j
160.00000000000017 0.83001271-0.00019242j -0.12527321-0.00071036j -0.12502716+0.00103313j 0.16915090+0.00019043j
161.0000000000002 0.83220100-0.00020633j -0.12629820+0.00001307j -0.12601098+0.00020886j 0.16696226+0.00020440j
162.0000000000002 0.83424485-0.00022169j -0.12747017+0.00057107j -0.12718992-0.00045692j 0.16491806+0.00021980j
163.0000000000002 0.83612350-0.00023448j -0.12871263+0.00102283j -0.12848767-0.00100267j 0.16303911+0.00023260j
164.0000000000002 0.83781101-0.00024124j -0.12998729+0.00144259j -0.12985497-0.00148537j 0.16135137+0.00023938j
165.00000000000023 0.83927743-0.00024003j -0.13129113+0.00189442j -0.13127044-0.00195953j 0.15988481+0.00023821j
166.00000000000023 0.84049346-0.00023074j -0.13264456+0.00241315j -0.13273375-0.00245939j 0.15866873+0.00022893j
167.00000000000023 0.84143693-0.00021477j -0.13407521+0.00299480j -0.13425437-0.00298810j 0.15772531+0.00021297j
168.00000000000023 0.84209874-0.00019455j -0.13560212+0.00359674j -0.13583893-0.00351505j 0.15706360+0.00019273j
169.00000000000023 0.84248693-0.00017285j -0.13722338+0.00414593j -0.13748025-0.00398082j 0.15667552+0.00017098j
170.00000000000023 0.84262810-0.00015226j -0.13890892+0.00455215j -0.13914994-0.00430788j 0.15653445+0.00015034j
171.00000000000026 0.84256669-0.00013491j -0.14059893+0.00472387j -0.14079544-0.00441474j 0.15659596+0.00013294j
172.00000000000026 0.84236266-0.00012226j -0.14220745+0.00458467j -0.14234164-0.00423132j 0.15680008+0.00012028j
173.00000000000026 0.84208826-0.00011516j -0.14363081+0.00408831j -0.14369691-0.00371379j 0.15707459+0.00011316j
174.00000000000026 0.84182371-0.00011375j -0.14475997+0.00323065j -0.14476355-0.00285681j 0.15733928+0.00011173j
175.00000000000028 0.84165205-0.00011755j -0.14549612+0.00205645j -0.14545189-0.00170111j 0.15751112+0.00011552j
176.00000000000026 0.84165282-0.00012537j -0.14576741+0.00065886j -0.14569647-0.00033391j 0.15751057+0.00012340j
177.00000000000028 0.84189502-0.00013541j -0.14554462-0.00082952j -0.14547109+0.00111946j 0.15726861+0.00013354j
178.00000000000028 0.84242987-0.00014539j -0.14485218-0.00225389j -0.14479923+0.00251227j 0.15673398+0.00014367j
179.00000000000028 0.84328466-0.00015308j -0.14377150-0.00346102j -0.14375660+0.00369919j 0.15587938+0.00015148j
180.00000000000028 0.84445899-0.00015684j -0.14243388-0.00432533j -0.14246402+0.00456048j 0.15470517+0.00015529j
181.00000000000028 0.84592472-0.00015614j -0.14100299-0.00477172j -0.14107146+0.00502254j 0.15323948+0.00015459j
182.0000000000003 0.84763027-0.00015180j -0.13964946-0.00478900j -0.13973594+0.00506985j 0.15153392+0.00015024j
183.00000000000028 0.84950874-0.00014581j -0.13852295-0.00442985j -0.13859773+0.00474515j 0.14965541+0.00014425j
184.0000000000003 0.85148803-0.00014069j -0.13772855-0.00379649j -0.13776005+0.00413750j 0.14767604+0.00013913j
185.0000000000003 0.85350038-0.00013881j -0.13731347-0.00301553j -0.13727704+0.00336078j 0.14566357+0.00013726j
186.0000000000003 0.85548879-0.00014170j -0.13726733-0.00220872j -0.13715264+0.00252849j 0.14367498+0.00014015j
187.0000000000003 0.85740904-0.00014963j -0.13753509-0.00146780j -0.13734971+0.00173129j 0.14175450+0.00014806j
188.00000000000034 0.85922763-0.00016153j -0.13803806-0.00083977j -0.13780636+0.00102289j 0.13993567+0.00015993j
189.00000000000034 0.86091736-0.00017526j -0.13869657-0.00032521j -0.13845430+0.00041683j 0.13824572+0.00017363j
190.00000000000034 0.86245312-0.00018818j -0.13944843+0.00011144j -0.13923456-0.00010641j 0.13670980+0.00018651j
191.00000000000034 0.86380944-0.00019782j -0.14025927+0.00052408j -0.14010723-0.00058567j 0.13535337+0.00019613j
192.00000000000034 0.86496086-0.00020250j -0.14112330+0.00096502j -0.14105421-0.00106288j 0.13420190+0.00020080j
193.00000000000034 0.86588458-0.00020155j -0.14205628+0.00146812j -0.14207584-0.00156831j 0.13327819+0.00019984j
194.00000000000037 0.86656438-0.00019527j -0.14308372+0.00203835j -0.14318297-0.00210991j 0.13259840+0.00019356j
195.00000000000037 0.86699463-0.00018471j -0.14422806+0.00264876j -0.14438691-0.00266863j 0.13216816+0.00018298j
196.00000000000037 0.86718330-0.00017135j -0.14549734+0.00324429j -0.14568948-0.00319975j 0.13197955+0.00016962j
197.00000000000037 0.86715350-0.00015688j -0.14687743+0.00375066j -0.14707532-0.00363955j 0.13200948+0.00015518j
198.0000000000004 0.86694360-0.00014299j -0.14832838+0.00408645j -0.14850765-0.00391572j 0.13221956+0.00014130j
199.00000000000037 0.86660606-0.00013108j -0.14978498+0.00417677j -0.14992787-0.00396003j 0.13255725+0.00012941j
200.00000000000037 0.86620515-0.00012211j -0.15116166+0.00396683j -0.15125917-0.00372132j 0.13295828+0.00012045j
201.00000000000043 0.86581334-0.00011653j -0.15236149+0.00343414j -0.15241398-0.00317733j 0.13335020+0.00011486j
202.0000000000004 0.86550652-0.00011431j -0.15328885+0.00259686j -0.15330491-0.00234351j 0.13365714+0.00011263j
203.0000000000004 0.86535807-0.00011509j -0.15386422+0.00151628j -0.15385823-0.00127628j 0.13380571+0.00011340j
204.0000000000004 0.86543226-0.00011821j -0.15403883+0.00029177j -0.15402766-0.00006902j 0.13373164+0.00011651j
205.0000000000004 0.86577763-0.00012272j -0.15380626-0.00095195j -0.15380585+0.00115970j 0.13338633+0.00012103j
206.00000000000043 0.86642153-0.00012738j -0.15320786-0.00208398j -0.15322994+0.00228436j 0.13274244+0.00012571j
207.00000000000043 0.86736687-0.00013084j -0.15232987-0.00298915j -0.15237906+0.00319343j 0.13179709+0.00012918j
208.00000000000043 0.86859208-0.00013199j -0.15129150-0.00358818j -0.15136336+0.00380841j 0.13057188+0.00013034j
209.00000000000043 0.87005457-0.00013042j -0.15022583-0.00385085j -0.15030672+0.00409598j 0.12910938+0.00012878j
210.00000000000045 0.87169722-0.00012663j -0.14925752-0.00379869j -0.14932698+0.00407065j 0.12746670+0.00012500j
211.00000000000045 0.87345635-0.00012195j -0.14848264-0.00349616j -0.14851842+0.00378719j 0.12570746+0.00012033j
212.00000000000043 0.87526950-0.00011816j -0.14795587-0.00303261j -0.14794020+0.00332528j 0.12389414+0.00011654j
213.00000000000043 0.87708098-0.00011686j -0.14768792-0.00250006j -0.14761328+0.00277038j 0.12208246+0.00011524j
214.00000000000048 0.87884437-0.00011900j -0.14765305-0.00197293j -0.14752528+0.00219604j 0.12031888+0.00011740j
215.00000000000045 0.88052199-0.00012457j -0.14780366-0.00149469j -0.14764134+0.00165135j 0.11864110+0.00012301j
216.00000000000045 0.88208236-0.00013263j -0.14808741-0.00107413j -0.14791746+0.00115590j 0.11708061+0.00013111j
217.00000000000045 0.88349742-0.00014156j -0.14846199-0.00069113j -0.14831300+0.00070235j 0.11566551+0.00014007j
218.00000000000048 0.88474059-0.00014957j -0.14890413-0.00030891j -0.14879987+0.00026514j 0.11442235+0.00014809j
219.00000000000048 0.88578688-0.00015515j -0.14941150+0.00011112j -0.14936657-0.00018732j 0.11337611+0.00015362j
220.00000000000048 0.88661471-0.00015726j -0.14999869+0.00059612j -0.15001713-0.00068014j 0.11254835+0.00015563j
221.00000000000048 0.88720910-0.00015537j -0.15068929+0.00115266j -0.15076548-0.00122206j 0.11195403+0.00015367j
222.0000000000005 0.88756495-0.00014952j -0.15150664+0.00176283j -0.15162729-0.00179996j 0.11159819+0.00014778j
223.0000000000005 0.88768959-0.00014034j -0.15246495+0.00238506j -0.15261156-0.00237871j 0.11147349+0.00013859j
224.0000000000005 0.88760404-0.00012917j -0.15356214+0.00295908j -0.15371381-0.00290537j 0.11155897+0.00012740j
225.0000000000005 0.88734294-0.00011788j -0.15477477+0.00341422j -0.15491164-0.00331670j 0.11182005+0.00011608j
226.00000000000054 0.88695353-0.00010834j -0.15605597+0.00368004j -0.15616302-0.00354875j 0.11220948+0.00010652j
227.00000000000054 0.88649360-0.00010190j -0.15733729+0.00369858j -0.15740747-0.00354768j 0.11266944+0.00010005j
228.00000000000054 0.88602853-0.00009895j -0.15853494+0.00343600j -0.15857055-0.00328049j 0.11313458+0.00009707j
229.0000000000005 0.88562712-0.00009892j -0.15956017+0.00289173j -0.15957198-0.00274382j 0.11353607+0.00009703j
230.0000000000005 0.88535645-0.00010061j -0.16033238+0.00210246j -0.16033667-0.00196878j 0.11380679+0.00009872j
231.00000000000054 0.88527611-0.00010259j -0.16079258+0.00113979j -0.16080689-0.00101982j 0.11388719+0.00010071j
232.00000000000054 0.88543222-0.00010368j -0.16091453+0.00010082j -0.16095313+0.00001280j 0.11373112+0.00010181j
233.00000000000054 0.88585253-0.00010319j -0.16071083-0.00090687j -0.16078089+0.00102632j 0.11331086+0.00010133j
234.00000000000054 0.88654340-0.00010103j -0.16023189-0.00178305j -0.16033153+0.00192196j 0.11262002+0.00009919j
235.00000000000057 0.88748962-0.00009763j -0.15955798-0.00245153j -0.15967635+0.00262109j 0.11167383+0.00009580j
236.00000000000057 0.88865711-0.00009372j -0.15878549-0.00287183j -0.15890505+0.00307725j 0.11050633+0.00009190j
237.00000000000057 0.88999815-0.00009012j -0.15801072-0.00304307j -0.15811112+0.00328137j 0.10916526+0.00008828j
238.00000000000057 0.89145795-0.00008758j -0.15731460-0.00299945j -0.15737718+0.00325917j 0.10770540+0.00008573j
239.0000000000006 0.89298106-0.00008675j -0.15675173-0.00279864j -0.15676381+0.00306154j 0.10618222+0.00008488j
240.0000000000006 0.89451638-0.00008810j -0.15634604-0.00250614j -0.15630387+0.00275070j 0.10464687+0.00008622j
241.0000000000006 0.89601974-0.00009187j -0.15609362-0.00217973j -0.15600339+0.00238550j 0.10314354+0.00008994j
242.00000000000057 0.89745417-0.00009786j -0.15597132-0.00185769j -0.15584796+0.00200949j 0.10170918+0.00009590j
243.00000000000063 0.89878850-0.00010545j -0.15594853-0.00155350j -0.15581257+0.00164435j 0.10037492+0.00010347j
244.00000000000063 0.89999551-0.00011356j -0.15599876-0.00125747j -0.15587204+0.00128966j 0.09916799+0.00011160j
245.0000000000006 0.90105042-0.00012093j -0.15610800-0.00094438j -0.15600932+0.00092833j 0.09811315+0.00011903j
246.0000000000006 0.90193067-0.00012642j -0.15627831-0.00058421j -0.15622013+0.00053574j 0.09723298+0.00012458j
247.00000000000065 0.90261701-0.00012925j -0.15652621-0.00015323j -0.15651328+0.00009006j 0.09654671+0.00012744j
248.00000000000063 0.90309560-0.00012914j -0.15687719+0.00035731j -0.15690695-0.00041873j 0.09606821+0.00012730j
249.00000000000063 0.90336056-0.00012620j -0.15735806+0.00093630j -0.15742238-0.00098298j 0.09580334+0.00012431j
250.00000000000063 0.90341626-0.00012096j -0.15798919+0.00155207j -0.15807665-0.00157557j 0.09574772+0.00011902j
251.00000000000065 0.90327892-0.00011418j -0.15877787+0.00215544j -0.15887598-0.00215189j 0.09588512+0.00011220j
252.00000000000065 0.90297718-0.00010679j -0.15971345+0.00268571j -0.15981058-0.00265537j 0.09618690+0.00010479j
253.00000000000065 0.90255164-0.00009972j -0.16076487+0.00307907j -0.16085186-0.00302547j 0.09661247+0.00009770j
254.00000000000065 0.90205327-0.00009366j -0.16188100+0.00327850j -0.16195251-0.00320732j 0.09711088+0.00009163j
255.00000000000063 0.90154073-0.00008892j -0.16299455+0.00324373j -0.16304975-0.00316154j 0.09762347+0.00008690j
256.0000000000007 0.90107642-0.00008541j -0.16402919+0.00295972j -0.16407169-0.00287251j 0.09808784+0.00008344j
257.0000000000007 0.90072166-0.00008285j -0.16490944+0.00244171j -0.16494630-0.00235340j 0.09844265+0.00008091j
258.0000000000007 0.90053125-0.00008087j -0.16557165+0.00173527j -0.16561153-0.00164656j 0.09863311+0.00007898j
259.0000000000007 0.90054818-0.00007919j -0.16597415+0.00091084j -0.16602483-0.00081873j 0.09861624+0.00007735j
260.0000000000007 0.90079930-0.00007756j -0.16610418+0.00005309j -0.16617018+0.00004836j 0.09836519+0.00007575j
261.0000000000007 0.90129267-0.00007577j -0.16598000-0.00075274j -0.16606081+0.00087058j 0.09787188+0.00007396j
262.0000000000007 0.90201737-0.00007364j -0.16564723-0.00143475j -0.16573701+0.00157466j 0.09714724+0.00007183j
263.0000000000007 0.90294569-0.00007108j -0.16517023-0.00194539j -0.16525903+0.00210949j 0.09621895+0.00006926j
264.00000000000074 0.90403756-0.00006809j -0.16462038-0.00226703j -0.16469629+0.00245264j 0.09512711+0.00006627j
265.00000000000074 0.90524600-0.00006489j -0.16406399-0.00241111j -0.16411551+0.00261078j 0.09391868+0.00006308j
266.0000000000007 0.90652263-0.00006196j -0.16355230-0.00241137j -0.16357049+0.00261379j 0.09264201+0.00006017j
267.0000000000007 0.90782215-0.00006002j -0.16311573-0.00231282j -0.16309594+0.00250451j 0.09134244+0.00005824j
268.00000000000074 0.90910480-0.00005991j -0.16276360-0.00215946j -0.16270652+0.00232683j 0.09005972+0.00005813j
269.00000000000074 0.91033706-0.00006227j -0.16248887-0.00198384j -0.16240082+0.00211529j 0.08882740+0.00006050j
270.00000000000074 0.91149075-0.00006730j -0.16227620-0.00180089j -0.16216843+0.00188862j 0.08767367+0.00006552j
271.00000000000074 0.91254140-0.00007452j -0.16211089-0.00160716j -0.16199794+0.00164844j 0.08662298+0.00007272j
272.00000000000074 0.91346684-0.00008277j -0.16198622-0.00138499j -0.16188343+0.00138262j 0.08569749+0.00008093j
273.00000000000074 0.91424666-0.00009048j -0.16190753-0.00111014j -0.16182827+0.00107193j 0.08491766+0.00008861j
274.00000000000074 0.91486271-0.00009615j -0.16189252-0.00076060j -0.16184583+0.00069803j 0.08430164+0.00009426j
275.00000000000074 0.91530078-0.00009874j -0.16196790-0.00032459j -0.16195711+0.00025082j 0.08386363+0.00009685j
276.0000000000008 0.91555281-0.00009796j -0.16216385+0.00019390j -0.16218640-0.00026611j 0.08361166+0.00009607j
277.0000000000008 0.91561924-0.00009423j -0.16250723+0.00077270j -0.16255573-0.00083280j 0.08354528+0.00009235j
278.0000000000008 0.91551089-0.00008859j -0.16301514+0.00137249j -0.16307907-0.00141345j 0.08365368+0.00008671j
279.0000000000008 0.91524992-0.00008236j -0.16368942+0.00194105j -0.16375740-0.00196000j 0.08391470+0.00008047j
280.00000000000074 0.91486971-0.00007680j -0.16451335+0.00242017j -0.16457543-0.00241828j 0.08429496+0.00007491j
281.0000000000008 0.91441355-0.00007280j -0.16545085+0.00275419j -0.16550053-0.00273577j 0.08475117+0.00007093j
282.0000000000008 0.91393224-0.00007069j -0.16644886+0.00289895j -0.16648431-0.00286983j 0.08523253+0.00006885j
283.0000000000008 0.91348062-0.00007021j -0.16744261+0.00282961j -0.16746676-0.00279527j 0.08568423+0.00006839j
284.0000000000008 0.91311329-0.00007067j -0.16836339+0.00254599j -0.16838281-0.00250986j 0.08605165+0.00006886j
285.0000000000008 0.91287978-0.00007118j -0.16914772+0.00207396j -0.16917062-0.00203634j 0.08628526+0.00006938j
286.0000000000008 0.91281973-0.00007097j -0.16974631+0.00146229j -0.16978013-0.00142021j 0.08634540+0.00006920j
287.0000000000008 0.91295897-0.00006960j -0.17013088+0.00077519j -0.17018022-0.00072320j 0.08620623+0.00006788j
288.0000000000008 0.91330708-0.00006698j -0.17029738+0.00008196j -0.17036279-0.00001353j 0.08585816+0.00006533j
289.00000000000085 0.91385717-0.00006340j -0.17026507-0.00055413j -0.17034264+0.00064491j 0.08530813+0.00006180j
290.00000000000085 0.91458772-0.00005928j -0.17007146-0.00108540j -0.17015337+0.00120214j 0.08457763+0.00005774j
291.00000000000085 0.91546622-0.00005515j -0.16976433-0.00148582j -0.16984012+0.00162847j 0.08369919+0.00005366j
292.00000000000085 0.91645362-0.00005157j -0.16939257-0.00175226j -0.16945106+0.00191633j 0.08271183+0.00005016j
293.00000000000085 0.91750895-0.00004912j -0.16899789-0.00190081j -0.16902941+0.00207744j 0.08165654+0.00004779j
294.00000000000085 0.91859308-0.00004833j -0.16860922-0.00195928j -0.16860773+0.00213631j 0.08057242+0.00004708j
295.00000000000085 0.91967120-0.00004954j -0.16824105-0.00195780j -0.16820567+0.00212167j 0.07949431+0.00004833j
296.00000000000085 0.92071366-0.00005280j -0.16789586-0.00192022j -0.16783125+0.00205834j 0.07845187+0.00005159j
297.0000000000009 0.92169559-0.00005781j -0.16756950-0.00185824j -0.16748508+0.00196123j 0.07746999+0.00005656j
298.0000000000009 0.92259562-0.00006394j -0.16725784-0.00176978j -0.16716588+0.00183299j 0.07657002+0.00006264j
299.00000000000085 0.92339454-0.00007038j -0.16696254-0.00164142j -0.16687577+0.00166554j 0.07577115+0.00006903j
300.00000000000085 0.92407456-0.00007629j -0.16669447-0.00145390j -0.16662364+0.00144446j 0.07509117+0.00007488j
301.0000000000009 0.92461956-0.00008099j -0.16647400-0.00118878j -0.16642610+0.00115476j 0.07454619+0.00007953j
302.0000000000009 0.92501629-0.00008411j -0.16632882-0.00083480j -0.16630628+0.00078658j 0.07414950+0.00008261j
303.0000000000009 0.92525613-0.00008563j -0.16628989-0.00039259j -0.16629078+0.00033993j 0.07390972+0.00008408j
304.0000000000009 0.92533697-0.00008579j -0.16638639+0.00012282j -0.16640565-0.00017228j 0.07382893+0.00008421j
305.0000000000009 0.92526494-0.00008494j -0.16664063+0.00068178j -0.16667168-0.00072325j 0.07390103+0.00008335j
306.0000000000009 0.92505557-0.00008341j -0.16706331+0.00124232j -0.16709965-0.00127368j 0.07411046+0.00008183j
307.0000000000009 0.92473435-0.00008150j -0.16764999+0.00175481j -0.16768627-0.00177600j 0.07443176+0.00007992j
308.0000000000009 0.92433616-0.00007940j -0.16837922+0.00216857j -0.16841202-0.00218075j 0.07483002+0.00007782j
309.0000000000009 0.92390354-0.00007727j -0.16921319+0.00243941j -0.16924129-0.00244429j 0.07526272+0.00007568j
310.00000000000097 0.92348361-0.00007521j -0.17010099+0.00253678j -0.17012546-0.00253603j 0.07568273+0.00007359j
311.00000000000097 0.92312409-0.00007318j -0.17098424+0.00244908j -0.17100822-0.00244377j 0.07604235+0.00007153j
312.0000000000009 0.92286887-0.00007104j -0.17180426+0.00218607j -0.17183240-0.00217603j 0.07629771+0.00006938j
313.0000000000009 0.92275376-0.00006858j -0.17250965+0.00177765j -0.17254704-0.00176091j 0.07641295+0.00006691j
314.00000000000097 0.92280319-0.00006559j -0.17306271+0.00126920j -0.17311344-0.00124188j 0.07636365+0.00006394j
315.00000000000097 0.92302810-0.00006202j -0.17344372+0.00071412j -0.17350942-0.00067094j 0.07613885+0.00006039j
316.00000000000097 0.92342547-0.00005796j -0.17365201+0.00016514j -0.17373072-0.00010055j 0.07574156+0.00005634j
317.00000000000097 0.92397955-0.00005369j -0.17370356-0.00033407j -0.17378947+0.00042427j 0.07518755+0.00005204j
318.00000000000097 0.92466461-0.00004951j -0.17362569-0.00075490j -0.17370987+0.00087189j 0.07450256+0.00004781j
319.00000000000097 0.92544869-0.00004575j -0.17345010-0.00108602j -0.17352222+0.00122689j 0.07371856+0.00004401j
320.00000000000097 0.92629755-0.00004269j -0.17320624-0.00133147j -0.17325672+0.00148905j 0.07286977+0.00004091j
321.00000000000097 0.92717812-0.00004058j -0.17291672-0.00150537j -0.17293884+0.00166926j 0.07198923+0.00003877j
322.000000000001 0.92806082-0.00003963j -0.17259579-0.00162509j -0.17258689+0.00178354j 0.07110654+0.00003782j
323.000000000001 0.92892051-0.00004005j -0.17225070-0.00170498j -0.17221238+0.00184688j 0.07024684+0.00003825j
324.000000000001 0.92973624-0.00004199j -0.17188489-0.00175200j -0.17182245+0.00186848j 0.06943109+0.00004020j
325.00000000000097 0.93049024-0.00004542j -0.17150208-0.00176407j -0.17142334+0.00184939j 0.06867706+0.00004364j
326.000000000001 0.93116675-0.00005005j -0.17110976-0.00173110j -0.17102388+0.00178296j 0.06800055+0.00004827j
327.000000000001 0.93175119-0.00005528j -0.17072163-0.00163806j -0.17063790+0.00165744j 0.06741613+0.00005350j
328.000000000001 0.93223008-0.00006028j -0.17035842-0.00146920j -0.17028511+0.00145995j 0.06693728+0.00005850j
329.000000000001 0.93259164-0.00006427j -0.17004724-0.00121262j -0.16999042+0.00118087j 0.06657577+0.00006249j
330.000000000001 0.93282705-0.00006671j -0.16981930-0.00086465j -0.16978192+0.00081785j 0.06634043+0.00006494j
331.000000000001 0.93293195-0.00006752j -0.16970621-0.00043307j -0.16968783+0.00037870j 0.06623563+0.00006576j
332.000000000001 0.93290814-0.00006698j -0.16973545+0.00006138j -0.16973291-0.00011710j 0.06625956+0.00006523j
333.000000000001 0.93276511-0.00006559j -0.16992569+0.00058587j -0.16993451-0.00063884j 0.06640271+0.00006386j
334.000000000001 0.93252098-0.00006381j -0.17028298+0.00109878j -0.17029894-0.00114703j 0.06664695+0.00006208j
335.0000000000011 0.93220245-0.00006188j -0.17079849+0.00155494j -0.17081884-0.00159803j 0.06696558+0.00006015j
336.0000000000011 0.93184356-0.00005986j -0.17144824+0.00191196j -0.17147215-0.00194995j 0.06732453+0.00005811j
337.0000000000011 0.93148325-0.00005769j -0.17219499+0.00213629j -0.17222334-0.00216880j 0.06768488+0.00005590j
338.0000000000011 0.93116197-0.00005527j -0.17299198+0.00220825j -0.17302660-0.00223390j 0.06800616+0.00005346j
339.0000000000011 0.93091787-0.00005257j -0.17378820+0.00212497j -0.17383094-0.00214123j 0.06825026+0.00005076j
340.0000000000011 0.93078303-0.00004956j -0.17453431+0.00190061j -0.17458624-0.00190413j 0.06838511+0.00004778j
341.0000000000011 0.93078030-0.00004627j -0.17518833+0.00156393j -0.17524925-0.00155108j 0.06838785+0.00004453j
342.0000000000011 0.93092125-0.00004278j -0.17572017+0.00115336j -0.17578827-0.00112093j 0.06824693+0.00004105j
343.00000000000114 0.93120552-0.00003918j -0.17611398+0.00071043j -0.17618595-0.00065633j 0.06796273+0.00003747j
344.0000000000011 0.93162171-0.00003564j -0.17636795+0.00027314j -0.17643929-0.00019686j 0.06754662+0.00003393j
345.0000000000011 0.93214978-0.00003233j -0.17649167-0.00012958j -0.17655712+0.00022670j 0.06701863+0.00003061j
346.0000000000011 0.93276418-0.00002944j -0.17650163-0.00048080j -0.17655575+0.00059553j 0.06640432+0.00002771j
347.00000000000114 0.93343724-0.00002718j -0.17641634-0.00077565j -0.17645417+0.00090282j 0.06573134+0.00002544j
348.00000000000114 0.93414199-0.00002574j -0.17625220-0.00101833j -0.17627016+0.00115116j 0.06502665+0.00002400j
349.00000000000114 0.93485409-0.00002531j -0.17602140-0.00121748j -0.17601808+0.00134823j 0.06431461+0.00002358j
350.00000000000114 0.93555271-0.00002603j -0.17573194-0.00138115j -0.17570858+0.00150233j 0.06361602+0.00002432j
351.00000000000114 0.93622056-0.00002794j -0.17538960-0.00151293j -0.17534976+0.00161846j 0.06294821+0.00002626j
352.00000000000114 0.93684325-0.00003094j -0.17500080-0.00161001j -0.17494944+0.00169595j 0.06232557+0.00002929j
353.00000000000114 0.93740832-0.00003477j -0.17457543-0.00166329j -0.17451778+0.00172785j 0.06176054+0.00003312j
354.00000000000114 0.93790444-0.00003901j -0.17412880-0.00165935j -0.17406956+0.00170241j 0.06126445+0.00003736j
355.00000000000114 0.93832097-0.00004322j -0.17368243-0.00158356j -0.17362553+0.00160609j 0.06084794+0.00004156j
356.0000000000012 0.93864812-0.00004697j -0.17326345-0.00142371j -0.17321210+0.00142748j 0.06052080+0.00004529j
357.0000000000012 0.93887771-0.00004997j -0.17290291-0.00117354j -0.17285963+0.00116116j 0.06029124+0.00004829j
358.00000000000114 0.93900439-0.00005215j -0.17263300-0.00083566j -0.17259937+0.00081059j 0.06016462+0.00005046j
359.00000000000114 0.93902714-0.00005362j -0.17248370-0.00042331j -0.17246002+0.00038953j 0.06014193+0.00005192j
360.0000000000012 0.93895073-0.00005458j -0.17247895+0.00003942j -0.17246418-0.00007807j 0.06021842+0.00005288j
361.0000000000012 0.93878683-0.00005524j -0.17263301+0.00051936j -0.17262521-0.00055986j 0.06038239+0.00005355j
362.0000000000012 0.93855440-0.00005564j -0.17294766+0.00097788j -0.17294487-0.00101835j 0.06061490+0.00005397j
363.0000000000012 0.93827903-0.00005568j -0.17341094+0.00137590j -0.17341192-0.00141528j 0.06089031+0.00005406j
364.0000000000012 0.93799128-0.00005520j -0.17399781+0.00167931j -0.17400240-0.00171677j 0.06117808+0.00005362j
365.0000000000012 0.93772405-0.00005409j -0.17467254+0.00186368j -0.17468156-0.00189805j 0.06144532+0.00005254j
366.0000000000012 0.93750941-0.00005235j -0.17539266+0.00191754j -0.17540747-0.00194707j 0.06165999+0.00005081j
367.0000000000012 0.93737531-0.00005013j -0.17611370+0.00184354j -0.17613579-0.00186599j 0.06179411+0.00004857j
368.00000000000125 0.93734273-0.00004762j -0.17679408+0.00165748j -0.17682464-0.00167032j 0.06182673+0.00004604j
369.00000000000125 0.93742361-0.00004498j -0.17739933+0.00138516j -0.17743900-0.00138575j 0.06174589+0.00004338j
370.00000000000125 0.93761998-0.00004221j -0.17790505+0.00105776j -0.17795353-0.00104343j 0.06154956+0.00004060j
371.0000000000012 0.93792447-0.00003922j -0.17829794+0.00070646j -0.17835358-0.00067478j 0.06124512+0.00003762j
372.00000000000125 0.93832199-0.00003588j -0.17857490+0.00035759j -0.17863436-0.00030684j 0.06084765+0.00003429j
373.00000000000125 0.93879231-0.00003214j -0.17874041+0.00002927j -0.17879868+0.00004078j 0.06037738+0.00003057j
374.00000000000125 0.93931295-0.00002814j -0.17880296-0.00026959j -0.17885399+0.00035693j 0.05985678+0.00002658j
375.00000000000125 0.93986185-0.00002420j -0.17877163-0.00053783j -0.17880952+0.00063794j 0.05930794+0.00002265j
376.0000000000013 0.94041928-0.00002080j -0.17865391-0.00077880j -0.17867428+0.00088493j 0.05875059+0.00001925j
377.00000000000125 0.94096880-0.00001845j -0.17845520-0.00099627j -0.17845629+0.00110050j 0.05820110+0.00001688j
378.00000000000125 0.94149737-0.00001756j -0.17817997-0.00119087j -0.17816303+0.00128558j 0.05767255+0.00001597j
379.00000000000125 0.94199454-0.00001834j -0.17783405-0.00135803j -0.17780292+0.00143727j 0.05717538+0.00001672j
380.00000000000125 0.94245153-0.00002069j -0.17742700-0.00148788j -0.17738705+0.00154823j 0.05671838+0.00001906j
381.0000000000013 0.94286029-0.00002426j -0.17697380-0.00156679j -0.17693074+0.00160747j 0.05630964+0.00002264j
382.0000000000013 0.94321292-0.00002850j -0.17649544-0.00157992j -0.17645429+0.00160237j 0.05595703+0.00002689j
383.0000000000013 0.94350164-0.00003273j -0.17601841-0.00151419j -0.17598268+0.00152132j 0.05566836+0.00003114j
384.0000000000013 0.94371923-0.00003639j -0.17557318-0.00136114j -0.17554451+0.00135657j 0.05545082+0.00003481j
385.0000000000013 0.94385999-0.00003912j -0.17519204-0.00111942j -0.17517015+0.00110664j 0.05531010+0.00003755j
386.0000000000013 0.94392102-0.00004092j -0.17490629-0.00079650j -0.17488953+0.00077825j 0.05524910+0.00003933j
387.0000000000013 0.94390359-0.00004202j -0.17474315-0.00040927j -0.17472930+0.00038720j 0.05526656+0.00004040j
388.0000000000013 0.94381421-0.00004274j -0.17472253+0.00001679j -0.17470980-0.00004202j 0.05535594+0.00004109j
389.00000000000136 0.94366535-0.00004331j -0.17485440+0.00045003j -0.17484204-0.00047830j 0.05550480+0.00004163j
390.0000000000013 0.94347518-0.00004379j -0.17513703+0.00085617j -0.17512553-0.00088732j 0.05569496+0.00004209j
391.0000000000013 0.94326656-0.00004414j -0.17555666+0.00120270j -0.17554740-0.00123610j 0.05590358+0.00004243j
392.0000000000013 0.94306502-0.00004428j -0.17608856+0.00146307j -0.17608339-0.00149753j 0.05610512+0.00004257j
393.00000000000136 0.94289627-0.00004419j -0.17669966+0.00162017j -0.17670049-0.00165397j 0.05627387+0.00004248j
394.00000000000136 0.94278346-0.00004387j -0.17735220+0.00166827j -0.17736081-0.00169924j 0.05638673+0.00004217j
395.00000000000136 0.94274463-0.00004328j -0.17800789+0.00161299j -0.17802584-0.00163846j 0.05642562+0.00004160j
396.00000000000136 0.94279098-0.00004234j -0.17863185+0.00146947j -0.17866030-0.00148619j 0.05637935+0.00004068j
397.00000000000136 0.94292594-0.00004090j -0.17919567+0.00125897j -0.17923492-0.00126316j 0.05624448+0.00003924j
398.00000000000136 0.94314540-0.00003879j -0.17967903+0.00100479j -0.17972790-0.00099257j 0.05602514+0.00003713j
399.00000000000136 0.94343882-0.00003593j -0.18006970+0.00072831j -0.18012511-0.00069643j 0.05573182+0.00003426j
400.00000000000136 0.94379118-0.00003245j -0.18036222+0.00044610j -0.18041914-0.00039292j 0.05537957+0.00003077j
401.00000000000136 0.94418522-0.00002869j -0.18055566+0.00016859j -0.18060775-0.00009496j 0.05498562+0.00002701j
402.00000000000136 0.94460366-0.00002521j -0.18065132-0.00009932j -0.18069216+0.00018972j 0.05456727+0.00002354j
403.0000000000014 0.94503091-0.00002261j -0.18065098-0.00035624j -0.18067565+0.00045731j 0.05414008+0.00002096j
404.0000000000014 0.94545407-0.00002135j -0.18055642-0.00060150j -0.18056268+0.00070582j 0.05371698+0.00001971j
405.0000000000014 0.94586303-0.00002157j -0.18037008-0.00083256j -0.18035883+0.00093288j 0.05330808+0.00001995j
406.0000000000014 0.94625004-0.00002311j -0.18009654-0.00104339j -0.18007138+0.00113400j 0.05292112+0.00002151j
407.0000000000014 0.94660895-0.00002555j -0.17974423-0.00122413j -0.17971029+0.00130170j 0.05256225+0.00002397j
408.0000000000014 0.94693437-0.00002840j -0.17932676-0.00136198j -0.17928925+0.00142562j 0.05223687+0.00002685j
409.0000000000014 0.94722107-0.00003120j -0.17886348-0.00144304j -0.17882636+0.00149377j 0.05195020+0.00002968j
410.0000000000014 0.94746373-0.00003360j -0.17837898-0.00145462j -0.17834425+0.00149433j 0.05170757+0.00003211j
411.0000000000014 0.94765710-0.00003541j -0.17790182-0.00138757j -0.17786951+0.00141794j 0.05151424+0.00003394j
412.0000000000015 0.94779653-0.00003660j -0.17746261-0.00123815j -0.17743142+0.00125995j 0.05137484+0.00003515j
413.0000000000015 0.94787891-0.00003729j -0.17709175-0.00100945j -0.17706005+0.00102243j 0.05129251+0.00003586j
414.0000000000015 0.94790364-0.00003770j -0.17681701-0.00071199j -0.17678370+0.00071528j 0.05126780+0.00003628j
415.0000000000015 0.94787377-0.00003807j -0.17666111-0.00036352j -0.17662609+0.00035632j 0.05129768+0.00003667j
416.0000000000015 0.94779663-0.00003857j -0.17663946+0.00001219j -0.17660369-0.00003007j 0.05137482+0.00003718j
417.0000000000014 0.94768409-0.00003926j -0.17675829+0.00038757j -0.17672356-0.00041547j 0.05148735+0.00003788j
418.0000000000014 0.94755194-0.00004007j -0.17701362+0.00073434j -0.17698227-0.00077069j 0.05161949+0.00003869j
419.0000000000014 0.94741872-0.00004086j -0.17739136+0.00102696j -0.17736592-0.00106942j 0.05175273+0.00003946j
420.00000000000153 0.94730379-0.00004142j -0.17786854+0.00124579j -0.17785154-0.00129140j 0.05186768+0.00004001j
421.00000000000153 0.94722532-0.00004155j -0.17841579+0.00137940j -0.17840949-0.00142474j 0.05194619+0.00004013j
422.00000000000153 0.94719814-0.00004107j -0.17900051+0.00142547j -0.17900668-0.00146682j 0.05197341+0.00003965j
423.0000000000015 0.94723211-0.00003986j -0.17959040+0.00139020j -0.17960993-0.00142370j 0.05193950+0.00003843j
424.0000000000015 0.94733109-0.00003783j -0.18015640+0.00128628j -0.18018900-0.00130812j 0.05184058+0.00003640j
425.0000000000015 0.94749279-0.00003501j -0.18067481+0.00112979j -0.18071871-0.00113664j 0.05167892+0.00003359j
426.0000000000015 0.94770961-0.00003158j -0.18112801+0.00093703j -0.18117996-0.00092639j 0.05146214+0.00003017j
427.0000000000015 0.94797012-0.00002778j -0.18150397+0.00072179j -0.18155952-0.00069246j 0.05120167+0.00002638j
428.00000000000153 0.94826105-0.00002393j -0.18179499+0.00049391j -0.18184906-0.00044626j 0.05091080+0.00002254j
429.00000000000153 0.94856916-0.00002036j -0.18199617+0.00025926j -0.18204372-0.00019538j 0.05060275+0.00001896j
430.00000000000153 0.94888282-0.00001737j -0.18210421+0.00002097j -0.18214100+0.00005553j 0.05028915+0.00001596j
431.00000000000153 0.94919276-0.00001517j -0.18211697-0.00021871j -0.18214015+0.00030306j 0.04997927+0.00001375j
432.00000000000153 0.94949223-0.00001392j -0.18203383-0.00045643j -0.18204228+0.00054327j 0.04967984+0.00001248j
433.00000000000153 0.94977660-0.00001361j -0.18185655-0.00068630j -0.18185102+0.00077040j 0.04939552+0.00001218j
434.00000000000153 0.95004262-0.00001419j -0.18159047-0.00089920j -0.18157327+0.00097621j 0.04912954+0.00001277j
435.00000000000153 0.95028768-0.00001548j -0.18124560-0.00108318j -0.18121998+0.00115013j 0.04888452+0.00001408j
436.00000000000153 0.95050914-0.00001728j -0.18083722-0.00122465j -0.18080656+0.00128004j 0.04866308+0.00001589j
437.0000000000016 0.95070396-0.00001943j -0.18038573-0.00131017j -0.18035286+0.00135364j 0.04846828+0.00001804j
438.0000000000016 0.95086867-0.00002177j -0.17991586-0.00132835j -0.17988289+0.00136023j 0.04830359+0.00002040j
439.0000000000016 0.95099966-0.00002422j -0.17945533-0.00127168j -0.17942377+0.00129259j 0.04817262+0.00002285j
440.0000000000016 0.95109382-0.00002670j -0.17903325-0.00113800j -0.17900429+0.00114887j 0.04807847+0.00002532j
441.0000000000016 0.95114941-0.00002907j -0.17867814-0.00093166j -0.17865267+0.00093372j 0.04802291+0.00002769j
442.0000000000016 0.95116694-0.00003120j -0.17841566-0.00066391j -0.17839413+0.00065873j 0.04800540+0.00002981j
443.0000000000016 0.95114996-0.00003295j -0.17826625-0.00035240j -0.17824849+0.00034165j 0.04802239+0.00003154j
444.00000000000153 0.95110538-0.00003425j -0.17824289-0.00001961j -0.17822816+0.00000467j 0.04806697+0.00003281j
445.00000000000165 0.95104331-0.00003509j -0.17834956+0.00030975j -0.17833690-0.00032797j 0.04812905+0.00003362j
446.00000000000165 0.95097622-0.00003552j -0.17858067+0.00061170j -0.17856941-0.00063272j 0.04819615+0.00003404j
447.00000000000165 0.95091772-0.00003563j -0.17892173+0.00086591j -0.17891194-0.00088940j 0.04825468+0.00003415j
448.00000000000165 0.95088088-0.00003549j -0.17935114+0.00105793j -0.17934374-0.00108333j 0.04829155+0.00003401j
449.0000000000016 0.95087674-0.00003511j -0.17984272+0.00118036j -0.17983936-0.00120654j 0.04829574+0.00003365j
450.0000000000016 0.95091294-0.00003442j -0.18036852+0.00123276j -0.18037111-0.00125784j 0.04825957+0.00003298j
451.0000000000016 0.95099298-0.00003328j -0.18090141+0.00122045j -0.18091157-0.00124189j 0.04817958+0.00003185j
452.0000000000016 0.95111595-0.00003154j -0.18141706+0.00115259j -0.18143547-0.00116747j 0.04805664+0.00003011j
453.0000000000017 0.95127697-0.00002912j -0.18189499+0.00103988j -0.18192105-0.00104542j 0.04789566+0.00002770j
454.0000000000017 0.95146815-0.00002612j -0.18231878+0.00089270j -0.18235062-0.00088666j 0.04770453+0.00002472j
455.00000000000165 0.95167985-0.00002281j -0.18267574+0.00071961j -0.18271047-0.00070072j 0.04749289+0.00002143j
456.00000000000165 0.95190221-0.00001956j -0.18295616+0.00052689j -0.18299037-0.00049502j 0.04727063+0.00001819j
457.00000000000165 0.95212639-0.00001673j -0.18315264+0.00031884j -0.18318294-0.00027506j 0.04704654+0.00001537j
458.00000000000165 0.95234560-0.00001456j -0.18325959+0.00009886j -0.18328309-0.00004531j 0.04682743+0.00001320j
459.00000000000165 0.95255534-0.00001314j -0.18327329-0.00012920j -0.18328801+0.00018948j 0.04661776+0.00001177j
460.00000000000165 0.95275324-0.00001247j -0.18319247-0.00035968j -0.18319754+0.00042308j 0.04641990+0.00001108j
461.00000000000165 0.95293843-0.00001245j -0.18301914-0.00058437j -0.18301486+0.00064710j 0.04623473+0.00001104j
462.0000000000017 0.95311069-0.00001303j -0.18275955-0.00079244j -0.18274725+0.00085105j 0.04606250+0.00001159j
463.0000000000017 0.95326979-0.00001410j -0.18242483-0.00097117j -0.18240654+0.00102296j 0.04590344+0.00001264j
464.0000000000017 0.95341495-0.00001552j -0.18203119-0.00110722j -0.18200911+0.00115054j 0.04575831+0.00001405j
465.0000000000017 0.95354468-0.00001712j -0.18159954-0.00118833j -0.18157552+0.00122252j 0.04562863+0.00001566j
466.0000000000017 0.95365690-0.00001877j -0.18115452-0.00120502j -0.18112965+0.00123014j 0.04551645+0.00001732j
467.0000000000017 0.95374936-0.00002039j -0.18072303-0.00115214j -0.18069762+0.00116855j 0.04542405+0.00001896j
468.0000000000017 0.95382024-0.00002204j -0.18033237-0.00102995j -0.18030619+0.00103798j 0.04535321+0.00002061j
469.0000000000017 0.95386886-0.00002381j -0.18000814-0.00084457j -0.17998092+0.00084434j 0.04530463+0.00002238j
470.00000000000176 0.95389626-0.00002573j -0.17977227-0.00060776j -0.17974408+0.00059921j 0.04527726+0.00002429j
471.00000000000176 0.95390562-0.00002775j -0.17964114-0.00033593j -0.17961261+0.00031903j 0.04526794+0.00002630j
472.00000000000176 0.95390233-0.00002970j -0.17962416-0.00004851j -0.17959646+0.00002349j 0.04527125+0.00002824j
473.00000000000176 0.95389375-0.00003136j -0.17972289+0.00023415j -0.17969759-0.00026661j 0.04527985+0.00002989j
474.00000000000176 0.95388843-0.00003259j -0.17993100+0.00049304j -0.17990989-0.00053179j 0.04528521+0.00003111j
475.00000000000176 0.95389504-0.00003327j -0.18023509+0.00071270j -0.18022008-0.00075602j 0.04527864+0.00003178j
476.0000000000017 0.95392115-0.00003334j -0.18061630+0.00088267j -0.18060925-0.00092821j 0.04525258+0.00003185j
477.0000000000017 0.95397204-0.00003277j -0.18105248+0.00099803j -0.18105494-0.00104280j 0.04520174+0.00003128j
478.0000000000018 0.95404999-0.00003150j -0.18152042+0.00105883j -0.18153323-0.00109936j 0.04512385+0.00003002j
479.0000000000018 0.95415406-0.00002953j -0.18199767+0.00106873j -0.18202060-0.00110146j 0.04501984+0.00002805j
480.0000000000018 0.95428042-0.00002689j -0.18246370+0.00103329j -0.18249530-0.00105510j 0.04489354+0.00002540j
481.0000000000018 0.95442316-0.00002372j -0.18290037+0.00095854j -0.18293810-0.00096726j 0.04475083+0.00002220j
482.00000000000176 0.95457534-0.00002024j -0.18329204+0.00084996j -0.18333268-0.00084465j 0.04459868+0.00001869j
483.00000000000176 0.95473003-0.00001671j -0.18362536+0.00071210j -0.18366549-0.00069313j 0.04444400+0.00001514j
484.00000000000176 0.95488134-0.00001339j -0.18388914+0.00054882j -0.18392566-0.00051767j 0.04429270+0.00001181j
485.00000000000176 0.95502500-0.00001048j -0.18407434+0.00036388j -0.18410488-0.00032279j 0.04414905+0.00000890j
486.00000000000176 0.95515869-0.00000813j -0.18417441+0.00016166j -0.18419741-0.00011322j 0.04401538+0.00000654j
487.0000000000018 0.95528193-0.00000643j -0.18418562-0.00005223j -0.18420022+0.00010538j 0.04389216+0.00000482j
488.0000000000018 0.95539562-0.00000542j -0.18410741-0.00027055j -0.18411330+0.00032592j 0.04377850+0.00000380j
489.0000000000018 0.95550142-0.00000509j -0.18394284-0.00048422j -0.18394005+0.00053948j 0.04367271+0.00000346j
490.0000000000018 0.95560117-0.00000537j -0.18369885-0.00068254j -0.18368771+0.00073548j 0.04357298+0.00000374j
491.0000000000018 0.95569631-0.00000612j -0.18338651-0.00085365j -0.18336767+0.00090213j 0.04347786+0.00000449j
492.0000000000018 0.95578753-0.00000719j -0.18302116-0.00098547j -0.18299563+0.00102744j 0.04338667+0.00000557j
493.0000000000018 0.95587458-0.00000846j -0.18262211-0.00106693j -0.18259135+0.00110061j 0.04329967+0.00000684j
494.0000000000018 0.95595638-0.00000988j -0.18221204-0.00108950j -0.18217783+0.00111359j 0.04321791+0.00000826j
495.0000000000019 0.95603140-0.00001145j -0.18181567-0.00104863j -0.18177995+0.00106256j 0.04314293+0.00000983j
496.0000000000019 0.95609826-0.00001317j -0.18145807-0.00094488j -0.18142264+0.00094883j 0.04307610+0.00001154j
497.0000000000019 0.95615634-0.00001502j -0.18116259-0.00078428j -0.18112887+0.00077912j 0.04301805+0.00001338j
498.0000000000019 0.95620625-0.00001691j -0.18094882-0.00057795j -0.18091769+0.00056492j 0.04296816+0.00001526j
499.0000000000019 0.95625009-0.00001874j -0.18083082-0.00034091j -0.18080272+0.00032128j 0.04292434+0.00001709j
